Log file open, 02/29/24 14:25:13
LogWindows: Failed to load 'aqProf.dll' (GetLastError=126)
LogWindows: File 'aqProf.dll' does not exist
LogWindows: Failed to load 'VtuneApi.dll' (GetLastError=126)
LogWindows: File 'VtuneApi.dll' does not exist
LogWindows: Failed to load 'VtuneApi32e.dll' (GetLastError=126)
LogWindows: File 'VtuneApi32e.dll' does not exist
LogConsoleResponse: Display: Failed to find resolution value strings in scalability ini. Falling back to default.
LogConsoleResponse: Display: Failed to find resolution value strings in scalability ini. Falling back to default.
LogInit: Display: Running engine for game: Crit_A_Mole
LogPlatformFile: Not using cached read wrapper
LogTaskGraph: Started task graph with 5 named threads and 35 total threads with 3 sets of task threads.
LogStats: Stats thread started at 0.231789
LogICUInternationalization: ICU TimeZone Detection - Raw Offset: -8:00, Platform Override: ''
LogInit: Display: Loading text-based GConfig....
LogPluginManager: Mounting plugin MeshPainting
LogPluginManager: Mounting plugin XGEController
LogPluginManager: Mounting plugin Paper2D
LogPluginManager: Mounting plugin EnvironmentQueryEditor
LogPluginManager: Mounting plugin AISupport
LogPluginManager: Mounting plugin CameraShakePreviewer
LogPluginManager: Mounting plugin LightPropagationVolume
LogPluginManager: Mounting plugin GameplayCameras
LogPluginManager: Mounting plugin LiveLink
LogPluginManager: Mounting plugin AssetManagerEditor
LogPluginManager: Mounting plugin OodleData
LogPluginManager: Mounting plugin CryptoKeys
LogPluginManager: Mounting plugin CurveEditorTools
LogPluginManager: Mounting plugin GameplayTagsEditor
LogPluginManager: Mounting plugin FacialAnimation
LogPluginManager: Mounting plugin DataValidation
LogPluginManager: Mounting plugin MacGraphicsSwitching
LogPluginManager: Mounting plugin MaterialAnalyzer
LogPluginManager: Mounting plugin PluginBrowser
LogPluginManager: Mounting plugin AnimationSharing
LogPluginManager: Mounting plugin SpeedTreeImporter
LogPluginManager: Mounting plugin OodleNetwork
LogPluginManager: Mounting plugin CLionSourceCodeAccess
LogPluginManager: Mounting plugin CodeLiteSourceCodeAccess
LogPluginManager: Mounting plugin KDevelopSourceCodeAccess
LogPluginManager: Mounting plugin GitSourceControl
LogPluginManager: Mounting plugin NullSourceCodeAccess
LogPluginManager: Mounting plugin PerforceSourceControl
LogPluginManager: Mounting plugin PixWinPlugin
LogPluginManager: Mounting plugin PlasticSourceControl
LogPluginManager: Mounting plugin PluginUtils
LogPluginManager: Mounting plugin PropertyAccessNode
LogPluginManager: Mounting plugin MobileLauncherProfileWizard
LogPluginManager: Mounting plugin SubversionSourceControl
LogPluginManager: Mounting plugin TextureFormatOodle
LogPluginManager: Mounting plugin RiderSourceCodeAccess
LogPluginManager: Mounting plugin GeometryMode
LogPluginManager: Mounting plugin UObjectPlugin
LogPluginManager: Mounting plugin VisualStudioCodeSourceCodeAccess
LogPluginManager: Mounting plugin VisualStudioSourceCodeAccess
LogPluginManager: Mounting plugin BackChannel
LogPluginManager: Mounting plugin AutomationUtils
LogPluginManager: Mounting plugin AlembicImporter
LogPluginManager: Mounting plugin ChaosCloth
LogPluginManager: Mounting plugin ChaosEditor
LogPluginManager: Mounting plugin ChaosClothEditor
LogPluginManager: Mounting plugin ChaosNiagara
LogPluginManager: Mounting plugin CharacterAI
LogPluginManager: Mounting plugin GeometryCache
LogPluginManager: Mounting plugin GeometryCollectionPlugin
LogPluginManager: Mounting plugin Niagara
LogPluginManager: Mounting plugin ChaosSolverPlugin
LogPluginManager: Mounting plugin GeometryProcessing
LogPluginManager: Mounting plugin DatasmithContent
LogPluginManager: Mounting plugin VariantManagerContent
LogPluginManager: Mounting plugin OpenImageDenoise
LogPluginManager: Mounting plugin MotoSynth
LogPluginManager: Mounting plugin PlanarCut
LogPluginManager: Mounting plugin PlatformCrypto
LogPluginManager: Mounting plugin ProxyLODPlugin
LogPluginManager: Mounting plugin PythonScriptPlugin
LogPluginManager: Mounting plugin SkeletalReduction
LogPluginManager: Mounting plugin AutoSizeComments
LogPluginManager: Mounting plugin BlueprintAssist
LogPluginManager: Mounting plugin PaperZD
LogPluginManager: Mounting plugin LuminPlatformFeatures
LogPluginManager: Mounting plugin MagicLeap
LogPluginManager: Mounting plugin MagicLeapLightEstimation
LogPluginManager: Mounting plugin MagicLeapMedia
LogPluginManager: Mounting plugin MagicLeapPassableWorld
LogPluginManager: Mounting plugin MLSDK
LogPluginManager: Mounting plugin TcpMessaging
LogPluginManager: Mounting plugin UdpMessaging
LogPluginManager: Mounting plugin LevelSequenceEditor
LogPluginManager: Mounting plugin MatineeToLevelSequence
LogPluginManager: Mounting plugin TemplateSequence
LogPluginManager: Mounting plugin AndroidMedia
LogPluginManager: Mounting plugin AvfMedia
LogPluginManager: Mounting plugin ImgMedia
LogPluginManager: Mounting plugin MediaCompositing
LogPluginManager: Mounting plugin MediaPlayerEditor
LogPluginManager: Mounting plugin WebMMedia
LogPluginManager: Mounting plugin WmfMedia
LogPluginManager: Mounting plugin XCodeSourceCodeAccess
LogPluginManager: Mounting plugin OnlineSubsystem
LogPluginManager: Mounting plugin OnlineSubsystemNull
LogPluginManager: Mounting plugin OnlineSubsystemUtils
LogPluginManager: Mounting plugin LauncherChunkInstaller
LogPluginManager: Mounting plugin ActorLayerUtilities
LogPluginManager: Mounting plugin AndroidDeviceProfileSelector
LogPluginManager: Mounting plugin AndroidMoviePlayer
LogPluginManager: Mounting plugin AndroidPermission
LogPluginManager: Mounting plugin AppleImageUtils
LogPluginManager: Mounting plugin AppleMoviePlayer
LogPluginManager: Mounting plugin AssetTags
LogPluginManager: Mounting plugin ArchVisCharacter
LogPluginManager: Mounting plugin AudioCapture
LogPluginManager: Mounting plugin CableComponent
LogPluginManager: Mounting plugin CustomMeshComponent
LogPluginManager: Mounting plugin AudioSynesthesia
LogPluginManager: Mounting plugin EditableMesh
LogPluginManager: Mounting plugin ExampleDeviceProfileSelector
LogPluginManager: Mounting plugin ChunkDownloader
LogPluginManager: Mounting plugin GooglePAD
LogPluginManager: Mounting plugin GoogleCloudMessaging
LogPluginManager: Mounting plugin ScreenshotTools
LogPluginManager: Mounting plugin IOSDeviceProfileSelector
LogPluginManager: Mounting plugin LinuxDeviceProfileSelector
LogPluginManager: Mounting plugin LocationServicesBPLibrary
LogPluginManager: Mounting plugin MobilePatchingUtils
LogPluginManager: Mounting plugin OpenXR
LogPluginManager: Mounting plugin Takes
LogPluginManager: Mounting plugin OpenXREyeTracker
LogPluginManager: Mounting plugin OpenXRHandTracking
LogPluginManager: Mounting plugin PhysXVehicles
LogPluginManager: Mounting plugin ActorSequence
LogPluginManager: Mounting plugin PostSplashScreen
LogPluginManager: Mounting plugin ProceduralMeshComponent
LogPluginManager: Mounting plugin PropertyAccessEditor
LogPluginManager: Mounting plugin RuntimePhysXCooking
LogPluginManager: Mounting plugin SignificanceManager
LogPluginManager: Mounting plugin SoundFields
LogPluginManager: Mounting plugin Synthesis
LogPluginManager: Mounting plugin WebMMoviePlayer
LogPluginManager: Mounting plugin WindowsMoviePlayer
LogPluginManager: Mounting plugin ContentBrowserClassDataSource
LogPluginManager: Mounting plugin ContentBrowserAssetDataSource
LogPluginManager: Mounting plugin ContentBrowserFileDataSource
LogPluginManager: Mounting plugin RiderLink
LogPluginManager: Mounting plugin OnlineSubsystemGooglePlay
LogPluginManager: Mounting plugin OculusVR
LogPluginManager: Mounting plugin SteamVR
LogPluginManager: Mounting plugin OnlineSubsystemIOS
PixWinPlugin: PIX capture plugin failed to initialize! Check that the process is launched from PIX.
LogInit: Using libcurl 7.55.1-DEV
LogInit:  - built for x86_64-pc-win32
LogInit:  - supports SSL with OpenSSL/1.1.1
LogInit:  - supports HTTP deflate (compression) using libz 1.2.8
LogInit:  - other features:
LogInit:      CURL_VERSION_SSL
LogInit:      CURL_VERSION_LIBZ
LogInit:      CURL_VERSION_IPV6
LogInit:      CURL_VERSION_ASYNCHDNS
LogInit:      CURL_VERSION_LARGEFILE
LogInit:      CURL_VERSION_IDN
LogInit:  CurlRequestOptions (configurable via config and command line):
LogInit:  - bVerifyPeer = true  - Libcurl will verify peer certificate
LogInit:  - bUseHttpProxy = false  - Libcurl will NOT use HTTP proxy
LogInit:  - bDontReuseConnections = false  - Libcurl will reuse connections
LogInit:  - MaxHostConnections = 16  - Libcurl will limit the number of connections to a host
LogInit:  - LocalHostAddr = Default
LogInit:  - BufferSize = 65536
LogOnline: OSS: Creating online subsystem instance for: NULL
LogInit: WinSock: version 1.1 (2.2), MaxSocks=32767, MaxUdp=65467
LogOnline: OSS: TryLoadSubsystemAndSetDefault: Loaded subsystem for module [NULL]
LogOculusPluginWrapper: OculusPlugin initialized successfully
LogHMD: Failed initializing OVRPlugin 1.59.0
LogInit: Build: ++UE4+Release-4.27-CL-18319896
LogInit: Engine Version: 4.27.2-18319896+++UE4+Release-4.27
LogInit: Compatible Engine Version: 4.27.0-17155196+++UE4+Release-4.27
LogInit: Net CL: 17155196
LogInit: OS: Windows 10 (Release 2009) (), CPU: AMD Ryzen 5 5600X 6-Core Processor             , GPU: NVIDIA GeForce RTX 3060 Ti
LogInit: Compiled (64-bit): Nov 30 2021 07:12:08
LogInit: Compiled with Visual C++: 19.24.28315.00
LogInit: Build Configuration: Development
LogInit: Branch Name: ++UE4+Release-4.27
LogInit: Command Line: 
LogInit: Base Directory: C:/Program Files/Epic Games/UE_4.27/Engine/Binaries/Win64/
LogInit: Allocator: TBB
LogInit: Installed Engine Build: 1
LogDevObjectVersion: Number of dev versions registered: 29
LogDevObjectVersion:   Dev-Blueprints (B0D832E4-1F89-4F0D-ACCF-7EB736FD4AA2): 10
LogDevObjectVersion:   Dev-Build (E1C64328-A22C-4D53-A36C-8E866417BD8C): 0
LogDevObjectVersion:   Dev-Core (375EC13C-06E4-48FB-B500-84F0262A717E): 4
LogDevObjectVersion:   Dev-Editor (E4B068ED-F494-42E9-A231-DA0B2E46BB41): 40
LogDevObjectVersion:   Dev-Framework (CFFC743F-43B0-4480-9391-14DF171D2073): 37
LogDevObjectVersion:   Dev-Mobile (B02B49B5-BB20-44E9-A304-32B752E40360): 3
LogDevObjectVersion:   Dev-Networking (A4E4105C-59A1-49B5-A7C5-40C4547EDFEE): 0
LogDevObjectVersion:   Dev-Online (39C831C9-5AE6-47DC-9A44-9C173E1C8E7C): 0
LogDevObjectVersion:   Dev-Physics (78F01B33-EBEA-4F98-B9B4-84EACCB95AA2): 14
LogDevObjectVersion:   Dev-Platform (6631380F-2D4D-43E0-8009-CF276956A95A): 0
LogDevObjectVersion:   Dev-Rendering (12F88B9F-8875-4AFC-A67C-D90C383ABD29): 45
LogDevObjectVersion:   Dev-Sequencer (7B5AE74C-D270-4C10-A958-57980B212A5A): 13
LogDevObjectVersion:   Dev-VR (D7296918-1DD6-4BDD-9DE2-64A83CC13884): 3
LogDevObjectVersion:   Dev-LoadTimes (C2A15278-BFE7-4AFE-6C17-90FF531DF755): 1
LogDevObjectVersion:   Private-Geometry (6EACA3D4-40EC-4CC1-B786-8BED09428FC5): 3
LogDevObjectVersion:   Dev-AnimPhys (29E575DD-E0A3-4627-9D10-D276232CDCEA): 17
LogDevObjectVersion:   Dev-Anim (AF43A65D-7FD3-4947-9873-3E8ED9C1BB05): 15
LogDevObjectVersion:   Dev-ReflectionCapture (6B266CEC-1EC7-4B8F-A30B-E4D90942FC07): 1
LogDevObjectVersion:   Dev-Automation (0DF73D61-A23F-47EA-B727-89E90C41499A): 1
LogDevObjectVersion:   FortniteMain (601D1886-AC64-4F84-AA16-D3DE0DEAC7D6): 47
LogDevObjectVersion:   FortniteRelease (E7086368-6B23-4C58-8439-1B7016265E91): 1
LogDevObjectVersion:   Dev-Enterprise (9DFFBCD6-494F-0158-E221-12823C92A888): 10
LogDevObjectVersion:   Dev-Niagara (F2AED0AC-9AFE-416F-8664-AA7FFA26D6FC): 1
LogDevObjectVersion:   Dev-Destruction (174F1F0B-B4C6-45A5-B13F-2EE8D0FB917D): 10
LogDevObjectVersion:   Dev-Physics-Ext (35F94A83-E258-406C-A318-09F59610247C): 41
LogDevObjectVersion:   Dev-PhysicsMaterial-Chaos (B68FC16E-8B1B-42E2-B453-215C058844FE): 1
LogDevObjectVersion:   Dev-CineCamera (B2E18506-4273-CFC2-A54E-F4BB758BBA07): 1
LogDevObjectVersion:   Dev-VirtualProduction (64F58936-FD1B-42BA-BA96-7289D5D0FA4E): 1
LogDevObjectVersion:   Dev-MediaFramework (6F0ED827-A609-4895-9C91-998D90180EA4): 2
LogInit: Presizing for max 25165824 objects, including 0 objects not considered by GC, pre-allocating 0 bytes for permanent pool.
LogConfig: Applying CVar settings from Section [/Script/Engine.StreamingSettings] File [C:/Users/Long/OneDrive/Desktop/UnrealProject/Unreal Engine 4/Crit_A_Mole/Saved/Config/Windows/Engine.ini]
LogConfig: Setting CVar [[s.MinBulkDataSizeForAsyncLoading:131072]]
LogConfig: Setting CVar [[s.AsyncLoadingThreadEnabled:0]]
LogConfig: Setting CVar [[s.EventDrivenLoaderEnabled:1]]
LogConfig: Setting CVar [[s.WarnIfTimeLimitExceeded:0]]
LogConfig: Setting CVar [[s.TimeLimitExceededMultiplier:1.5]]
LogConfig: Setting CVar [[s.TimeLimitExceededMinTime:0.005]]
LogConfig: Setting CVar [[s.UseBackgroundLevelStreaming:1]]
LogConfig: Setting CVar [[s.PriorityAsyncLoadingExtraTime:15.0]]
LogConfig: Setting CVar [[s.LevelStreamingActorsUpdateTimeLimit:5.0]]
LogConfig: Setting CVar [[s.PriorityLevelStreamingActorsUpdateExtraTime:5.0]]
LogConfig: Setting CVar [[s.LevelStreamingComponentsRegistrationGranularity:10]]
LogConfig: Setting CVar [[s.UnregisterComponentsTimeLimit:1.0]]
LogConfig: Setting CVar [[s.LevelStreamingComponentsUnregistrationGranularity:5]]
LogConfig: Setting CVar [[s.FlushStreamingOnExit:1]]
LogInit: Object subsystem initialized
LogConfig: Setting CVar [[con.DebugEarlyDefault:1]]
LogConfig: Setting CVar [[r.setres:1280x720]]
[2024.02.29-22.25.13:927][  0]LogConfig: Setting CVar [[r.VSync:0]]
[2024.02.29-22.25.13:928][  0]LogConfig: Setting CVar [[r.RHICmdBypass:0]]
[2024.02.29-22.25.13:928][  0]LogConfig: Applying CVar settings from Section [/Script/Engine.RendererSettings] File [C:/Users/Long/OneDrive/Desktop/UnrealProject/Unreal Engine 4/Crit_A_Mole/Saved/Config/Windows/Engine.ini]
[2024.02.29-22.25.13:928][  0]LogConfig: Setting CVar [[r.GPUCrashDebugging:0]]
[2024.02.29-22.25.13:928][  0]LogConfig: Setting CVar [[r.DefaultFeature.MotionBlur:0]]
[2024.02.29-22.25.13:928][  0]LogConfig: Setting CVar [[r.DefaultFeature.Bloom:0]]
[2024.02.29-22.25.13:928][  0]LogConfig: Setting CVar [[r.DefaultFeature.AmbientOcclusion:0]]
[2024.02.29-22.25.13:928][  0]LogConfig: Setting CVar [[r.DefaultFeature.AmbientOcclusionStaticFraction:0]]
[2024.02.29-22.25.13:928][  0]LogConfig: Setting CVar [[r.DefaultFeature.AutoExposure:0]]
[2024.02.29-22.25.13:928][  0]LogConfig: Setting CVar [[r.DefaultFeature.AutoExposure.Bias:0.000000]]
[2024.02.29-22.25.13:928][  0]LogConfig: Applying CVar settings from Section [/Script/Engine.RendererOverrideSettings] File [C:/Users/Long/OneDrive/Desktop/UnrealProject/Unreal Engine 4/Crit_A_Mole/Saved/Config/Windows/Engine.ini]
[2024.02.29-22.25.13:928][  0]LogConfig: Applying CVar settings from Section [/Script/Engine.StreamingSettings] File [C:/Users/Long/OneDrive/Desktop/UnrealProject/Unreal Engine 4/Crit_A_Mole/Saved/Config/Windows/Engine.ini]
[2024.02.29-22.25.13:928][  0]LogConfig: Setting CVar [[s.MinBulkDataSizeForAsyncLoading:131072]]
[2024.02.29-22.25.13:928][  0]LogConfig: Setting CVar [[s.AsyncLoadingThreadEnabled:0]]
[2024.02.29-22.25.13:928][  0]LogConfig: Setting CVar [[s.EventDrivenLoaderEnabled:1]]
[2024.02.29-22.25.13:928][  0]LogConfig: Setting CVar [[s.WarnIfTimeLimitExceeded:0]]
[2024.02.29-22.25.13:928][  0]LogConfig: Setting CVar [[s.TimeLimitExceededMultiplier:1.5]]
[2024.02.29-22.25.13:928][  0]LogConfig: Setting CVar [[s.TimeLimitExceededMinTime:0.005]]
[2024.02.29-22.25.13:928][  0]LogConfig: Setting CVar [[s.UseBackgroundLevelStreaming:1]]
[2024.02.29-22.25.13:928][  0]LogConfig: Setting CVar [[s.PriorityAsyncLoadingExtraTime:15.0]]
[2024.02.29-22.25.13:928][  0]LogConfig: Setting CVar [[s.LevelStreamingActorsUpdateTimeLimit:5.0]]
[2024.02.29-22.25.13:928][  0]LogConfig: Setting CVar [[s.PriorityLevelStreamingActorsUpdateExtraTime:5.0]]
[2024.02.29-22.25.13:928][  0]LogConfig: Setting CVar [[s.LevelStreamingComponentsRegistrationGranularity:10]]
[2024.02.29-22.25.13:928][  0]LogConfig: Setting CVar [[s.UnregisterComponentsTimeLimit:1.0]]
[2024.02.29-22.25.13:928][  0]LogConfig: Setting CVar [[s.LevelStreamingComponentsUnregistrationGranularity:5]]
[2024.02.29-22.25.13:928][  0]LogConfig: Setting CVar [[s.FlushStreamingOnExit:1]]
[2024.02.29-22.25.13:928][  0]LogConfig: Applying CVar settings from Section [/Script/Engine.GarbageCollectionSettings] File [C:/Users/Long/OneDrive/Desktop/UnrealProject/Unreal Engine 4/Crit_A_Mole/Saved/Config/Windows/Engine.ini]
[2024.02.29-22.25.13:928][  0]LogConfig: Setting CVar [[gc.MaxObjectsNotConsideredByGC:1]]
[2024.02.29-22.25.13:928][  0]LogConfig: Setting CVar [[gc.SizeOfPermanentObjectPool:0]]
[2024.02.29-22.25.13:928][  0]LogConfig: Setting CVar [[gc.FlushStreamingOnGC:0]]
[2024.02.29-22.25.13:928][  0]LogConfig: Setting CVar [[gc.NumRetriesBeforeForcingGC:10]]
[2024.02.29-22.25.13:928][  0]LogConfig: Setting CVar [[gc.AllowParallelGC:1]]
[2024.02.29-22.25.13:928][  0]LogConfig: Setting CVar [[gc.TimeBetweenPurgingPendingKillObjects:61.1]]
[2024.02.29-22.25.13:928][  0]LogConfig: Setting CVar [[gc.MaxObjectsInEditor:25165824]]
[2024.02.29-22.25.13:928][  0]LogConfig: Setting CVar [[gc.IncrementalBeginDestroyEnabled:1]]
[2024.02.29-22.25.13:928][  0]LogConfig: Setting CVar [[gc.CreateGCClusters:1]]
[2024.02.29-22.25.13:928][  0]LogConfig: Setting CVar [[gc.MinGCClusterSize:5]]
[2024.02.29-22.25.13:928][  0]LogConfig: Setting CVar [[gc.ActorClusteringEnabled:0]]
[2024.02.29-22.25.13:928][  0]LogConfig: Setting CVar [[gc.BlueprintClusteringEnabled:0]]
[2024.02.29-22.25.13:928][  0]LogConfig: Setting CVar [[gc.UseDisregardForGCOnDedicatedServers:0]]
[2024.02.29-22.25.13:928][  0]LogConfig: Setting CVar [[gc.MultithreadedDestructionEnabled:1]]
[2024.02.29-22.25.13:928][  0]LogConfig: Applying CVar settings from Section [/Script/Engine.NetworkSettings] File [C:/Users/Long/OneDrive/Desktop/UnrealProject/Unreal Engine 4/Crit_A_Mole/Saved/Config/Windows/Engine.ini]
[2024.02.29-22.25.13:928][  0]LogConfig: Applying CVar settings from Section [/Script/UnrealEd.CookerSettings] File [C:/Users/Long/OneDrive/Desktop/UnrealProject/Unreal Engine 4/Crit_A_Mole/Saved/Config/Windows/Engine.ini]
[2024.02.29-22.25.13:982][  0]LogConfig: Applying CVar settings from Section [ViewDistanceQuality@3] File [C:/Users/Long/OneDrive/Desktop/UnrealProject/Unreal Engine 4/Crit_A_Mole/Saved/Config/Windows/Scalability.ini]
[2024.02.29-22.25.13:982][  0]LogConfig: Setting CVar [[r.SkeletalMeshLODBias:0]]
[2024.02.29-22.25.13:982][  0]LogConfig: Setting CVar [[r.ViewDistanceScale:1.0]]
[2024.02.29-22.25.13:982][  0]LogConfig: Applying CVar settings from Section [AntiAliasingQuality@3] File [C:/Users/Long/OneDrive/Desktop/UnrealProject/Unreal Engine 4/Crit_A_Mole/Saved/Config/Windows/Scalability.ini]
[2024.02.29-22.25.13:982][  0]LogConfig: Setting CVar [[r.PostProcessAAQuality:4]]
[2024.02.29-22.25.13:982][  0]LogConfig: Applying CVar settings from Section [ShadowQuality@3] File [C:/Users/Long/OneDrive/Desktop/UnrealProject/Unreal Engine 4/Crit_A_Mole/Saved/Config/Windows/Scalability.ini]
[2024.02.29-22.25.13:982][  0]LogConfig: Setting CVar [[r.LightFunctionQuality:1]]
[2024.02.29-22.25.13:982][  0]LogConfig: Setting CVar [[r.ShadowQuality:5]]
[2024.02.29-22.25.13:982][  0]LogConfig: Setting CVar [[r.Shadow.CSM.MaxCascades:10]]
[2024.02.29-22.25.13:982][  0]LogConfig: Setting CVar [[r.Shadow.MaxResolution:2048]]
[2024.02.29-22.25.13:982][  0]LogConfig: Setting CVar [[r.Shadow.MaxCSMResolution:2048]]
[2024.02.29-22.25.13:982][  0]LogConfig: Setting CVar [[r.Shadow.RadiusThreshold:0.01]]
[2024.02.29-22.25.13:982][  0]LogConfig: Setting CVar [[r.Shadow.DistanceScale:1.0]]
[2024.02.29-22.25.13:982][  0]LogConfig: Setting CVar [[r.Shadow.CSM.TransitionScale:1.0]]
[2024.02.29-22.25.13:982][  0]LogConfig: Setting CVar [[r.Shadow.PreShadowResolutionFactor:1.0]]
[2024.02.29-22.25.13:982][  0]LogConfig: Setting CVar [[r.DistanceFieldShadowing:1]]
[2024.02.29-22.25.13:982][  0]LogConfig: Setting CVar [[r.DistanceFieldAO:1]]
[2024.02.29-22.25.13:982][  0]LogConfig: Setting CVar [[r.AOQuality:2]]
[2024.02.29-22.25.13:982][  0]LogConfig: Setting CVar [[r.VolumetricFog:1]]
[2024.02.29-22.25.13:982][  0]LogConfig: Setting CVar [[r.VolumetricFog.GridPixelSize:8]]
[2024.02.29-22.25.13:982][  0]LogConfig: Setting CVar [[r.VolumetricFog.GridSizeZ:128]]
[2024.02.29-22.25.13:982][  0]LogConfig: Setting CVar [[r.VolumetricFog.HistoryMissSupersampleCount:4]]
[2024.02.29-22.25.13:982][  0]LogConfig: Setting CVar [[r.LightMaxDrawDistanceScale:1]]
[2024.02.29-22.25.13:982][  0]LogConfig: Setting CVar [[r.CapsuleShadows:1]]
[2024.02.29-22.25.13:982][  0]LogConfig: Applying CVar settings from Section [PostProcessQuality@3] File [C:/Users/Long/OneDrive/Desktop/UnrealProject/Unreal Engine 4/Crit_A_Mole/Saved/Config/Windows/Scalability.ini]
[2024.02.29-22.25.13:982][  0]LogConfig: Setting CVar [[r.MotionBlurQuality:4]]
[2024.02.29-22.25.13:982][  0]LogConfig: Setting CVar [[r.AmbientOcclusionMipLevelFactor:0.4]]
[2024.02.29-22.25.13:982][  0]LogConfig: Setting CVar [[r.AmbientOcclusionMaxQuality:100]]
[2024.02.29-22.25.13:982][  0]LogConfig: Setting CVar [[r.AmbientOcclusionLevels:-1]]
[2024.02.29-22.25.13:982][  0]LogConfig: Setting CVar [[r.AmbientOcclusionRadiusScale:1.0]]
[2024.02.29-22.25.13:982][  0]LogConfig: Setting CVar [[r.DepthOfFieldQuality:2]]
[2024.02.29-22.25.13:982][  0]LogConfig: Setting CVar [[r.RenderTargetPoolMin:400]]
[2024.02.29-22.25.13:982][  0]LogConfig: Setting CVar [[r.LensFlareQuality:2]]
[2024.02.29-22.25.13:982][  0]LogConfig: Setting CVar [[r.SceneColorFringeQuality:1]]
[2024.02.29-22.25.13:982][  0]LogConfig: Setting CVar [[r.EyeAdaptationQuality:2]]
[2024.02.29-22.25.13:982][  0]LogConfig: Setting CVar [[r.BloomQuality:5]]
[2024.02.29-22.25.13:982][  0]LogConfig: Setting CVar [[r.FastBlurThreshold:100]]
[2024.02.29-22.25.13:982][  0]LogConfig: Setting CVar [[r.Upscale.Quality:3]]
[2024.02.29-22.25.13:982][  0]LogConfig: Setting CVar [[r.Tonemapper.GrainQuantization:1]]
[2024.02.29-22.25.13:982][  0]LogConfig: Setting CVar [[r.LightShaftQuality:1]]
[2024.02.29-22.25.13:982][  0]LogConfig: Setting CVar [[r.Filter.SizeScale:1]]
[2024.02.29-22.25.13:982][  0]LogConfig: Setting CVar [[r.Tonemapper.Quality:5]]
[2024.02.29-22.25.13:982][  0]LogConfig: Setting CVar [[r.DOF.Gather.AccumulatorQuality:1        ; higher gathering accumulator quality]]
[2024.02.29-22.25.13:982][  0]LogConfig: Setting CVar [[r.DOF.Gather.PostfilterMethod:1          ; Median3x3 postfilering method]]
[2024.02.29-22.25.13:982][  0]LogConfig: Setting CVar [[r.DOF.Gather.EnableBokehSettings:0       ; no bokeh simulation when gathering]]
[2024.02.29-22.25.13:982][  0]LogConfig: Setting CVar [[r.DOF.Gather.RingCount:4                 ; medium number of samples when gathering]]
[2024.02.29-22.25.13:982][  0]LogConfig: Setting CVar [[r.DOF.Scatter.ForegroundCompositing:1    ; additive foreground scattering]]
[2024.02.29-22.25.13:982][  0]LogConfig: Setting CVar [[r.DOF.Scatter.BackgroundCompositing:2    ; additive background scattering]]
[2024.02.29-22.25.13:982][  0]LogConfig: Setting CVar [[r.DOF.Scatter.EnableBokehSettings:1      ; bokeh simulation when scattering]]
[2024.02.29-22.25.13:982][  0]LogConfig: Setting CVar [[r.DOF.Scatter.MaxSpriteRatio:0.1         ; only a maximum of 10% of scattered bokeh]]
[2024.02.29-22.25.13:982][  0]LogConfig: Setting CVar [[r.DOF.Recombine.Quality:1                ; cheap slight out of focus]]
[2024.02.29-22.25.13:982][  0]LogConfig: Setting CVar [[r.DOF.Recombine.EnableBokehSettings:0    ; no bokeh simulation on slight out of focus]]
[2024.02.29-22.25.13:982][  0]LogConfig: Setting CVar [[r.DOF.TemporalAAQuality:1                ; more stable temporal accumulation]]
[2024.02.29-22.25.13:982][  0]LogConfig: Setting CVar [[r.DOF.Kernel.MaxForegroundRadius:0.025]]
[2024.02.29-22.25.13:982][  0]LogConfig: Setting CVar [[r.DOF.Kernel.MaxBackgroundRadius:0.025]]
[2024.02.29-22.25.13:982][  0]LogConfig: Applying CVar settings from Section [TextureQuality@3] File [C:/Users/Long/OneDrive/Desktop/UnrealProject/Unreal Engine 4/Crit_A_Mole/Saved/Config/Windows/Scalability.ini]
[2024.02.29-22.25.13:982][  0]LogConfig: Setting CVar [[r.Streaming.MipBias:0]]
[2024.02.29-22.25.13:982][  0]LogConfig: Setting CVar [[r.Streaming.AmortizeCPUToGPUCopy:0]]
[2024.02.29-22.25.13:982][  0]LogConfig: Setting CVar [[r.Streaming.MaxNumTexturesToStreamPerFrame:0]]
[2024.02.29-22.25.13:982][  0]LogConfig: Setting CVar [[r.Streaming.Boost:1]]
[2024.02.29-22.25.13:982][  0]LogConfig: Setting CVar [[r.MaxAnisotropy:8]]
[2024.02.29-22.25.13:982][  0]LogConfig: Setting CVar [[r.VT.MaxAnisotropy:8]]
[2024.02.29-22.25.13:982][  0]LogConfig: Setting CVar [[r.Streaming.LimitPoolSizeToVRAM:0]]
[2024.02.29-22.25.13:982][  0]LogConfig: Setting CVar [[r.Streaming.PoolSize:1000]]
[2024.02.29-22.25.13:983][  0]LogConfig: Setting CVar [[r.Streaming.MaxEffectiveScreenSize:0]]
[2024.02.29-22.25.13:983][  0]LogConfig: Applying CVar settings from Section [EffectsQuality@3] File [C:/Users/Long/OneDrive/Desktop/UnrealProject/Unreal Engine 4/Crit_A_Mole/Saved/Config/Windows/Scalability.ini]
[2024.02.29-22.25.13:983][  0]LogConfig: Setting CVar [[r.TranslucencyLightingVolumeDim:64]]
[2024.02.29-22.25.13:983][  0]LogConfig: Setting CVar [[r.RefractionQuality:2]]
[2024.02.29-22.25.13:983][  0]LogConfig: Setting CVar [[r.SSR.Quality:3]]
[2024.02.29-22.25.13:983][  0]LogConfig: Setting CVar [[r.SSR.HalfResSceneColor:0]]
[2024.02.29-22.25.13:983][  0]LogConfig: Setting CVar [[r.SceneColorFormat:4]]
[2024.02.29-22.25.13:983][  0]LogConfig: Setting CVar [[r.DetailMode:2]]
[2024.02.29-22.25.13:983][  0]LogConfig: Setting CVar [[r.TranslucencyVolumeBlur:1]]
[2024.02.29-22.25.13:983][  0]LogConfig: Setting CVar [[r.MaterialQualityLevel:1 ; High quality]]
[2024.02.29-22.25.13:983][  0]LogConfig: Setting CVar [[r.AnisotropicMaterials:1]]
[2024.02.29-22.25.13:983][  0]LogConfig: Setting CVar [[r.SSS.Scale:1]]
[2024.02.29-22.25.13:983][  0]LogConfig: Setting CVar [[r.SSS.SampleSet:2]]
[2024.02.29-22.25.13:983][  0]LogConfig: Setting CVar [[r.SSS.Quality:1]]
[2024.02.29-22.25.13:983][  0]LogConfig: Setting CVar [[r.SSS.HalfRes:0]]
[2024.02.29-22.25.13:983][  0]LogConfig: Setting CVar [[r.SSGI.Quality:3]]
[2024.02.29-22.25.13:983][  0]LogConfig: Setting CVar [[r.EmitterSpawnRateScale:1.0]]
[2024.02.29-22.25.13:983][  0]LogConfig: Setting CVar [[r.ParticleLightQuality:2]]
[2024.02.29-22.25.13:983][  0]LogConfig: Setting CVar [[r.SkyAtmosphere.AerialPerspectiveLUT.FastApplyOnOpaque:1 ; Always have FastSkyLUT 1 in this case to avoid wrong sky]]
[2024.02.29-22.25.13:983][  0]LogConfig: Setting CVar [[r.SkyAtmosphere.AerialPerspectiveLUT.SampleCountMaxPerSlice:4]]
[2024.02.29-22.25.13:983][  0]LogConfig: Setting CVar [[r.SkyAtmosphere.AerialPerspectiveLUT.DepthResolution:16.0]]
[2024.02.29-22.25.13:983][  0]LogConfig: Setting CVar [[r.SkyAtmosphere.FastSkyLUT:1]]
[2024.02.29-22.25.13:983][  0]LogConfig: Setting CVar [[r.SkyAtmosphere.FastSkyLUT.SampleCountMin:4.0]]
[2024.02.29-22.25.13:983][  0]LogConfig: Setting CVar [[r.SkyAtmosphere.FastSkyLUT.SampleCountMax:128.0]]
[2024.02.29-22.25.13:983][  0]LogConfig: Setting CVar [[r.SkyAtmosphere.SampleCountMin:4.0]]
[2024.02.29-22.25.13:983][  0]LogConfig: Setting CVar [[r.SkyAtmosphere.SampleCountMax:128.0]]
[2024.02.29-22.25.13:983][  0]LogConfig: Setting CVar [[r.SkyAtmosphere.TransmittanceLUT.UseSmallFormat:0]]
[2024.02.29-22.25.13:983][  0]LogConfig: Setting CVar [[r.SkyAtmosphere.TransmittanceLUT.SampleCount:10.0]]
[2024.02.29-22.25.13:983][  0]LogConfig: Setting CVar [[r.SkyAtmosphere.MultiScatteringLUT.SampleCount:15.0]]
[2024.02.29-22.25.13:983][  0]LogConfig: Setting CVar [[r.SkyLight.RealTimeReflectionCapture:1]]
[2024.02.29-22.25.13:983][  0]LogConfig: Applying CVar settings from Section [FoliageQuality@3] File [C:/Users/Long/OneDrive/Desktop/UnrealProject/Unreal Engine 4/Crit_A_Mole/Saved/Config/Windows/Scalability.ini]
[2024.02.29-22.25.13:983][  0]LogConfig: Setting CVar [[foliage.DensityScale:1.0]]
[2024.02.29-22.25.13:983][  0]LogConfig: Setting CVar [[grass.DensityScale:1.0]]
[2024.02.29-22.25.13:983][  0]LogConfig: Applying CVar settings from Section [ShadingQuality@3] File [C:/Users/Long/OneDrive/Desktop/UnrealProject/Unreal Engine 4/Crit_A_Mole/Saved/Config/Windows/Scalability.ini]
[2024.02.29-22.25.13:983][  0]LogConfig: Setting CVar [[r.HairStrands.SkyLighting.IntegrationType:2]]
[2024.02.29-22.25.13:983][  0]LogConfig: Setting CVar [[r.HairStrands.SkyAO.SampleCount:4]]
[2024.02.29-22.25.13:983][  0]LogConfig: Setting CVar [[r.HairStrands.Visibility.MSAA.SamplePerPixel:4]]
[2024.02.29-22.25.13:983][  0]LogInit: Selected Device Profile: [Windows]
[2024.02.29-22.25.13:983][  0]LogInit: Applying CVar settings loaded from the selected device profile: [Windows]
[2024.02.29-22.25.13:983][  0]LogHAL: Display: Platform has ~ 32 GB [34269925376 / 34359738368 / 32], which maps to Largest [LargestMinGB=32, LargerMinGB=12, DefaultMinGB=8, SmallerMinGB=6, SmallestMinGB=0)
[2024.02.29-22.25.13:983][  0]LogInit: Going up to parent DeviceProfile []
[2024.02.29-22.25.13:983][  0]LogConfig: Applying CVar settings from Section [ViewDistanceQuality@3] File [C:/Users/Long/OneDrive/Desktop/UnrealProject/Unreal Engine 4/Crit_A_Mole/Saved/Config/Windows/Scalability.ini]
[2024.02.29-22.25.13:983][  0]LogConfig: Setting CVar [[r.SkeletalMeshLODBias:0]]
[2024.02.29-22.25.13:983][  0]LogConfig: Setting CVar [[r.ViewDistanceScale:1.0]]
[2024.02.29-22.25.13:983][  0]LogConfig: Applying CVar settings from Section [AntiAliasingQuality@3] File [C:/Users/Long/OneDrive/Desktop/UnrealProject/Unreal Engine 4/Crit_A_Mole/Saved/Config/Windows/Scalability.ini]
[2024.02.29-22.25.13:983][  0]LogConfig: Setting CVar [[r.PostProcessAAQuality:4]]
[2024.02.29-22.25.13:983][  0]LogConfig: Applying CVar settings from Section [ShadowQuality@3] File [C:/Users/Long/OneDrive/Desktop/UnrealProject/Unreal Engine 4/Crit_A_Mole/Saved/Config/Windows/Scalability.ini]
[2024.02.29-22.25.13:983][  0]LogConfig: Setting CVar [[r.LightFunctionQuality:1]]
[2024.02.29-22.25.13:983][  0]LogConfig: Setting CVar [[r.ShadowQuality:5]]
[2024.02.29-22.25.13:983][  0]LogConfig: Setting CVar [[r.Shadow.CSM.MaxCascades:10]]
[2024.02.29-22.25.13:983][  0]LogConfig: Setting CVar [[r.Shadow.MaxResolution:2048]]
[2024.02.29-22.25.13:983][  0]LogConfig: Setting CVar [[r.Shadow.MaxCSMResolution:2048]]
[2024.02.29-22.25.13:983][  0]LogConfig: Setting CVar [[r.Shadow.RadiusThreshold:0.01]]
[2024.02.29-22.25.13:983][  0]LogConfig: Setting CVar [[r.Shadow.DistanceScale:1.0]]
[2024.02.29-22.25.13:983][  0]LogConfig: Setting CVar [[r.Shadow.CSM.TransitionScale:1.0]]
[2024.02.29-22.25.13:983][  0]LogConfig: Setting CVar [[r.Shadow.PreShadowResolutionFactor:1.0]]
[2024.02.29-22.25.13:983][  0]LogConfig: Setting CVar [[r.DistanceFieldShadowing:1]]
[2024.02.29-22.25.13:983][  0]LogConfig: Setting CVar [[r.DistanceFieldAO:1]]
[2024.02.29-22.25.13:983][  0]LogConfig: Setting CVar [[r.AOQuality:2]]
[2024.02.29-22.25.13:983][  0]LogConfig: Setting CVar [[r.VolumetricFog:1]]
[2024.02.29-22.25.13:983][  0]LogConfig: Setting CVar [[r.VolumetricFog.GridPixelSize:8]]
[2024.02.29-22.25.13:983][  0]LogConfig: Setting CVar [[r.VolumetricFog.GridSizeZ:128]]
[2024.02.29-22.25.13:983][  0]LogConfig: Setting CVar [[r.VolumetricFog.HistoryMissSupersampleCount:4]]
[2024.02.29-22.25.13:983][  0]LogConfig: Setting CVar [[r.LightMaxDrawDistanceScale:1]]
[2024.02.29-22.25.13:983][  0]LogConfig: Setting CVar [[r.CapsuleShadows:1]]
[2024.02.29-22.25.13:983][  0]LogConfig: Applying CVar settings from Section [PostProcessQuality@3] File [C:/Users/Long/OneDrive/Desktop/UnrealProject/Unreal Engine 4/Crit_A_Mole/Saved/Config/Windows/Scalability.ini]
[2024.02.29-22.25.13:983][  0]LogConfig: Setting CVar [[r.MotionBlurQuality:4]]
[2024.02.29-22.25.13:983][  0]LogConfig: Setting CVar [[r.AmbientOcclusionMipLevelFactor:0.4]]
[2024.02.29-22.25.13:983][  0]LogConfig: Setting CVar [[r.AmbientOcclusionMaxQuality:100]]
[2024.02.29-22.25.13:983][  0]LogConfig: Setting CVar [[r.AmbientOcclusionLevels:-1]]
[2024.02.29-22.25.13:983][  0]LogConfig: Setting CVar [[r.AmbientOcclusionRadiusScale:1.0]]
[2024.02.29-22.25.13:983][  0]LogConfig: Setting CVar [[r.DepthOfFieldQuality:2]]
[2024.02.29-22.25.13:983][  0]LogConfig: Setting CVar [[r.RenderTargetPoolMin:400]]
[2024.02.29-22.25.13:983][  0]LogConfig: Setting CVar [[r.LensFlareQuality:2]]
[2024.02.29-22.25.13:984][  0]LogConfig: Setting CVar [[r.SceneColorFringeQuality:1]]
[2024.02.29-22.25.13:984][  0]LogConfig: Setting CVar [[r.EyeAdaptationQuality:2]]
[2024.02.29-22.25.13:984][  0]LogConfig: Setting CVar [[r.BloomQuality:5]]
[2024.02.29-22.25.13:984][  0]LogConfig: Setting CVar [[r.FastBlurThreshold:100]]
[2024.02.29-22.25.13:984][  0]LogConfig: Setting CVar [[r.Upscale.Quality:3]]
[2024.02.29-22.25.13:984][  0]LogConfig: Setting CVar [[r.Tonemapper.GrainQuantization:1]]
[2024.02.29-22.25.13:984][  0]LogConfig: Setting CVar [[r.LightShaftQuality:1]]
[2024.02.29-22.25.13:984][  0]LogConfig: Setting CVar [[r.Filter.SizeScale:1]]
[2024.02.29-22.25.13:984][  0]LogConfig: Setting CVar [[r.Tonemapper.Quality:5]]
[2024.02.29-22.25.13:984][  0]LogConfig: Setting CVar [[r.DOF.Gather.AccumulatorQuality:1        ; higher gathering accumulator quality]]
[2024.02.29-22.25.13:984][  0]LogConfig: Setting CVar [[r.DOF.Gather.PostfilterMethod:1          ; Median3x3 postfilering method]]
[2024.02.29-22.25.13:984][  0]LogConfig: Setting CVar [[r.DOF.Gather.EnableBokehSettings:0       ; no bokeh simulation when gathering]]
[2024.02.29-22.25.13:984][  0]LogConfig: Setting CVar [[r.DOF.Gather.RingCount:4                 ; medium number of samples when gathering]]
[2024.02.29-22.25.13:984][  0]LogConfig: Setting CVar [[r.DOF.Scatter.ForegroundCompositing:1    ; additive foreground scattering]]
[2024.02.29-22.25.13:984][  0]LogConfig: Setting CVar [[r.DOF.Scatter.BackgroundCompositing:2    ; additive background scattering]]
[2024.02.29-22.25.13:984][  0]LogConfig: Setting CVar [[r.DOF.Scatter.EnableBokehSettings:1      ; bokeh simulation when scattering]]
[2024.02.29-22.25.13:984][  0]LogConfig: Setting CVar [[r.DOF.Scatter.MaxSpriteRatio:0.1         ; only a maximum of 10% of scattered bokeh]]
[2024.02.29-22.25.13:984][  0]LogConfig: Setting CVar [[r.DOF.Recombine.Quality:1                ; cheap slight out of focus]]
[2024.02.29-22.25.13:984][  0]LogConfig: Setting CVar [[r.DOF.Recombine.EnableBokehSettings:0    ; no bokeh simulation on slight out of focus]]
[2024.02.29-22.25.13:984][  0]LogConfig: Setting CVar [[r.DOF.TemporalAAQuality:1                ; more stable temporal accumulation]]
[2024.02.29-22.25.13:984][  0]LogConfig: Setting CVar [[r.DOF.Kernel.MaxForegroundRadius:0.025]]
[2024.02.29-22.25.13:984][  0]LogConfig: Setting CVar [[r.DOF.Kernel.MaxBackgroundRadius:0.025]]
[2024.02.29-22.25.13:984][  0]LogConfig: Applying CVar settings from Section [TextureQuality@3] File [C:/Users/Long/OneDrive/Desktop/UnrealProject/Unreal Engine 4/Crit_A_Mole/Saved/Config/Windows/Scalability.ini]
[2024.02.29-22.25.13:984][  0]LogConfig: Setting CVar [[r.Streaming.MipBias:0]]
[2024.02.29-22.25.13:984][  0]LogConfig: Setting CVar [[r.Streaming.AmortizeCPUToGPUCopy:0]]
[2024.02.29-22.25.13:984][  0]LogConfig: Setting CVar [[r.Streaming.MaxNumTexturesToStreamPerFrame:0]]
[2024.02.29-22.25.13:984][  0]LogConfig: Setting CVar [[r.Streaming.Boost:1]]
[2024.02.29-22.25.13:984][  0]LogConfig: Setting CVar [[r.MaxAnisotropy:8]]
[2024.02.29-22.25.13:984][  0]LogConfig: Setting CVar [[r.VT.MaxAnisotropy:8]]
[2024.02.29-22.25.13:984][  0]LogConfig: Setting CVar [[r.Streaming.LimitPoolSizeToVRAM:0]]
[2024.02.29-22.25.13:984][  0]LogConfig: Setting CVar [[r.Streaming.PoolSize:1000]]
[2024.02.29-22.25.13:984][  0]LogConfig: Setting CVar [[r.Streaming.MaxEffectiveScreenSize:0]]
[2024.02.29-22.25.13:984][  0]LogConfig: Applying CVar settings from Section [EffectsQuality@3] File [C:/Users/Long/OneDrive/Desktop/UnrealProject/Unreal Engine 4/Crit_A_Mole/Saved/Config/Windows/Scalability.ini]
[2024.02.29-22.25.13:984][  0]LogConfig: Setting CVar [[r.TranslucencyLightingVolumeDim:64]]
[2024.02.29-22.25.13:984][  0]LogConfig: Setting CVar [[r.RefractionQuality:2]]
[2024.02.29-22.25.13:984][  0]LogConfig: Setting CVar [[r.SSR.Quality:3]]
[2024.02.29-22.25.13:984][  0]LogConfig: Setting CVar [[r.SSR.HalfResSceneColor:0]]
[2024.02.29-22.25.13:984][  0]LogConfig: Setting CVar [[r.SceneColorFormat:4]]
[2024.02.29-22.25.13:984][  0]LogConfig: Setting CVar [[r.DetailMode:2]]
[2024.02.29-22.25.13:984][  0]LogConfig: Setting CVar [[r.TranslucencyVolumeBlur:1]]
[2024.02.29-22.25.13:984][  0]LogConfig: Setting CVar [[r.MaterialQualityLevel:1 ; High quality]]
[2024.02.29-22.25.13:984][  0]LogConfig: Setting CVar [[r.AnisotropicMaterials:1]]
[2024.02.29-22.25.13:984][  0]LogConfig: Setting CVar [[r.SSS.Scale:1]]
[2024.02.29-22.25.13:984][  0]LogConfig: Setting CVar [[r.SSS.SampleSet:2]]
[2024.02.29-22.25.13:984][  0]LogConfig: Setting CVar [[r.SSS.Quality:1]]
[2024.02.29-22.25.13:984][  0]LogConfig: Setting CVar [[r.SSS.HalfRes:0]]
[2024.02.29-22.25.13:984][  0]LogConfig: Setting CVar [[r.SSGI.Quality:3]]
[2024.02.29-22.25.13:984][  0]LogConfig: Setting CVar [[r.EmitterSpawnRateScale:1.0]]
[2024.02.29-22.25.13:984][  0]LogConfig: Setting CVar [[r.ParticleLightQuality:2]]
[2024.02.29-22.25.13:984][  0]LogConfig: Setting CVar [[r.SkyAtmosphere.AerialPerspectiveLUT.FastApplyOnOpaque:1 ; Always have FastSkyLUT 1 in this case to avoid wrong sky]]
[2024.02.29-22.25.13:984][  0]LogConfig: Setting CVar [[r.SkyAtmosphere.AerialPerspectiveLUT.SampleCountMaxPerSlice:4]]
[2024.02.29-22.25.13:984][  0]LogConfig: Setting CVar [[r.SkyAtmosphere.AerialPerspectiveLUT.DepthResolution:16.0]]
[2024.02.29-22.25.13:984][  0]LogConfig: Setting CVar [[r.SkyAtmosphere.FastSkyLUT:1]]
[2024.02.29-22.25.13:984][  0]LogConfig: Setting CVar [[r.SkyAtmosphere.FastSkyLUT.SampleCountMin:4.0]]
[2024.02.29-22.25.13:984][  0]LogConfig: Setting CVar [[r.SkyAtmosphere.FastSkyLUT.SampleCountMax:128.0]]
[2024.02.29-22.25.13:984][  0]LogConfig: Setting CVar [[r.SkyAtmosphere.SampleCountMin:4.0]]
[2024.02.29-22.25.13:984][  0]LogConfig: Setting CVar [[r.SkyAtmosphere.SampleCountMax:128.0]]
[2024.02.29-22.25.13:984][  0]LogConfig: Setting CVar [[r.SkyAtmosphere.TransmittanceLUT.UseSmallFormat:0]]
[2024.02.29-22.25.13:984][  0]LogConfig: Setting CVar [[r.SkyAtmosphere.TransmittanceLUT.SampleCount:10.0]]
[2024.02.29-22.25.13:984][  0]LogConfig: Setting CVar [[r.SkyAtmosphere.MultiScatteringLUT.SampleCount:15.0]]
[2024.02.29-22.25.13:984][  0]LogConfig: Setting CVar [[r.SkyLight.RealTimeReflectionCapture:1]]
[2024.02.29-22.25.13:984][  0]LogConfig: Applying CVar settings from Section [FoliageQuality@3] File [C:/Users/Long/OneDrive/Desktop/UnrealProject/Unreal Engine 4/Crit_A_Mole/Saved/Config/Windows/Scalability.ini]
[2024.02.29-22.25.13:984][  0]LogConfig: Setting CVar [[foliage.DensityScale:1.0]]
[2024.02.29-22.25.13:984][  0]LogConfig: Setting CVar [[grass.DensityScale:1.0]]
[2024.02.29-22.25.13:984][  0]LogConfig: Applying CVar settings from Section [ShadingQuality@3] File [C:/Users/Long/OneDrive/Desktop/UnrealProject/Unreal Engine 4/Crit_A_Mole/Saved/Config/Windows/Scalability.ini]
[2024.02.29-22.25.13:984][  0]LogConfig: Setting CVar [[r.HairStrands.SkyLighting.IntegrationType:2]]
[2024.02.29-22.25.13:984][  0]LogConfig: Setting CVar [[r.HairStrands.SkyAO.SampleCount:4]]
[2024.02.29-22.25.13:984][  0]LogConfig: Setting CVar [[r.HairStrands.Visibility.MSAA.SamplePerPixel:4]]
[2024.02.29-22.25.13:984][  0]LogConfig: Applying CVar settings from Section [Startup] File [../../../Engine/Config/ConsoleVariables.ini]
[2024.02.29-22.25.13:985][  0]LogConfig: Setting CVar [[net.UseAdaptiveNetUpdateFrequency:0]]
[2024.02.29-22.25.13:985][  0]LogConfig: Setting CVar [[p.chaos.AllowCreatePhysxBodies:1]]
[2024.02.29-22.25.13:985][  0]LogConfig: Setting CVar [[fx.SkipVectorVMBackendOptimizations:1]]
[2024.02.29-22.25.13:985][  0]LogConfig: Applying CVar settings from Section [ConsoleVariables] File [C:/Users/Long/OneDrive/Desktop/UnrealProject/Unreal Engine 4/Crit_A_Mole/Saved/Config/Windows/Engine.ini]
[2024.02.29-22.25.13:985][  0]LogConfig: Applying CVar settings from Section [ConsoleVariables] File [C:/Users/Long/OneDrive/Desktop/UnrealProject/Unreal Engine 4/Crit_A_Mole/Saved/Config/Windows/Editor.ini]
[2024.02.29-22.25.13:985][  0]LogInit: Computer: DESKTOP-H18OBMC
[2024.02.29-22.25.13:985][  0]LogInit: User: Long
[2024.02.29-22.25.13:985][  0]LogInit: CPU Page size=4096, Cores=6
[2024.02.29-22.25.13:985][  0]LogInit: High frequency timer resolution =10.000000 MHz
[2024.02.29-22.25.13:985][  0]LogMemory: Memory total: Physical=31.9GB (32GB approx)
[2024.02.29-22.25.13:985][  0]LogMemory: Platform Memory Stats for Windows
[2024.02.29-22.25.13:985][  0]LogMemory: Process Physical Memory: 148.16 MB used, 148.16 MB peak
[2024.02.29-22.25.13:985][  0]LogMemory: Process Virtual Memory: 123.98 MB used, 123.98 MB peak
[2024.02.29-22.25.13:985][  0]LogMemory: Physical Memory: 17976.50 MB used,  14705.85 MB free, 32682.35 MB total
[2024.02.29-22.25.13:985][  0]LogMemory: Virtual Memory: 134210992.00 MB used,  6739.08 MB free, 134217728.00 MB total
[2024.02.29-22.25.13:990][  0]LogWindows: WindowsPlatformFeatures enabled
[2024.02.29-22.25.14:030][  0]LogInit: Physics initialised using underlying interface: PhysX
[2024.02.29-22.25.14:031][  0]LogInit: Using OS detected language (en-US).
[2024.02.29-22.25.14:031][  0]LogInit: Using OS detected locale (en-US).
[2024.02.29-22.25.14:034][  0]LogTextLocalizationManager: No specific localization for 'en-US' exists, so the 'en' localization will be used.
[2024.02.29-22.25.14:242][  0]LogInit: Setting process to per monitor DPI aware
[2024.02.29-22.25.14:259][  0]LogWindowsTextInputMethodSystem: Display: IME system deactivated.
[2024.02.29-22.25.14:275][  0]LogSlate: New Slate User Created.  User Index 0, Is Virtual User: 0
[2024.02.29-22.25.14:275][  0]LogSlate: Slate User Registered.  User Index 0, Is Virtual User: 0
[2024.02.29-22.25.14:387][  0]LogD3D11RHI: Loaded GFSDK_Aftermath_Lib.x64.dll
[2024.02.29-22.25.14:390][  0]LogHMD: Failed to initialize OpenVR with code 110
[2024.02.29-22.25.14:390][  0]LogD3D11RHI: D3D11 min allowed feature level: 11_0
[2024.02.29-22.25.14:391][  0]LogD3D11RHI: D3D11 max allowed feature level: 11_0
[2024.02.29-22.25.14:391][  0]LogD3D11RHI: D3D11 adapters:
[2024.02.29-22.25.14:512][  0]LogD3D11RHI:    0. 'NVIDIA GeForce RTX 3060 Ti' (Feature Level 11_0)
[2024.02.29-22.25.14:512][  0]LogD3D11RHI:       8024/0/16341 MB DedicatedVideo/DedicatedSystem/SharedSystem, Outputs:3, VendorId:0x10de
[2024.02.29-22.25.14:514][  0]LogD3D11RHI:    1. 'Microsoft Basic Render Driver' (Feature Level 11_0)
[2024.02.29-22.25.14:514][  0]LogD3D11RHI:       0/0/16341 MB DedicatedVideo/DedicatedSystem/SharedSystem, Outputs:0, VendorId:0x1414
[2024.02.29-22.25.14:514][  0]LogD3D11RHI: Chosen D3D11 Adapter:
[2024.02.29-22.25.14:514][  0]LogD3D11RHI:     Description : NVIDIA GeForce RTX 3060 Ti
[2024.02.29-22.25.14:514][  0]LogD3D11RHI:     VendorId    : 10de
[2024.02.29-22.25.14:514][  0]LogD3D11RHI:     DeviceId    : 2489
[2024.02.29-22.25.14:514][  0]LogD3D11RHI:     SubSysId    : 88291043
[2024.02.29-22.25.14:514][  0]LogD3D11RHI:     Revision    : 00a1
[2024.02.29-22.25.14:514][  0]LogD3D11RHI:     DedicatedVideoMemory : 8413773824 bytes
[2024.02.29-22.25.14:514][  0]LogD3D11RHI:     DedicatedSystemMemory : 0 bytes
[2024.02.29-22.25.14:514][  0]LogD3D11RHI:     SharedSystemMemory : 17134962688 bytes
[2024.02.29-22.25.14:514][  0]LogD3D11RHI:     AdapterLuid : 0 58129
[2024.02.29-22.25.14:525][  0]LogD3D11RHI: Creating new Direct3DDevice
[2024.02.29-22.25.14:525][  0]LogD3D11RHI:     GPU DeviceId: 0x2489 (for the marketing name, search the web for "GPU Device Id")
[2024.02.29-22.25.14:525][  0]LogWindows: EnumDisplayDevices:
[2024.02.29-22.25.14:526][  0]LogWindows:    0. 'NVIDIA GeForce RTX 3060 Ti' (P:0 D:1)
[2024.02.29-22.25.14:526][  0]LogWindows:    1. 'NVIDIA GeForce RTX 3060 Ti' (P:0 D:1)
[2024.02.29-22.25.14:526][  0]LogWindows:    2. 'NVIDIA GeForce RTX 3060 Ti' (P:1 D:1)
[2024.02.29-22.25.14:526][  0]LogWindows:    3. 'NVIDIA GeForce RTX 3060 Ti' (P:0 D:0)
[2024.02.29-22.25.14:526][  0]LogWindows: DebugString: FoundDriverCount:4 
[2024.02.29-22.25.14:526][  0]LogD3D11RHI:     Adapter Name: NVIDIA GeForce RTX 3060 Ti
[2024.02.29-22.25.14:526][  0]LogD3D11RHI:   Driver Version: 551.52 (internal:31.0.15.5152, unified:551.52)
[2024.02.29-22.25.14:526][  0]LogD3D11RHI:      Driver Date: 2-7-2024
[2024.02.29-22.25.14:526][  0]LogRHI: Texture pool is 5616 MB (70% of 8024 MB)
[2024.02.29-22.25.14:526][  0]LogD3D11RHI: Creating D3DDevice using adapter:
[2024.02.29-22.25.14:526][  0]LogD3D11RHI:     Description : NVIDIA GeForce RTX 3060 Ti
[2024.02.29-22.25.14:526][  0]LogD3D11RHI:     VendorId    : 10de
[2024.02.29-22.25.14:526][  0]LogD3D11RHI:     DeviceId    : 2489
[2024.02.29-22.25.14:526][  0]LogD3D11RHI:     SubSysId    : 88291043
[2024.02.29-22.25.14:526][  0]LogD3D11RHI:     Revision    : 00a1
[2024.02.29-22.25.14:526][  0]LogD3D11RHI:     DedicatedVideoMemory : 8413773824 bytes
[2024.02.29-22.25.14:526][  0]LogD3D11RHI:     DedicatedSystemMemory : 0 bytes
[2024.02.29-22.25.14:526][  0]LogD3D11RHI:     SharedSystemMemory : 17134962688 bytes
[2024.02.29-22.25.14:526][  0]LogD3D11RHI:     AdapterLuid : 0 58129
[2024.02.29-22.25.14:612][  0]LogD3D11RHI: RHI has support for 64 bit atomics
[2024.02.29-22.25.14:613][  0]LogD3D11RHI: Async texture creation enabled
[2024.02.29-22.25.14:613][  0]LogD3D11RHI: Array index from any shader is supported
[2024.02.29-22.25.14:652][  0]LogD3D11RHI: GPU Timing Frequency: 1000.000000 (Debug: 2 2)
[2024.02.29-22.25.14:676][  0]LogRHI: GeForceNow SDK initialized: 1
[2024.02.29-22.25.14:938][  0]LogTargetPlatformManager: Display: Loaded TargetPlatform 'AllDesktop'
[2024.02.29-22.25.14:960][  0]LogTargetPlatformManager: Display: Loaded TargetPlatform 'Android'
[2024.02.29-22.25.14:960][  0]LogTargetPlatformManager: Display: Loaded TargetPlatform 'Android_ASTC'
[2024.02.29-22.25.14:960][  0]LogTargetPlatformManager: Display: Loaded TargetPlatform 'Android_DXT'
[2024.02.29-22.25.14:960][  0]LogTargetPlatformManager: Display: Loaded TargetPlatform 'Android_ETC2'
[2024.02.29-22.25.14:960][  0]LogTargetPlatformManager: Display: Loaded TargetPlatform 'AndroidClient'
[2024.02.29-22.25.14:960][  0]LogTargetPlatformManager: Display: Loaded TargetPlatform 'Android_ASTCClient'
[2024.02.29-22.25.14:960][  0]LogTargetPlatformManager: Display: Loaded TargetPlatform 'Android_DXTClient'
[2024.02.29-22.25.14:960][  0]LogTargetPlatformManager: Display: Loaded TargetPlatform 'Android_ETC2Client'
[2024.02.29-22.25.14:960][  0]LogTargetPlatformManager: Display: Loaded TargetPlatform 'Android_Multi'
[2024.02.29-22.25.14:960][  0]LogTargetPlatformManager: Display: Loaded TargetPlatform 'Android_MultiClient'
[2024.02.29-22.25.14:979][  0]LogTargetPlatformManager: Display: Loaded TargetPlatform 'IOSClient'
[2024.02.29-22.25.14:979][  0]LogTargetPlatformManager: Display: Loaded TargetPlatform 'IOS'
[2024.02.29-22.25.14:989][  0]LogTargetPlatformManager: Display: Loaded TargetPlatform 'Linux'
[2024.02.29-22.25.14:993][  0]LogTargetPlatformManager: Display: Loaded TargetPlatform 'LinuxNoEditor'
[2024.02.29-22.25.14:997][  0]LogTargetPlatformManager: Display: Loaded TargetPlatform 'LinuxClient'
[2024.02.29-22.25.15:002][  0]LogTargetPlatformManager: Display: Loaded TargetPlatform 'LinuxServer'
[2024.02.29-22.25.15:012][  0]LogTargetPlatformManager: Display: Loaded TargetPlatform 'LinuxAArch64NoEditor'
[2024.02.29-22.25.15:017][  0]LogTargetPlatformManager: Display: Loaded TargetPlatform 'LinuxAArch64Client'
[2024.02.29-22.25.15:021][  0]LogTargetPlatformManager: Display: Loaded TargetPlatform 'LinuxAArch64Server'
[2024.02.29-22.25.15:044][  0]LogTargetPlatformManager: Display: Loaded TargetPlatform 'Lumin'
[2024.02.29-22.25.15:044][  0]LogTargetPlatformManager: Display: Loaded TargetPlatform 'LuminClient'
[2024.02.29-22.25.15:053][  0]LogTargetPlatformManager: Display: Loaded TargetPlatform 'MacNoEditor'
[2024.02.29-22.25.15:059][  0]LogTargetPlatformManager: Display: Loaded TargetPlatform 'Mac'
[2024.02.29-22.25.15:063][  0]LogTargetPlatformManager: Display: Loaded TargetPlatform 'MacClient'
[2024.02.29-22.25.15:067][  0]LogTargetPlatformManager: Display: Loaded TargetPlatform 'MacServer'
[2024.02.29-22.25.15:077][  0]LogTargetPlatformManager: Display: Loaded TargetPlatform 'TVOSClient'
[2024.02.29-22.25.15:077][  0]LogTargetPlatformManager: Display: Loaded TargetPlatform 'TVOS'
[2024.02.29-22.25.15:085][  0]LogTargetPlatformManager: Display: Loaded TargetPlatform 'WindowsNoEditor'
[2024.02.29-22.25.15:091][  0]LogTargetPlatformManager: Display: Loaded TargetPlatform 'Windows'
[2024.02.29-22.25.15:095][  0]LogTargetPlatformManager: Display: Loaded TargetPlatform 'WindowsClient'
[2024.02.29-22.25.15:099][  0]LogTargetPlatformManager: Display: Loaded TargetPlatform 'WindowsServer'
[2024.02.29-22.25.15:099][  0]LogTargetPlatformManager: Display: Building Assets For Windows
[2024.02.29-22.25.15:105][  0]LogAudioDebug: Display: Lib vorbis DLL was dynamically loaded.
[2024.02.29-22.25.15:130][  0]LogTextureFormatOodle: Display: Oodle Texture 2.9.0 init RDO Off
[2024.02.29-22.25.15:159][  0]LogRendererCore: Ray tracing is disabled. Reason: r.RayTracing=0.
[2024.02.29-22.25.15:159][  0]LogShaderCompilers: Guid format shader working directory is -43 characters bigger than the processId version (../../../../../../Users/Long/OneDrive/Desktop/UnrealProject/Unreal Engine 4/Crit_A_Mole/Intermediate/Shaders/WorkingDirectory/16344/).
[2024.02.29-22.25.15:159][  0]LogShaderCompilers: Cleaned the shader compiler working directory 'C:/Users/Long/AppData/Local/Temp/UnrealShaderWorkingDir/15D80CC944744BBF3C62BF8E675C1FC3/'.
[2024.02.29-22.25.15:159][  0]LogXGEController: Cannot use XGE Controller as Incredibuild is not installed on this machine.
[2024.02.29-22.25.15:159][  0]LogShaderCompilers: Cannot use XGE Shader Compiler as Incredibuild is not installed on this machine.
[2024.02.29-22.25.15:159][  0]LogShaderCompilers: Display: Using Local Shader Compiler.
[2024.02.29-22.25.15:860][  0]LogDerivedDataCache: Display: Max Cache Size: 512 MB
[2024.02.29-22.25.15:908][  0]LogDerivedDataCache: Loaded boot cache 0.05s 94MB C:/Users/Long/AppData/Local/UnrealEngine/4.27/DerivedDataCache/Boot.ddc.
[2024.02.29-22.25.15:908][  0]LogDerivedDataCache: Display: Loaded Boot cache: C:/Users/Long/AppData/Local/UnrealEngine/4.27/DerivedDataCache/Boot.ddc
[2024.02.29-22.25.15:908][  0]LogDerivedDataCache: FDerivedDataBackendGraph:  Pak pak cache file ../../../../../../Users/Long/OneDrive/Desktop/UnrealProject/Unreal Engine 4/Crit_A_Mole/DerivedDataCache/DDC.ddp not found, will not use a pak cache.
[2024.02.29-22.25.15:908][  0]LogDerivedDataCache: Unable to find inner node Pak for hierarchical cache Hierarchy.
[2024.02.29-22.25.15:909][  0]LogDerivedDataCache: FDerivedDataBackendGraph:  CompressedPak pak cache file ../../../../../../Users/Long/OneDrive/Desktop/UnrealProject/Unreal Engine 4/Crit_A_Mole/DerivedDataCache/Compressed.ddp not found, will not use a pak cache.
[2024.02.29-22.25.15:909][  0]LogDerivedDataCache: Unable to find inner node CompressedPak for hierarchical cache Hierarchy.
[2024.02.29-22.25.15:926][  0]LogDerivedDataCache: Display: Pak cache opened for reading ../../../Engine/DerivedDataCache/Compressed.ddp.
[2024.02.29-22.25.15:926][  0]LogDerivedDataCache: FDerivedDataBackendGraph:  EnterprisePak pak cache file ../../../Enterprise/DerivedDataCache/Compressed.ddp not found, will not use a pak cache.
[2024.02.29-22.25.15:926][  0]LogDerivedDataCache: Unable to find inner node EnterprisePak for hierarchical cache Hierarchy.
[2024.02.29-22.25.15:930][  0]LogDerivedDataCache: Speed tests for C:/Users/Long/AppData/Local/UnrealEngine/Common/DerivedDataCache took 0.01 seconds
[2024.02.29-22.25.15:930][  0]LogDerivedDataCache: Display: Performance to C:/Users/Long/AppData/Local/UnrealEngine/Common/DerivedDataCache: Latency=0.02ms. RandomReadSpeed=2161.56MBs, RandomWriteSpeed=210.40MBs. Assigned SpeedClass 'Local'
[2024.02.29-22.25.15:932][  0]LogDerivedDataCache: Using Local data cache path C:/Users/Long/AppData/Local/UnrealEngine/Common/DerivedDataCache: Writable
[2024.02.29-22.25.15:932][  0]LogDerivedDataCache: Shared data cache path not found in *engine.ini, will not use an Shared cache.
[2024.02.29-22.25.15:932][  0]LogDerivedDataCache: Unable to find inner node Shared for hierarchical cache Hierarchy.
[2024.02.29-22.25.15:977][  0]LogSlate: Using FreeType 2.10.0
[2024.02.29-22.25.15:977][  0]LogSlate: SlateFontServices - WITH_FREETYPE: 1, WITH_HARFBUZZ: 1
[2024.02.29-22.25.15:997][  0]LogAssetRegistry: FAssetRegistry took 0.0022 seconds to start up
[2024.02.29-22.25.16:229][  0]LogInit: Selected Device Profile: [Windows]
[2024.02.29-22.25.16:229][  0]LogInit: Active device profile: [000002C28B7A1100][000002C28A2CD800 49] Windows
[2024.02.29-22.25.16:229][  0]LogInit: Profiles: [000002C28B7A1100][000002C28A2CD800 49] Windows, [000002C28B792700][000002C287AFFAC0 49] WindowsNoEditor, [000002C28B7A2200][000002C2FF206200 49] WindowsServer, [000002C28B791900][000002C2FF20A4C0 49] WindowsClient, [000002C28B7A1700][000002C28912C780 49] IOS, [000002C28B792900][000002C289130A40 49] iPadAir, [000002C28B7A3C00][000002C287AFACC0 49] iPadAir2, [000002C28B741400][000002C28A26F1C0 49] IPadPro, [000002C28B741500][000002C289135200 49] iPadAir3, [000002C28B793A00][000002C28A2674C0 49] iPadAir4, [000002C28B742300][000002C28A263780 49] iPadMini2, [000002C28B793100][000002C28A26BA40 49] iPadMini3, [000002C28B742F00][000002C28A272180 49] iPadMini4, [000002C28B791D00][000002C28A276440 49] iPadMini5, [000002C28B759000][000002C287AD8980 49] iPhone6, [000002C28B759100][000002C287AC89C0 49] iPodTouch6, [000002C28B7A3900][000002C287ADCEC0 49] iPhone7, [000002C28B7A2900][000002C287AD0F00 49] iPodTouch7, [000002C28B741000][000002C289139180 49] iPhone5S, [000002C28B7A2F00][000002C287ACD440 49] iPhone6Plus, [000002C28B743600][000002C287AE1700 49] iPhone6S, [000002C28B7A0C00][000002C287AE59C0 49] iPhone6SPlus, [000002C28B7A1D00][000002C287AE8100 49] iPhone7Plus, [000002C28B758800][000002C287AEC3C0 49] iPhoneSE, [000002C28B7A0400][000002C287A52680 49] iPhone8, [000002C28B758900][000002C287A56940 49] iPhone8Plus, [000002C28B75AE00][000002C287A5AC00 49] iPhoneX, [000002C28B741D00][000002C287A5EEC0 49] iPhoneXS, [000002C28B75A700][000002C287AD5140 49] iPhoneXSMax, [000002C28B741C00][000002C287A633C0 49] iPhoneXR, [000002C28B75A800][000002C287A6B680 49] iPhone11, [000002C28B740F00][000002C287A6F940 49] iPhone11Pro, [000002C28B758B00][000002C287A73C00 49] iPhone11ProMax, [000002C28B740C00][000002C287A76340 49] iPhoneSE2, [000002C28B758E00][000002C287A7A600 49] iPhone12Mini, [000002C28B7A3800][000002C287A7E8C0 49] iPhone12, [000002C28B75B100][000002C287A82B80 49] iPhone12Pro, [000002C28B7A3700][000002C287A86E40 49] iPhone12ProMax, [000002C28B759E00][000002C287A8B100 49] iPadPro105, [000002C28B7A1400][000002C287A67380 49] iPadPro129, [000002C28B75BE00][000002C288EFD640 49] iPadPro97, [000002C28B7A2800][000002C288F01900 49] iPadPro2_129, [000002C28B75A000][000002C288F05BC0 49] iPad5, [000002C28B7A2300][000002C288F08300 49] iPad6, [000002C28B75BB00][000002C288F0C5C0 49] iPad7, [000002C28B7A1E00][000002C288F10880 49] iPad8, [000002C28B758A00][000002C288F14B40 49] iPadPro11, [000002C28B7A3E00][000002C288F18E00 49] iPadPro2_11, [000002C28B759800][000002C288F1D0C0 49] iPadPro3_129, [000002C28B7A2700][000002C288EF9340 49] iPadPro4_129, [000002C28B758100][000002C288F215C0 49] AppleTV, [000002C28B7A3F00][000002C288F29880 49] AppleTV4K, [000002C28B75A400][000002C288F2DB40 49] TVOS, [000002C28B7A0100][000002C288F30280 49] Mac, [000002C28B759D00][000002C288F34540 49] MacClient, [000002C28B7A2A00][000002C288F38800 49] MacNoEditor, [000002C28B75BA00][000002C288F3CAC0 49] MacServer, [000002C28B7A2000][000002C288F40D80 49] Linux, [000002C28B759600][000002C288F45040 49] LinuxAArch64, [000002C28B7A0800][000002C288F49300 49] LinuxNoEditor, [000002C28B758C00][000002C288F25580 49] LinuxAArch64NoEditor, [000002C28B7A3B00][000002C288F4D800 49] LinuxClient, [000002C28B75B400][000002C288F55AC0 49] LinuxAArch64Client, [000002C28B7A3A00][000002C288F58200 49] LinuxServer, [000002C28B758700][000002C288F5C4C0 49] LinuxAArch64Server, [000002C28B7A2D00][000002C288F60780 49] Android, [000002C28B75AA00][000002C288F64A40 49] Android_Low, [000002C28B7A1F00][000002C288F7AD00 49] Android_Mid, [000002C28B759F00][000002C288F7EFC0 49] Android_High, [000002C28B7A1900][000002C288F83280 49] Android_Default, [000002C28B75BC00][000002C288F87540 49] Android_Adreno4xx, [000002C28B7A3600][000002C288F517C0 49] Android_Adreno5xx_Low, [000002C28B75B200][000002C288F8BA40 49] Android_Adreno5xx, [000002C28B7A1000][000002C288F92180 49] Android_Adreno6xx, [000002C28B75A500][000002C288F96440 49] Android_Adreno6xx_Vulkan, [000002C28B7A0A00][000002C288F9A700 49] Android_Mali_T6xx, [000002C28B75A900][000002C288F9E9C0 49] Android_Mali_T7xx, [000002C28B7A3D00][000002C288FA2C80 49] Android_Mali_T8xx, [000002C28B75AD00][000002C288FA6F40 49] Android_Mali_G71, [000002C28B743100][000002C288FAB200 49] Android_Mali_G72, [000002C28B792F00][000002C288FAF4C0 49] Android_Mali_G72_Vulkan, [000002C28B742B00][000002C288FB3780 49] Android_Mali_G76, [000002C28B790500][000002C288F8FA00 49] Android_Mali_G76_Vulkan, [000002C28B742600][000002C288FB6100 49] Android_Mali_G77, [000002C28B793E00][000002C288FBE3C0 49] Android_Mali_G77_Vulkan, [000002C28B742400][000002C288FC2680 49] Android_Mali_G78, [000002C28B790D00][000002C288FC6940 49] Android_Mali_G78_Vulkan, [000002C28B743500][000002C288FCAC00 49] Android_Mali_G710, [000002C28B792B00][000002C288FCEEC0 49] Android_Mali_G710_Vulkan, [000002C28B743E00][000002C288FD3180 49] Android_Vulkan_SM5, [000002C28B791A00][000002C288FD7440 49] Android_PowerVR_G6xxx, [000002C28B740500][000002C288FDB700 49] Android_PowerVR_GT7xxx, [000002C28B790200][000002C288FDF9C0 49] Android_PowerVR_GE8xxx, [000002C28B743B00][000002C288FBA0C0 49] Android_PowerVR_GM9xxx, [000002C28B792100][000002C288FE2340 49] Android_PowerVR_GM9xxx_Vulkan, [000002C28B741F00][000002C288FEA600 49] Android_TegraK1, [000002C28B790A00][000002C288FEE8C0 49] Android_Unknown_Vulkan, [000002C28B743900][000002C288FF2B80 49] Lumin, [000002C28B791200][000002C288FF6E40 49] Lumin_Desktop, [000002C28B741E00][000002C288FFB100 49] HoloLens, 
[2024.02.29-22.25.16:345][  0]LogMeshReduction: Using QuadricMeshReduction for automatic static mesh reduction
[2024.02.29-22.25.16:345][  0]LogMeshReduction: Using SimplygonMeshReduction for automatic skeletal mesh reduction
[2024.02.29-22.25.16:345][  0]LogMeshReduction: Using ProxyLODMeshReduction for automatic mesh merging
[2024.02.29-22.25.16:345][  0]LogMeshReduction: No distributed automatic mesh merging module available
[2024.02.29-22.25.16:345][  0]LogMeshMerging: No distributed automatic mesh merging module available
[2024.02.29-22.25.16:358][  0]LogNetVersion: Crit_A_Mole 1.0.0, NetCL: 17155196, EngineNetVer: 17, GameNetVer: 0 (Checksum: 1445553777)
[2024.02.29-22.25.16:686][  0]LogTexture: Default maximum texture size for cubemaps generated from long-lat sources has been changed from 512 to unlimited. In order to preserve old behaiour for '/Engine/MapTemplates/Sky/DaylightAmbientCubemap.DaylightAmbientCubemap', its maximum texture size has been explicitly set to 512.
[2024.02.29-22.25.16:745][  0]LogHMD: PokeAHoleMaterial loaded successfully
[2024.02.29-22.25.16:750][  0]LogUObjectArray: 17178 objects as part of root set at end of initial load.
[2024.02.29-22.25.16:750][  0]LogUObjectAllocator: 4302048 out of 0 bytes used by permanent object pool.
[2024.02.29-22.25.16:750][  0]LogUObjectArray: CloseDisregardForGC: 0/0 objects in disregard for GC pool
[2024.02.29-22.25.16:992][  0]LogNiagaraDebuggerClient: Niagara Debugger Client Initialized | Session: 8E0E7F824BD50785FACD5DA22D1E3D84 | Instance: 0364B7144740A6140ADFD2B307106893 (DESKTOP-H18OBMC-16344).
[2024.02.29-22.25.17:023][  0]LogPython: Using Python 3.7.7
[2024.02.29-22.25.17:598][  0]LogTcpMessaging: Initializing TcpMessaging bridge
[2024.02.29-22.25.17:602][  0]LogUdpMessaging: Initializing bridge on interface 0.0.0.0:0 to multicast group 230.0.0.1:6666.
[2024.02.29-22.25.17:798][  0]SourceControl: Source control is disabled
[2024.02.29-22.25.17:798][  0]SourceControl: Source control is disabled
[2024.02.29-22.25.17:802][  0]SourceControl: Source control is disabled
[2024.02.29-22.25.17:805][  0]SourceControl: Source control is disabled
[2024.02.29-22.25.17:810][  0]SourceControl: Source control is disabled
[2024.02.29-22.25.17:821][  0]LogUProjectInfo: Found projects:
[2024.02.29-22.25.17:950][  0]LogOpenImageDenoise: OIDN starting up
[2024.02.29-22.25.18:008][  0]LogAndroidPermission: UAndroidPermissionCallbackProxy::GetInstance
[2024.02.29-22.25.18:030][  0]LogAudioCaptureCore: Display: No Audio Capture implementations found. Audio input will be silent.
[2024.02.29-22.25.18:030][  0]LogAudioCaptureCore: Display: No Audio Capture implementations found. Audio input will be silent.
[2024.02.29-22.25.18:148][  0]LogCollectionManager: Loaded 0 collections in 0.001538 seconds
[2024.02.29-22.25.18:172][  0]LogFileCache: Scanning file cache for directory 'C:/Users/Long/OneDrive/Desktop/UnrealProject/Unreal Engine 4/Crit_A_Mole/Saved/Collections/' took 0.00s
[2024.02.29-22.25.18:172][  0]LogFileCache: Scanning file cache for directory 'C:/Users/Long/OneDrive/Desktop/UnrealProject/Unreal Engine 4/Crit_A_Mole/Content/Developers/Long/Collections/' took 0.00s
[2024.02.29-22.25.18:172][  0]LogFileCache: Scanning file cache for directory 'C:/Users/Long/OneDrive/Desktop/UnrealProject/Unreal Engine 4/Crit_A_Mole/Content/Collections/' took 0.00s
[2024.02.29-22.25.18:172][  0]LogOcInput: OculusInput pre-init called
[2024.02.29-22.25.18:365][  0]LogEngine: Initializing Engine...
[2024.02.29-22.25.18:367][  0]LogHMD: Failed to enumerate extensions. Please check that you have a valid OpenXR runtime installed.
[2024.02.29-22.25.18:367][  0]LogHMD: Failed to initialize OpenVR with code 110
[2024.02.29-22.25.18:368][  0]LogMagicLeap: Warning: VR disabled because ZI is not enabled.  To enable, in the editor, Edit -> Project Settings -> Plugins -> Magic Leap Plugin -> Enable Zero Iteration
[2024.02.29-22.25.18:368][  0]LogStats: UGameplayTagsManager::InitializeManager -  0.000 s
[2024.02.29-22.25.18:482][  0]LogInit: Initializing FReadOnlyCVARCache
[2024.02.29-22.25.18:488][  0]LogAIModule: Creating AISystem for world Untitled
[2024.02.29-22.25.18:502][  0]LogAudio: Display: Initializing Audio Device Manager...
[2024.02.29-22.25.18:506][  0]LogAudio: Display: Loading Default Audio Settings Objects...
[2024.02.29-22.25.18:506][  0]LogAudio: Display: No default SoundConcurrencyObject specified (or failed to load).
[2024.02.29-22.25.18:507][  0]LogAudio: Display: Audio Device Manager Initialized
[2024.02.29-22.25.18:507][  0]LogAudio: Display: Creating Audio Device:                 Id: 1, Scope: Shared, Realtime: True
[2024.02.29-22.25.18:507][  0]LogAudioMixer: Display: Audio Mixer Platform Settings:
[2024.02.29-22.25.18:507][  0]LogAudioMixer: Display: 	Sample Rate:						  48000
[2024.02.29-22.25.18:507][  0]LogAudioMixer: Display: 	Callback Buffer Frame Size Requested: 1024
[2024.02.29-22.25.18:507][  0]LogAudioMixer: Display: 	Callback Buffer Frame Size To Use:	  1024
[2024.02.29-22.25.18:507][  0]LogAudioMixer: Display: 	Number of buffers to queue:			  2
[2024.02.29-22.25.18:507][  0]LogAudioMixer: Display: 	Max Channels (voices):				  32
[2024.02.29-22.25.18:507][  0]LogAudioMixer: Display: 	Number of Async Source Workers:		  0
[2024.02.29-22.25.18:507][  0]LogAudio: Display: AudioDevice MaxSources: 32
[2024.02.29-22.25.18:507][  0]LogAudio: Display: Audio Spatialization Plugin: None (built-in).
[2024.02.29-22.25.18:507][  0]LogAudio: Display: Audio Reverb Plugin: None (built-in).
[2024.02.29-22.25.18:507][  0]LogAudio: Display: Audio Occlusion Plugin: None (built-in).
[2024.02.29-22.25.18:507][  0]LogAudioMixer: Display: Initializing audio mixer.
[2024.02.29-22.25.18:519][  0]LogAudioMixer: Display: 0: FrontLeft
[2024.02.29-22.25.18:519][  0]LogAudioMixer: Display: 1: FrontRight
[2024.02.29-22.25.18:536][  0]LogAudioMixer: Display: Using Audio Device Speakers (JBL Go 3)
[2024.02.29-22.25.18:538][  0]LogAudioMixer: Display: Initializing Sound Submixes...
[2024.02.29-22.25.18:540][  0]LogAudioMixer: Display: Creating Master Submix 'MasterSubmixDefault'
[2024.02.29-22.25.18:540][  0]LogAudioMixer: Display: Creating Master Submix 'MasterReverbSubmixDefault'
[2024.02.29-22.25.18:542][  0]LogAudioMixer: Display: Creating Master Submix 'MasterEQSubmixDefault'
[2024.02.29-22.25.18:542][  0]LogAudioMixer: FMixerPlatformXAudio2::StartAudioStream() called
[2024.02.29-22.25.18:542][  0]LogAudioMixer: Display: Output buffers initialized: Frames=1024, Channels=2, Samples=2048
[2024.02.29-22.25.18:543][  0]LogAudioMixer: Display: Starting AudioMixerPlatformInterface::RunInternal()
[2024.02.29-22.25.18:543][  0]LogAudioMixer: Display: FMixerPlatformXAudio2::SubmitBuffer() called for the first time
[2024.02.29-22.25.18:543][  0]LogInit: FAudioDevice initialized.
[2024.02.29-22.25.18:543][  0]LogAudio: Display: Audio Device (ID: 1) registered with world 'Untitled'.
[2024.02.29-22.25.18:543][  0]LogNetVersion: Set ProjectVersion to 1.0.0.0. Version Checksum will be recalculated on next use.
[2024.02.29-22.25.18:586][  0]LogDerivedDataCache: Saved boot cache 0.04s 94MB C:/Users/Long/AppData/Local/UnrealEngine/4.27/DerivedDataCache/Boot.ddc.
[2024.02.29-22.25.18:586][  0]LogInit: Texture streaming: Enabled
[2024.02.29-22.25.18:601][  0]LogAnalytics: Display: [UEEditor.Rocket.Release] APIServer = https://datarouter.ol.epicgames.com/. AppVersion = 4.27.2-18319896+++UE4+Release-4.27
[2024.02.29-22.25.18:605][  0]LogEngineSessionManager: EngineSessionManager initialized
[2024.02.29-22.25.18:605][  0]LogEditorSessionSummary: Verbose: Initializing EditorSessionSummaryWriter for editor session tracking
[2024.02.29-22.25.18:607][  0]LogEditorSessionSummary: EditorSessionSummaryWriter initialized
[2024.02.29-22.25.18:639][  0]LogInit: Transaction tracking system initialized
[2024.02.29-22.25.18:660][  0]BlueprintLog: New page: Editor Load
[2024.02.29-22.25.18:719][  0]LocalizationService: Localization service is disabled
[2024.02.29-22.25.18:741][  0]TimingProfiler: Initialize
[2024.02.29-22.25.18:742][  0]TimingProfiler: OnSessionChanged
[2024.02.29-22.25.18:742][  0]LoadingProfiler: Initialize
[2024.02.29-22.25.18:742][  0]LoadingProfiler: OnSessionChanged
[2024.02.29-22.25.18:742][  0]NetworkingProfiler: Initialize
[2024.02.29-22.25.18:742][  0]NetworkingProfiler: OnSessionChanged
[2024.02.29-22.25.18:742][  0]MemoryProfiler: Initialize
[2024.02.29-22.25.18:742][  0]MemoryProfiler: OnSessionChanged
[2024.02.29-22.25.18:865][  0]LogCook: Display: CookSettings for Memory: MemoryMaxUsedVirtual 0MiB, MemoryMaxUsedPhysical 16384MiB, MemoryMinFreeVirtual 0MiB, MemoryMinFreePhysical 1024MiB
[2024.02.29-22.25.18:865][  0]LogCook: Display: Mobile HDR setting 1
[2024.02.29-22.25.18:896][  0]LogFileCache: Scanning file cache for directory 'C:/Users/Long/OneDrive/Desktop/UnrealProject/Unreal Engine 4/Crit_A_Mole/Content/' took 0.00s
[2024.02.29-22.25.18:896][  0]LogBlueprintAssist: Registered BlueprintAssist Commands
[2024.02.29-22.25.18:897][  0]LogStreaming: Warning: Failed to read file '../../../Engine/Content/Editor/Slate/PlainBorder.png' error.
[2024.02.29-22.25.18:897][  0]LogSlate: Could not find file for Slate resource: ../../../Engine/Content/Editor/Slate/PlainBorder.png
[2024.02.29-22.25.18:897][  0]LogBlueprintAssist: Finished loaded BlueprintAssist Module
[2024.02.29-22.25.18:897][  0]LogAutoSizeComments: Startup AutoSizeComments
[2024.02.29-22.25.19:211][  0]LogStreaming: Warning: Failed to read file '../../../Engine/Content/Editor/Slate/PlainBorder.png' error.
[2024.02.29-22.25.19:211][  0]LogSlate: Could not find file for Slate resource: ../../../Engine/Content/Editor/Slate/PlainBorder.png
[2024.02.29-22.25.19:211][  0]LogInit: Display: Engine is initialized. Leaving FEngineLoop::Init()
[2024.02.29-22.25.19:214][  0]SourceControl: Source control is disabled
[2024.02.29-22.25.19:214][  0]LogUnrealEdMisc: Loading editor; pre map load, took 6.225
[2024.02.29-22.25.19:214][  0]Cmd: MAP LOAD FILE="../../../../../../Users/Long/OneDrive/Desktop/UnrealProject/Unreal Engine 4/Crit_A_Mole/Content/Level/Setup.umap" TEMPLATE=0 SHOWPROGRESS=1 FEATURELEVEL=3
[2024.02.29-22.25.19:215][  0]LightingResults: New page: Lighting Build
[2024.02.29-22.25.19:216][  0]LogWorld: UWorld::CleanupWorld for Untitled, bSessionEnded=true, bCleanupResources=true
[2024.02.29-22.25.19:216][  0]LogSlate: InvalidateAllWidgets triggered.  All widgets were invalidated
[2024.02.29-22.25.19:216][  0]MapCheck: New page: Map Check
[2024.02.29-22.25.19:216][  0]LightingResults: New page: Lighting Build
[2024.02.29-22.25.19:219][  0]LogAudio: Display: Audio Device unregistered from world 'None'.
[2024.02.29-22.25.19:222][  0]LogUObjectHash: Compacting FUObjectHashTables data took   0.65ms
[2024.02.29-22.25.19:240][  0]LogLinker: Warning: [AssetLog] C:\Users\Long\OneDrive\Desktop\UnrealProject\Unreal Engine 4\Crit_A_Mole\Content\Blueprint\Player\BP_Player.uasset: Failed to load '/Game/Assets/Mole_Sprite': Can't find file.
[2024.02.29-22.25.19:240][  0]LoadErrors: Failed to load /Game/Assets/Mole_Sprite.Mole_Sprite Referenced by Mole_Sprite_GEN_VARIABLE
[2024.02.29-22.25.19:240][  0]LogLinker: Warning: [AssetLog] C:\Users\Long\OneDrive\Desktop\UnrealProject\Unreal Engine 4\Crit_A_Mole\Content\Blueprint\Player\BP_Player.uasset: Failed to load '/Game/Assets/Mole_Sprite': Can't find file.
[2024.02.29-22.25.19:240][  0]LoadErrors: Failed to load /Game/Assets/Mole_Sprite.Mole_Sprite Referenced by Mole_Sprite_GEN_VARIABLE
[2024.02.29-22.25.19:243][  0]LogLinker: Warning: [AssetLog] C:\Users\Long\OneDrive\Desktop\UnrealProject\Unreal Engine 4\Crit_A_Mole\Content\Blueprint\Player\BP_Player.uasset: Failed to load '/Game/Assets/Mole_Sprite': Can't find file.
[2024.02.29-22.25.19:244][  0]LogLinker: Warning: [AssetLog] C:\Users\Long\OneDrive\Desktop\UnrealProject\Unreal Engine 4\Crit_A_Mole\Content\Blueprint\Player\BP_Player.uasset: Failed to load '/Game/Assets/Mole_Sprite': Can't find file.
[2024.02.29-22.25.19:255][  0]LogLinker: Warning: [AssetLog] C:\Users\Long\OneDrive\Desktop\UnrealProject\Unreal Engine 4\Crit_A_Mole\Content\Blueprint\Enemy\BP_Enemy.uasset: Failed to load '/Game/Assets/Mole_Sprite': Can't find file.
[2024.02.29-22.25.19:255][  0]LogLinker: Warning: [AssetLog] C:\Users\Long\OneDrive\Desktop\UnrealProject\Unreal Engine 4\Crit_A_Mole\Content\Blueprint\Enemy\BP_Enemy.uasset: Failed to load '/Game/Assets/Mole_Sprite': Can't find file.
[2024.02.29-22.25.19:257][  0]LogLinker: Warning: [AssetLog] C:\Users\Long\OneDrive\Desktop\UnrealProject\Unreal Engine 4\Crit_A_Mole\Content\Blueprint\Enemy\BP_MoleSpawner.uasset: Failed to load '/Game/Assets/Hole_Sprite': Can't find file.
[2024.02.29-22.25.19:257][  0]LoadErrors: Failed to load /Game/Assets/Hole_Sprite.Hole_Sprite Referenced by Hole_Sprite_GEN_VARIABLE
[2024.02.29-22.25.19:257][  0]LogLinker: Warning: [AssetLog] C:\Users\Long\OneDrive\Desktop\UnrealProject\Unreal Engine 4\Crit_A_Mole\Content\Blueprint\Enemy\BP_MoleSpawner.uasset: Failed to load '/Game/Assets/Hole_Sprite': Can't find file.
[2024.02.29-22.25.19:257][  0]LoadErrors: Failed to load /Game/Assets/Hole_Sprite.Hole_Sprite Referenced by Hole_Sprite_GEN_VARIABLE
[2024.02.29-22.25.19:257][  0]LogLinker: Warning: [AssetLog] C:\Users\Long\OneDrive\Desktop\UnrealProject\Unreal Engine 4\Crit_A_Mole\Content\Blueprint\Enemy\BP_MoleSpawner.uasset: Failed to load '/Game/Assets/Hole_Sprite': Can't find file.
[2024.02.29-22.25.19:257][  0]LogLinker: Warning: [AssetLog] C:\Users\Long\OneDrive\Desktop\UnrealProject\Unreal Engine 4\Crit_A_Mole\Content\Blueprint\Enemy\BP_MoleSpawner.uasset: Failed to load '/Game/Assets/Hole_Sprite': Can't find file.
[2024.02.29-22.25.19:270][  0]LogOutputDevice: Warning: 

Script Stack (0 frames):

[2024.02.29-22.25.19:270][  0]LogWindows: Windows GetLastError: The operation completed successfully. (0)
[2024.02.29-22.25.20:350][  0]LogWindows: Error: === Critical error: ===
[2024.02.29-22.25.20:350][  0]LogWindows: Error: 
[2024.02.29-22.25.20:350][  0]LogWindows: Error: Assertion failed: Tag.Size == Loaded [File:D:/Build/++UE4/Sync/Engine/Source/Runtime/CoreUObject/Private/UObject/Class.cpp] [Line: 1499] 
[2024.02.29-22.25.20:350][  0]LogWindows: Error: 
[2024.02.29-22.25.20:350][  0]LogWindows: Error: 
[2024.02.29-22.25.20:350][  0]LogWindows: Error: 
[2024.02.29-22.25.20:350][  0]LogWindows: Error: [Callstack] 0x00007ffba9cd5b0c KERNELBASE.dll!UnknownFunction []
[2024.02.29-22.25.20:350][  0]LogWindows: Error: [Callstack] 0x00007ffb24e40216 UE4Editor-Core.dll!UnknownFunction []
[2024.02.29-22.25.20:350][  0]LogWindows: Error: [Callstack] 0x00007ffb24e44218 UE4Editor-Core.dll!UnknownFunction []
[2024.02.29-22.25.20:350][  0]LogWindows: Error: [Callstack] 0x00007ffb24b6242d UE4Editor-Core.dll!UnknownFunction []
[2024.02.29-22.25.20:350][  0]LogWindows: Error: [Callstack] 0x00007ffb24ab6a45 UE4Editor-Core.dll!UnknownFunction []
[2024.02.29-22.25.20:350][  0]LogWindows: Error: [Callstack] 0x00007ffb24ab80a0 UE4Editor-Core.dll!UnknownFunction []
[2024.02.29-22.25.20:350][  0]LogWindows: Error: [Callstack] 0x00007ffb31429cb7 UE4Editor-CoreUObject.dll!UnknownFunction []
[2024.02.29-22.25.20:350][  0]LogWindows: Error: [Callstack] 0x00007ffb31427c3c UE4Editor-CoreUObject.dll!UnknownFunction []
[2024.02.29-22.25.20:350][  0]LogWindows: Error: [Callstack] 0x00007ffb315e6d74 UE4Editor-CoreUObject.dll!UnknownFunction []
[2024.02.29-22.25.20:350][  0]LogWindows: Error: [Callstack] 0x00007ffb315e3470 UE4Editor-CoreUObject.dll!UnknownFunction []
[2024.02.29-22.25.20:350][  0]LogWindows: Error: [Callstack] 0x00007ffb315e2edb UE4Editor-CoreUObject.dll!UnknownFunction []
[2024.02.29-22.25.20:350][  0]LogWindows: Error: [Callstack] 0x00007ffb21917579 UE4Editor-Engine.dll!UnknownFunction []
[2024.02.29-22.25.20:350][  0]LogWindows: Error: [Callstack] 0x00007ffb22b6df66 UE4Editor-Engine.dll!UnknownFunction []
[2024.02.29-22.25.20:350][  0]LogWindows: Error: [Callstack] 0x00007ffb200a46b2 UE4Editor-UnrealEd.dll!UnknownFunction []
[2024.02.29-22.25.20:350][  0]LogWindows: Error: [Callstack] 0x00007ffb0be3dc87 UE4Editor-Kismet.dll!UnknownFunction []
[2024.02.29-22.25.20:350][  0]LogWindows: Error: [Callstack] 0x00007ffb0bde6027 UE4Editor-Kismet.dll!UnknownFunction []
[2024.02.29-22.25.20:350][  0]LogWindows: Error: [Callstack] 0x00007ffb0bde2be3 UE4Editor-Kismet.dll!UnknownFunction []
[2024.02.29-22.25.20:350][  0]LogWindows: Error: [Callstack] 0x00007ffb3131cc30 UE4Editor-CoreUObject.dll!UnknownFunction []
[2024.02.29-22.25.20:350][  0]LogWindows: Error: [Callstack] 0x00007ffb315a25c1 UE4Editor-CoreUObject.dll!UnknownFunction []
[2024.02.29-22.25.20:350][  0]LogWindows: Error: [Callstack] 0x00007ffb315a2b1b UE4Editor-CoreUObject.dll!UnknownFunction []
[2024.02.29-22.25.20:350][  0]LogWindows: Error: [Callstack] 0x00007ffb315c8bbc UE4Editor-CoreUObject.dll!UnknownFunction []
[2024.02.29-22.25.20:350][  0]LogWindows: Error: [Callstack] 0x00007ffb316dcd66 UE4Editor-CoreUObject.dll!UnknownFunction []
[2024.02.29-22.25.20:350][  0]LogWindows: Error: [Callstack] 0x00007ffb3159790d UE4Editor-CoreUObject.dll!UnknownFunction []
[2024.02.29-22.25.20:350][  0]LogWindows: Error: [Callstack] 0x00007ffb315f52d2 UE4Editor-CoreUObject.dll!UnknownFunction []
[2024.02.29-22.25.20:350][  0]LogWindows: Error: [Callstack] 0x00007ffb315f38c7 UE4Editor-CoreUObject.dll!UnknownFunction []
[2024.02.29-22.25.20:350][  0]LogWindows: Error: [Callstack] 0x00007ffb315f539d UE4Editor-CoreUObject.dll!UnknownFunction []
[2024.02.29-22.25.20:350][  0]LogWindows: Error: [Callstack] 0x00007ffb315f38c7 UE4Editor-CoreUObject.dll!UnknownFunction []
[2024.02.29-22.25.20:350][  0]LogWindows: Error: [Callstack] 0x00007ffb315f36e1 UE4Editor-CoreUObject.dll!UnknownFunction []
[2024.02.29-22.25.20:350][  0]LogWindows: Error: [Callstack] 0x00007ffb315ae399 UE4Editor-CoreUObject.dll!UnknownFunction []
[2024.02.29-22.25.20:350][  0]LogWindows: Error: [Callstack] 0x00007ffb315f026a UE4Editor-CoreUObject.dll!UnknownFunction []
[2024.02.29-22.25.20:350][  0]LogWindows: Error: [Callstack] 0x00007ffb315a417e UE4Editor-CoreUObject.dll!UnknownFunction []
[2024.02.29-22.25.20:350][  0]LogWindows: Error: [Callstack] 0x00007ffb3146a067 UE4Editor-CoreUObject.dll!UnknownFunction []
[2024.02.29-22.25.20:350][  0]LogWindows: Error: [Callstack] 0x00007ffb316dca33 UE4Editor-CoreUObject.dll!UnknownFunction []
[2024.02.29-22.25.20:350][  0]LogWindows: Error: [Callstack] 0x00007ffb3159790d UE4Editor-CoreUObject.dll!UnknownFunction []
[2024.02.29-22.25.20:350][  0]LogWindows: Error: [Callstack] 0x00007ffb315f52d2 UE4Editor-CoreUObject.dll!UnknownFunction []
[2024.02.29-22.25.20:350][  0]LogWindows: Error: [Callstack] 0x00007ffb315f38c7 UE4Editor-CoreUObject.dll!UnknownFunction []
[2024.02.29-22.25.20:350][  0]LogWindows: Error: [Callstack] 0x00007ffb315f539d UE4Editor-CoreUObject.dll!UnknownFunction []
[2024.02.29-22.25.20:350][  0]LogWindows: Error: [Callstack] 0x00007ffb315f38c7 UE4Editor-CoreUObject.dll!UnknownFunction []
[2024.02.29-22.25.20:350][  0]LogWindows: Error: [Callstack] 0x00007ffb315f36e1 UE4Editor-CoreUObject.dll!UnknownFunction []
[2024.02.29-22.25.20:350][  0]LogWindows: Error: [Callstack] 0x00007ffb315ae399 UE4Editor-CoreUObject.dll!UnknownFunction []
[2024.02.29-22.25.20:350][  0]LogWindows: Error: [Callstack] 0x00007ffb315f026a UE4Editor-CoreUObject.dll!UnknownFunction []
[2024.02.29-22.25.20:350][  0]LogWindows: Error: [Callstack] 0x00007ffb315a417e UE4Editor-CoreUObject.dll!UnknownFunction []
[2024.02.29-22.25.20:350][  0]LogWindows: Error: [Callstack] 0x00007ffb3146a067 UE4Editor-CoreUObject.dll!UnknownFunction []
[2024.02.29-22.25.20:350][  0]LogWindows: Error: [Callstack] 0x00007ffb316dca33 UE4Editor-CoreUObject.dll!UnknownFunction []
[2024.02.29-22.25.20:350][  0]LogWindows: Error: [Callstack] 0x00007ffb3159790d UE4Editor-CoreUObject.dll!UnknownFunction []
[2024.02.29-22.25.20:350][  0]LogWindows: Error: [Callstack] 0x00007ffb315f52d2 UE4Editor-CoreUObject.dll!UnknownFunction []
[2024.02.29-22.25.20:351][  0]LogWindows: Error: [Callstack] 0x00007ffb315f38c7 UE4Editor-CoreUObject.dll!UnknownFunction []
[2024.02.29-22.25.20:351][  0]LogWindows: Error: [Callstack] 0x00007ffb315f539d UE4Editor-CoreUObject.dll!UnknownFunction []
[2024.02.29-22.25.20:351][  0]LogWindows: Error: [Callstack] 0x00007ffb315f38c7 UE4Editor-CoreUObject.dll!UnknownFunction []
[2024.02.29-22.25.20:351][  0]LogWindows: Error: [Callstack] 0x00007ffb315f36e1 UE4Editor-CoreUObject.dll!UnknownFunction []
[2024.02.29-22.25.20:351][  0]LogWindows: Error: [Callstack] 0x00007ffb315ae399 UE4Editor-CoreUObject.dll!UnknownFunction []
[2024.02.29-22.25.20:351][  0]LogWindows: Error: [Callstack] 0x00007ffb315f026a UE4Editor-CoreUObject.dll!UnknownFunction []
[2024.02.29-22.25.20:351][  0]LogWindows: Error: [Callstack] 0x00007ffb315a417e UE4Editor-CoreUObject.dll!UnknownFunction []
[2024.02.29-22.25.20:351][  0]LogWindows: Error: [Callstack] 0x00007ffb3146a067 UE4Editor-CoreUObject.dll!UnknownFunction []
[2024.02.29-22.25.20:351][  0]LogWindows: Error: [Callstack] 0x00007ffb316dca33 UE4Editor-CoreUObject.dll!UnknownFunction []
[2024.02.29-22.25.20:351][  0]LogWindows: Error: [Callstack] 0x00007ffb316dbbc0 UE4Editor-CoreUObject.dll!UnknownFunction []
[2024.02.29-22.25.20:351][  0]LogWindows: Error: [Callstack] 0x00007ffb1fcd8eeb UE4Editor-UnrealEd.dll!UnknownFunction []
[2024.02.29-22.25.20:351][  0]LogWindows: Error: [Callstack] 0x00007ffb1fcc8b0f UE4Editor-UnrealEd.dll!UnknownFunction []
[2024.02.29-22.25.20:351][  0]LogWindows: Error: [Callstack] 0x00007ffb1fcb1d0f UE4Editor-UnrealEd.dll!UnknownFunction []
[2024.02.29-22.25.20:351][  0]LogWindows: Error: [Callstack] 0x00007ffb20512917 UE4Editor-UnrealEd.dll!UnknownFunction []
[2024.02.29-22.25.20:351][  0]LogWindows: Error: [Callstack] 0x00007ffb1ffe3ec9 UE4Editor-UnrealEd.dll!UnknownFunction []
[2024.02.29-22.25.20:351][  0]LogWindows: Error: [Callstack] 0x00007ffb1ffe3cd8 UE4Editor-UnrealEd.dll!UnknownFunction []
[2024.02.29-22.25.20:351][  0]LogWindows: Error: [Callstack] 0x00007ffb20553944 UE4Editor-UnrealEd.dll!UnknownFunction []
[2024.02.29-22.25.20:351][  0]LogWindows: Error: [Callstack] 0x00007ffb2050ded2 UE4Editor-UnrealEd.dll!UnknownFunction []
[2024.02.29-22.25.20:351][  0]LogWindows: Error: [Callstack] 0x00007ff6f66b0e3b UE4Editor.exe!UnknownFunction []
[2024.02.29-22.25.20:351][  0]LogWindows: Error: [Callstack] 0x00007ff6f66b10ba UE4Editor.exe!UnknownFunction []
[2024.02.29-22.25.20:351][  0]LogWindows: Error: [Callstack] 0x00007ff6f66b40dd UE4Editor.exe!UnknownFunction []
[2024.02.29-22.25.20:351][  0]LogWindows: Error: [Callstack] 0x00007ff6f66c5984 UE4Editor.exe!UnknownFunction []
[2024.02.29-22.25.20:351][  0]LogWindows: Error: [Callstack] 0x00007ff6f66c853a UE4Editor.exe!UnknownFunction []
[2024.02.29-22.25.20:351][  0]LogWindows: Error: [Callstack] 0x00007ffbaae4257d KERNEL32.DLL!UnknownFunction []
[2024.02.29-22.25.20:351][  0]LogWindows: Error: [Callstack] 0x00007ffbac62aa58 ntdll.dll!UnknownFunction []
[2024.02.29-22.25.20:351][  0]LogWindows: Error: 
[2024.02.29-22.25.20:356][  0]LogExit: Executing StaticShutdownAfterError
[2024.02.29-22.25.20:358][  0]LogWindows: FPlatformMisc::RequestExit(1)
[2024.02.29-22.25.20:358][  0]LogWindows: FPlatformMisc::RequestExitWithStatus(1, 3)
[2024.02.29-22.25.20:358][  0]LogCore: Engine exit requested (reason: Win RequestExit)
[2024.02.29-22.25.20:365][  0]Log file closed, 02/29/24 14:25:20
