Log file open, 02/29/24 14:19:30
LogWindows: Failed to load 'aqProf.dll' (GetLastError=126)
LogWindows: File 'aqProf.dll' does not exist
LogWindows: Failed to load 'VtuneApi.dll' (GetLastError=126)
LogWindows: File 'VtuneApi.dll' does not exist
LogWindows: Failed to load 'VtuneApi32e.dll' (GetLastError=126)
LogWindows: File 'VtuneApi32e.dll' does not exist
LogConsoleResponse: Display: Failed to find resolution value strings in scalability ini. Falling back to default.
LogConsoleResponse: Display: Failed to find resolution value strings in scalability ini. Falling back to default.
LogInit: Display: Running engine for game: Crit_A_Mole
LogPlatformFile: Not using cached read wrapper
LogTaskGraph: Started task graph with 5 named threads and 35 total threads with 3 sets of task threads.
LogStats: Stats thread started at 0.200363
LogICUInternationalization: ICU TimeZone Detection - Raw Offset: -8:00, Platform Override: ''
LogInit: Display: Loading text-based GConfig....
LogPluginManager: Mounting plugin MeshPainting
LogPluginManager: Mounting plugin XGEController
LogPluginManager: Mounting plugin Paper2D
LogPluginManager: Mounting plugin AISupport
LogPluginManager: Mounting plugin EnvironmentQueryEditor
LogPluginManager: Mounting plugin LiveLink
LogPluginManager: Mounting plugin LightPropagationVolume
LogPluginManager: Mounting plugin GameplayCameras
LogPluginManager: Mounting plugin CameraShakePreviewer
LogPluginManager: Mounting plugin OodleData
LogPluginManager: Mounting plugin OodleNetwork
LogPluginManager: Mounting plugin AnimationSharing
LogPluginManager: Mounting plugin CLionSourceCodeAccess
LogPluginManager: Mounting plugin NullSourceCodeAccess
LogPluginManager: Mounting plugin KDevelopSourceCodeAccess
LogPluginManager: Mounting plugin CodeLiteSourceCodeAccess
LogPluginManager: Mounting plugin GitSourceControl
LogPluginManager: Mounting plugin PerforceSourceControl
LogPluginManager: Mounting plugin PixWinPlugin
LogPluginManager: Mounting plugin PlasticSourceControl
LogPluginManager: Mounting plugin PluginUtils
LogPluginManager: Mounting plugin RiderSourceCodeAccess
LogPluginManager: Mounting plugin PropertyAccessNode
LogPluginManager: Mounting plugin SubversionSourceControl
LogPluginManager: Mounting plugin TextureFormatOodle
LogPluginManager: Mounting plugin UObjectPlugin
LogPluginManager: Mounting plugin VisualStudioSourceCodeAccess
LogPluginManager: Mounting plugin XCodeSourceCodeAccess
LogPluginManager: Mounting plugin Niagara
LogPluginManager: Mounting plugin DatasmithContent
LogPluginManager: Mounting plugin VisualStudioCodeSourceCodeAccess
LogPluginManager: Mounting plugin AssetManagerEditor
LogPluginManager: Mounting plugin VariantManagerContent
LogPluginManager: Mounting plugin CryptoKeys
LogPluginManager: Mounting plugin CurveEditorTools
LogPluginManager: Mounting plugin DataValidation
LogPluginManager: Mounting plugin FacialAnimation
LogPluginManager: Mounting plugin GameplayTagsEditor
LogPluginManager: Mounting plugin GeometryMode
LogPluginManager: Mounting plugin MacGraphicsSwitching
LogPluginManager: Mounting plugin MobileLauncherProfileWizard
LogPluginManager: Mounting plugin MaterialAnalyzer
LogPluginManager: Mounting plugin PluginBrowser
LogPluginManager: Mounting plugin SpeedTreeImporter
LogPluginManager: Mounting plugin AlembicImporter
LogPluginManager: Mounting plugin AutomationUtils
LogPluginManager: Mounting plugin BackChannel
LogPluginManager: Mounting plugin ChaosCloth
LogPluginManager: Mounting plugin ChaosNiagara
LogPluginManager: Mounting plugin ChaosEditor
LogPluginManager: Mounting plugin CharacterAI
LogPluginManager: Mounting plugin ChaosSolverPlugin
LogPluginManager: Mounting plugin ChaosClothEditor
LogPluginManager: Mounting plugin GeometryCache
LogPluginManager: Mounting plugin GeometryCollectionPlugin
LogPluginManager: Mounting plugin GeometryProcessing
LogPluginManager: Mounting plugin MotoSynth
LogPluginManager: Mounting plugin OpenImageDenoise
LogPluginManager: Mounting plugin PlanarCut
LogPluginManager: Mounting plugin PlatformCrypto
LogPluginManager: Mounting plugin ProxyLODPlugin
LogPluginManager: Mounting plugin PythonScriptPlugin
LogPluginManager: Mounting plugin SkeletalReduction
LogPluginManager: Mounting plugin LuminPlatformFeatures
LogPluginManager: Mounting plugin MagicLeap
LogPluginManager: Mounting plugin MagicLeapLightEstimation
LogPluginManager: Mounting plugin MagicLeapMedia
LogPluginManager: Mounting plugin MagicLeapPassableWorld
LogPluginManager: Mounting plugin MLSDK
LogPluginManager: Mounting plugin AutoSizeComments
LogPluginManager: Mounting plugin BlueprintAssist
LogPluginManager: Mounting plugin PaperZD
LogPluginManager: Mounting plugin AndroidMedia
LogPluginManager: Mounting plugin AvfMedia
LogPluginManager: Mounting plugin ImgMedia
LogPluginManager: Mounting plugin MediaCompositing
LogPluginManager: Mounting plugin MediaPlayerEditor
LogPluginManager: Mounting plugin WmfMedia
LogPluginManager: Mounting plugin WebMMedia
LogPluginManager: Mounting plugin TcpMessaging
LogPluginManager: Mounting plugin ActorSequence
LogPluginManager: Mounting plugin UdpMessaging
LogPluginManager: Mounting plugin LevelSequenceEditor
LogPluginManager: Mounting plugin MatineeToLevelSequence
LogPluginManager: Mounting plugin TemplateSequence
LogPluginManager: Mounting plugin OnlineSubsystem
LogPluginManager: Mounting plugin OnlineSubsystemNull
LogPluginManager: Mounting plugin OnlineSubsystemUtils
LogPluginManager: Mounting plugin LauncherChunkInstaller
LogPluginManager: Mounting plugin ActorLayerUtilities
LogPluginManager: Mounting plugin AndroidDeviceProfileSelector
LogPluginManager: Mounting plugin AndroidMoviePlayer
LogPluginManager: Mounting plugin AndroidPermission
LogPluginManager: Mounting plugin AppleImageUtils
LogPluginManager: Mounting plugin AppleMoviePlayer
LogPluginManager: Mounting plugin ArchVisCharacter
LogPluginManager: Mounting plugin AssetTags
LogPluginManager: Mounting plugin AudioCapture
LogPluginManager: Mounting plugin AudioSynesthesia
LogPluginManager: Mounting plugin CableComponent
LogPluginManager: Mounting plugin ChunkDownloader
LogPluginManager: Mounting plugin CustomMeshComponent
LogPluginManager: Mounting plugin EditableMesh
LogPluginManager: Mounting plugin ExampleDeviceProfileSelector
LogPluginManager: Mounting plugin GoogleCloudMessaging
LogPluginManager: Mounting plugin GooglePAD
LogPluginManager: Mounting plugin IOSDeviceProfileSelector
LogPluginManager: Mounting plugin LinuxDeviceProfileSelector
LogPluginManager: Mounting plugin LocationServicesBPLibrary
LogPluginManager: Mounting plugin MobilePatchingUtils
LogPluginManager: Mounting plugin OpenXREyeTracker
LogPluginManager: Mounting plugin OpenXR
LogPluginManager: Mounting plugin OpenXRHandTracking
LogPluginManager: Mounting plugin PhysXVehicles
LogPluginManager: Mounting plugin PostSplashScreen
LogPluginManager: Mounting plugin ScreenshotTools
LogPluginManager: Mounting plugin ProceduralMeshComponent
LogPluginManager: Mounting plugin PropertyAccessEditor
LogPluginManager: Mounting plugin RuntimePhysXCooking
LogPluginManager: Mounting plugin SignificanceManager
LogPluginManager: Mounting plugin SoundFields
LogPluginManager: Mounting plugin WebMMoviePlayer
LogPluginManager: Mounting plugin WindowsMoviePlayer
LogPluginManager: Mounting plugin Synthesis
LogPluginManager: Mounting plugin Takes
LogPluginManager: Mounting plugin ContentBrowserAssetDataSource
LogPluginManager: Mounting plugin ContentBrowserClassDataSource
LogPluginManager: Mounting plugin ContentBrowserFileDataSource
LogPluginManager: Mounting plugin RiderLink
LogPluginManager: Mounting plugin OnlineSubsystemGooglePlay
LogPluginManager: Mounting plugin OnlineSubsystemIOS
LogPluginManager: Mounting plugin OculusVR
LogPluginManager: Mounting plugin SteamVR
PixWinPlugin: PIX capture plugin failed to initialize! Check that the process is launched from PIX.
LogInit: Using libcurl 7.55.1-DEV
LogInit:  - built for x86_64-pc-win32
LogInit:  - supports SSL with OpenSSL/1.1.1
LogInit:  - supports HTTP deflate (compression) using libz 1.2.8
LogInit:  - other features:
LogInit:      CURL_VERSION_SSL
LogInit:      CURL_VERSION_LIBZ
LogInit:      CURL_VERSION_IPV6
LogInit:      CURL_VERSION_ASYNCHDNS
LogInit:      CURL_VERSION_LARGEFILE
LogInit:      CURL_VERSION_IDN
LogInit:  CurlRequestOptions (configurable via config and command line):
LogInit:  - bVerifyPeer = true  - Libcurl will verify peer certificate
LogInit:  - bUseHttpProxy = false  - Libcurl will NOT use HTTP proxy
LogInit:  - bDontReuseConnections = false  - Libcurl will reuse connections
LogInit:  - MaxHostConnections = 16  - Libcurl will limit the number of connections to a host
LogInit:  - LocalHostAddr = Default
LogInit:  - BufferSize = 65536
LogOnline: OSS: Creating online subsystem instance for: NULL
LogInit: WinSock: version 1.1 (2.2), MaxSocks=32767, MaxUdp=65467
LogOnline: OSS: TryLoadSubsystemAndSetDefault: Loaded subsystem for module [NULL]
LogOculusPluginWrapper: OculusPlugin initialized successfully
LogHMD: Failed initializing OVRPlugin 1.59.0
LogInit: Build: ++UE4+Release-4.27-CL-18319896
LogInit: Engine Version: 4.27.2-18319896+++UE4+Release-4.27
LogInit: Compatible Engine Version: 4.27.0-17155196+++UE4+Release-4.27
LogInit: Net CL: 17155196
LogInit: OS: Windows 10 (Release 2009) (), CPU: AMD Ryzen 5 5600X 6-Core Processor             , GPU: NVIDIA GeForce RTX 3060 Ti
LogInit: Compiled (64-bit): Nov 30 2021 07:12:08
LogInit: Compiled with Visual C++: 19.24.28315.00
LogInit: Build Configuration: Development
LogInit: Branch Name: ++UE4+Release-4.27
LogInit: Command Line: 
LogInit: Base Directory: C:/Program Files/Epic Games/UE_4.27/Engine/Binaries/Win64/
LogInit: Allocator: TBB
LogInit: Installed Engine Build: 1
LogDevObjectVersion: Number of dev versions registered: 29
LogDevObjectVersion:   Dev-Blueprints (B0D832E4-1F89-4F0D-ACCF-7EB736FD4AA2): 10
LogDevObjectVersion:   Dev-Build (E1C64328-A22C-4D53-A36C-8E866417BD8C): 0
LogDevObjectVersion:   Dev-Core (375EC13C-06E4-48FB-B500-84F0262A717E): 4
LogDevObjectVersion:   Dev-Editor (E4B068ED-F494-42E9-A231-DA0B2E46BB41): 40
LogDevObjectVersion:   Dev-Framework (CFFC743F-43B0-4480-9391-14DF171D2073): 37
LogDevObjectVersion:   Dev-Mobile (B02B49B5-BB20-44E9-A304-32B752E40360): 3
LogDevObjectVersion:   Dev-Networking (A4E4105C-59A1-49B5-A7C5-40C4547EDFEE): 0
LogDevObjectVersion:   Dev-Online (39C831C9-5AE6-47DC-9A44-9C173E1C8E7C): 0
LogDevObjectVersion:   Dev-Physics (78F01B33-EBEA-4F98-B9B4-84EACCB95AA2): 14
LogDevObjectVersion:   Dev-Platform (6631380F-2D4D-43E0-8009-CF276956A95A): 0
LogDevObjectVersion:   Dev-Rendering (12F88B9F-8875-4AFC-A67C-D90C383ABD29): 45
LogDevObjectVersion:   Dev-Sequencer (7B5AE74C-D270-4C10-A958-57980B212A5A): 13
LogDevObjectVersion:   Dev-VR (D7296918-1DD6-4BDD-9DE2-64A83CC13884): 3
LogDevObjectVersion:   Dev-LoadTimes (C2A15278-BFE7-4AFE-6C17-90FF531DF755): 1
LogDevObjectVersion:   Private-Geometry (6EACA3D4-40EC-4CC1-B786-8BED09428FC5): 3
LogDevObjectVersion:   Dev-AnimPhys (29E575DD-E0A3-4627-9D10-D276232CDCEA): 17
LogDevObjectVersion:   Dev-Anim (AF43A65D-7FD3-4947-9873-3E8ED9C1BB05): 15
LogDevObjectVersion:   Dev-ReflectionCapture (6B266CEC-1EC7-4B8F-A30B-E4D90942FC07): 1
LogDevObjectVersion:   Dev-Automation (0DF73D61-A23F-47EA-B727-89E90C41499A): 1
LogDevObjectVersion:   FortniteMain (601D1886-AC64-4F84-AA16-D3DE0DEAC7D6): 47
LogDevObjectVersion:   FortniteRelease (E7086368-6B23-4C58-8439-1B7016265E91): 1
LogDevObjectVersion:   Dev-Enterprise (9DFFBCD6-494F-0158-E221-12823C92A888): 10
LogDevObjectVersion:   Dev-Niagara (F2AED0AC-9AFE-416F-8664-AA7FFA26D6FC): 1
LogDevObjectVersion:   Dev-Destruction (174F1F0B-B4C6-45A5-B13F-2EE8D0FB917D): 10
LogDevObjectVersion:   Dev-Physics-Ext (35F94A83-E258-406C-A318-09F59610247C): 41
LogDevObjectVersion:   Dev-PhysicsMaterial-Chaos (B68FC16E-8B1B-42E2-B453-215C058844FE): 1
LogDevObjectVersion:   Dev-CineCamera (B2E18506-4273-CFC2-A54E-F4BB758BBA07): 1
LogDevObjectVersion:   Dev-VirtualProduction (64F58936-FD1B-42BA-BA96-7289D5D0FA4E): 1
LogDevObjectVersion:   Dev-MediaFramework (6F0ED827-A609-4895-9C91-998D90180EA4): 2
LogInit: Presizing for max 25165824 objects, including 0 objects not considered by GC, pre-allocating 0 bytes for permanent pool.
LogConfig: Applying CVar settings from Section [/Script/Engine.StreamingSettings] File [C:/Users/Long/OneDrive/Desktop/UnrealProject/Unreal Engine 4/Crit_A_Mole/Saved/Config/Windows/Engine.ini]
LogConfig: Setting CVar [[s.MinBulkDataSizeForAsyncLoading:131072]]
LogConfig: Setting CVar [[s.AsyncLoadingThreadEnabled:0]]
LogConfig: Setting CVar [[s.EventDrivenLoaderEnabled:1]]
LogConfig: Setting CVar [[s.WarnIfTimeLimitExceeded:0]]
LogConfig: Setting CVar [[s.TimeLimitExceededMultiplier:1.5]]
LogConfig: Setting CVar [[s.TimeLimitExceededMinTime:0.005]]
LogConfig: Setting CVar [[s.UseBackgroundLevelStreaming:1]]
LogConfig: Setting CVar [[s.PriorityAsyncLoadingExtraTime:15.0]]
LogConfig: Setting CVar [[s.LevelStreamingActorsUpdateTimeLimit:5.0]]
LogConfig: Setting CVar [[s.PriorityLevelStreamingActorsUpdateExtraTime:5.0]]
LogConfig: Setting CVar [[s.LevelStreamingComponentsRegistrationGranularity:10]]
LogConfig: Setting CVar [[s.UnregisterComponentsTimeLimit:1.0]]
LogConfig: Setting CVar [[s.LevelStreamingComponentsUnregistrationGranularity:5]]
LogConfig: Setting CVar [[s.FlushStreamingOnExit:1]]
LogInit: Object subsystem initialized
LogConfig: Setting CVar [[con.DebugEarlyDefault:1]]
LogConfig: Setting CVar [[r.setres:1280x720]]
[2024.02.29-22.19.30:845][  0]LogConfig: Setting CVar [[r.VSync:0]]
[2024.02.29-22.19.30:845][  0]LogConfig: Setting CVar [[r.RHICmdBypass:0]]
[2024.02.29-22.19.30:845][  0]LogConfig: Applying CVar settings from Section [/Script/Engine.RendererSettings] File [C:/Users/Long/OneDrive/Desktop/UnrealProject/Unreal Engine 4/Crit_A_Mole/Saved/Config/Windows/Engine.ini]
[2024.02.29-22.19.30:845][  0]LogConfig: Setting CVar [[r.GPUCrashDebugging:0]]
[2024.02.29-22.19.30:845][  0]LogConfig: Setting CVar [[r.DefaultFeature.MotionBlur:0]]
[2024.02.29-22.19.30:845][  0]LogConfig: Setting CVar [[r.DefaultFeature.Bloom:0]]
[2024.02.29-22.19.30:845][  0]LogConfig: Setting CVar [[r.DefaultFeature.AmbientOcclusion:0]]
[2024.02.29-22.19.30:845][  0]LogConfig: Setting CVar [[r.DefaultFeature.AmbientOcclusionStaticFraction:0]]
[2024.02.29-22.19.30:845][  0]LogConfig: Setting CVar [[r.DefaultFeature.AutoExposure:0]]
[2024.02.29-22.19.30:845][  0]LogConfig: Setting CVar [[r.DefaultFeature.AutoExposure.Bias:0.000000]]
[2024.02.29-22.19.30:845][  0]LogConfig: Applying CVar settings from Section [/Script/Engine.RendererOverrideSettings] File [C:/Users/Long/OneDrive/Desktop/UnrealProject/Unreal Engine 4/Crit_A_Mole/Saved/Config/Windows/Engine.ini]
[2024.02.29-22.19.30:845][  0]LogConfig: Applying CVar settings from Section [/Script/Engine.StreamingSettings] File [C:/Users/Long/OneDrive/Desktop/UnrealProject/Unreal Engine 4/Crit_A_Mole/Saved/Config/Windows/Engine.ini]
[2024.02.29-22.19.30:845][  0]LogConfig: Setting CVar [[s.MinBulkDataSizeForAsyncLoading:131072]]
[2024.02.29-22.19.30:845][  0]LogConfig: Setting CVar [[s.AsyncLoadingThreadEnabled:0]]
[2024.02.29-22.19.30:845][  0]LogConfig: Setting CVar [[s.EventDrivenLoaderEnabled:1]]
[2024.02.29-22.19.30:845][  0]LogConfig: Setting CVar [[s.WarnIfTimeLimitExceeded:0]]
[2024.02.29-22.19.30:845][  0]LogConfig: Setting CVar [[s.TimeLimitExceededMultiplier:1.5]]
[2024.02.29-22.19.30:845][  0]LogConfig: Setting CVar [[s.TimeLimitExceededMinTime:0.005]]
[2024.02.29-22.19.30:845][  0]LogConfig: Setting CVar [[s.UseBackgroundLevelStreaming:1]]
[2024.02.29-22.19.30:845][  0]LogConfig: Setting CVar [[s.PriorityAsyncLoadingExtraTime:15.0]]
[2024.02.29-22.19.30:845][  0]LogConfig: Setting CVar [[s.LevelStreamingActorsUpdateTimeLimit:5.0]]
[2024.02.29-22.19.30:846][  0]LogConfig: Setting CVar [[s.PriorityLevelStreamingActorsUpdateExtraTime:5.0]]
[2024.02.29-22.19.30:846][  0]LogConfig: Setting CVar [[s.LevelStreamingComponentsRegistrationGranularity:10]]
[2024.02.29-22.19.30:846][  0]LogConfig: Setting CVar [[s.UnregisterComponentsTimeLimit:1.0]]
[2024.02.29-22.19.30:846][  0]LogConfig: Setting CVar [[s.LevelStreamingComponentsUnregistrationGranularity:5]]
[2024.02.29-22.19.30:846][  0]LogConfig: Setting CVar [[s.FlushStreamingOnExit:1]]
[2024.02.29-22.19.30:846][  0]LogConfig: Applying CVar settings from Section [/Script/Engine.GarbageCollectionSettings] File [C:/Users/Long/OneDrive/Desktop/UnrealProject/Unreal Engine 4/Crit_A_Mole/Saved/Config/Windows/Engine.ini]
[2024.02.29-22.19.30:846][  0]LogConfig: Setting CVar [[gc.MaxObjectsNotConsideredByGC:1]]
[2024.02.29-22.19.30:846][  0]LogConfig: Setting CVar [[gc.SizeOfPermanentObjectPool:0]]
[2024.02.29-22.19.30:846][  0]LogConfig: Setting CVar [[gc.FlushStreamingOnGC:0]]
[2024.02.29-22.19.30:846][  0]LogConfig: Setting CVar [[gc.NumRetriesBeforeForcingGC:10]]
[2024.02.29-22.19.30:846][  0]LogConfig: Setting CVar [[gc.AllowParallelGC:1]]
[2024.02.29-22.19.30:846][  0]LogConfig: Setting CVar [[gc.TimeBetweenPurgingPendingKillObjects:61.1]]
[2024.02.29-22.19.30:846][  0]LogConfig: Setting CVar [[gc.MaxObjectsInEditor:25165824]]
[2024.02.29-22.19.30:846][  0]LogConfig: Setting CVar [[gc.IncrementalBeginDestroyEnabled:1]]
[2024.02.29-22.19.30:846][  0]LogConfig: Setting CVar [[gc.CreateGCClusters:1]]
[2024.02.29-22.19.30:846][  0]LogConfig: Setting CVar [[gc.MinGCClusterSize:5]]
[2024.02.29-22.19.30:846][  0]LogConfig: Setting CVar [[gc.ActorClusteringEnabled:0]]
[2024.02.29-22.19.30:846][  0]LogConfig: Setting CVar [[gc.BlueprintClusteringEnabled:0]]
[2024.02.29-22.19.30:846][  0]LogConfig: Setting CVar [[gc.UseDisregardForGCOnDedicatedServers:0]]
[2024.02.29-22.19.30:846][  0]LogConfig: Setting CVar [[gc.MultithreadedDestructionEnabled:1]]
[2024.02.29-22.19.30:846][  0]LogConfig: Applying CVar settings from Section [/Script/Engine.NetworkSettings] File [C:/Users/Long/OneDrive/Desktop/UnrealProject/Unreal Engine 4/Crit_A_Mole/Saved/Config/Windows/Engine.ini]
[2024.02.29-22.19.30:846][  0]LogConfig: Applying CVar settings from Section [/Script/UnrealEd.CookerSettings] File [C:/Users/Long/OneDrive/Desktop/UnrealProject/Unreal Engine 4/Crit_A_Mole/Saved/Config/Windows/Engine.ini]
[2024.02.29-22.19.30:885][  0]LogConfig: Applying CVar settings from Section [ViewDistanceQuality@3] File [C:/Users/Long/OneDrive/Desktop/UnrealProject/Unreal Engine 4/Crit_A_Mole/Saved/Config/Windows/Scalability.ini]
[2024.02.29-22.19.30:885][  0]LogConfig: Setting CVar [[r.SkeletalMeshLODBias:0]]
[2024.02.29-22.19.30:885][  0]LogConfig: Setting CVar [[r.ViewDistanceScale:1.0]]
[2024.02.29-22.19.30:885][  0]LogConfig: Applying CVar settings from Section [AntiAliasingQuality@3] File [C:/Users/Long/OneDrive/Desktop/UnrealProject/Unreal Engine 4/Crit_A_Mole/Saved/Config/Windows/Scalability.ini]
[2024.02.29-22.19.30:885][  0]LogConfig: Setting CVar [[r.PostProcessAAQuality:4]]
[2024.02.29-22.19.30:885][  0]LogConfig: Applying CVar settings from Section [ShadowQuality@3] File [C:/Users/Long/OneDrive/Desktop/UnrealProject/Unreal Engine 4/Crit_A_Mole/Saved/Config/Windows/Scalability.ini]
[2024.02.29-22.19.30:885][  0]LogConfig: Setting CVar [[r.LightFunctionQuality:1]]
[2024.02.29-22.19.30:885][  0]LogConfig: Setting CVar [[r.ShadowQuality:5]]
[2024.02.29-22.19.30:885][  0]LogConfig: Setting CVar [[r.Shadow.CSM.MaxCascades:10]]
[2024.02.29-22.19.30:885][  0]LogConfig: Setting CVar [[r.Shadow.MaxResolution:2048]]
[2024.02.29-22.19.30:885][  0]LogConfig: Setting CVar [[r.Shadow.MaxCSMResolution:2048]]
[2024.02.29-22.19.30:885][  0]LogConfig: Setting CVar [[r.Shadow.RadiusThreshold:0.01]]
[2024.02.29-22.19.30:885][  0]LogConfig: Setting CVar [[r.Shadow.DistanceScale:1.0]]
[2024.02.29-22.19.30:885][  0]LogConfig: Setting CVar [[r.Shadow.CSM.TransitionScale:1.0]]
[2024.02.29-22.19.30:885][  0]LogConfig: Setting CVar [[r.Shadow.PreShadowResolutionFactor:1.0]]
[2024.02.29-22.19.30:885][  0]LogConfig: Setting CVar [[r.DistanceFieldShadowing:1]]
[2024.02.29-22.19.30:885][  0]LogConfig: Setting CVar [[r.DistanceFieldAO:1]]
[2024.02.29-22.19.30:885][  0]LogConfig: Setting CVar [[r.AOQuality:2]]
[2024.02.29-22.19.30:885][  0]LogConfig: Setting CVar [[r.VolumetricFog:1]]
[2024.02.29-22.19.30:885][  0]LogConfig: Setting CVar [[r.VolumetricFog.GridPixelSize:8]]
[2024.02.29-22.19.30:885][  0]LogConfig: Setting CVar [[r.VolumetricFog.GridSizeZ:128]]
[2024.02.29-22.19.30:885][  0]LogConfig: Setting CVar [[r.VolumetricFog.HistoryMissSupersampleCount:4]]
[2024.02.29-22.19.30:885][  0]LogConfig: Setting CVar [[r.LightMaxDrawDistanceScale:1]]
[2024.02.29-22.19.30:885][  0]LogConfig: Setting CVar [[r.CapsuleShadows:1]]
[2024.02.29-22.19.30:885][  0]LogConfig: Applying CVar settings from Section [PostProcessQuality@3] File [C:/Users/Long/OneDrive/Desktop/UnrealProject/Unreal Engine 4/Crit_A_Mole/Saved/Config/Windows/Scalability.ini]
[2024.02.29-22.19.30:885][  0]LogConfig: Setting CVar [[r.MotionBlurQuality:4]]
[2024.02.29-22.19.30:885][  0]LogConfig: Setting CVar [[r.AmbientOcclusionMipLevelFactor:0.4]]
[2024.02.29-22.19.30:885][  0]LogConfig: Setting CVar [[r.AmbientOcclusionMaxQuality:100]]
[2024.02.29-22.19.30:885][  0]LogConfig: Setting CVar [[r.AmbientOcclusionLevels:-1]]
[2024.02.29-22.19.30:885][  0]LogConfig: Setting CVar [[r.AmbientOcclusionRadiusScale:1.0]]
[2024.02.29-22.19.30:885][  0]LogConfig: Setting CVar [[r.DepthOfFieldQuality:2]]
[2024.02.29-22.19.30:885][  0]LogConfig: Setting CVar [[r.RenderTargetPoolMin:400]]
[2024.02.29-22.19.30:885][  0]LogConfig: Setting CVar [[r.LensFlareQuality:2]]
[2024.02.29-22.19.30:885][  0]LogConfig: Setting CVar [[r.SceneColorFringeQuality:1]]
[2024.02.29-22.19.30:885][  0]LogConfig: Setting CVar [[r.EyeAdaptationQuality:2]]
[2024.02.29-22.19.30:885][  0]LogConfig: Setting CVar [[r.BloomQuality:5]]
[2024.02.29-22.19.30:885][  0]LogConfig: Setting CVar [[r.FastBlurThreshold:100]]
[2024.02.29-22.19.30:885][  0]LogConfig: Setting CVar [[r.Upscale.Quality:3]]
[2024.02.29-22.19.30:885][  0]LogConfig: Setting CVar [[r.Tonemapper.GrainQuantization:1]]
[2024.02.29-22.19.30:885][  0]LogConfig: Setting CVar [[r.LightShaftQuality:1]]
[2024.02.29-22.19.30:885][  0]LogConfig: Setting CVar [[r.Filter.SizeScale:1]]
[2024.02.29-22.19.30:885][  0]LogConfig: Setting CVar [[r.Tonemapper.Quality:5]]
[2024.02.29-22.19.30:885][  0]LogConfig: Setting CVar [[r.DOF.Gather.AccumulatorQuality:1        ; higher gathering accumulator quality]]
[2024.02.29-22.19.30:885][  0]LogConfig: Setting CVar [[r.DOF.Gather.PostfilterMethod:1          ; Median3x3 postfilering method]]
[2024.02.29-22.19.30:885][  0]LogConfig: Setting CVar [[r.DOF.Gather.EnableBokehSettings:0       ; no bokeh simulation when gathering]]
[2024.02.29-22.19.30:885][  0]LogConfig: Setting CVar [[r.DOF.Gather.RingCount:4                 ; medium number of samples when gathering]]
[2024.02.29-22.19.30:885][  0]LogConfig: Setting CVar [[r.DOF.Scatter.ForegroundCompositing:1    ; additive foreground scattering]]
[2024.02.29-22.19.30:885][  0]LogConfig: Setting CVar [[r.DOF.Scatter.BackgroundCompositing:2    ; additive background scattering]]
[2024.02.29-22.19.30:885][  0]LogConfig: Setting CVar [[r.DOF.Scatter.EnableBokehSettings:1      ; bokeh simulation when scattering]]
[2024.02.29-22.19.30:885][  0]LogConfig: Setting CVar [[r.DOF.Scatter.MaxSpriteRatio:0.1         ; only a maximum of 10% of scattered bokeh]]
[2024.02.29-22.19.30:885][  0]LogConfig: Setting CVar [[r.DOF.Recombine.Quality:1                ; cheap slight out of focus]]
[2024.02.29-22.19.30:885][  0]LogConfig: Setting CVar [[r.DOF.Recombine.EnableBokehSettings:0    ; no bokeh simulation on slight out of focus]]
[2024.02.29-22.19.30:885][  0]LogConfig: Setting CVar [[r.DOF.TemporalAAQuality:1                ; more stable temporal accumulation]]
[2024.02.29-22.19.30:885][  0]LogConfig: Setting CVar [[r.DOF.Kernel.MaxForegroundRadius:0.025]]
[2024.02.29-22.19.30:885][  0]LogConfig: Setting CVar [[r.DOF.Kernel.MaxBackgroundRadius:0.025]]
[2024.02.29-22.19.30:885][  0]LogConfig: Applying CVar settings from Section [TextureQuality@3] File [C:/Users/Long/OneDrive/Desktop/UnrealProject/Unreal Engine 4/Crit_A_Mole/Saved/Config/Windows/Scalability.ini]
[2024.02.29-22.19.30:885][  0]LogConfig: Setting CVar [[r.Streaming.MipBias:0]]
[2024.02.29-22.19.30:885][  0]LogConfig: Setting CVar [[r.Streaming.AmortizeCPUToGPUCopy:0]]
[2024.02.29-22.19.30:885][  0]LogConfig: Setting CVar [[r.Streaming.MaxNumTexturesToStreamPerFrame:0]]
[2024.02.29-22.19.30:885][  0]LogConfig: Setting CVar [[r.Streaming.Boost:1]]
[2024.02.29-22.19.30:885][  0]LogConfig: Setting CVar [[r.MaxAnisotropy:8]]
[2024.02.29-22.19.30:885][  0]LogConfig: Setting CVar [[r.VT.MaxAnisotropy:8]]
[2024.02.29-22.19.30:886][  0]LogConfig: Setting CVar [[r.Streaming.LimitPoolSizeToVRAM:0]]
[2024.02.29-22.19.30:886][  0]LogConfig: Setting CVar [[r.Streaming.PoolSize:1000]]
[2024.02.29-22.19.30:886][  0]LogConfig: Setting CVar [[r.Streaming.MaxEffectiveScreenSize:0]]
[2024.02.29-22.19.30:886][  0]LogConfig: Applying CVar settings from Section [EffectsQuality@3] File [C:/Users/Long/OneDrive/Desktop/UnrealProject/Unreal Engine 4/Crit_A_Mole/Saved/Config/Windows/Scalability.ini]
[2024.02.29-22.19.30:886][  0]LogConfig: Setting CVar [[r.TranslucencyLightingVolumeDim:64]]
[2024.02.29-22.19.30:886][  0]LogConfig: Setting CVar [[r.RefractionQuality:2]]
[2024.02.29-22.19.30:886][  0]LogConfig: Setting CVar [[r.SSR.Quality:3]]
[2024.02.29-22.19.30:886][  0]LogConfig: Setting CVar [[r.SSR.HalfResSceneColor:0]]
[2024.02.29-22.19.30:886][  0]LogConfig: Setting CVar [[r.SceneColorFormat:4]]
[2024.02.29-22.19.30:886][  0]LogConfig: Setting CVar [[r.DetailMode:2]]
[2024.02.29-22.19.30:886][  0]LogConfig: Setting CVar [[r.TranslucencyVolumeBlur:1]]
[2024.02.29-22.19.30:886][  0]LogConfig: Setting CVar [[r.MaterialQualityLevel:1 ; High quality]]
[2024.02.29-22.19.30:886][  0]LogConfig: Setting CVar [[r.AnisotropicMaterials:1]]
[2024.02.29-22.19.30:886][  0]LogConfig: Setting CVar [[r.SSS.Scale:1]]
[2024.02.29-22.19.30:886][  0]LogConfig: Setting CVar [[r.SSS.SampleSet:2]]
[2024.02.29-22.19.30:886][  0]LogConfig: Setting CVar [[r.SSS.Quality:1]]
[2024.02.29-22.19.30:886][  0]LogConfig: Setting CVar [[r.SSS.HalfRes:0]]
[2024.02.29-22.19.30:886][  0]LogConfig: Setting CVar [[r.SSGI.Quality:3]]
[2024.02.29-22.19.30:886][  0]LogConfig: Setting CVar [[r.EmitterSpawnRateScale:1.0]]
[2024.02.29-22.19.30:886][  0]LogConfig: Setting CVar [[r.ParticleLightQuality:2]]
[2024.02.29-22.19.30:886][  0]LogConfig: Setting CVar [[r.SkyAtmosphere.AerialPerspectiveLUT.FastApplyOnOpaque:1 ; Always have FastSkyLUT 1 in this case to avoid wrong sky]]
[2024.02.29-22.19.30:886][  0]LogConfig: Setting CVar [[r.SkyAtmosphere.AerialPerspectiveLUT.SampleCountMaxPerSlice:4]]
[2024.02.29-22.19.30:886][  0]LogConfig: Setting CVar [[r.SkyAtmosphere.AerialPerspectiveLUT.DepthResolution:16.0]]
[2024.02.29-22.19.30:886][  0]LogConfig: Setting CVar [[r.SkyAtmosphere.FastSkyLUT:1]]
[2024.02.29-22.19.30:886][  0]LogConfig: Setting CVar [[r.SkyAtmosphere.FastSkyLUT.SampleCountMin:4.0]]
[2024.02.29-22.19.30:886][  0]LogConfig: Setting CVar [[r.SkyAtmosphere.FastSkyLUT.SampleCountMax:128.0]]
[2024.02.29-22.19.30:886][  0]LogConfig: Setting CVar [[r.SkyAtmosphere.SampleCountMin:4.0]]
[2024.02.29-22.19.30:886][  0]LogConfig: Setting CVar [[r.SkyAtmosphere.SampleCountMax:128.0]]
[2024.02.29-22.19.30:886][  0]LogConfig: Setting CVar [[r.SkyAtmosphere.TransmittanceLUT.UseSmallFormat:0]]
[2024.02.29-22.19.30:886][  0]LogConfig: Setting CVar [[r.SkyAtmosphere.TransmittanceLUT.SampleCount:10.0]]
[2024.02.29-22.19.30:886][  0]LogConfig: Setting CVar [[r.SkyAtmosphere.MultiScatteringLUT.SampleCount:15.0]]
[2024.02.29-22.19.30:886][  0]LogConfig: Setting CVar [[r.SkyLight.RealTimeReflectionCapture:1]]
[2024.02.29-22.19.30:886][  0]LogConfig: Applying CVar settings from Section [FoliageQuality@3] File [C:/Users/Long/OneDrive/Desktop/UnrealProject/Unreal Engine 4/Crit_A_Mole/Saved/Config/Windows/Scalability.ini]
[2024.02.29-22.19.30:886][  0]LogConfig: Setting CVar [[foliage.DensityScale:1.0]]
[2024.02.29-22.19.30:886][  0]LogConfig: Setting CVar [[grass.DensityScale:1.0]]
[2024.02.29-22.19.30:886][  0]LogConfig: Applying CVar settings from Section [ShadingQuality@3] File [C:/Users/Long/OneDrive/Desktop/UnrealProject/Unreal Engine 4/Crit_A_Mole/Saved/Config/Windows/Scalability.ini]
[2024.02.29-22.19.30:886][  0]LogConfig: Setting CVar [[r.HairStrands.SkyLighting.IntegrationType:2]]
[2024.02.29-22.19.30:886][  0]LogConfig: Setting CVar [[r.HairStrands.SkyAO.SampleCount:4]]
[2024.02.29-22.19.30:886][  0]LogConfig: Setting CVar [[r.HairStrands.Visibility.MSAA.SamplePerPixel:4]]
[2024.02.29-22.19.30:886][  0]LogInit: Selected Device Profile: [Windows]
[2024.02.29-22.19.30:886][  0]LogInit: Applying CVar settings loaded from the selected device profile: [Windows]
[2024.02.29-22.19.30:886][  0]LogHAL: Display: Platform has ~ 32 GB [34269925376 / 34359738368 / 32], which maps to Largest [LargestMinGB=32, LargerMinGB=12, DefaultMinGB=8, SmallerMinGB=6, SmallestMinGB=0)
[2024.02.29-22.19.30:886][  0]LogInit: Going up to parent DeviceProfile []
[2024.02.29-22.19.30:886][  0]LogConfig: Applying CVar settings from Section [ViewDistanceQuality@3] File [C:/Users/Long/OneDrive/Desktop/UnrealProject/Unreal Engine 4/Crit_A_Mole/Saved/Config/Windows/Scalability.ini]
[2024.02.29-22.19.30:886][  0]LogConfig: Setting CVar [[r.SkeletalMeshLODBias:0]]
[2024.02.29-22.19.30:886][  0]LogConfig: Setting CVar [[r.ViewDistanceScale:1.0]]
[2024.02.29-22.19.30:886][  0]LogConfig: Applying CVar settings from Section [AntiAliasingQuality@3] File [C:/Users/Long/OneDrive/Desktop/UnrealProject/Unreal Engine 4/Crit_A_Mole/Saved/Config/Windows/Scalability.ini]
[2024.02.29-22.19.30:886][  0]LogConfig: Setting CVar [[r.PostProcessAAQuality:4]]
[2024.02.29-22.19.30:886][  0]LogConfig: Applying CVar settings from Section [ShadowQuality@3] File [C:/Users/Long/OneDrive/Desktop/UnrealProject/Unreal Engine 4/Crit_A_Mole/Saved/Config/Windows/Scalability.ini]
[2024.02.29-22.19.30:886][  0]LogConfig: Setting CVar [[r.LightFunctionQuality:1]]
[2024.02.29-22.19.30:886][  0]LogConfig: Setting CVar [[r.ShadowQuality:5]]
[2024.02.29-22.19.30:886][  0]LogConfig: Setting CVar [[r.Shadow.CSM.MaxCascades:10]]
[2024.02.29-22.19.30:886][  0]LogConfig: Setting CVar [[r.Shadow.MaxResolution:2048]]
[2024.02.29-22.19.30:886][  0]LogConfig: Setting CVar [[r.Shadow.MaxCSMResolution:2048]]
[2024.02.29-22.19.30:886][  0]LogConfig: Setting CVar [[r.Shadow.RadiusThreshold:0.01]]
[2024.02.29-22.19.30:886][  0]LogConfig: Setting CVar [[r.Shadow.DistanceScale:1.0]]
[2024.02.29-22.19.30:886][  0]LogConfig: Setting CVar [[r.Shadow.CSM.TransitionScale:1.0]]
[2024.02.29-22.19.30:886][  0]LogConfig: Setting CVar [[r.Shadow.PreShadowResolutionFactor:1.0]]
[2024.02.29-22.19.30:886][  0]LogConfig: Setting CVar [[r.DistanceFieldShadowing:1]]
[2024.02.29-22.19.30:886][  0]LogConfig: Setting CVar [[r.DistanceFieldAO:1]]
[2024.02.29-22.19.30:886][  0]LogConfig: Setting CVar [[r.AOQuality:2]]
[2024.02.29-22.19.30:886][  0]LogConfig: Setting CVar [[r.VolumetricFog:1]]
[2024.02.29-22.19.30:886][  0]LogConfig: Setting CVar [[r.VolumetricFog.GridPixelSize:8]]
[2024.02.29-22.19.30:886][  0]LogConfig: Setting CVar [[r.VolumetricFog.GridSizeZ:128]]
[2024.02.29-22.19.30:886][  0]LogConfig: Setting CVar [[r.VolumetricFog.HistoryMissSupersampleCount:4]]
[2024.02.29-22.19.30:886][  0]LogConfig: Setting CVar [[r.LightMaxDrawDistanceScale:1]]
[2024.02.29-22.19.30:886][  0]LogConfig: Setting CVar [[r.CapsuleShadows:1]]
[2024.02.29-22.19.30:886][  0]LogConfig: Applying CVar settings from Section [PostProcessQuality@3] File [C:/Users/Long/OneDrive/Desktop/UnrealProject/Unreal Engine 4/Crit_A_Mole/Saved/Config/Windows/Scalability.ini]
[2024.02.29-22.19.30:886][  0]LogConfig: Setting CVar [[r.MotionBlurQuality:4]]
[2024.02.29-22.19.30:886][  0]LogConfig: Setting CVar [[r.AmbientOcclusionMipLevelFactor:0.4]]
[2024.02.29-22.19.30:886][  0]LogConfig: Setting CVar [[r.AmbientOcclusionMaxQuality:100]]
[2024.02.29-22.19.30:886][  0]LogConfig: Setting CVar [[r.AmbientOcclusionLevels:-1]]
[2024.02.29-22.19.30:886][  0]LogConfig: Setting CVar [[r.AmbientOcclusionRadiusScale:1.0]]
[2024.02.29-22.19.30:886][  0]LogConfig: Setting CVar [[r.DepthOfFieldQuality:2]]
[2024.02.29-22.19.30:886][  0]LogConfig: Setting CVar [[r.RenderTargetPoolMin:400]]
[2024.02.29-22.19.30:886][  0]LogConfig: Setting CVar [[r.LensFlareQuality:2]]
[2024.02.29-22.19.30:886][  0]LogConfig: Setting CVar [[r.SceneColorFringeQuality:1]]
[2024.02.29-22.19.30:886][  0]LogConfig: Setting CVar [[r.EyeAdaptationQuality:2]]
[2024.02.29-22.19.30:886][  0]LogConfig: Setting CVar [[r.BloomQuality:5]]
[2024.02.29-22.19.30:886][  0]LogConfig: Setting CVar [[r.FastBlurThreshold:100]]
[2024.02.29-22.19.30:886][  0]LogConfig: Setting CVar [[r.Upscale.Quality:3]]
[2024.02.29-22.19.30:886][  0]LogConfig: Setting CVar [[r.Tonemapper.GrainQuantization:1]]
[2024.02.29-22.19.30:886][  0]LogConfig: Setting CVar [[r.LightShaftQuality:1]]
[2024.02.29-22.19.30:886][  0]LogConfig: Setting CVar [[r.Filter.SizeScale:1]]
[2024.02.29-22.19.30:886][  0]LogConfig: Setting CVar [[r.Tonemapper.Quality:5]]
[2024.02.29-22.19.30:886][  0]LogConfig: Setting CVar [[r.DOF.Gather.AccumulatorQuality:1        ; higher gathering accumulator quality]]
[2024.02.29-22.19.30:886][  0]LogConfig: Setting CVar [[r.DOF.Gather.PostfilterMethod:1          ; Median3x3 postfilering method]]
[2024.02.29-22.19.30:886][  0]LogConfig: Setting CVar [[r.DOF.Gather.EnableBokehSettings:0       ; no bokeh simulation when gathering]]
[2024.02.29-22.19.30:886][  0]LogConfig: Setting CVar [[r.DOF.Gather.RingCount:4                 ; medium number of samples when gathering]]
[2024.02.29-22.19.30:886][  0]LogConfig: Setting CVar [[r.DOF.Scatter.ForegroundCompositing:1    ; additive foreground scattering]]
[2024.02.29-22.19.30:886][  0]LogConfig: Setting CVar [[r.DOF.Scatter.BackgroundCompositing:2    ; additive background scattering]]
[2024.02.29-22.19.30:886][  0]LogConfig: Setting CVar [[r.DOF.Scatter.EnableBokehSettings:1      ; bokeh simulation when scattering]]
[2024.02.29-22.19.30:886][  0]LogConfig: Setting CVar [[r.DOF.Scatter.MaxSpriteRatio:0.1         ; only a maximum of 10% of scattered bokeh]]
[2024.02.29-22.19.30:886][  0]LogConfig: Setting CVar [[r.DOF.Recombine.Quality:1                ; cheap slight out of focus]]
[2024.02.29-22.19.30:886][  0]LogConfig: Setting CVar [[r.DOF.Recombine.EnableBokehSettings:0    ; no bokeh simulation on slight out of focus]]
[2024.02.29-22.19.30:886][  0]LogConfig: Setting CVar [[r.DOF.TemporalAAQuality:1                ; more stable temporal accumulation]]
[2024.02.29-22.19.30:886][  0]LogConfig: Setting CVar [[r.DOF.Kernel.MaxForegroundRadius:0.025]]
[2024.02.29-22.19.30:886][  0]LogConfig: Setting CVar [[r.DOF.Kernel.MaxBackgroundRadius:0.025]]
[2024.02.29-22.19.30:886][  0]LogConfig: Applying CVar settings from Section [TextureQuality@3] File [C:/Users/Long/OneDrive/Desktop/UnrealProject/Unreal Engine 4/Crit_A_Mole/Saved/Config/Windows/Scalability.ini]
[2024.02.29-22.19.30:886][  0]LogConfig: Setting CVar [[r.Streaming.MipBias:0]]
[2024.02.29-22.19.30:886][  0]LogConfig: Setting CVar [[r.Streaming.AmortizeCPUToGPUCopy:0]]
[2024.02.29-22.19.30:886][  0]LogConfig: Setting CVar [[r.Streaming.MaxNumTexturesToStreamPerFrame:0]]
[2024.02.29-22.19.30:886][  0]LogConfig: Setting CVar [[r.Streaming.Boost:1]]
[2024.02.29-22.19.30:886][  0]LogConfig: Setting CVar [[r.MaxAnisotropy:8]]
[2024.02.29-22.19.30:886][  0]LogConfig: Setting CVar [[r.VT.MaxAnisotropy:8]]
[2024.02.29-22.19.30:886][  0]LogConfig: Setting CVar [[r.Streaming.LimitPoolSizeToVRAM:0]]
[2024.02.29-22.19.30:886][  0]LogConfig: Setting CVar [[r.Streaming.PoolSize:1000]]
[2024.02.29-22.19.30:886][  0]LogConfig: Setting CVar [[r.Streaming.MaxEffectiveScreenSize:0]]
[2024.02.29-22.19.30:886][  0]LogConfig: Applying CVar settings from Section [EffectsQuality@3] File [C:/Users/Long/OneDrive/Desktop/UnrealProject/Unreal Engine 4/Crit_A_Mole/Saved/Config/Windows/Scalability.ini]
[2024.02.29-22.19.30:886][  0]LogConfig: Setting CVar [[r.TranslucencyLightingVolumeDim:64]]
[2024.02.29-22.19.30:886][  0]LogConfig: Setting CVar [[r.RefractionQuality:2]]
[2024.02.29-22.19.30:886][  0]LogConfig: Setting CVar [[r.SSR.Quality:3]]
[2024.02.29-22.19.30:886][  0]LogConfig: Setting CVar [[r.SSR.HalfResSceneColor:0]]
[2024.02.29-22.19.30:886][  0]LogConfig: Setting CVar [[r.SceneColorFormat:4]]
[2024.02.29-22.19.30:886][  0]LogConfig: Setting CVar [[r.DetailMode:2]]
[2024.02.29-22.19.30:886][  0]LogConfig: Setting CVar [[r.TranslucencyVolumeBlur:1]]
[2024.02.29-22.19.30:886][  0]LogConfig: Setting CVar [[r.MaterialQualityLevel:1 ; High quality]]
[2024.02.29-22.19.30:886][  0]LogConfig: Setting CVar [[r.AnisotropicMaterials:1]]
[2024.02.29-22.19.30:886][  0]LogConfig: Setting CVar [[r.SSS.Scale:1]]
[2024.02.29-22.19.30:886][  0]LogConfig: Setting CVar [[r.SSS.SampleSet:2]]
[2024.02.29-22.19.30:886][  0]LogConfig: Setting CVar [[r.SSS.Quality:1]]
[2024.02.29-22.19.30:886][  0]LogConfig: Setting CVar [[r.SSS.HalfRes:0]]
[2024.02.29-22.19.30:886][  0]LogConfig: Setting CVar [[r.SSGI.Quality:3]]
[2024.02.29-22.19.30:886][  0]LogConfig: Setting CVar [[r.EmitterSpawnRateScale:1.0]]
[2024.02.29-22.19.30:886][  0]LogConfig: Setting CVar [[r.ParticleLightQuality:2]]
[2024.02.29-22.19.30:887][  0]LogConfig: Setting CVar [[r.SkyAtmosphere.AerialPerspectiveLUT.FastApplyOnOpaque:1 ; Always have FastSkyLUT 1 in this case to avoid wrong sky]]
[2024.02.29-22.19.30:887][  0]LogConfig: Setting CVar [[r.SkyAtmosphere.AerialPerspectiveLUT.SampleCountMaxPerSlice:4]]
[2024.02.29-22.19.30:887][  0]LogConfig: Setting CVar [[r.SkyAtmosphere.AerialPerspectiveLUT.DepthResolution:16.0]]
[2024.02.29-22.19.30:887][  0]LogConfig: Setting CVar [[r.SkyAtmosphere.FastSkyLUT:1]]
[2024.02.29-22.19.30:887][  0]LogConfig: Setting CVar [[r.SkyAtmosphere.FastSkyLUT.SampleCountMin:4.0]]
[2024.02.29-22.19.30:887][  0]LogConfig: Setting CVar [[r.SkyAtmosphere.FastSkyLUT.SampleCountMax:128.0]]
[2024.02.29-22.19.30:887][  0]LogConfig: Setting CVar [[r.SkyAtmosphere.SampleCountMin:4.0]]
[2024.02.29-22.19.30:887][  0]LogConfig: Setting CVar [[r.SkyAtmosphere.SampleCountMax:128.0]]
[2024.02.29-22.19.30:887][  0]LogConfig: Setting CVar [[r.SkyAtmosphere.TransmittanceLUT.UseSmallFormat:0]]
[2024.02.29-22.19.30:887][  0]LogConfig: Setting CVar [[r.SkyAtmosphere.TransmittanceLUT.SampleCount:10.0]]
[2024.02.29-22.19.30:887][  0]LogConfig: Setting CVar [[r.SkyAtmosphere.MultiScatteringLUT.SampleCount:15.0]]
[2024.02.29-22.19.30:887][  0]LogConfig: Setting CVar [[r.SkyLight.RealTimeReflectionCapture:1]]
[2024.02.29-22.19.30:887][  0]LogConfig: Applying CVar settings from Section [FoliageQuality@3] File [C:/Users/Long/OneDrive/Desktop/UnrealProject/Unreal Engine 4/Crit_A_Mole/Saved/Config/Windows/Scalability.ini]
[2024.02.29-22.19.30:887][  0]LogConfig: Setting CVar [[foliage.DensityScale:1.0]]
[2024.02.29-22.19.30:887][  0]LogConfig: Setting CVar [[grass.DensityScale:1.0]]
[2024.02.29-22.19.30:887][  0]LogConfig: Applying CVar settings from Section [ShadingQuality@3] File [C:/Users/Long/OneDrive/Desktop/UnrealProject/Unreal Engine 4/Crit_A_Mole/Saved/Config/Windows/Scalability.ini]
[2024.02.29-22.19.30:887][  0]LogConfig: Setting CVar [[r.HairStrands.SkyLighting.IntegrationType:2]]
[2024.02.29-22.19.30:887][  0]LogConfig: Setting CVar [[r.HairStrands.SkyAO.SampleCount:4]]
[2024.02.29-22.19.30:887][  0]LogConfig: Setting CVar [[r.HairStrands.Visibility.MSAA.SamplePerPixel:4]]
[2024.02.29-22.19.30:887][  0]LogConfig: Applying CVar settings from Section [Startup] File [../../../Engine/Config/ConsoleVariables.ini]
[2024.02.29-22.19.30:887][  0]LogConfig: Setting CVar [[net.UseAdaptiveNetUpdateFrequency:0]]
[2024.02.29-22.19.30:887][  0]LogConfig: Setting CVar [[p.chaos.AllowCreatePhysxBodies:1]]
[2024.02.29-22.19.30:887][  0]LogConfig: Setting CVar [[fx.SkipVectorVMBackendOptimizations:1]]
[2024.02.29-22.19.30:887][  0]LogConfig: Applying CVar settings from Section [ConsoleVariables] File [C:/Users/Long/OneDrive/Desktop/UnrealProject/Unreal Engine 4/Crit_A_Mole/Saved/Config/Windows/Engine.ini]
[2024.02.29-22.19.30:887][  0]LogConfig: Applying CVar settings from Section [ConsoleVariables] File [C:/Users/Long/OneDrive/Desktop/UnrealProject/Unreal Engine 4/Crit_A_Mole/Saved/Config/Windows/Editor.ini]
[2024.02.29-22.19.30:887][  0]LogInit: Computer: DESKTOP-H18OBMC
[2024.02.29-22.19.30:887][  0]LogInit: User: Long
[2024.02.29-22.19.30:887][  0]LogInit: CPU Page size=4096, Cores=6
[2024.02.29-22.19.30:887][  0]LogInit: High frequency timer resolution =10.000000 MHz
[2024.02.29-22.19.30:887][  0]LogMemory: Memory total: Physical=31.9GB (32GB approx)
[2024.02.29-22.19.30:887][  0]LogMemory: Platform Memory Stats for Windows
[2024.02.29-22.19.30:887][  0]LogMemory: Process Physical Memory: 145.91 MB used, 145.91 MB peak
[2024.02.29-22.19.30:887][  0]LogMemory: Process Virtual Memory: 131.65 MB used, 131.65 MB peak
[2024.02.29-22.19.30:887][  0]LogMemory: Physical Memory: 16181.75 MB used,  16500.60 MB free, 32682.35 MB total
[2024.02.29-22.19.30:887][  0]LogMemory: Virtual Memory: 134210344.00 MB used,  7385.32 MB free, 134217728.00 MB total
[2024.02.29-22.19.30:892][  0]LogWindows: WindowsPlatformFeatures enabled
[2024.02.29-22.19.30:925][  0]LogInit: Physics initialised using underlying interface: PhysX
[2024.02.29-22.19.30:926][  0]LogInit: Using OS detected language (en-US).
[2024.02.29-22.19.30:926][  0]LogInit: Using OS detected locale (en-US).
[2024.02.29-22.19.30:930][  0]LogTextLocalizationManager: No specific localization for 'en-US' exists, so the 'en' localization will be used.
[2024.02.29-22.19.31:111][  0]LogInit: Setting process to per monitor DPI aware
[2024.02.29-22.19.31:124][  0]LogWindowsTextInputMethodSystem: Display: IME system deactivated.
[2024.02.29-22.19.31:139][  0]LogSlate: New Slate User Created.  User Index 0, Is Virtual User: 0
[2024.02.29-22.19.31:139][  0]LogSlate: Slate User Registered.  User Index 0, Is Virtual User: 0
[2024.02.29-22.19.31:244][  0]LogD3D11RHI: Loaded GFSDK_Aftermath_Lib.x64.dll
[2024.02.29-22.19.31:247][  0]LogHMD: Failed to initialize OpenVR with code 110
[2024.02.29-22.19.31:247][  0]LogD3D11RHI: D3D11 min allowed feature level: 11_0
[2024.02.29-22.19.31:247][  0]LogD3D11RHI: D3D11 max allowed feature level: 11_0
[2024.02.29-22.19.31:247][  0]LogD3D11RHI: D3D11 adapters:
[2024.02.29-22.19.31:350][  0]LogD3D11RHI:    0. 'NVIDIA GeForce RTX 3060 Ti' (Feature Level 11_0)
[2024.02.29-22.19.31:350][  0]LogD3D11RHI:       8024/0/16341 MB DedicatedVideo/DedicatedSystem/SharedSystem, Outputs:3, VendorId:0x10de
[2024.02.29-22.19.31:352][  0]LogD3D11RHI:    1. 'Microsoft Basic Render Driver' (Feature Level 11_0)
[2024.02.29-22.19.31:352][  0]LogD3D11RHI:       0/0/16341 MB DedicatedVideo/DedicatedSystem/SharedSystem, Outputs:0, VendorId:0x1414
[2024.02.29-22.19.31:352][  0]LogD3D11RHI: Chosen D3D11 Adapter:
[2024.02.29-22.19.31:352][  0]LogD3D11RHI:     Description : NVIDIA GeForce RTX 3060 Ti
[2024.02.29-22.19.31:352][  0]LogD3D11RHI:     VendorId    : 10de
[2024.02.29-22.19.31:352][  0]LogD3D11RHI:     DeviceId    : 2489
[2024.02.29-22.19.31:352][  0]LogD3D11RHI:     SubSysId    : 88291043
[2024.02.29-22.19.31:352][  0]LogD3D11RHI:     Revision    : 00a1
[2024.02.29-22.19.31:352][  0]LogD3D11RHI:     DedicatedVideoMemory : 8413773824 bytes
[2024.02.29-22.19.31:352][  0]LogD3D11RHI:     DedicatedSystemMemory : 0 bytes
[2024.02.29-22.19.31:352][  0]LogD3D11RHI:     SharedSystemMemory : 17134962688 bytes
[2024.02.29-22.19.31:352][  0]LogD3D11RHI:     AdapterLuid : 0 58129
[2024.02.29-22.19.31:362][  0]LogD3D11RHI: Creating new Direct3DDevice
[2024.02.29-22.19.31:362][  0]LogD3D11RHI:     GPU DeviceId: 0x2489 (for the marketing name, search the web for "GPU Device Id")
[2024.02.29-22.19.31:362][  0]LogWindows: EnumDisplayDevices:
[2024.02.29-22.19.31:362][  0]LogWindows:    0. 'NVIDIA GeForce RTX 3060 Ti' (P:0 D:1)
[2024.02.29-22.19.31:362][  0]LogWindows:    1. 'NVIDIA GeForce RTX 3060 Ti' (P:0 D:1)
[2024.02.29-22.19.31:362][  0]LogWindows:    2. 'NVIDIA GeForce RTX 3060 Ti' (P:1 D:1)
[2024.02.29-22.19.31:362][  0]LogWindows:    3. 'NVIDIA GeForce RTX 3060 Ti' (P:0 D:0)
[2024.02.29-22.19.31:363][  0]LogWindows: DebugString: FoundDriverCount:4 
[2024.02.29-22.19.31:363][  0]LogD3D11RHI:     Adapter Name: NVIDIA GeForce RTX 3060 Ti
[2024.02.29-22.19.31:363][  0]LogD3D11RHI:   Driver Version: 551.52 (internal:31.0.15.5152, unified:551.52)
[2024.02.29-22.19.31:363][  0]LogD3D11RHI:      Driver Date: 2-7-2024
[2024.02.29-22.19.31:363][  0]LogRHI: Texture pool is 5616 MB (70% of 8024 MB)
[2024.02.29-22.19.31:363][  0]LogD3D11RHI: Creating D3DDevice using adapter:
[2024.02.29-22.19.31:363][  0]LogD3D11RHI:     Description : NVIDIA GeForce RTX 3060 Ti
[2024.02.29-22.19.31:363][  0]LogD3D11RHI:     VendorId    : 10de
[2024.02.29-22.19.31:363][  0]LogD3D11RHI:     DeviceId    : 2489
[2024.02.29-22.19.31:363][  0]LogD3D11RHI:     SubSysId    : 88291043
[2024.02.29-22.19.31:363][  0]LogD3D11RHI:     Revision    : 00a1
[2024.02.29-22.19.31:363][  0]LogD3D11RHI:     DedicatedVideoMemory : 8413773824 bytes
[2024.02.29-22.19.31:363][  0]LogD3D11RHI:     DedicatedSystemMemory : 0 bytes
[2024.02.29-22.19.31:363][  0]LogD3D11RHI:     SharedSystemMemory : 17134962688 bytes
[2024.02.29-22.19.31:363][  0]LogD3D11RHI:     AdapterLuid : 0 58129
[2024.02.29-22.19.31:435][  0]LogD3D11RHI: RHI has support for 64 bit atomics
[2024.02.29-22.19.31:435][  0]LogD3D11RHI: Async texture creation enabled
[2024.02.29-22.19.31:435][  0]LogD3D11RHI: Array index from any shader is supported
[2024.02.29-22.19.31:467][  0]LogD3D11RHI: GPU Timing Frequency: 1000.000000 (Debug: 2 2)
[2024.02.29-22.19.31:487][  0]LogRHI: GeForceNow SDK initialized: 1
[2024.02.29-22.19.31:719][  0]LogTargetPlatformManager: Display: Loaded TargetPlatform 'AllDesktop'
[2024.02.29-22.19.31:738][  0]LogTargetPlatformManager: Display: Loaded TargetPlatform 'Android'
[2024.02.29-22.19.31:738][  0]LogTargetPlatformManager: Display: Loaded TargetPlatform 'Android_ASTC'
[2024.02.29-22.19.31:738][  0]LogTargetPlatformManager: Display: Loaded TargetPlatform 'Android_DXT'
[2024.02.29-22.19.31:738][  0]LogTargetPlatformManager: Display: Loaded TargetPlatform 'Android_ETC2'
[2024.02.29-22.19.31:738][  0]LogTargetPlatformManager: Display: Loaded TargetPlatform 'AndroidClient'
[2024.02.29-22.19.31:738][  0]LogTargetPlatformManager: Display: Loaded TargetPlatform 'Android_ASTCClient'
[2024.02.29-22.19.31:738][  0]LogTargetPlatformManager: Display: Loaded TargetPlatform 'Android_DXTClient'
[2024.02.29-22.19.31:738][  0]LogTargetPlatformManager: Display: Loaded TargetPlatform 'Android_ETC2Client'
[2024.02.29-22.19.31:738][  0]LogTargetPlatformManager: Display: Loaded TargetPlatform 'Android_Multi'
[2024.02.29-22.19.31:738][  0]LogTargetPlatformManager: Display: Loaded TargetPlatform 'Android_MultiClient'
[2024.02.29-22.19.31:751][  0]LogTargetPlatformManager: Display: Loaded TargetPlatform 'IOSClient'
[2024.02.29-22.19.31:751][  0]LogTargetPlatformManager: Display: Loaded TargetPlatform 'IOS'
[2024.02.29-22.19.31:759][  0]LogTargetPlatformManager: Display: Loaded TargetPlatform 'Linux'
[2024.02.29-22.19.31:763][  0]LogTargetPlatformManager: Display: Loaded TargetPlatform 'LinuxNoEditor'
[2024.02.29-22.19.31:766][  0]LogTargetPlatformManager: Display: Loaded TargetPlatform 'LinuxClient'
[2024.02.29-22.19.31:769][  0]LogTargetPlatformManager: Display: Loaded TargetPlatform 'LinuxServer'
[2024.02.29-22.19.31:776][  0]LogTargetPlatformManager: Display: Loaded TargetPlatform 'LinuxAArch64NoEditor'
[2024.02.29-22.19.31:780][  0]LogTargetPlatformManager: Display: Loaded TargetPlatform 'LinuxAArch64Client'
[2024.02.29-22.19.31:784][  0]LogTargetPlatformManager: Display: Loaded TargetPlatform 'LinuxAArch64Server'
[2024.02.29-22.19.31:799][  0]LogTargetPlatformManager: Display: Loaded TargetPlatform 'Lumin'
[2024.02.29-22.19.31:799][  0]LogTargetPlatformManager: Display: Loaded TargetPlatform 'LuminClient'
[2024.02.29-22.19.31:805][  0]LogTargetPlatformManager: Display: Loaded TargetPlatform 'MacNoEditor'
[2024.02.29-22.19.31:808][  0]LogTargetPlatformManager: Display: Loaded TargetPlatform 'Mac'
[2024.02.29-22.19.31:812][  0]LogTargetPlatformManager: Display: Loaded TargetPlatform 'MacClient'
[2024.02.29-22.19.31:815][  0]LogTargetPlatformManager: Display: Loaded TargetPlatform 'MacServer'
[2024.02.29-22.19.31:822][  0]LogTargetPlatformManager: Display: Loaded TargetPlatform 'TVOSClient'
[2024.02.29-22.19.31:822][  0]LogTargetPlatformManager: Display: Loaded TargetPlatform 'TVOS'
[2024.02.29-22.19.31:829][  0]LogTargetPlatformManager: Display: Loaded TargetPlatform 'WindowsNoEditor'
[2024.02.29-22.19.31:833][  0]LogTargetPlatformManager: Display: Loaded TargetPlatform 'Windows'
[2024.02.29-22.19.31:836][  0]LogTargetPlatformManager: Display: Loaded TargetPlatform 'WindowsClient'
[2024.02.29-22.19.31:839][  0]LogTargetPlatformManager: Display: Loaded TargetPlatform 'WindowsServer'
[2024.02.29-22.19.31:839][  0]LogTargetPlatformManager: Display: Building Assets For Windows
[2024.02.29-22.19.31:845][  0]LogAudioDebug: Display: Lib vorbis DLL was dynamically loaded.
[2024.02.29-22.19.31:868][  0]LogTextureFormatOodle: Display: Oodle Texture 2.9.0 init RDO Off
[2024.02.29-22.19.31:896][  0]LogRendererCore: Ray tracing is disabled. Reason: r.RayTracing=0.
[2024.02.29-22.19.31:896][  0]LogShaderCompilers: Guid format shader working directory is -43 characters bigger than the processId version (../../../../../../Users/Long/OneDrive/Desktop/UnrealProject/Unreal Engine 4/Crit_A_Mole/Intermediate/Shaders/WorkingDirectory/18280/).
[2024.02.29-22.19.31:897][  0]LogShaderCompilers: Cleaned the shader compiler working directory 'C:/Users/Long/AppData/Local/Temp/UnrealShaderWorkingDir/ED68EBEB45114C5F4BFC6F9D8080F03B/'.
[2024.02.29-22.19.31:897][  0]LogXGEController: Cannot use XGE Controller as Incredibuild is not installed on this machine.
[2024.02.29-22.19.31:897][  0]LogShaderCompilers: Cannot use XGE Shader Compiler as Incredibuild is not installed on this machine.
[2024.02.29-22.19.31:897][  0]LogShaderCompilers: Display: Using Local Shader Compiler.
[2024.02.29-22.19.32:493][  0]LogDerivedDataCache: Display: Max Cache Size: 512 MB
[2024.02.29-22.19.32:552][  0]LogDerivedDataCache: Loaded boot cache 0.06s 94MB C:/Users/Long/AppData/Local/UnrealEngine/4.27/DerivedDataCache/Boot.ddc.
[2024.02.29-22.19.32:552][  0]LogDerivedDataCache: Display: Loaded Boot cache: C:/Users/Long/AppData/Local/UnrealEngine/4.27/DerivedDataCache/Boot.ddc
[2024.02.29-22.19.32:552][  0]LogDerivedDataCache: FDerivedDataBackendGraph:  Pak pak cache file ../../../../../../Users/Long/OneDrive/Desktop/UnrealProject/Unreal Engine 4/Crit_A_Mole/DerivedDataCache/DDC.ddp not found, will not use a pak cache.
[2024.02.29-22.19.32:552][  0]LogDerivedDataCache: Unable to find inner node Pak for hierarchical cache Hierarchy.
[2024.02.29-22.19.32:552][  0]LogDerivedDataCache: FDerivedDataBackendGraph:  CompressedPak pak cache file ../../../../../../Users/Long/OneDrive/Desktop/UnrealProject/Unreal Engine 4/Crit_A_Mole/DerivedDataCache/Compressed.ddp not found, will not use a pak cache.
[2024.02.29-22.19.32:552][  0]LogDerivedDataCache: Unable to find inner node CompressedPak for hierarchical cache Hierarchy.
[2024.02.29-22.19.32:568][  0]LogDerivedDataCache: Display: Pak cache opened for reading ../../../Engine/DerivedDataCache/Compressed.ddp.
[2024.02.29-22.19.32:569][  0]LogDerivedDataCache: FDerivedDataBackendGraph:  EnterprisePak pak cache file ../../../Enterprise/DerivedDataCache/Compressed.ddp not found, will not use a pak cache.
[2024.02.29-22.19.32:569][  0]LogDerivedDataCache: Unable to find inner node EnterprisePak for hierarchical cache Hierarchy.
[2024.02.29-22.19.32:574][  0]LogDerivedDataCache: Speed tests for C:/Users/Long/AppData/Local/UnrealEngine/Common/DerivedDataCache took 0.01 seconds
[2024.02.29-22.19.32:574][  0]LogDerivedDataCache: Display: Performance to C:/Users/Long/AppData/Local/UnrealEngine/Common/DerivedDataCache: Latency=0.02ms. RandomReadSpeed=1434.26MBs, RandomWriteSpeed=210.72MBs. Assigned SpeedClass 'Local'
[2024.02.29-22.19.32:575][  0]LogDerivedDataCache: Using Local data cache path C:/Users/Long/AppData/Local/UnrealEngine/Common/DerivedDataCache: Writable
[2024.02.29-22.19.32:575][  0]LogDerivedDataCache: Shared data cache path not found in *engine.ini, will not use an Shared cache.
[2024.02.29-22.19.32:575][  0]LogDerivedDataCache: Unable to find inner node Shared for hierarchical cache Hierarchy.
[2024.02.29-22.19.32:617][  0]LogSlate: Using FreeType 2.10.0
[2024.02.29-22.19.32:617][  0]LogSlate: SlateFontServices - WITH_FREETYPE: 1, WITH_HARFBUZZ: 1
[2024.02.29-22.19.32:640][  0]LogAssetRegistry: FAssetRegistry took 0.0030 seconds to start up
[2024.02.29-22.19.32:878][  0]LogInit: Selected Device Profile: [Windows]
[2024.02.29-22.19.32:878][  0]LogInit: Active device profile: [000002943FF7D100][000002943D615B00 49] Windows
[2024.02.29-22.19.32:878][  0]LogInit: Profiles: [000002943FF7D100][000002943D615B00 49] Windows, [000002943FF42700][000002943F6C6240 49] WindowsNoEditor, [000002943FF7E200][000002943F6CA500 49] WindowsServer, [000002943FF41900][000002943F6CE7C0 49] WindowsClient, [000002943FF7D700][000002943F6D2A80 49] IOS, [000002943FF42900][000002943D618D00 49] iPadAir, [000002943FF7FC00][000002943F6D6F80 49] iPadAir2, [000002943FEE5400][000002943F6EF4C0 49] IPadPro, [000002943FEE5500][000002943F6DF500 49] iPadAir3, [000002943FF43A00][000002943F6E77C0 49] iPadAir4, [000002943FEE6300][000002943F6E3A80 49] iPadMini2, [000002943FF43100][000002943F6EA1C0 49] iPadMini3, [000002943FEE6F00][000002943F6F2480 49] iPadMini4, [000002943FF41D00][000002943F6F6740 49] iPadMini5, [000002943FF1D000][0000029440E1CC80 49] iPhone6, [000002943FF1D100][000002943F6FACC0 49] iPodTouch6, [000002943FF7F900][0000029440E21180 49] iPhone7, [000002943FF7E900][000002943F6DB1C0 49] iPodTouch7, [000002943FEE5000][0000029440E19480 49] iPhone5S, [000002943FF7EF00][000002943F6FF740 49] iPhone6Plus, [000002943FEE7600][0000029440E25A00 49] iPhone6S, [000002943FF7CC00][0000029440E28140 49] iPhone6SPlus, [000002943FF7DD00][0000029440E2C400 49] iPhone7Plus, [000002943FF1C800][0000029440E306C0 49] iPhoneSE, [000002943FF7C400][0000029440E34980 49] iPhone8, [000002943FF1C900][0000029440E38C40 49] iPhone8Plus, [000002943FF1EE00][0000029440E3CF00 49] iPhoneX, [000002943FEE5D00][0000029440E15180 49] iPhoneXS, [000002943FF1E700][0000029440E45440 49] iPhoneXSMax, [000002943FEE5C00][0000029440E49700 49] iPhoneXR, [000002943FF1E800][0000029440E4D9C0 49] iPhone11, [000002943FEE4F00][0000029440E50100 49] iPhone11Pro, [000002943FF1CB00][0000029440E543C0 49] iPhone11ProMax, [000002943FEE4C00][0000029440E58680 49] iPhoneSE2, [000002943FF1CE00][0000029440E5C940 49] iPhone12Mini, [000002943FF7F800][0000029440E60C00 49] iPhone12, [000002943FF1F100][0000029440E64EC0 49] iPhone12Pro, [000002943FF7F700][0000029440E41140 49] iPhone12ProMax, [000002943FF1DE00][0000029440E693C0 49] iPadPro105, [000002943FF7D400][0000029440E71680 49] iPadPro129, [000002943FF1FE00][0000029440E75940 49] iPadPro97, [000002943FF7E800][0000029440E79C00 49] iPadPro2_129, [000002943FF1E000][0000029440E7C340 49] iPad5, [000002943FF7E300][000002943F702600 49] iPad6, [000002943FF1FB00][000002943F7068C0 49] iPad7, [000002943FF7DE00][000002943F70AB80 49] iPad8, [000002943FF1CA00][000002943F70EE40 49] iPadPro11, [000002943FF7FE00][000002943F713100 49] iPadPro2_11, [000002943FF1D800][0000029440E6D380 49] iPadPro3_129, [000002943FF7E700][000002943F717600 49] iPadPro4_129, [000002943FF1C100][000002943F71F8C0 49] AppleTV, [000002943FF7FF00][000002943F723B80 49] AppleTV4K, [000002943FF1E400][000002943F7262C0 49] TVOS, [000002943FF7C100][000002943F72A580 49] Mac, [000002943FF1DD00][000002943F72E840 49] MacClient, [000002943FF7EA00][000002943F732B00 49] MacNoEditor, [000002943FF1FA00][000002943F736DC0 49] MacServer, [000002943FF7E000][000002943F73B080 49] Linux, [000002943FF1D600][000002943F73F340 49] LinuxAArch64, [000002943FF7C800][000002943F71B5C0 49] LinuxNoEditor, [000002943FF1CC00][000002943F743840 49] LinuxAArch64NoEditor, [000002943FF7FB00][000002943F74BB00 49] LinuxClient, [000002943FF1F400][000002943F74E240 49] LinuxAArch64Client, [000002943FF7FA00][000002943F752500 49] LinuxServer, [000002943FF1C700][000002943F7567C0 49] LinuxAArch64Server, [000002943FF7ED00][000002943F75AA80 49] Android, [000002943FF1EA00][000002943F75ED40 49] Android_Low, [000002943FF7DF00][000002943F763000 49] Android_Mid, [000002943FF1DF00][000002943F7672C0 49] Android_High, [000002943FF7D900][000002943F76B580 49] Android_Default, [000002943FF1FC00][000002943F747800 49] Android_Adreno4xx, [000002943FF7F600][000002943F76FA80 49] Android_Adreno5xx_Low, [000002943FF1F200][00000294419021C0 49] Android_Adreno5xx, [000002943FF7D000][0000029441906480 49] Android_Adreno6xx, [000002943FF1E500][000002944190A740 49] Android_Adreno6xx_Vulkan, [000002943FF7CA00][000002944190EA00 49] Android_Mali_T6xx, [000002943FF1E900][0000029441912CC0 49] Android_Mali_T7xx, [000002943FF7FD00][0000029441916F80 49] Android_Mali_T8xx, [000002943FF1ED00][000002944191B240 49] Android_Mali_G71, [000002943FEE7100][000002944191F500 49] Android_Mali_G72, [000002943FF42F00][00000294419237C0 49] Android_Mali_G72_Vulkan, [000002943FEE6B00][000002943F773A40 49] Android_Mali_G76, [000002943FF40500][0000029441926140 49] Android_Mali_G76_Vulkan, [000002943FEE6600][000002944192E400 49] Android_Mali_G77, [000002943FF43E00][00000294419326C0 49] Android_Mali_G77_Vulkan, [000002943FEE6400][0000029441936980 49] Android_Mali_G78, [000002943FF40D00][000002944193AC40 49] Android_Mali_G78_Vulkan, [000002943FEE7500][000002944193EF00 49] Android_Mali_G710, [000002943FF42B00][00000294419431C0 49] Android_Mali_G710_Vulkan, [000002943FEE7E00][0000029441947480 49] Android_Vulkan_SM5, [000002943FF41A00][000002944194B740 49] Android_PowerVR_G6xxx, [000002943FEE4500][000002944194FA00 49] Android_PowerVR_GT7xxx, [000002943FF40200][000002944192A100 49] Android_PowerVR_GE8xxx, [000002943FEE7B00][0000029441952380 49] Android_PowerVR_GM9xxx, [000002943FF42100][000002944195A640 49] Android_PowerVR_GM9xxx_Vulkan, [000002943FEE5F00][000002944195E900 49] Android_TegraK1, [000002943FF40A00][0000029441962BC0 49] Android_Unknown_Vulkan, [000002943FEE7900][0000029441966E80 49] Lumin, [000002943FF41200][000002944196B140 49] Lumin_Desktop, [000002943FEE5E00][000002944196F400 49] HoloLens, 
[2024.02.29-22.19.33:010][  0]LogMeshReduction: Using QuadricMeshReduction for automatic static mesh reduction
[2024.02.29-22.19.33:010][  0]LogMeshReduction: Using SimplygonMeshReduction for automatic skeletal mesh reduction
[2024.02.29-22.19.33:010][  0]LogMeshReduction: Using ProxyLODMeshReduction for automatic mesh merging
[2024.02.29-22.19.33:010][  0]LogMeshReduction: No distributed automatic mesh merging module available
[2024.02.29-22.19.33:010][  0]LogMeshMerging: No distributed automatic mesh merging module available
[2024.02.29-22.19.33:026][  0]LogNetVersion: Crit_A_Mole 1.0.0, NetCL: 17155196, EngineNetVer: 17, GameNetVer: 0 (Checksum: 1445553777)
[2024.02.29-22.19.33:361][  0]LogTexture: Default maximum texture size for cubemaps generated from long-lat sources has been changed from 512 to unlimited. In order to preserve old behaiour for '/Engine/MapTemplates/Sky/DaylightAmbientCubemap.DaylightAmbientCubemap', its maximum texture size has been explicitly set to 512.
[2024.02.29-22.19.33:425][  0]LogHMD: PokeAHoleMaterial loaded successfully
[2024.02.29-22.19.33:434][  0]LogUObjectArray: 17178 objects as part of root set at end of initial load.
[2024.02.29-22.19.33:434][  0]LogUObjectAllocator: 4302048 out of 0 bytes used by permanent object pool.
[2024.02.29-22.19.33:434][  0]LogUObjectArray: CloseDisregardForGC: 0/0 objects in disregard for GC pool
[2024.02.29-22.19.33:598][  0]LogNiagaraDebuggerClient: Niagara Debugger Client Initialized | Session: 2BEFF72540E12C87F6D2FB9825C811E7 | Instance: 3A373A784554122182B58CABB4200D81 (DESKTOP-H18OBMC-18280).
[2024.02.29-22.19.33:730][  0]LogPython: Using Python 3.7.7
[2024.02.29-22.19.34:352][  0]LogTcpMessaging: Initializing TcpMessaging bridge
[2024.02.29-22.19.34:362][  0]LogUdpMessaging: Initializing bridge on interface 0.0.0.0:0 to multicast group 230.0.0.1:6666.
[2024.02.29-22.19.34:492][  0]SourceControl: Source control is disabled
[2024.02.29-22.19.34:492][  0]SourceControl: Source control is disabled
[2024.02.29-22.19.34:496][  0]SourceControl: Source control is disabled
[2024.02.29-22.19.34:498][  0]SourceControl: Source control is disabled
[2024.02.29-22.19.34:507][  0]SourceControl: Source control is disabled
[2024.02.29-22.19.34:512][  0]LogUProjectInfo: Found projects:
[2024.02.29-22.19.34:691][  0]LogOpenImageDenoise: OIDN starting up
[2024.02.29-22.19.34:735][  0]LogAndroidPermission: UAndroidPermissionCallbackProxy::GetInstance
[2024.02.29-22.19.34:752][  0]LogAudioCaptureCore: Display: No Audio Capture implementations found. Audio input will be silent.
[2024.02.29-22.19.34:752][  0]LogAudioCaptureCore: Display: No Audio Capture implementations found. Audio input will be silent.
[2024.02.29-22.19.34:868][  0]LogCollectionManager: Loaded 0 collections in 0.001243 seconds
[2024.02.29-22.19.34:892][  0]LogFileCache: Scanning file cache for directory 'C:/Users/Long/OneDrive/Desktop/UnrealProject/Unreal Engine 4/Crit_A_Mole/Saved/Collections/' took 0.00s
[2024.02.29-22.19.34:892][  0]LogFileCache: Scanning file cache for directory 'C:/Users/Long/OneDrive/Desktop/UnrealProject/Unreal Engine 4/Crit_A_Mole/Content/Developers/Long/Collections/' took 0.00s
[2024.02.29-22.19.34:892][  0]LogFileCache: Scanning file cache for directory 'C:/Users/Long/OneDrive/Desktop/UnrealProject/Unreal Engine 4/Crit_A_Mole/Content/Collections/' took 0.00s
[2024.02.29-22.19.34:892][  0]LogOcInput: OculusInput pre-init called
[2024.02.29-22.19.35:090][  0]LogEngine: Initializing Engine...
[2024.02.29-22.19.35:094][  0]LogHMD: Failed to enumerate extensions. Please check that you have a valid OpenXR runtime installed.
[2024.02.29-22.19.35:094][  0]LogHMD: Failed to initialize OpenVR with code 110
[2024.02.29-22.19.35:094][  0]LogMagicLeap: Warning: VR disabled because ZI is not enabled.  To enable, in the editor, Edit -> Project Settings -> Plugins -> Magic Leap Plugin -> Enable Zero Iteration
[2024.02.29-22.19.35:095][  0]LogStats: UGameplayTagsManager::InitializeManager -  0.000 s
[2024.02.29-22.19.35:219][  0]LogInit: Initializing FReadOnlyCVARCache
[2024.02.29-22.19.35:226][  0]LogAIModule: Creating AISystem for world Untitled
[2024.02.29-22.19.35:228][  0]LogAudio: Display: Initializing Audio Device Manager...
[2024.02.29-22.19.35:232][  0]LogAudio: Display: Loading Default Audio Settings Objects...
[2024.02.29-22.19.35:232][  0]LogAudio: Display: No default SoundConcurrencyObject specified (or failed to load).
[2024.02.29-22.19.35:233][  0]LogAudio: Display: Audio Device Manager Initialized
[2024.02.29-22.19.35:233][  0]LogAudio: Display: Creating Audio Device:                 Id: 1, Scope: Shared, Realtime: True
[2024.02.29-22.19.35:233][  0]LogAudioMixer: Display: Audio Mixer Platform Settings:
[2024.02.29-22.19.35:233][  0]LogAudioMixer: Display: 	Sample Rate:						  48000
[2024.02.29-22.19.35:233][  0]LogAudioMixer: Display: 	Callback Buffer Frame Size Requested: 1024
[2024.02.29-22.19.35:233][  0]LogAudioMixer: Display: 	Callback Buffer Frame Size To Use:	  1024
[2024.02.29-22.19.35:233][  0]LogAudioMixer: Display: 	Number of buffers to queue:			  2
[2024.02.29-22.19.35:233][  0]LogAudioMixer: Display: 	Max Channels (voices):				  32
[2024.02.29-22.19.35:233][  0]LogAudioMixer: Display: 	Number of Async Source Workers:		  0
[2024.02.29-22.19.35:233][  0]LogAudio: Display: AudioDevice MaxSources: 32
[2024.02.29-22.19.35:233][  0]LogAudio: Display: Audio Spatialization Plugin: None (built-in).
[2024.02.29-22.19.35:233][  0]LogAudio: Display: Audio Reverb Plugin: None (built-in).
[2024.02.29-22.19.35:233][  0]LogAudio: Display: Audio Occlusion Plugin: None (built-in).
[2024.02.29-22.19.35:233][  0]LogAudioMixer: Display: Initializing audio mixer.
[2024.02.29-22.19.35:245][  0]LogAudioMixer: Display: 0: FrontLeft
[2024.02.29-22.19.35:245][  0]LogAudioMixer: Display: 1: FrontRight
[2024.02.29-22.19.35:260][  0]LogAudioMixer: Display: Using Audio Device Speakers (JBL Go 3)
[2024.02.29-22.19.35:260][  0]LogAudioMixer: Display: Initializing Sound Submixes...
[2024.02.29-22.19.35:263][  0]LogAudioMixer: Display: Creating Master Submix 'MasterSubmixDefault'
[2024.02.29-22.19.35:263][  0]LogAudioMixer: Display: Creating Master Submix 'MasterReverbSubmixDefault'
[2024.02.29-22.19.35:263][  0]LogAudioMixer: Display: Creating Master Submix 'MasterEQSubmixDefault'
[2024.02.29-22.19.35:263][  0]LogAudioMixer: FMixerPlatformXAudio2::StartAudioStream() called
[2024.02.29-22.19.35:263][  0]LogAudioMixer: Display: Output buffers initialized: Frames=1024, Channels=2, Samples=2048
[2024.02.29-22.19.35:264][  0]LogAudioMixer: Display: Starting AudioMixerPlatformInterface::RunInternal()
[2024.02.29-22.19.35:264][  0]LogAudioMixer: Display: FMixerPlatformXAudio2::SubmitBuffer() called for the first time
[2024.02.29-22.19.35:264][  0]LogInit: FAudioDevice initialized.
[2024.02.29-22.19.35:264][  0]LogAudio: Display: Audio Device (ID: 1) registered with world 'Untitled'.
[2024.02.29-22.19.35:264][  0]LogNetVersion: Set ProjectVersion to 1.0.0.0. Version Checksum will be recalculated on next use.
[2024.02.29-22.19.35:304][  0]LogDerivedDataCache: Saved boot cache 0.04s 94MB C:/Users/Long/AppData/Local/UnrealEngine/4.27/DerivedDataCache/Boot.ddc.
[2024.02.29-22.19.35:304][  0]LogInit: Texture streaming: Enabled
[2024.02.29-22.19.35:315][  0]LogAnalytics: Display: [UEEditor.Rocket.Release] APIServer = https://datarouter.ol.epicgames.com/. AppVersion = 4.27.2-18319896+++UE4+Release-4.27
[2024.02.29-22.19.35:318][  0]LogEngineSessionManager: EngineSessionManager initialized
[2024.02.29-22.19.35:318][  0]LogEditorSessionSummary: Verbose: Initializing EditorSessionSummaryWriter for editor session tracking
[2024.02.29-22.19.35:319][  0]LogEditorSessionSummary: EditorSessionSummaryWriter initialized
[2024.02.29-22.19.35:347][  0]LogInit: Transaction tracking system initialized
[2024.02.29-22.19.35:368][  0]BlueprintLog: New page: Editor Load
[2024.02.29-22.19.35:428][  0]LocalizationService: Localization service is disabled
[2024.02.29-22.19.35:450][  0]TimingProfiler: Initialize
[2024.02.29-22.19.35:451][  0]TimingProfiler: OnSessionChanged
[2024.02.29-22.19.35:451][  0]LoadingProfiler: Initialize
[2024.02.29-22.19.35:451][  0]LoadingProfiler: OnSessionChanged
[2024.02.29-22.19.35:451][  0]NetworkingProfiler: Initialize
[2024.02.29-22.19.35:451][  0]NetworkingProfiler: OnSessionChanged
[2024.02.29-22.19.35:451][  0]MemoryProfiler: Initialize
[2024.02.29-22.19.35:451][  0]MemoryProfiler: OnSessionChanged
[2024.02.29-22.19.35:567][  0]LogCook: Display: CookSettings for Memory: MemoryMaxUsedVirtual 0MiB, MemoryMaxUsedPhysical 16384MiB, MemoryMinFreeVirtual 0MiB, MemoryMinFreePhysical 1024MiB
[2024.02.29-22.19.35:567][  0]LogCook: Display: Mobile HDR setting 1
[2024.02.29-22.19.35:594][  0]LogFileCache: Scanning file cache for directory 'C:/Users/Long/OneDrive/Desktop/UnrealProject/Unreal Engine 4/Crit_A_Mole/Content/' took 0.00s
[2024.02.29-22.19.35:594][  0]LogBlueprintAssist: Registered BlueprintAssist Commands
[2024.02.29-22.19.35:595][  0]LogStreaming: Warning: Failed to read file '../../../Engine/Content/Editor/Slate/PlainBorder.png' error.
[2024.02.29-22.19.35:595][  0]LogSlate: Could not find file for Slate resource: ../../../Engine/Content/Editor/Slate/PlainBorder.png
[2024.02.29-22.19.35:595][  0]LogBlueprintAssist: Finished loaded BlueprintAssist Module
[2024.02.29-22.19.35:595][  0]LogAutoSizeComments: Startup AutoSizeComments
[2024.02.29-22.19.35:843][  0]LogStreaming: Warning: Failed to read file '../../../Engine/Content/Editor/Slate/PlainBorder.png' error.
[2024.02.29-22.19.35:843][  0]LogSlate: Could not find file for Slate resource: ../../../Engine/Content/Editor/Slate/PlainBorder.png
[2024.02.29-22.19.35:887][  0]LogInit: Display: Engine is initialized. Leaving FEngineLoop::Init()
[2024.02.29-22.19.35:890][  0]SourceControl: Source control is disabled
[2024.02.29-22.19.35:991][  0]LogSlate: Took 0.000115 seconds to synchronously load lazily loaded font '../../../Engine/Content/Slate/Fonts/Roboto-Regular.ttf' (155K)
[2024.02.29-22.19.39:139][  0]LogSlate: Window 'Restore Packages' being destroyed
[2024.02.29-22.19.40:641][  0]LogSlate: Window 'Unable to Check Out From Source Control!' being destroyed
[2024.02.29-22.19.40:648][  0]Message dialog closed, result: Ok, title: Unable to Check Out From Source Control!, text: The following assets could not be successfully checked out from source control:
/Game/Assets/Mole
/Game/Assets/Holes
/Game/Blueprint/GM_Base
/Game/Blueprint/Enemy/BP_MoleSpawner
/Game/Assets/Hole
/Game/Level/Setup
[2024.02.29-22.19.42:017][  0]LogSlate: Window 'Failed to restore packages!' being destroyed
[2024.02.29-22.19.42:024][  0]Message dialog closed, result: Ok, title: Failed to restore packages!, text: The following packages could not be restored:
/Game/Blueprint/GM_Base
[2024.02.29-22.19.42:031][  0]LogUnrealEdMisc: Loading editor; pre map load, took 12.341
[2024.02.29-22.19.42:032][  0]Cmd: MAP LOAD FILE="../../../../../../Users/Long/OneDrive/Desktop/UnrealProject/Unreal Engine 4/Crit_A_Mole/Content/Level/Setup.umap" TEMPLATE=0 SHOWPROGRESS=1 FEATURELEVEL=3
[2024.02.29-22.19.42:033][  0]LightingResults: New page: Lighting Build
[2024.02.29-22.19.42:034][  0]LogWorld: UWorld::CleanupWorld for Untitled, bSessionEnded=true, bCleanupResources=true
[2024.02.29-22.19.42:034][  0]LogSlate: InvalidateAllWidgets triggered.  All widgets were invalidated
[2024.02.29-22.19.42:034][  0]MapCheck: New page: Map Check
[2024.02.29-22.19.42:034][  0]LightingResults: New page: Lighting Build
[2024.02.29-22.19.42:038][  0]LogAudio: Display: Audio Device unregistered from world 'None'.
[2024.02.29-22.19.42:040][  0]LogUObjectHash: Compacting FUObjectHashTables data took   0.89ms
[2024.02.29-22.19.42:063][  0]LogLinker: Warning: [AssetLog] C:\Users\Long\OneDrive\Desktop\UnrealProject\Unreal Engine 4\Crit_A_Mole\Content\Blueprint\Player\BP_Player.uasset: Failed to load '/Game/Assets/Mole_Sprite': Can't find file.
[2024.02.29-22.19.42:063][  0]LoadErrors: Failed to load /Game/Assets/Mole_Sprite.Mole_Sprite Referenced by Mole_Sprite_GEN_VARIABLE
[2024.02.29-22.19.42:063][  0]LogLinker: Warning: [AssetLog] C:\Users\Long\OneDrive\Desktop\UnrealProject\Unreal Engine 4\Crit_A_Mole\Content\Blueprint\Player\BP_Player.uasset: Failed to load '/Game/Assets/Mole_Sprite': Can't find file.
[2024.02.29-22.19.42:063][  0]LoadErrors: Failed to load /Game/Assets/Mole_Sprite.Mole_Sprite Referenced by Mole_Sprite_GEN_VARIABLE
[2024.02.29-22.19.42:066][  0]LogLinker: Warning: [AssetLog] C:\Users\Long\OneDrive\Desktop\UnrealProject\Unreal Engine 4\Crit_A_Mole\Content\Blueprint\Player\BP_Player.uasset: Failed to load '/Game/Assets/Mole_Sprite': Can't find file.
[2024.02.29-22.19.42:066][  0]LogLinker: Warning: [AssetLog] C:\Users\Long\OneDrive\Desktop\UnrealProject\Unreal Engine 4\Crit_A_Mole\Content\Blueprint\Player\BP_Player.uasset: Failed to load '/Game/Assets/Mole_Sprite': Can't find file.
[2024.02.29-22.19.42:080][  0]LogLinker: Warning: [AssetLog] C:\Users\Long\OneDrive\Desktop\UnrealProject\Unreal Engine 4\Crit_A_Mole\Content\Blueprint\Enemy\BP_Enemy.uasset: Failed to load '/Game/Assets/Mole_Sprite': Can't find file.
[2024.02.29-22.19.42:080][  0]LogLinker: Warning: [AssetLog] C:\Users\Long\OneDrive\Desktop\UnrealProject\Unreal Engine 4\Crit_A_Mole\Content\Blueprint\Enemy\BP_Enemy.uasset: Failed to load '/Game/Assets/Mole_Sprite': Can't find file.
[2024.02.29-22.19.42:082][  0]LogLinker: Warning: [AssetLog] C:\Users\Long\OneDrive\Desktop\UnrealProject\Unreal Engine 4\Crit_A_Mole\Content\Blueprint\Enemy\BP_MoleSpawner.uasset: Failed to load '/Game/Assets/Hole_Sprite': Can't find file.
[2024.02.29-22.19.42:082][  0]LoadErrors: Failed to load /Game/Assets/Hole_Sprite.Hole_Sprite Referenced by Hole_Sprite_GEN_VARIABLE
[2024.02.29-22.19.42:082][  0]LogLinker: Warning: [AssetLog] C:\Users\Long\OneDrive\Desktop\UnrealProject\Unreal Engine 4\Crit_A_Mole\Content\Blueprint\Enemy\BP_MoleSpawner.uasset: Failed to load '/Game/Assets/Hole_Sprite': Can't find file.
[2024.02.29-22.19.42:082][  0]LoadErrors: Failed to load /Game/Assets/Hole_Sprite.Hole_Sprite Referenced by Hole_Sprite_GEN_VARIABLE
[2024.02.29-22.19.42:082][  0]LogLinker: Warning: [AssetLog] C:\Users\Long\OneDrive\Desktop\UnrealProject\Unreal Engine 4\Crit_A_Mole\Content\Blueprint\Enemy\BP_MoleSpawner.uasset: Failed to load '/Game/Assets/Hole_Sprite': Can't find file.
[2024.02.29-22.19.42:082][  0]LogLinker: Warning: [AssetLog] C:\Users\Long\OneDrive\Desktop\UnrealProject\Unreal Engine 4\Crit_A_Mole\Content\Blueprint\Enemy\BP_MoleSpawner.uasset: Failed to load '/Game/Assets/Hole_Sprite': Can't find file.
[2024.02.29-22.19.42:100][  0]LogOutputDevice: Warning: 

Script Stack (0 frames):

[2024.02.29-22.19.42:100][  0]LogWindows: Windows GetLastError: The operation completed successfully. (0)
[2024.02.29-22.19.43:187][  0]LogWindows: Error: === Critical error: ===
[2024.02.29-22.19.43:187][  0]LogWindows: Error: 
[2024.02.29-22.19.43:187][  0]LogWindows: Error: Assertion failed: Tag.Size == Loaded [File:D:/Build/++UE4/Sync/Engine/Source/Runtime/CoreUObject/Private/UObject/Class.cpp] [Line: 1499] 
[2024.02.29-22.19.43:187][  0]LogWindows: Error: 
[2024.02.29-22.19.43:187][  0]LogWindows: Error: 
[2024.02.29-22.19.43:187][  0]LogWindows: Error: 
[2024.02.29-22.19.43:187][  0]LogWindows: Error: [Callstack] 0x00007ffba9cd5b0c KERNELBASE.dll!UnknownFunction []
[2024.02.29-22.19.43:187][  0]LogWindows: Error: [Callstack] 0x00007ffb23bc0216 UE4Editor-Core.dll!UnknownFunction []
[2024.02.29-22.19.43:187][  0]LogWindows: Error: [Callstack] 0x00007ffb23bc4218 UE4Editor-Core.dll!UnknownFunction []
[2024.02.29-22.19.43:187][  0]LogWindows: Error: [Callstack] 0x00007ffb238e242d UE4Editor-Core.dll!UnknownFunction []
[2024.02.29-22.19.43:187][  0]LogWindows: Error: [Callstack] 0x00007ffb23836a45 UE4Editor-Core.dll!UnknownFunction []
[2024.02.29-22.19.43:187][  0]LogWindows: Error: [Callstack] 0x00007ffb238380a0 UE4Editor-Core.dll!UnknownFunction []
[2024.02.29-22.19.43:187][  0]LogWindows: Error: [Callstack] 0x00007ffb22f89cb7 UE4Editor-CoreUObject.dll!UnknownFunction []
[2024.02.29-22.19.43:187][  0]LogWindows: Error: [Callstack] 0x00007ffb22f87c3c UE4Editor-CoreUObject.dll!UnknownFunction []
[2024.02.29-22.19.43:187][  0]LogWindows: Error: [Callstack] 0x00007ffb23146d74 UE4Editor-CoreUObject.dll!UnknownFunction []
[2024.02.29-22.19.43:187][  0]LogWindows: Error: [Callstack] 0x00007ffb23143470 UE4Editor-CoreUObject.dll!UnknownFunction []
[2024.02.29-22.19.43:187][  0]LogWindows: Error: [Callstack] 0x00007ffb23142edb UE4Editor-CoreUObject.dll!UnknownFunction []
[2024.02.29-22.19.43:187][  0]LogWindows: Error: [Callstack] 0x00007ffb1ff07579 UE4Editor-Engine.dll!UnknownFunction []
[2024.02.29-22.19.43:187][  0]LogWindows: Error: [Callstack] 0x00007ffb2115df66 UE4Editor-Engine.dll!UnknownFunction []
[2024.02.29-22.19.43:187][  0]LogWindows: Error: [Callstack] 0x00007ffb0bf146b2 UE4Editor-UnrealEd.dll!UnknownFunction []
[2024.02.29-22.19.43:187][  0]LogWindows: Error: [Callstack] 0x00007ffb09eddc87 UE4Editor-Kismet.dll!UnknownFunction []
[2024.02.29-22.19.43:187][  0]LogWindows: Error: [Callstack] 0x00007ffb09e86027 UE4Editor-Kismet.dll!UnknownFunction []
[2024.02.29-22.19.43:187][  0]LogWindows: Error: [Callstack] 0x00007ffb09e82be3 UE4Editor-Kismet.dll!UnknownFunction []
[2024.02.29-22.19.43:187][  0]LogWindows: Error: [Callstack] 0x00007ffb22e7cc30 UE4Editor-CoreUObject.dll!UnknownFunction []
[2024.02.29-22.19.43:187][  0]LogWindows: Error: [Callstack] 0x00007ffb231025c1 UE4Editor-CoreUObject.dll!UnknownFunction []
[2024.02.29-22.19.43:187][  0]LogWindows: Error: [Callstack] 0x00007ffb23102b1b UE4Editor-CoreUObject.dll!UnknownFunction []
[2024.02.29-22.19.43:187][  0]LogWindows: Error: [Callstack] 0x00007ffb23128bbc UE4Editor-CoreUObject.dll!UnknownFunction []
[2024.02.29-22.19.43:187][  0]LogWindows: Error: [Callstack] 0x00007ffb2323cd66 UE4Editor-CoreUObject.dll!UnknownFunction []
[2024.02.29-22.19.43:187][  0]LogWindows: Error: [Callstack] 0x00007ffb230f790d UE4Editor-CoreUObject.dll!UnknownFunction []
[2024.02.29-22.19.43:187][  0]LogWindows: Error: [Callstack] 0x00007ffb231552d2 UE4Editor-CoreUObject.dll!UnknownFunction []
[2024.02.29-22.19.43:187][  0]LogWindows: Error: [Callstack] 0x00007ffb231538c7 UE4Editor-CoreUObject.dll!UnknownFunction []
[2024.02.29-22.19.43:187][  0]LogWindows: Error: [Callstack] 0x00007ffb2315539d UE4Editor-CoreUObject.dll!UnknownFunction []
[2024.02.29-22.19.43:187][  0]LogWindows: Error: [Callstack] 0x00007ffb231538c7 UE4Editor-CoreUObject.dll!UnknownFunction []
[2024.02.29-22.19.43:187][  0]LogWindows: Error: [Callstack] 0x00007ffb231536e1 UE4Editor-CoreUObject.dll!UnknownFunction []
[2024.02.29-22.19.43:187][  0]LogWindows: Error: [Callstack] 0x00007ffb2310e399 UE4Editor-CoreUObject.dll!UnknownFunction []
[2024.02.29-22.19.43:187][  0]LogWindows: Error: [Callstack] 0x00007ffb2315026a UE4Editor-CoreUObject.dll!UnknownFunction []
[2024.02.29-22.19.43:187][  0]LogWindows: Error: [Callstack] 0x00007ffb2310417e UE4Editor-CoreUObject.dll!UnknownFunction []
[2024.02.29-22.19.43:187][  0]LogWindows: Error: [Callstack] 0x00007ffb22fca067 UE4Editor-CoreUObject.dll!UnknownFunction []
[2024.02.29-22.19.43:187][  0]LogWindows: Error: [Callstack] 0x00007ffb2323ca33 UE4Editor-CoreUObject.dll!UnknownFunction []
[2024.02.29-22.19.43:187][  0]LogWindows: Error: [Callstack] 0x00007ffb230f790d UE4Editor-CoreUObject.dll!UnknownFunction []
[2024.02.29-22.19.43:187][  0]LogWindows: Error: [Callstack] 0x00007ffb231552d2 UE4Editor-CoreUObject.dll!UnknownFunction []
[2024.02.29-22.19.43:187][  0]LogWindows: Error: [Callstack] 0x00007ffb231538c7 UE4Editor-CoreUObject.dll!UnknownFunction []
[2024.02.29-22.19.43:187][  0]LogWindows: Error: [Callstack] 0x00007ffb2315539d UE4Editor-CoreUObject.dll!UnknownFunction []
[2024.02.29-22.19.43:187][  0]LogWindows: Error: [Callstack] 0x00007ffb231538c7 UE4Editor-CoreUObject.dll!UnknownFunction []
[2024.02.29-22.19.43:187][  0]LogWindows: Error: [Callstack] 0x00007ffb231536e1 UE4Editor-CoreUObject.dll!UnknownFunction []
[2024.02.29-22.19.43:187][  0]LogWindows: Error: [Callstack] 0x00007ffb2310e399 UE4Editor-CoreUObject.dll!UnknownFunction []
[2024.02.29-22.19.43:187][  0]LogWindows: Error: [Callstack] 0x00007ffb2315026a UE4Editor-CoreUObject.dll!UnknownFunction []
[2024.02.29-22.19.43:187][  0]LogWindows: Error: [Callstack] 0x00007ffb2310417e UE4Editor-CoreUObject.dll!UnknownFunction []
[2024.02.29-22.19.43:187][  0]LogWindows: Error: [Callstack] 0x00007ffb22fca067 UE4Editor-CoreUObject.dll!UnknownFunction []
[2024.02.29-22.19.43:187][  0]LogWindows: Error: [Callstack] 0x00007ffb2323ca33 UE4Editor-CoreUObject.dll!UnknownFunction []
[2024.02.29-22.19.43:187][  0]LogWindows: Error: [Callstack] 0x00007ffb230f790d UE4Editor-CoreUObject.dll!UnknownFunction []
[2024.02.29-22.19.43:187][  0]LogWindows: Error: [Callstack] 0x00007ffb231552d2 UE4Editor-CoreUObject.dll!UnknownFunction []
[2024.02.29-22.19.43:187][  0]LogWindows: Error: [Callstack] 0x00007ffb231538c7 UE4Editor-CoreUObject.dll!UnknownFunction []
[2024.02.29-22.19.43:187][  0]LogWindows: Error: [Callstack] 0x00007ffb2315539d UE4Editor-CoreUObject.dll!UnknownFunction []
[2024.02.29-22.19.43:187][  0]LogWindows: Error: [Callstack] 0x00007ffb231538c7 UE4Editor-CoreUObject.dll!UnknownFunction []
[2024.02.29-22.19.43:187][  0]LogWindows: Error: [Callstack] 0x00007ffb231536e1 UE4Editor-CoreUObject.dll!UnknownFunction []
[2024.02.29-22.19.43:187][  0]LogWindows: Error: [Callstack] 0x00007ffb2310e399 UE4Editor-CoreUObject.dll!UnknownFunction []
[2024.02.29-22.19.43:187][  0]LogWindows: Error: [Callstack] 0x00007ffb2315026a UE4Editor-CoreUObject.dll!UnknownFunction []
[2024.02.29-22.19.43:187][  0]LogWindows: Error: [Callstack] 0x00007ffb2310417e UE4Editor-CoreUObject.dll!UnknownFunction []
[2024.02.29-22.19.43:187][  0]LogWindows: Error: [Callstack] 0x00007ffb22fca067 UE4Editor-CoreUObject.dll!UnknownFunction []
[2024.02.29-22.19.43:187][  0]LogWindows: Error: [Callstack] 0x00007ffb2323ca33 UE4Editor-CoreUObject.dll!UnknownFunction []
[2024.02.29-22.19.43:188][  0]LogWindows: Error: [Callstack] 0x00007ffb2323bbc0 UE4Editor-CoreUObject.dll!UnknownFunction []
[2024.02.29-22.19.43:188][  0]LogWindows: Error: [Callstack] 0x00007ffb0bb48eeb UE4Editor-UnrealEd.dll!UnknownFunction []
[2024.02.29-22.19.43:188][  0]LogWindows: Error: [Callstack] 0x00007ffb0bb38b0f UE4Editor-UnrealEd.dll!UnknownFunction []
[2024.02.29-22.19.43:188][  0]LogWindows: Error: [Callstack] 0x00007ffb0bb21d0f UE4Editor-UnrealEd.dll!UnknownFunction []
[2024.02.29-22.19.43:188][  0]LogWindows: Error: [Callstack] 0x00007ffb0c382917 UE4Editor-UnrealEd.dll!UnknownFunction []
[2024.02.29-22.19.43:188][  0]LogWindows: Error: [Callstack] 0x00007ffb0be53ec9 UE4Editor-UnrealEd.dll!UnknownFunction []
[2024.02.29-22.19.43:188][  0]LogWindows: Error: [Callstack] 0x00007ffb0be53cd8 UE4Editor-UnrealEd.dll!UnknownFunction []
[2024.02.29-22.19.43:188][  0]LogWindows: Error: [Callstack] 0x00007ffb0c3c3944 UE4Editor-UnrealEd.dll!UnknownFunction []
[2024.02.29-22.19.43:188][  0]LogWindows: Error: [Callstack] 0x00007ffb0c37ded2 UE4Editor-UnrealEd.dll!UnknownFunction []
[2024.02.29-22.19.43:188][  0]LogWindows: Error: [Callstack] 0x00007ff6f66b0e3b UE4Editor.exe!UnknownFunction []
[2024.02.29-22.19.43:188][  0]LogWindows: Error: [Callstack] 0x00007ff6f66b10ba UE4Editor.exe!UnknownFunction []
[2024.02.29-22.19.43:188][  0]LogWindows: Error: [Callstack] 0x00007ff6f66b40dd UE4Editor.exe!UnknownFunction []
[2024.02.29-22.19.43:188][  0]LogWindows: Error: [Callstack] 0x00007ff6f66c5984 UE4Editor.exe!UnknownFunction []
[2024.02.29-22.19.43:188][  0]LogWindows: Error: [Callstack] 0x00007ff6f66c853a UE4Editor.exe!UnknownFunction []
[2024.02.29-22.19.43:188][  0]LogWindows: Error: [Callstack] 0x00007ffbaae4257d KERNEL32.DLL!UnknownFunction []
[2024.02.29-22.19.43:188][  0]LogWindows: Error: [Callstack] 0x00007ffbac62aa58 ntdll.dll!UnknownFunction []
[2024.02.29-22.19.43:188][  0]LogWindows: Error: 
[2024.02.29-22.19.43:192][  0]LogExit: Executing StaticShutdownAfterError
[2024.02.29-22.19.43:193][  0]LogWindows: FPlatformMisc::RequestExit(1)
[2024.02.29-22.19.43:194][  0]LogWindows: FPlatformMisc::RequestExitWithStatus(1, 3)
[2024.02.29-22.19.43:194][  0]LogCore: Engine exit requested (reason: Win RequestExit)
[2024.02.29-22.19.43:202][  0]Log file closed, 02/29/24 14:19:43
