Log file open, 02/29/24 14:35:09
LogWindows: Failed to load 'aqProf.dll' (GetLastError=126)
LogWindows: File 'aqProf.dll' does not exist
LogWindows: Failed to load 'VtuneApi.dll' (GetLastError=126)
LogWindows: File 'VtuneApi.dll' does not exist
LogWindows: Failed to load 'VtuneApi32e.dll' (GetLastError=126)
LogWindows: File 'VtuneApi32e.dll' does not exist
LogConsoleResponse: Display: Failed to find resolution value strings in scalability ini. Falling back to default.
LogConsoleResponse: Display: Failed to find resolution value strings in scalability ini. Falling back to default.
LogInit: Display: Running engine for game: Crit_A_Mole
LogPlatformFile: Not using cached read wrapper
LogTaskGraph: Started task graph with 5 named threads and 35 total threads with 3 sets of task threads.
LogStats: Stats thread started at 0.180670
LogICUInternationalization: ICU TimeZone Detection - Raw Offset: -8:00, Platform Override: ''
LogInit: Display: Loading text-based GConfig....
LogPluginManager: Mounting plugin MeshPainting
LogPluginManager: Mounting plugin XGEController
LogPluginManager: Mounting plugin Paper2D
LogPluginManager: Mounting plugin LiveLink
LogPluginManager: Mounting plugin AISupport
LogPluginManager: Mounting plugin EnvironmentQueryEditor
LogPluginManager: Mounting plugin LightPropagationVolume
LogPluginManager: Mounting plugin OodleData
LogPluginManager: Mounting plugin CameraShakePreviewer
LogPluginManager: Mounting plugin OodleNetwork
LogPluginManager: Mounting plugin GameplayCameras
LogPluginManager: Mounting plugin AssetManagerEditor
LogPluginManager: Mounting plugin AnimationSharing
LogPluginManager: Mounting plugin CryptoKeys
LogPluginManager: Mounting plugin DataValidation
LogPluginManager: Mounting plugin FacialAnimation
LogPluginManager: Mounting plugin CurveEditorTools
LogPluginManager: Mounting plugin GameplayTagsEditor
LogPluginManager: Mounting plugin GeometryMode
LogPluginManager: Mounting plugin MacGraphicsSwitching
LogPluginManager: Mounting plugin MaterialAnalyzer
LogPluginManager: Mounting plugin Niagara
LogPluginManager: Mounting plugin MobileLauncherProfileWizard
LogPluginManager: Mounting plugin SpeedTreeImporter
LogPluginManager: Mounting plugin PluginBrowser
LogPluginManager: Mounting plugin GitSourceControl
LogPluginManager: Mounting plugin NullSourceCodeAccess
LogPluginManager: Mounting plugin KDevelopSourceCodeAccess
LogPluginManager: Mounting plugin CodeLiteSourceCodeAccess
LogPluginManager: Mounting plugin CLionSourceCodeAccess
LogPluginManager: Mounting plugin PerforceSourceControl
LogPluginManager: Mounting plugin PlasticSourceControl
LogPluginManager: Mounting plugin PixWinPlugin
LogPluginManager: Mounting plugin PropertyAccessNode
LogPluginManager: Mounting plugin RiderSourceCodeAccess
LogPluginManager: Mounting plugin PluginUtils
LogPluginManager: Mounting plugin SubversionSourceControl
LogPluginManager: Mounting plugin UObjectPlugin
LogPluginManager: Mounting plugin TextureFormatOodle
LogPluginManager: Mounting plugin VisualStudioCodeSourceCodeAccess
LogPluginManager: Mounting plugin VisualStudioSourceCodeAccess
LogPluginManager: Mounting plugin AlembicImporter
LogPluginManager: Mounting plugin XCodeSourceCodeAccess
LogPluginManager: Mounting plugin AutomationUtils
LogPluginManager: Mounting plugin BackChannel
LogPluginManager: Mounting plugin ChaosClothEditor
LogPluginManager: Mounting plugin ChaosNiagara
LogPluginManager: Mounting plugin ChaosSolverPlugin
LogPluginManager: Mounting plugin ChaosCloth
LogPluginManager: Mounting plugin CharacterAI
LogPluginManager: Mounting plugin ChaosEditor
LogPluginManager: Mounting plugin GeometryCollectionPlugin
LogPluginManager: Mounting plugin GeometryCache
LogPluginManager: Mounting plugin DatasmithContent
LogPluginManager: Mounting plugin LuminPlatformFeatures
LogPluginManager: Mounting plugin VariantManagerContent
LogPluginManager: Mounting plugin MagicLeap
LogPluginManager: Mounting plugin MagicLeapLightEstimation
LogPluginManager: Mounting plugin MagicLeapMedia
LogPluginManager: Mounting plugin MagicLeapPassableWorld
LogPluginManager: Mounting plugin MLSDK
LogPluginManager: Mounting plugin GeometryProcessing
LogPluginManager: Mounting plugin AutoSizeComments
LogPluginManager: Mounting plugin OpenImageDenoise
LogPluginManager: Mounting plugin MotoSynth
LogPluginManager: Mounting plugin BlueprintAssist
LogPluginManager: Mounting plugin PlatformCrypto
LogPluginManager: Mounting plugin PlanarCut
LogPluginManager: Mounting plugin ProxyLODPlugin
LogPluginManager: Mounting plugin PythonScriptPlugin
LogPluginManager: Mounting plugin PaperZD
LogPluginManager: Mounting plugin AndroidMedia
LogPluginManager: Mounting plugin AvfMedia
LogPluginManager: Mounting plugin SkeletalReduction
LogPluginManager: Mounting plugin ImgMedia
LogPluginManager: Mounting plugin MediaCompositing
LogPluginManager: Mounting plugin MediaPlayerEditor
LogPluginManager: Mounting plugin WebMMedia
LogPluginManager: Mounting plugin WmfMedia
LogPluginManager: Mounting plugin ActorSequence
LogPluginManager: Mounting plugin MatineeToLevelSequence
LogPluginManager: Mounting plugin LevelSequenceEditor
LogPluginManager: Mounting plugin TcpMessaging
LogPluginManager: Mounting plugin TemplateSequence
LogPluginManager: Mounting plugin UdpMessaging
LogPluginManager: Mounting plugin LauncherChunkInstaller
LogPluginManager: Mounting plugin OnlineSubsystem
LogPluginManager: Mounting plugin OnlineSubsystemNull
LogPluginManager: Mounting plugin OnlineSubsystemUtils
LogPluginManager: Mounting plugin ActorLayerUtilities
LogPluginManager: Mounting plugin AndroidDeviceProfileSelector
LogPluginManager: Mounting plugin AndroidMoviePlayer
LogPluginManager: Mounting plugin AndroidPermission
LogPluginManager: Mounting plugin AppleImageUtils
LogPluginManager: Mounting plugin ArchVisCharacter
LogPluginManager: Mounting plugin AppleMoviePlayer
LogPluginManager: Mounting plugin AssetTags
LogPluginManager: Mounting plugin AudioCapture
LogPluginManager: Mounting plugin ChunkDownloader
LogPluginManager: Mounting plugin CustomMeshComponent
LogPluginManager: Mounting plugin AudioSynesthesia
LogPluginManager: Mounting plugin CableComponent
LogPluginManager: Mounting plugin EditableMesh
LogPluginManager: Mounting plugin ExampleDeviceProfileSelector
LogPluginManager: Mounting plugin GoogleCloudMessaging
LogPluginManager: Mounting plugin GooglePAD
LogPluginManager: Mounting plugin ScreenshotTools
LogPluginManager: Mounting plugin IOSDeviceProfileSelector
LogPluginManager: Mounting plugin LinuxDeviceProfileSelector
LogPluginManager: Mounting plugin LocationServicesBPLibrary
LogPluginManager: Mounting plugin MobilePatchingUtils
LogPluginManager: Mounting plugin OpenXREyeTracker
LogPluginManager: Mounting plugin OpenXR
LogPluginManager: Mounting plugin OpenXRHandTracking
LogPluginManager: Mounting plugin PhysXVehicles
LogPluginManager: Mounting plugin PostSplashScreen
LogPluginManager: Mounting plugin ProceduralMeshComponent
LogPluginManager: Mounting plugin PropertyAccessEditor
LogPluginManager: Mounting plugin RuntimePhysXCooking
LogPluginManager: Mounting plugin SignificanceManager
LogPluginManager: Mounting plugin SoundFields
LogPluginManager: Mounting plugin Synthesis
LogPluginManager: Mounting plugin WebMMoviePlayer
LogPluginManager: Mounting plugin WindowsMoviePlayer
LogPluginManager: Mounting plugin Takes
LogPluginManager: Mounting plugin ContentBrowserAssetDataSource
LogPluginManager: Mounting plugin ContentBrowserClassDataSource
LogPluginManager: Mounting plugin ContentBrowserFileDataSource
LogPluginManager: Mounting plugin RiderLink
LogPluginManager: Mounting plugin OnlineSubsystemGooglePlay
LogPluginManager: Mounting plugin OnlineSubsystemIOS
LogPluginManager: Mounting plugin OculusVR
LogPluginManager: Mounting plugin SteamVR
PixWinPlugin: PIX capture plugin failed to initialize! Check that the process is launched from PIX.
LogInit: Using libcurl 7.55.1-DEV
LogInit:  - built for x86_64-pc-win32
LogInit:  - supports SSL with OpenSSL/1.1.1
LogInit:  - supports HTTP deflate (compression) using libz 1.2.8
LogInit:  - other features:
LogInit:      CURL_VERSION_SSL
LogInit:      CURL_VERSION_LIBZ
LogInit:      CURL_VERSION_IPV6
LogInit:      CURL_VERSION_ASYNCHDNS
LogInit:      CURL_VERSION_LARGEFILE
LogInit:      CURL_VERSION_IDN
LogInit:  CurlRequestOptions (configurable via config and command line):
LogInit:  - bVerifyPeer = true  - Libcurl will verify peer certificate
LogInit:  - bUseHttpProxy = false  - Libcurl will NOT use HTTP proxy
LogInit:  - bDontReuseConnections = false  - Libcurl will reuse connections
LogInit:  - MaxHostConnections = 16  - Libcurl will limit the number of connections to a host
LogInit:  - LocalHostAddr = Default
LogInit:  - BufferSize = 65536
LogOnline: OSS: Creating online subsystem instance for: NULL
LogInit: WinSock: version 1.1 (2.2), MaxSocks=32767, MaxUdp=65467
LogOnline: OSS: TryLoadSubsystemAndSetDefault: Loaded subsystem for module [NULL]
LogOculusPluginWrapper: OculusPlugin initialized successfully
LogHMD: Failed initializing OVRPlugin 1.59.0
LogInit: Build: ++UE4+Release-4.27-CL-18319896
LogInit: Engine Version: 4.27.2-18319896+++UE4+Release-4.27
LogInit: Compatible Engine Version: 4.27.0-17155196+++UE4+Release-4.27
LogInit: Net CL: 17155196
LogInit: OS: Windows 10 (Release 2009) (), CPU: AMD Ryzen 5 5600X 6-Core Processor             , GPU: NVIDIA GeForce RTX 3060 Ti
LogInit: Compiled (64-bit): Nov 30 2021 07:12:08
LogInit: Compiled with Visual C++: 19.24.28315.00
LogInit: Build Configuration: Development
LogInit: Branch Name: ++UE4+Release-4.27
LogInit: Command Line: 
LogInit: Base Directory: C:/Program Files/Epic Games/UE_4.27/Engine/Binaries/Win64/
LogInit: Allocator: TBB
LogInit: Installed Engine Build: 1
LogDevObjectVersion: Number of dev versions registered: 29
LogDevObjectVersion:   Dev-Blueprints (B0D832E4-1F89-4F0D-ACCF-7EB736FD4AA2): 10
LogDevObjectVersion:   Dev-Build (E1C64328-A22C-4D53-A36C-8E866417BD8C): 0
LogDevObjectVersion:   Dev-Core (375EC13C-06E4-48FB-B500-84F0262A717E): 4
LogDevObjectVersion:   Dev-Editor (E4B068ED-F494-42E9-A231-DA0B2E46BB41): 40
LogDevObjectVersion:   Dev-Framework (CFFC743F-43B0-4480-9391-14DF171D2073): 37
LogDevObjectVersion:   Dev-Mobile (B02B49B5-BB20-44E9-A304-32B752E40360): 3
LogDevObjectVersion:   Dev-Networking (A4E4105C-59A1-49B5-A7C5-40C4547EDFEE): 0
LogDevObjectVersion:   Dev-Online (39C831C9-5AE6-47DC-9A44-9C173E1C8E7C): 0
LogDevObjectVersion:   Dev-Physics (78F01B33-EBEA-4F98-B9B4-84EACCB95AA2): 14
LogDevObjectVersion:   Dev-Platform (6631380F-2D4D-43E0-8009-CF276956A95A): 0
LogDevObjectVersion:   Dev-Rendering (12F88B9F-8875-4AFC-A67C-D90C383ABD29): 45
LogDevObjectVersion:   Dev-Sequencer (7B5AE74C-D270-4C10-A958-57980B212A5A): 13
LogDevObjectVersion:   Dev-VR (D7296918-1DD6-4BDD-9DE2-64A83CC13884): 3
LogDevObjectVersion:   Dev-LoadTimes (C2A15278-BFE7-4AFE-6C17-90FF531DF755): 1
LogDevObjectVersion:   Private-Geometry (6EACA3D4-40EC-4CC1-B786-8BED09428FC5): 3
LogDevObjectVersion:   Dev-AnimPhys (29E575DD-E0A3-4627-9D10-D276232CDCEA): 17
LogDevObjectVersion:   Dev-Anim (AF43A65D-7FD3-4947-9873-3E8ED9C1BB05): 15
LogDevObjectVersion:   Dev-ReflectionCapture (6B266CEC-1EC7-4B8F-A30B-E4D90942FC07): 1
LogDevObjectVersion:   Dev-Automation (0DF73D61-A23F-47EA-B727-89E90C41499A): 1
LogDevObjectVersion:   FortniteMain (601D1886-AC64-4F84-AA16-D3DE0DEAC7D6): 47
LogDevObjectVersion:   FortniteRelease (E7086368-6B23-4C58-8439-1B7016265E91): 1
LogDevObjectVersion:   Dev-Enterprise (9DFFBCD6-494F-0158-E221-12823C92A888): 10
LogDevObjectVersion:   Dev-Niagara (F2AED0AC-9AFE-416F-8664-AA7FFA26D6FC): 1
LogDevObjectVersion:   Dev-Destruction (174F1F0B-B4C6-45A5-B13F-2EE8D0FB917D): 10
LogDevObjectVersion:   Dev-Physics-Ext (35F94A83-E258-406C-A318-09F59610247C): 41
LogDevObjectVersion:   Dev-PhysicsMaterial-Chaos (B68FC16E-8B1B-42E2-B453-215C058844FE): 1
LogDevObjectVersion:   Dev-CineCamera (B2E18506-4273-CFC2-A54E-F4BB758BBA07): 1
LogDevObjectVersion:   Dev-VirtualProduction (64F58936-FD1B-42BA-BA96-7289D5D0FA4E): 1
LogDevObjectVersion:   Dev-MediaFramework (6F0ED827-A609-4895-9C91-998D90180EA4): 2
LogInit: Presizing for max 25165824 objects, including 0 objects not considered by GC, pre-allocating 0 bytes for permanent pool.
LogConfig: Applying CVar settings from Section [/Script/Engine.StreamingSettings] File [C:/Users/Long/OneDrive/Desktop/UnrealProject/Unreal Engine 4/Crit_A_Mole/Saved/Config/Windows/Engine.ini]
LogConfig: Setting CVar [[s.MinBulkDataSizeForAsyncLoading:131072]]
LogConfig: Setting CVar [[s.AsyncLoadingThreadEnabled:0]]
LogConfig: Setting CVar [[s.EventDrivenLoaderEnabled:1]]
LogConfig: Setting CVar [[s.WarnIfTimeLimitExceeded:0]]
LogConfig: Setting CVar [[s.TimeLimitExceededMultiplier:1.5]]
LogConfig: Setting CVar [[s.TimeLimitExceededMinTime:0.005]]
LogConfig: Setting CVar [[s.UseBackgroundLevelStreaming:1]]
LogConfig: Setting CVar [[s.PriorityAsyncLoadingExtraTime:15.0]]
LogConfig: Setting CVar [[s.LevelStreamingActorsUpdateTimeLimit:5.0]]
LogConfig: Setting CVar [[s.PriorityLevelStreamingActorsUpdateExtraTime:5.0]]
LogConfig: Setting CVar [[s.LevelStreamingComponentsRegistrationGranularity:10]]
LogConfig: Setting CVar [[s.UnregisterComponentsTimeLimit:1.0]]
LogConfig: Setting CVar [[s.LevelStreamingComponentsUnregistrationGranularity:5]]
LogConfig: Setting CVar [[s.FlushStreamingOnExit:1]]
LogInit: Object subsystem initialized
LogConfig: Setting CVar [[con.DebugEarlyDefault:1]]
LogConfig: Setting CVar [[r.setres:1280x720]]
[2024.02.29-22.35.09:882][  0]LogConfig: Setting CVar [[r.VSync:0]]
[2024.02.29-22.35.09:882][  0]LogConfig: Setting CVar [[r.RHICmdBypass:0]]
[2024.02.29-22.35.09:883][  0]LogConfig: Applying CVar settings from Section [/Script/Engine.RendererSettings] File [C:/Users/Long/OneDrive/Desktop/UnrealProject/Unreal Engine 4/Crit_A_Mole/Saved/Config/Windows/Engine.ini]
[2024.02.29-22.35.09:883][  0]LogConfig: Setting CVar [[r.GPUCrashDebugging:0]]
[2024.02.29-22.35.09:883][  0]LogConfig: Setting CVar [[r.DefaultFeature.MotionBlur:0]]
[2024.02.29-22.35.09:883][  0]LogConfig: Setting CVar [[r.DefaultFeature.Bloom:0]]
[2024.02.29-22.35.09:883][  0]LogConfig: Setting CVar [[r.DefaultFeature.AmbientOcclusion:0]]
[2024.02.29-22.35.09:883][  0]LogConfig: Setting CVar [[r.DefaultFeature.AmbientOcclusionStaticFraction:0]]
[2024.02.29-22.35.09:883][  0]LogConfig: Setting CVar [[r.DefaultFeature.AutoExposure:0]]
[2024.02.29-22.35.09:883][  0]LogConfig: Setting CVar [[r.DefaultFeature.AutoExposure.Bias:0.000000]]
[2024.02.29-22.35.09:883][  0]LogConfig: Applying CVar settings from Section [/Script/Engine.RendererOverrideSettings] File [C:/Users/Long/OneDrive/Desktop/UnrealProject/Unreal Engine 4/Crit_A_Mole/Saved/Config/Windows/Engine.ini]
[2024.02.29-22.35.09:883][  0]LogConfig: Applying CVar settings from Section [/Script/Engine.StreamingSettings] File [C:/Users/Long/OneDrive/Desktop/UnrealProject/Unreal Engine 4/Crit_A_Mole/Saved/Config/Windows/Engine.ini]
[2024.02.29-22.35.09:883][  0]LogConfig: Setting CVar [[s.MinBulkDataSizeForAsyncLoading:131072]]
[2024.02.29-22.35.09:883][  0]LogConfig: Setting CVar [[s.AsyncLoadingThreadEnabled:0]]
[2024.02.29-22.35.09:883][  0]LogConfig: Setting CVar [[s.EventDrivenLoaderEnabled:1]]
[2024.02.29-22.35.09:883][  0]LogConfig: Setting CVar [[s.WarnIfTimeLimitExceeded:0]]
[2024.02.29-22.35.09:883][  0]LogConfig: Setting CVar [[s.TimeLimitExceededMultiplier:1.5]]
[2024.02.29-22.35.09:883][  0]LogConfig: Setting CVar [[s.TimeLimitExceededMinTime:0.005]]
[2024.02.29-22.35.09:883][  0]LogConfig: Setting CVar [[s.UseBackgroundLevelStreaming:1]]
[2024.02.29-22.35.09:883][  0]LogConfig: Setting CVar [[s.PriorityAsyncLoadingExtraTime:15.0]]
[2024.02.29-22.35.09:883][  0]LogConfig: Setting CVar [[s.LevelStreamingActorsUpdateTimeLimit:5.0]]
[2024.02.29-22.35.09:883][  0]LogConfig: Setting CVar [[s.PriorityLevelStreamingActorsUpdateExtraTime:5.0]]
[2024.02.29-22.35.09:883][  0]LogConfig: Setting CVar [[s.LevelStreamingComponentsRegistrationGranularity:10]]
[2024.02.29-22.35.09:883][  0]LogConfig: Setting CVar [[s.UnregisterComponentsTimeLimit:1.0]]
[2024.02.29-22.35.09:883][  0]LogConfig: Setting CVar [[s.LevelStreamingComponentsUnregistrationGranularity:5]]
[2024.02.29-22.35.09:883][  0]LogConfig: Setting CVar [[s.FlushStreamingOnExit:1]]
[2024.02.29-22.35.09:883][  0]LogConfig: Applying CVar settings from Section [/Script/Engine.GarbageCollectionSettings] File [C:/Users/Long/OneDrive/Desktop/UnrealProject/Unreal Engine 4/Crit_A_Mole/Saved/Config/Windows/Engine.ini]
[2024.02.29-22.35.09:883][  0]LogConfig: Setting CVar [[gc.MaxObjectsNotConsideredByGC:1]]
[2024.02.29-22.35.09:883][  0]LogConfig: Setting CVar [[gc.SizeOfPermanentObjectPool:0]]
[2024.02.29-22.35.09:883][  0]LogConfig: Setting CVar [[gc.FlushStreamingOnGC:0]]
[2024.02.29-22.35.09:883][  0]LogConfig: Setting CVar [[gc.NumRetriesBeforeForcingGC:10]]
[2024.02.29-22.35.09:883][  0]LogConfig: Setting CVar [[gc.AllowParallelGC:1]]
[2024.02.29-22.35.09:883][  0]LogConfig: Setting CVar [[gc.TimeBetweenPurgingPendingKillObjects:61.1]]
[2024.02.29-22.35.09:883][  0]LogConfig: Setting CVar [[gc.MaxObjectsInEditor:25165824]]
[2024.02.29-22.35.09:883][  0]LogConfig: Setting CVar [[gc.IncrementalBeginDestroyEnabled:1]]
[2024.02.29-22.35.09:883][  0]LogConfig: Setting CVar [[gc.CreateGCClusters:1]]
[2024.02.29-22.35.09:883][  0]LogConfig: Setting CVar [[gc.MinGCClusterSize:5]]
[2024.02.29-22.35.09:883][  0]LogConfig: Setting CVar [[gc.ActorClusteringEnabled:0]]
[2024.02.29-22.35.09:883][  0]LogConfig: Setting CVar [[gc.BlueprintClusteringEnabled:0]]
[2024.02.29-22.35.09:883][  0]LogConfig: Setting CVar [[gc.UseDisregardForGCOnDedicatedServers:0]]
[2024.02.29-22.35.09:883][  0]LogConfig: Setting CVar [[gc.MultithreadedDestructionEnabled:1]]
[2024.02.29-22.35.09:883][  0]LogConfig: Applying CVar settings from Section [/Script/Engine.NetworkSettings] File [C:/Users/Long/OneDrive/Desktop/UnrealProject/Unreal Engine 4/Crit_A_Mole/Saved/Config/Windows/Engine.ini]
[2024.02.29-22.35.09:883][  0]LogConfig: Applying CVar settings from Section [/Script/UnrealEd.CookerSettings] File [C:/Users/Long/OneDrive/Desktop/UnrealProject/Unreal Engine 4/Crit_A_Mole/Saved/Config/Windows/Engine.ini]
[2024.02.29-22.35.09:921][  0]LogConfig: Applying CVar settings from Section [ViewDistanceQuality@3] File [C:/Users/Long/OneDrive/Desktop/UnrealProject/Unreal Engine 4/Crit_A_Mole/Saved/Config/Windows/Scalability.ini]
[2024.02.29-22.35.09:921][  0]LogConfig: Setting CVar [[r.SkeletalMeshLODBias:0]]
[2024.02.29-22.35.09:921][  0]LogConfig: Setting CVar [[r.ViewDistanceScale:1.0]]
[2024.02.29-22.35.09:921][  0]LogConfig: Applying CVar settings from Section [AntiAliasingQuality@3] File [C:/Users/Long/OneDrive/Desktop/UnrealProject/Unreal Engine 4/Crit_A_Mole/Saved/Config/Windows/Scalability.ini]
[2024.02.29-22.35.09:921][  0]LogConfig: Setting CVar [[r.PostProcessAAQuality:4]]
[2024.02.29-22.35.09:921][  0]LogConfig: Applying CVar settings from Section [ShadowQuality@3] File [C:/Users/Long/OneDrive/Desktop/UnrealProject/Unreal Engine 4/Crit_A_Mole/Saved/Config/Windows/Scalability.ini]
[2024.02.29-22.35.09:921][  0]LogConfig: Setting CVar [[r.LightFunctionQuality:1]]
[2024.02.29-22.35.09:921][  0]LogConfig: Setting CVar [[r.ShadowQuality:5]]
[2024.02.29-22.35.09:921][  0]LogConfig: Setting CVar [[r.Shadow.CSM.MaxCascades:10]]
[2024.02.29-22.35.09:921][  0]LogConfig: Setting CVar [[r.Shadow.MaxResolution:2048]]
[2024.02.29-22.35.09:921][  0]LogConfig: Setting CVar [[r.Shadow.MaxCSMResolution:2048]]
[2024.02.29-22.35.09:921][  0]LogConfig: Setting CVar [[r.Shadow.RadiusThreshold:0.01]]
[2024.02.29-22.35.09:921][  0]LogConfig: Setting CVar [[r.Shadow.DistanceScale:1.0]]
[2024.02.29-22.35.09:921][  0]LogConfig: Setting CVar [[r.Shadow.CSM.TransitionScale:1.0]]
[2024.02.29-22.35.09:921][  0]LogConfig: Setting CVar [[r.Shadow.PreShadowResolutionFactor:1.0]]
[2024.02.29-22.35.09:921][  0]LogConfig: Setting CVar [[r.DistanceFieldShadowing:1]]
[2024.02.29-22.35.09:921][  0]LogConfig: Setting CVar [[r.DistanceFieldAO:1]]
[2024.02.29-22.35.09:921][  0]LogConfig: Setting CVar [[r.AOQuality:2]]
[2024.02.29-22.35.09:921][  0]LogConfig: Setting CVar [[r.VolumetricFog:1]]
[2024.02.29-22.35.09:921][  0]LogConfig: Setting CVar [[r.VolumetricFog.GridPixelSize:8]]
[2024.02.29-22.35.09:921][  0]LogConfig: Setting CVar [[r.VolumetricFog.GridSizeZ:128]]
[2024.02.29-22.35.09:921][  0]LogConfig: Setting CVar [[r.VolumetricFog.HistoryMissSupersampleCount:4]]
[2024.02.29-22.35.09:921][  0]LogConfig: Setting CVar [[r.LightMaxDrawDistanceScale:1]]
[2024.02.29-22.35.09:921][  0]LogConfig: Setting CVar [[r.CapsuleShadows:1]]
[2024.02.29-22.35.09:921][  0]LogConfig: Applying CVar settings from Section [PostProcessQuality@3] File [C:/Users/Long/OneDrive/Desktop/UnrealProject/Unreal Engine 4/Crit_A_Mole/Saved/Config/Windows/Scalability.ini]
[2024.02.29-22.35.09:921][  0]LogConfig: Setting CVar [[r.MotionBlurQuality:4]]
[2024.02.29-22.35.09:921][  0]LogConfig: Setting CVar [[r.AmbientOcclusionMipLevelFactor:0.4]]
[2024.02.29-22.35.09:921][  0]LogConfig: Setting CVar [[r.AmbientOcclusionMaxQuality:100]]
[2024.02.29-22.35.09:921][  0]LogConfig: Setting CVar [[r.AmbientOcclusionLevels:-1]]
[2024.02.29-22.35.09:921][  0]LogConfig: Setting CVar [[r.AmbientOcclusionRadiusScale:1.0]]
[2024.02.29-22.35.09:921][  0]LogConfig: Setting CVar [[r.DepthOfFieldQuality:2]]
[2024.02.29-22.35.09:921][  0]LogConfig: Setting CVar [[r.RenderTargetPoolMin:400]]
[2024.02.29-22.35.09:921][  0]LogConfig: Setting CVar [[r.LensFlareQuality:2]]
[2024.02.29-22.35.09:921][  0]LogConfig: Setting CVar [[r.SceneColorFringeQuality:1]]
[2024.02.29-22.35.09:921][  0]LogConfig: Setting CVar [[r.EyeAdaptationQuality:2]]
[2024.02.29-22.35.09:921][  0]LogConfig: Setting CVar [[r.BloomQuality:5]]
[2024.02.29-22.35.09:921][  0]LogConfig: Setting CVar [[r.FastBlurThreshold:100]]
[2024.02.29-22.35.09:921][  0]LogConfig: Setting CVar [[r.Upscale.Quality:3]]
[2024.02.29-22.35.09:921][  0]LogConfig: Setting CVar [[r.Tonemapper.GrainQuantization:1]]
[2024.02.29-22.35.09:921][  0]LogConfig: Setting CVar [[r.LightShaftQuality:1]]
[2024.02.29-22.35.09:921][  0]LogConfig: Setting CVar [[r.Filter.SizeScale:1]]
[2024.02.29-22.35.09:921][  0]LogConfig: Setting CVar [[r.Tonemapper.Quality:5]]
[2024.02.29-22.35.09:921][  0]LogConfig: Setting CVar [[r.DOF.Gather.AccumulatorQuality:1        ; higher gathering accumulator quality]]
[2024.02.29-22.35.09:921][  0]LogConfig: Setting CVar [[r.DOF.Gather.PostfilterMethod:1          ; Median3x3 postfilering method]]
[2024.02.29-22.35.09:921][  0]LogConfig: Setting CVar [[r.DOF.Gather.EnableBokehSettings:0       ; no bokeh simulation when gathering]]
[2024.02.29-22.35.09:921][  0]LogConfig: Setting CVar [[r.DOF.Gather.RingCount:4                 ; medium number of samples when gathering]]
[2024.02.29-22.35.09:921][  0]LogConfig: Setting CVar [[r.DOF.Scatter.ForegroundCompositing:1    ; additive foreground scattering]]
[2024.02.29-22.35.09:921][  0]LogConfig: Setting CVar [[r.DOF.Scatter.BackgroundCompositing:2    ; additive background scattering]]
[2024.02.29-22.35.09:922][  0]LogConfig: Setting CVar [[r.DOF.Scatter.EnableBokehSettings:1      ; bokeh simulation when scattering]]
[2024.02.29-22.35.09:922][  0]LogConfig: Setting CVar [[r.DOF.Scatter.MaxSpriteRatio:0.1         ; only a maximum of 10% of scattered bokeh]]
[2024.02.29-22.35.09:922][  0]LogConfig: Setting CVar [[r.DOF.Recombine.Quality:1                ; cheap slight out of focus]]
[2024.02.29-22.35.09:922][  0]LogConfig: Setting CVar [[r.DOF.Recombine.EnableBokehSettings:0    ; no bokeh simulation on slight out of focus]]
[2024.02.29-22.35.09:922][  0]LogConfig: Setting CVar [[r.DOF.TemporalAAQuality:1                ; more stable temporal accumulation]]
[2024.02.29-22.35.09:922][  0]LogConfig: Setting CVar [[r.DOF.Kernel.MaxForegroundRadius:0.025]]
[2024.02.29-22.35.09:922][  0]LogConfig: Setting CVar [[r.DOF.Kernel.MaxBackgroundRadius:0.025]]
[2024.02.29-22.35.09:922][  0]LogConfig: Applying CVar settings from Section [TextureQuality@3] File [C:/Users/Long/OneDrive/Desktop/UnrealProject/Unreal Engine 4/Crit_A_Mole/Saved/Config/Windows/Scalability.ini]
[2024.02.29-22.35.09:922][  0]LogConfig: Setting CVar [[r.Streaming.MipBias:0]]
[2024.02.29-22.35.09:922][  0]LogConfig: Setting CVar [[r.Streaming.AmortizeCPUToGPUCopy:0]]
[2024.02.29-22.35.09:922][  0]LogConfig: Setting CVar [[r.Streaming.MaxNumTexturesToStreamPerFrame:0]]
[2024.02.29-22.35.09:922][  0]LogConfig: Setting CVar [[r.Streaming.Boost:1]]
[2024.02.29-22.35.09:922][  0]LogConfig: Setting CVar [[r.MaxAnisotropy:8]]
[2024.02.29-22.35.09:922][  0]LogConfig: Setting CVar [[r.VT.MaxAnisotropy:8]]
[2024.02.29-22.35.09:922][  0]LogConfig: Setting CVar [[r.Streaming.LimitPoolSizeToVRAM:0]]
[2024.02.29-22.35.09:922][  0]LogConfig: Setting CVar [[r.Streaming.PoolSize:1000]]
[2024.02.29-22.35.09:922][  0]LogConfig: Setting CVar [[r.Streaming.MaxEffectiveScreenSize:0]]
[2024.02.29-22.35.09:922][  0]LogConfig: Applying CVar settings from Section [EffectsQuality@3] File [C:/Users/Long/OneDrive/Desktop/UnrealProject/Unreal Engine 4/Crit_A_Mole/Saved/Config/Windows/Scalability.ini]
[2024.02.29-22.35.09:922][  0]LogConfig: Setting CVar [[r.TranslucencyLightingVolumeDim:64]]
[2024.02.29-22.35.09:922][  0]LogConfig: Setting CVar [[r.RefractionQuality:2]]
[2024.02.29-22.35.09:922][  0]LogConfig: Setting CVar [[r.SSR.Quality:3]]
[2024.02.29-22.35.09:922][  0]LogConfig: Setting CVar [[r.SSR.HalfResSceneColor:0]]
[2024.02.29-22.35.09:922][  0]LogConfig: Setting CVar [[r.SceneColorFormat:4]]
[2024.02.29-22.35.09:922][  0]LogConfig: Setting CVar [[r.DetailMode:2]]
[2024.02.29-22.35.09:922][  0]LogConfig: Setting CVar [[r.TranslucencyVolumeBlur:1]]
[2024.02.29-22.35.09:922][  0]LogConfig: Setting CVar [[r.MaterialQualityLevel:1 ; High quality]]
[2024.02.29-22.35.09:922][  0]LogConfig: Setting CVar [[r.AnisotropicMaterials:1]]
[2024.02.29-22.35.09:922][  0]LogConfig: Setting CVar [[r.SSS.Scale:1]]
[2024.02.29-22.35.09:922][  0]LogConfig: Setting CVar [[r.SSS.SampleSet:2]]
[2024.02.29-22.35.09:922][  0]LogConfig: Setting CVar [[r.SSS.Quality:1]]
[2024.02.29-22.35.09:922][  0]LogConfig: Setting CVar [[r.SSS.HalfRes:0]]
[2024.02.29-22.35.09:922][  0]LogConfig: Setting CVar [[r.SSGI.Quality:3]]
[2024.02.29-22.35.09:922][  0]LogConfig: Setting CVar [[r.EmitterSpawnRateScale:1.0]]
[2024.02.29-22.35.09:922][  0]LogConfig: Setting CVar [[r.ParticleLightQuality:2]]
[2024.02.29-22.35.09:922][  0]LogConfig: Setting CVar [[r.SkyAtmosphere.AerialPerspectiveLUT.FastApplyOnOpaque:1 ; Always have FastSkyLUT 1 in this case to avoid wrong sky]]
[2024.02.29-22.35.09:922][  0]LogConfig: Setting CVar [[r.SkyAtmosphere.AerialPerspectiveLUT.SampleCountMaxPerSlice:4]]
[2024.02.29-22.35.09:922][  0]LogConfig: Setting CVar [[r.SkyAtmosphere.AerialPerspectiveLUT.DepthResolution:16.0]]
[2024.02.29-22.35.09:922][  0]LogConfig: Setting CVar [[r.SkyAtmosphere.FastSkyLUT:1]]
[2024.02.29-22.35.09:922][  0]LogConfig: Setting CVar [[r.SkyAtmosphere.FastSkyLUT.SampleCountMin:4.0]]
[2024.02.29-22.35.09:922][  0]LogConfig: Setting CVar [[r.SkyAtmosphere.FastSkyLUT.SampleCountMax:128.0]]
[2024.02.29-22.35.09:922][  0]LogConfig: Setting CVar [[r.SkyAtmosphere.SampleCountMin:4.0]]
[2024.02.29-22.35.09:922][  0]LogConfig: Setting CVar [[r.SkyAtmosphere.SampleCountMax:128.0]]
[2024.02.29-22.35.09:922][  0]LogConfig: Setting CVar [[r.SkyAtmosphere.TransmittanceLUT.UseSmallFormat:0]]
[2024.02.29-22.35.09:922][  0]LogConfig: Setting CVar [[r.SkyAtmosphere.TransmittanceLUT.SampleCount:10.0]]
[2024.02.29-22.35.09:922][  0]LogConfig: Setting CVar [[r.SkyAtmosphere.MultiScatteringLUT.SampleCount:15.0]]
[2024.02.29-22.35.09:922][  0]LogConfig: Setting CVar [[r.SkyLight.RealTimeReflectionCapture:1]]
[2024.02.29-22.35.09:922][  0]LogConfig: Applying CVar settings from Section [FoliageQuality@3] File [C:/Users/Long/OneDrive/Desktop/UnrealProject/Unreal Engine 4/Crit_A_Mole/Saved/Config/Windows/Scalability.ini]
[2024.02.29-22.35.09:922][  0]LogConfig: Setting CVar [[foliage.DensityScale:1.0]]
[2024.02.29-22.35.09:922][  0]LogConfig: Setting CVar [[grass.DensityScale:1.0]]
[2024.02.29-22.35.09:922][  0]LogConfig: Applying CVar settings from Section [ShadingQuality@3] File [C:/Users/Long/OneDrive/Desktop/UnrealProject/Unreal Engine 4/Crit_A_Mole/Saved/Config/Windows/Scalability.ini]
[2024.02.29-22.35.09:922][  0]LogConfig: Setting CVar [[r.HairStrands.SkyLighting.IntegrationType:2]]
[2024.02.29-22.35.09:922][  0]LogConfig: Setting CVar [[r.HairStrands.SkyAO.SampleCount:4]]
[2024.02.29-22.35.09:922][  0]LogConfig: Setting CVar [[r.HairStrands.Visibility.MSAA.SamplePerPixel:4]]
[2024.02.29-22.35.09:922][  0]LogInit: Selected Device Profile: [Windows]
[2024.02.29-22.35.09:922][  0]LogInit: Applying CVar settings loaded from the selected device profile: [Windows]
[2024.02.29-22.35.09:922][  0]LogHAL: Display: Platform has ~ 32 GB [34269925376 / 34359738368 / 32], which maps to Largest [LargestMinGB=32, LargerMinGB=12, DefaultMinGB=8, SmallerMinGB=6, SmallestMinGB=0)
[2024.02.29-22.35.09:922][  0]LogInit: Going up to parent DeviceProfile []
[2024.02.29-22.35.09:922][  0]LogConfig: Applying CVar settings from Section [ViewDistanceQuality@3] File [C:/Users/Long/OneDrive/Desktop/UnrealProject/Unreal Engine 4/Crit_A_Mole/Saved/Config/Windows/Scalability.ini]
[2024.02.29-22.35.09:922][  0]LogConfig: Setting CVar [[r.SkeletalMeshLODBias:0]]
[2024.02.29-22.35.09:922][  0]LogConfig: Setting CVar [[r.ViewDistanceScale:1.0]]
[2024.02.29-22.35.09:922][  0]LogConfig: Applying CVar settings from Section [AntiAliasingQuality@3] File [C:/Users/Long/OneDrive/Desktop/UnrealProject/Unreal Engine 4/Crit_A_Mole/Saved/Config/Windows/Scalability.ini]
[2024.02.29-22.35.09:922][  0]LogConfig: Setting CVar [[r.PostProcessAAQuality:4]]
[2024.02.29-22.35.09:922][  0]LogConfig: Applying CVar settings from Section [ShadowQuality@3] File [C:/Users/Long/OneDrive/Desktop/UnrealProject/Unreal Engine 4/Crit_A_Mole/Saved/Config/Windows/Scalability.ini]
[2024.02.29-22.35.09:922][  0]LogConfig: Setting CVar [[r.LightFunctionQuality:1]]
[2024.02.29-22.35.09:922][  0]LogConfig: Setting CVar [[r.ShadowQuality:5]]
[2024.02.29-22.35.09:922][  0]LogConfig: Setting CVar [[r.Shadow.CSM.MaxCascades:10]]
[2024.02.29-22.35.09:922][  0]LogConfig: Setting CVar [[r.Shadow.MaxResolution:2048]]
[2024.02.29-22.35.09:922][  0]LogConfig: Setting CVar [[r.Shadow.MaxCSMResolution:2048]]
[2024.02.29-22.35.09:922][  0]LogConfig: Setting CVar [[r.Shadow.RadiusThreshold:0.01]]
[2024.02.29-22.35.09:922][  0]LogConfig: Setting CVar [[r.Shadow.DistanceScale:1.0]]
[2024.02.29-22.35.09:922][  0]LogConfig: Setting CVar [[r.Shadow.CSM.TransitionScale:1.0]]
[2024.02.29-22.35.09:922][  0]LogConfig: Setting CVar [[r.Shadow.PreShadowResolutionFactor:1.0]]
[2024.02.29-22.35.09:922][  0]LogConfig: Setting CVar [[r.DistanceFieldShadowing:1]]
[2024.02.29-22.35.09:922][  0]LogConfig: Setting CVar [[r.DistanceFieldAO:1]]
[2024.02.29-22.35.09:922][  0]LogConfig: Setting CVar [[r.AOQuality:2]]
[2024.02.29-22.35.09:922][  0]LogConfig: Setting CVar [[r.VolumetricFog:1]]
[2024.02.29-22.35.09:922][  0]LogConfig: Setting CVar [[r.VolumetricFog.GridPixelSize:8]]
[2024.02.29-22.35.09:922][  0]LogConfig: Setting CVar [[r.VolumetricFog.GridSizeZ:128]]
[2024.02.29-22.35.09:922][  0]LogConfig: Setting CVar [[r.VolumetricFog.HistoryMissSupersampleCount:4]]
[2024.02.29-22.35.09:922][  0]LogConfig: Setting CVar [[r.LightMaxDrawDistanceScale:1]]
[2024.02.29-22.35.09:922][  0]LogConfig: Setting CVar [[r.CapsuleShadows:1]]
[2024.02.29-22.35.09:922][  0]LogConfig: Applying CVar settings from Section [PostProcessQuality@3] File [C:/Users/Long/OneDrive/Desktop/UnrealProject/Unreal Engine 4/Crit_A_Mole/Saved/Config/Windows/Scalability.ini]
[2024.02.29-22.35.09:922][  0]LogConfig: Setting CVar [[r.MotionBlurQuality:4]]
[2024.02.29-22.35.09:922][  0]LogConfig: Setting CVar [[r.AmbientOcclusionMipLevelFactor:0.4]]
[2024.02.29-22.35.09:922][  0]LogConfig: Setting CVar [[r.AmbientOcclusionMaxQuality:100]]
[2024.02.29-22.35.09:922][  0]LogConfig: Setting CVar [[r.AmbientOcclusionLevels:-1]]
[2024.02.29-22.35.09:922][  0]LogConfig: Setting CVar [[r.AmbientOcclusionRadiusScale:1.0]]
[2024.02.29-22.35.09:922][  0]LogConfig: Setting CVar [[r.DepthOfFieldQuality:2]]
[2024.02.29-22.35.09:922][  0]LogConfig: Setting CVar [[r.RenderTargetPoolMin:400]]
[2024.02.29-22.35.09:922][  0]LogConfig: Setting CVar [[r.LensFlareQuality:2]]
[2024.02.29-22.35.09:922][  0]LogConfig: Setting CVar [[r.SceneColorFringeQuality:1]]
[2024.02.29-22.35.09:922][  0]LogConfig: Setting CVar [[r.EyeAdaptationQuality:2]]
[2024.02.29-22.35.09:922][  0]LogConfig: Setting CVar [[r.BloomQuality:5]]
[2024.02.29-22.35.09:922][  0]LogConfig: Setting CVar [[r.FastBlurThreshold:100]]
[2024.02.29-22.35.09:922][  0]LogConfig: Setting CVar [[r.Upscale.Quality:3]]
[2024.02.29-22.35.09:922][  0]LogConfig: Setting CVar [[r.Tonemapper.GrainQuantization:1]]
[2024.02.29-22.35.09:922][  0]LogConfig: Setting CVar [[r.LightShaftQuality:1]]
[2024.02.29-22.35.09:922][  0]LogConfig: Setting CVar [[r.Filter.SizeScale:1]]
[2024.02.29-22.35.09:922][  0]LogConfig: Setting CVar [[r.Tonemapper.Quality:5]]
[2024.02.29-22.35.09:922][  0]LogConfig: Setting CVar [[r.DOF.Gather.AccumulatorQuality:1        ; higher gathering accumulator quality]]
[2024.02.29-22.35.09:922][  0]LogConfig: Setting CVar [[r.DOF.Gather.PostfilterMethod:1          ; Median3x3 postfilering method]]
[2024.02.29-22.35.09:922][  0]LogConfig: Setting CVar [[r.DOF.Gather.EnableBokehSettings:0       ; no bokeh simulation when gathering]]
[2024.02.29-22.35.09:922][  0]LogConfig: Setting CVar [[r.DOF.Gather.RingCount:4                 ; medium number of samples when gathering]]
[2024.02.29-22.35.09:922][  0]LogConfig: Setting CVar [[r.DOF.Scatter.ForegroundCompositing:1    ; additive foreground scattering]]
[2024.02.29-22.35.09:922][  0]LogConfig: Setting CVar [[r.DOF.Scatter.BackgroundCompositing:2    ; additive background scattering]]
[2024.02.29-22.35.09:922][  0]LogConfig: Setting CVar [[r.DOF.Scatter.EnableBokehSettings:1      ; bokeh simulation when scattering]]
[2024.02.29-22.35.09:922][  0]LogConfig: Setting CVar [[r.DOF.Scatter.MaxSpriteRatio:0.1         ; only a maximum of 10% of scattered bokeh]]
[2024.02.29-22.35.09:922][  0]LogConfig: Setting CVar [[r.DOF.Recombine.Quality:1                ; cheap slight out of focus]]
[2024.02.29-22.35.09:922][  0]LogConfig: Setting CVar [[r.DOF.Recombine.EnableBokehSettings:0    ; no bokeh simulation on slight out of focus]]
[2024.02.29-22.35.09:922][  0]LogConfig: Setting CVar [[r.DOF.TemporalAAQuality:1                ; more stable temporal accumulation]]
[2024.02.29-22.35.09:922][  0]LogConfig: Setting CVar [[r.DOF.Kernel.MaxForegroundRadius:0.025]]
[2024.02.29-22.35.09:922][  0]LogConfig: Setting CVar [[r.DOF.Kernel.MaxBackgroundRadius:0.025]]
[2024.02.29-22.35.09:922][  0]LogConfig: Applying CVar settings from Section [TextureQuality@3] File [C:/Users/Long/OneDrive/Desktop/UnrealProject/Unreal Engine 4/Crit_A_Mole/Saved/Config/Windows/Scalability.ini]
[2024.02.29-22.35.09:922][  0]LogConfig: Setting CVar [[r.Streaming.MipBias:0]]
[2024.02.29-22.35.09:922][  0]LogConfig: Setting CVar [[r.Streaming.AmortizeCPUToGPUCopy:0]]
[2024.02.29-22.35.09:922][  0]LogConfig: Setting CVar [[r.Streaming.MaxNumTexturesToStreamPerFrame:0]]
[2024.02.29-22.35.09:922][  0]LogConfig: Setting CVar [[r.Streaming.Boost:1]]
[2024.02.29-22.35.09:922][  0]LogConfig: Setting CVar [[r.MaxAnisotropy:8]]
[2024.02.29-22.35.09:922][  0]LogConfig: Setting CVar [[r.VT.MaxAnisotropy:8]]
[2024.02.29-22.35.09:922][  0]LogConfig: Setting CVar [[r.Streaming.LimitPoolSizeToVRAM:0]]
[2024.02.29-22.35.09:922][  0]LogConfig: Setting CVar [[r.Streaming.PoolSize:1000]]
[2024.02.29-22.35.09:922][  0]LogConfig: Setting CVar [[r.Streaming.MaxEffectiveScreenSize:0]]
[2024.02.29-22.35.09:922][  0]LogConfig: Applying CVar settings from Section [EffectsQuality@3] File [C:/Users/Long/OneDrive/Desktop/UnrealProject/Unreal Engine 4/Crit_A_Mole/Saved/Config/Windows/Scalability.ini]
[2024.02.29-22.35.09:922][  0]LogConfig: Setting CVar [[r.TranslucencyLightingVolumeDim:64]]
[2024.02.29-22.35.09:922][  0]LogConfig: Setting CVar [[r.RefractionQuality:2]]
[2024.02.29-22.35.09:922][  0]LogConfig: Setting CVar [[r.SSR.Quality:3]]
[2024.02.29-22.35.09:922][  0]LogConfig: Setting CVar [[r.SSR.HalfResSceneColor:0]]
[2024.02.29-22.35.09:922][  0]LogConfig: Setting CVar [[r.SceneColorFormat:4]]
[2024.02.29-22.35.09:922][  0]LogConfig: Setting CVar [[r.DetailMode:2]]
[2024.02.29-22.35.09:922][  0]LogConfig: Setting CVar [[r.TranslucencyVolumeBlur:1]]
[2024.02.29-22.35.09:922][  0]LogConfig: Setting CVar [[r.MaterialQualityLevel:1 ; High quality]]
[2024.02.29-22.35.09:922][  0]LogConfig: Setting CVar [[r.AnisotropicMaterials:1]]
[2024.02.29-22.35.09:922][  0]LogConfig: Setting CVar [[r.SSS.Scale:1]]
[2024.02.29-22.35.09:922][  0]LogConfig: Setting CVar [[r.SSS.SampleSet:2]]
[2024.02.29-22.35.09:922][  0]LogConfig: Setting CVar [[r.SSS.Quality:1]]
[2024.02.29-22.35.09:922][  0]LogConfig: Setting CVar [[r.SSS.HalfRes:0]]
[2024.02.29-22.35.09:922][  0]LogConfig: Setting CVar [[r.SSGI.Quality:3]]
[2024.02.29-22.35.09:922][  0]LogConfig: Setting CVar [[r.EmitterSpawnRateScale:1.0]]
[2024.02.29-22.35.09:922][  0]LogConfig: Setting CVar [[r.ParticleLightQuality:2]]
[2024.02.29-22.35.09:922][  0]LogConfig: Setting CVar [[r.SkyAtmosphere.AerialPerspectiveLUT.FastApplyOnOpaque:1 ; Always have FastSkyLUT 1 in this case to avoid wrong sky]]
[2024.02.29-22.35.09:922][  0]LogConfig: Setting CVar [[r.SkyAtmosphere.AerialPerspectiveLUT.SampleCountMaxPerSlice:4]]
[2024.02.29-22.35.09:922][  0]LogConfig: Setting CVar [[r.SkyAtmosphere.AerialPerspectiveLUT.DepthResolution:16.0]]
[2024.02.29-22.35.09:922][  0]LogConfig: Setting CVar [[r.SkyAtmosphere.FastSkyLUT:1]]
[2024.02.29-22.35.09:922][  0]LogConfig: Setting CVar [[r.SkyAtmosphere.FastSkyLUT.SampleCountMin:4.0]]
[2024.02.29-22.35.09:922][  0]LogConfig: Setting CVar [[r.SkyAtmosphere.FastSkyLUT.SampleCountMax:128.0]]
[2024.02.29-22.35.09:922][  0]LogConfig: Setting CVar [[r.SkyAtmosphere.SampleCountMin:4.0]]
[2024.02.29-22.35.09:922][  0]LogConfig: Setting CVar [[r.SkyAtmosphere.SampleCountMax:128.0]]
[2024.02.29-22.35.09:922][  0]LogConfig: Setting CVar [[r.SkyAtmosphere.TransmittanceLUT.UseSmallFormat:0]]
[2024.02.29-22.35.09:922][  0]LogConfig: Setting CVar [[r.SkyAtmosphere.TransmittanceLUT.SampleCount:10.0]]
[2024.02.29-22.35.09:922][  0]LogConfig: Setting CVar [[r.SkyAtmosphere.MultiScatteringLUT.SampleCount:15.0]]
[2024.02.29-22.35.09:922][  0]LogConfig: Setting CVar [[r.SkyLight.RealTimeReflectionCapture:1]]
[2024.02.29-22.35.09:922][  0]LogConfig: Applying CVar settings from Section [FoliageQuality@3] File [C:/Users/Long/OneDrive/Desktop/UnrealProject/Unreal Engine 4/Crit_A_Mole/Saved/Config/Windows/Scalability.ini]
[2024.02.29-22.35.09:922][  0]LogConfig: Setting CVar [[foliage.DensityScale:1.0]]
[2024.02.29-22.35.09:922][  0]LogConfig: Setting CVar [[grass.DensityScale:1.0]]
[2024.02.29-22.35.09:922][  0]LogConfig: Applying CVar settings from Section [ShadingQuality@3] File [C:/Users/Long/OneDrive/Desktop/UnrealProject/Unreal Engine 4/Crit_A_Mole/Saved/Config/Windows/Scalability.ini]
[2024.02.29-22.35.09:922][  0]LogConfig: Setting CVar [[r.HairStrands.SkyLighting.IntegrationType:2]]
[2024.02.29-22.35.09:922][  0]LogConfig: Setting CVar [[r.HairStrands.SkyAO.SampleCount:4]]
[2024.02.29-22.35.09:922][  0]LogConfig: Setting CVar [[r.HairStrands.Visibility.MSAA.SamplePerPixel:4]]
[2024.02.29-22.35.09:922][  0]LogConfig: Applying CVar settings from Section [Startup] File [../../../Engine/Config/ConsoleVariables.ini]
[2024.02.29-22.35.09:923][  0]LogConfig: Setting CVar [[net.UseAdaptiveNetUpdateFrequency:0]]
[2024.02.29-22.35.09:923][  0]LogConfig: Setting CVar [[p.chaos.AllowCreatePhysxBodies:1]]
[2024.02.29-22.35.09:923][  0]LogConfig: Setting CVar [[fx.SkipVectorVMBackendOptimizations:1]]
[2024.02.29-22.35.09:923][  0]LogConfig: Applying CVar settings from Section [ConsoleVariables] File [C:/Users/Long/OneDrive/Desktop/UnrealProject/Unreal Engine 4/Crit_A_Mole/Saved/Config/Windows/Engine.ini]
[2024.02.29-22.35.09:923][  0]LogConfig: Applying CVar settings from Section [ConsoleVariables] File [C:/Users/Long/OneDrive/Desktop/UnrealProject/Unreal Engine 4/Crit_A_Mole/Saved/Config/Windows/Editor.ini]
[2024.02.29-22.35.09:923][  0]LogInit: Computer: DESKTOP-H18OBMC
[2024.02.29-22.35.09:923][  0]LogInit: User: Long
[2024.02.29-22.35.09:923][  0]LogInit: CPU Page size=4096, Cores=6
[2024.02.29-22.35.09:923][  0]LogInit: High frequency timer resolution =10.000000 MHz
[2024.02.29-22.35.09:923][  0]LogMemory: Memory total: Physical=31.9GB (32GB approx)
[2024.02.29-22.35.09:923][  0]LogMemory: Platform Memory Stats for Windows
[2024.02.29-22.35.09:923][  0]LogMemory: Process Physical Memory: 145.79 MB used, 145.79 MB peak
[2024.02.29-22.35.09:923][  0]LogMemory: Process Virtual Memory: 131.94 MB used, 131.94 MB peak
[2024.02.29-22.35.09:923][  0]LogMemory: Physical Memory: 14832.64 MB used,  17849.71 MB free, 32682.35 MB total
[2024.02.29-22.35.09:923][  0]LogMemory: Virtual Memory: 134205928.00 MB used,  11800.45 MB free, 134217728.00 MB total
[2024.02.29-22.35.09:927][  0]LogWindows: WindowsPlatformFeatures enabled
[2024.02.29-22.35.09:961][  0]LogInit: Physics initialised using underlying interface: PhysX
[2024.02.29-22.35.09:961][  0]LogInit: Using OS detected language (en-US).
[2024.02.29-22.35.09:961][  0]LogInit: Using OS detected locale (en-US).
[2024.02.29-22.35.09:963][  0]LogTextLocalizationManager: No specific localization for 'en-US' exists, so the 'en' localization will be used.
[2024.02.29-22.35.10:141][  0]LogInit: Setting process to per monitor DPI aware
[2024.02.29-22.35.10:162][  0]LogWindowsTextInputMethodSystem: Display: IME system deactivated.
[2024.02.29-22.35.10:176][  0]LogSlate: New Slate User Created.  User Index 0, Is Virtual User: 0
[2024.02.29-22.35.10:176][  0]LogSlate: Slate User Registered.  User Index 0, Is Virtual User: 0
[2024.02.29-22.35.10:282][  0]LogD3D11RHI: Loaded GFSDK_Aftermath_Lib.x64.dll
[2024.02.29-22.35.10:286][  0]LogHMD: Failed to initialize OpenVR with code 110
[2024.02.29-22.35.10:286][  0]LogD3D11RHI: D3D11 min allowed feature level: 11_0
[2024.02.29-22.35.10:286][  0]LogD3D11RHI: D3D11 max allowed feature level: 11_0
[2024.02.29-22.35.10:286][  0]LogD3D11RHI: D3D11 adapters:
[2024.02.29-22.35.10:386][  0]LogD3D11RHI:    0. 'NVIDIA GeForce RTX 3060 Ti' (Feature Level 11_0)
[2024.02.29-22.35.10:386][  0]LogD3D11RHI:       8024/0/16341 MB DedicatedVideo/DedicatedSystem/SharedSystem, Outputs:3, VendorId:0x10de
[2024.02.29-22.35.10:388][  0]LogD3D11RHI:    1. 'Microsoft Basic Render Driver' (Feature Level 11_0)
[2024.02.29-22.35.10:388][  0]LogD3D11RHI:       0/0/16341 MB DedicatedVideo/DedicatedSystem/SharedSystem, Outputs:0, VendorId:0x1414
[2024.02.29-22.35.10:388][  0]LogD3D11RHI: Chosen D3D11 Adapter:
[2024.02.29-22.35.10:388][  0]LogD3D11RHI:     Description : NVIDIA GeForce RTX 3060 Ti
[2024.02.29-22.35.10:388][  0]LogD3D11RHI:     VendorId    : 10de
[2024.02.29-22.35.10:388][  0]LogD3D11RHI:     DeviceId    : 2489
[2024.02.29-22.35.10:388][  0]LogD3D11RHI:     SubSysId    : 88291043
[2024.02.29-22.35.10:388][  0]LogD3D11RHI:     Revision    : 00a1
[2024.02.29-22.35.10:388][  0]LogD3D11RHI:     DedicatedVideoMemory : 8413773824 bytes
[2024.02.29-22.35.10:388][  0]LogD3D11RHI:     DedicatedSystemMemory : 0 bytes
[2024.02.29-22.35.10:388][  0]LogD3D11RHI:     SharedSystemMemory : 17134962688 bytes
[2024.02.29-22.35.10:388][  0]LogD3D11RHI:     AdapterLuid : 0 58129
[2024.02.29-22.35.10:396][  0]LogD3D11RHI: Creating new Direct3DDevice
[2024.02.29-22.35.10:396][  0]LogD3D11RHI:     GPU DeviceId: 0x2489 (for the marketing name, search the web for "GPU Device Id")
[2024.02.29-22.35.10:396][  0]LogWindows: EnumDisplayDevices:
[2024.02.29-22.35.10:396][  0]LogWindows:    0. 'NVIDIA GeForce RTX 3060 Ti' (P:0 D:1)
[2024.02.29-22.35.10:397][  0]LogWindows:    1. 'NVIDIA GeForce RTX 3060 Ti' (P:0 D:1)
[2024.02.29-22.35.10:397][  0]LogWindows:    2. 'NVIDIA GeForce RTX 3060 Ti' (P:1 D:1)
[2024.02.29-22.35.10:397][  0]LogWindows:    3. 'NVIDIA GeForce RTX 3060 Ti' (P:0 D:0)
[2024.02.29-22.35.10:397][  0]LogWindows: DebugString: FoundDriverCount:4 
[2024.02.29-22.35.10:397][  0]LogD3D11RHI:     Adapter Name: NVIDIA GeForce RTX 3060 Ti
[2024.02.29-22.35.10:397][  0]LogD3D11RHI:   Driver Version: 551.52 (internal:31.0.15.5152, unified:551.52)
[2024.02.29-22.35.10:397][  0]LogD3D11RHI:      Driver Date: 2-7-2024
[2024.02.29-22.35.10:397][  0]LogRHI: Texture pool is 5616 MB (70% of 8024 MB)
[2024.02.29-22.35.10:397][  0]LogD3D11RHI: Creating D3DDevice using adapter:
[2024.02.29-22.35.10:397][  0]LogD3D11RHI:     Description : NVIDIA GeForce RTX 3060 Ti
[2024.02.29-22.35.10:397][  0]LogD3D11RHI:     VendorId    : 10de
[2024.02.29-22.35.10:397][  0]LogD3D11RHI:     DeviceId    : 2489
[2024.02.29-22.35.10:397][  0]LogD3D11RHI:     SubSysId    : 88291043
[2024.02.29-22.35.10:397][  0]LogD3D11RHI:     Revision    : 00a1
[2024.02.29-22.35.10:397][  0]LogD3D11RHI:     DedicatedVideoMemory : 8413773824 bytes
[2024.02.29-22.35.10:397][  0]LogD3D11RHI:     DedicatedSystemMemory : 0 bytes
[2024.02.29-22.35.10:397][  0]LogD3D11RHI:     SharedSystemMemory : 17134962688 bytes
[2024.02.29-22.35.10:397][  0]LogD3D11RHI:     AdapterLuid : 0 58129
[2024.02.29-22.35.10:459][  0]LogD3D11RHI: RHI has support for 64 bit atomics
[2024.02.29-22.35.10:459][  0]LogD3D11RHI: Async texture creation enabled
[2024.02.29-22.35.10:459][  0]LogD3D11RHI: Array index from any shader is supported
[2024.02.29-22.35.10:491][  0]LogD3D11RHI: GPU Timing Frequency: 1000.000000 (Debug: 2 2)
[2024.02.29-22.35.10:511][  0]LogRHI: GeForceNow SDK initialized: 1
[2024.02.29-22.35.10:722][  0]LogTargetPlatformManager: Display: Loaded TargetPlatform 'AllDesktop'
[2024.02.29-22.35.10:737][  0]LogTargetPlatformManager: Display: Loaded TargetPlatform 'Android'
[2024.02.29-22.35.10:737][  0]LogTargetPlatformManager: Display: Loaded TargetPlatform 'Android_ASTC'
[2024.02.29-22.35.10:737][  0]LogTargetPlatformManager: Display: Loaded TargetPlatform 'Android_DXT'
[2024.02.29-22.35.10:737][  0]LogTargetPlatformManager: Display: Loaded TargetPlatform 'Android_ETC2'
[2024.02.29-22.35.10:737][  0]LogTargetPlatformManager: Display: Loaded TargetPlatform 'AndroidClient'
[2024.02.29-22.35.10:737][  0]LogTargetPlatformManager: Display: Loaded TargetPlatform 'Android_ASTCClient'
[2024.02.29-22.35.10:737][  0]LogTargetPlatformManager: Display: Loaded TargetPlatform 'Android_DXTClient'
[2024.02.29-22.35.10:737][  0]LogTargetPlatformManager: Display: Loaded TargetPlatform 'Android_ETC2Client'
[2024.02.29-22.35.10:737][  0]LogTargetPlatformManager: Display: Loaded TargetPlatform 'Android_Multi'
[2024.02.29-22.35.10:737][  0]LogTargetPlatformManager: Display: Loaded TargetPlatform 'Android_MultiClient'
[2024.02.29-22.35.10:751][  0]LogTargetPlatformManager: Display: Loaded TargetPlatform 'IOSClient'
[2024.02.29-22.35.10:751][  0]LogTargetPlatformManager: Display: Loaded TargetPlatform 'IOS'
[2024.02.29-22.35.10:758][  0]LogTargetPlatformManager: Display: Loaded TargetPlatform 'Linux'
[2024.02.29-22.35.10:761][  0]LogTargetPlatformManager: Display: Loaded TargetPlatform 'LinuxNoEditor'
[2024.02.29-22.35.10:765][  0]LogTargetPlatformManager: Display: Loaded TargetPlatform 'LinuxClient'
[2024.02.29-22.35.10:768][  0]LogTargetPlatformManager: Display: Loaded TargetPlatform 'LinuxServer'
[2024.02.29-22.35.10:774][  0]LogTargetPlatformManager: Display: Loaded TargetPlatform 'LinuxAArch64NoEditor'
[2024.02.29-22.35.10:777][  0]LogTargetPlatformManager: Display: Loaded TargetPlatform 'LinuxAArch64Client'
[2024.02.29-22.35.10:781][  0]LogTargetPlatformManager: Display: Loaded TargetPlatform 'LinuxAArch64Server'
[2024.02.29-22.35.10:798][  0]LogTargetPlatformManager: Display: Loaded TargetPlatform 'Lumin'
[2024.02.29-22.35.10:799][  0]LogTargetPlatformManager: Display: Loaded TargetPlatform 'LuminClient'
[2024.02.29-22.35.10:806][  0]LogTargetPlatformManager: Display: Loaded TargetPlatform 'MacNoEditor'
[2024.02.29-22.35.10:810][  0]LogTargetPlatformManager: Display: Loaded TargetPlatform 'Mac'
[2024.02.29-22.35.10:814][  0]LogTargetPlatformManager: Display: Loaded TargetPlatform 'MacClient'
[2024.02.29-22.35.10:818][  0]LogTargetPlatformManager: Display: Loaded TargetPlatform 'MacServer'
[2024.02.29-22.35.10:827][  0]LogTargetPlatformManager: Display: Loaded TargetPlatform 'TVOSClient'
[2024.02.29-22.35.10:827][  0]LogTargetPlatformManager: Display: Loaded TargetPlatform 'TVOS'
[2024.02.29-22.35.10:833][  0]LogTargetPlatformManager: Display: Loaded TargetPlatform 'WindowsNoEditor'
[2024.02.29-22.35.10:837][  0]LogTargetPlatformManager: Display: Loaded TargetPlatform 'Windows'
[2024.02.29-22.35.10:840][  0]LogTargetPlatformManager: Display: Loaded TargetPlatform 'WindowsClient'
[2024.02.29-22.35.10:843][  0]LogTargetPlatformManager: Display: Loaded TargetPlatform 'WindowsServer'
[2024.02.29-22.35.10:843][  0]LogTargetPlatformManager: Display: Building Assets For Windows
[2024.02.29-22.35.10:849][  0]LogAudioDebug: Display: Lib vorbis DLL was dynamically loaded.
[2024.02.29-22.35.10:872][  0]LogTextureFormatOodle: Display: Oodle Texture 2.9.0 init RDO Off
[2024.02.29-22.35.10:896][  0]LogRendererCore: Ray tracing is disabled. Reason: r.RayTracing=0.
[2024.02.29-22.35.10:896][  0]LogShaderCompilers: Guid format shader working directory is -43 characters bigger than the processId version (../../../../../../Users/Long/OneDrive/Desktop/UnrealProject/Unreal Engine 4/Crit_A_Mole/Intermediate/Shaders/WorkingDirectory/30508/).
[2024.02.29-22.35.10:896][  0]LogShaderCompilers: Cleaned the shader compiler working directory 'C:/Users/Long/AppData/Local/Temp/UnrealShaderWorkingDir/D289C47B46C186A425246E951D7534E1/'.
[2024.02.29-22.35.10:896][  0]LogXGEController: Cannot use XGE Controller as Incredibuild is not installed on this machine.
[2024.02.29-22.35.10:896][  0]LogShaderCompilers: Cannot use XGE Shader Compiler as Incredibuild is not installed on this machine.
[2024.02.29-22.35.10:896][  0]LogShaderCompilers: Display: Using Local Shader Compiler.
[2024.02.29-22.35.11:470][  0]LogDerivedDataCache: Display: Max Cache Size: 512 MB
[2024.02.29-22.35.11:514][  0]LogDerivedDataCache: Loaded boot cache 0.04s 94MB C:/Users/Long/AppData/Local/UnrealEngine/4.27/DerivedDataCache/Boot.ddc.
[2024.02.29-22.35.11:514][  0]LogDerivedDataCache: Display: Loaded Boot cache: C:/Users/Long/AppData/Local/UnrealEngine/4.27/DerivedDataCache/Boot.ddc
[2024.02.29-22.35.11:514][  0]LogDerivedDataCache: FDerivedDataBackendGraph:  Pak pak cache file ../../../../../../Users/Long/OneDrive/Desktop/UnrealProject/Unreal Engine 4/Crit_A_Mole/DerivedDataCache/DDC.ddp not found, will not use a pak cache.
[2024.02.29-22.35.11:514][  0]LogDerivedDataCache: Unable to find inner node Pak for hierarchical cache Hierarchy.
[2024.02.29-22.35.11:514][  0]LogDerivedDataCache: FDerivedDataBackendGraph:  CompressedPak pak cache file ../../../../../../Users/Long/OneDrive/Desktop/UnrealProject/Unreal Engine 4/Crit_A_Mole/DerivedDataCache/Compressed.ddp not found, will not use a pak cache.
[2024.02.29-22.35.11:514][  0]LogDerivedDataCache: Unable to find inner node CompressedPak for hierarchical cache Hierarchy.
[2024.02.29-22.35.11:530][  0]LogDerivedDataCache: Display: Pak cache opened for reading ../../../Engine/DerivedDataCache/Compressed.ddp.
[2024.02.29-22.35.11:530][  0]LogDerivedDataCache: FDerivedDataBackendGraph:  EnterprisePak pak cache file ../../../Enterprise/DerivedDataCache/Compressed.ddp not found, will not use a pak cache.
[2024.02.29-22.35.11:530][  0]LogDerivedDataCache: Unable to find inner node EnterprisePak for hierarchical cache Hierarchy.
[2024.02.29-22.35.11:535][  0]LogDerivedDataCache: Speed tests for C:/Users/Long/AppData/Local/UnrealEngine/Common/DerivedDataCache took 0.01 seconds
[2024.02.29-22.35.11:535][  0]LogDerivedDataCache: Display: Performance to C:/Users/Long/AppData/Local/UnrealEngine/Common/DerivedDataCache: Latency=0.02ms. RandomReadSpeed=1843.52MBs, RandomWriteSpeed=197.13MBs. Assigned SpeedClass 'Local'
[2024.02.29-22.35.11:536][  0]LogDerivedDataCache: Using Local data cache path C:/Users/Long/AppData/Local/UnrealEngine/Common/DerivedDataCache: Writable
[2024.02.29-22.35.11:536][  0]LogDerivedDataCache: Shared data cache path not found in *engine.ini, will not use an Shared cache.
[2024.02.29-22.35.11:536][  0]LogDerivedDataCache: Unable to find inner node Shared for hierarchical cache Hierarchy.
[2024.02.29-22.35.11:573][  0]LogSlate: Using FreeType 2.10.0
[2024.02.29-22.35.11:573][  0]LogSlate: SlateFontServices - WITH_FREETYPE: 1, WITH_HARFBUZZ: 1
[2024.02.29-22.35.11:592][  0]LogAssetRegistry: FAssetRegistry took 0.0028 seconds to start up
[2024.02.29-22.35.11:814][  0]LogInit: Selected Device Profile: [Windows]
[2024.02.29-22.35.11:814][  0]LogInit: Active device profile: [000001A20B995100][000001A20C5754C0 49] Windows
[2024.02.29-22.35.11:814][  0]LogInit: Profiles: [000001A20B995100][000001A20C5754C0 49] Windows, [000001A20B986700][000001A20C57D780 49] WindowsNoEditor, [000001A20B996200][000001A20C581A40 49] WindowsServer, [000001A20B985900][000001A20C584180 49] WindowsClient, [000001A20B995700][000001A20C588440 49] IOS, [000001A20B986900][000001A20C58C700 49] iPadAir, [000001A20B997C00][000001A20C5909C0 49] iPadAir2, [000001A20B939400][000001A20C5A0E80 49] IPadPro, [000001A20B939500][000001A20C578EC0 49] iPadAir3, [000001A20B987A00][000001A20C59D180 49] iPadAir4, [000001A20B93A300][000001A20C599440 49] iPadMini2, [000001A20B987100][000001A20C5A5700 49] iPadMini3, [000001A20B93AF00][000001A20C5A99C0 49] iPadMini4, [000001A20B985D00][000001A20C5AC100 49] iPadMini5, [000001A20B951000][000001A20C5C0640 49] iPhone6, [000001A20B951100][000001A20C5B0680 49] iPodTouch6, [000001A20B997900][000001A20C5C8BC0 49] iPhone7, [000001A20B996900][000001A20C5B8C00 49] iPodTouch7, [000001A20B939000][000001A20C594E80 49] iPhone5S, [000001A20B996F00][000001A20C5BD100 49] iPhone6Plus, [000001A20B93B600][000001A20C5C53C0 49] iPhone6S, [000001A20B994C00][000001A20C5CD680 49] iPhone6SPlus, [000001A20B995D00][000001A20C5D1940 49] iPhone7Plus, [000001A20B950800][000001A20C5D5C00 49] iPhoneSE, [000001A20B994400][000001A20C5D8340 49] iPhone8, [000001A20B950900][000001A20C436600 49] iPhone8Plus, [000001A20B952E00][000001A20C43A8C0 49] iPhoneX, [000001A20B939D00][000001A20C43EB80 49] iPhoneXS, [000001A20B952700][000001A20C442E40 49] iPhoneXSMax, [000001A20B939C00][000001A20C5B50C0 49] iPhoneXR, [000001A20B952800][000001A20C447340 49] iPhone11, [000001A20B938F00][000001A20C44F600 49] iPhone11Pro, [000001A20B950B00][000001A20C4538C0 49] iPhone11ProMax, [000001A20B938C00][000001A20C457B80 49] iPhoneSE2, [000001A20B950E00][000001A20C45A2C0 49] iPhone12Mini, [000001A20B997800][000001A20C45E580 49] iPhone12, [000001A20B953100][000001A20C462840 49] iPhone12Pro, [000001A20B997700][000001A20C466B00 49] iPhone12ProMax, [000001A20B951E00][000001A20C46ADC0 49] iPadPro105, [000001A20B995400][000001A20C46F080 49] iPadPro129, [000001A20B953E00][000001A20C44B300 49] iPadPro97, [000001A20B996800][000001A20C473580 49] iPadPro2_129, [000001A20B952000][000001A20C47B840 49] iPad5, [000001A20B996300][000001A20C47FB00 49] iPad6, [000001A20B953B00][000001A20C482240 49] iPad7, [000001A20B995E00][000001A20C486500 49] iPad8, [000001A20B950A00][000001A20C48A7C0 49] iPadPro11, [000001A20B997E00][000001A20C48EA80 49] iPadPro2_11, [000001A20B951800][000001A20C492D40 49] iPadPro3_129, [000001A20B996700][000001A20C497000 49] iPadPro4_129, [000001A20B950100][000001A20C49B2C0 49] AppleTV, [000001A20B997F00][000001A20C477540 49] AppleTV4K, [000001A20B952400][000001A20C49F7C0 49] TVOS, [000001A20B994100][000001A20C4A7A80 49] Mac, [000001A20B951D00][000001A20C4AA1C0 49] MacClient, [000001A20B996A00][000001A20C4AE480 49] MacNoEditor, [000001A20B953A00][000001A20C4B2740 49] MacServer, [000001A20B996000][000001A20C4B6A00 49] Linux, [000001A20B951600][000001A20C4BACC0 49] LinuxAArch64, [000001A20B994800][000001A20C4BEF80 49] LinuxNoEditor, [000001A20B950C00][000001A20C4C3240 49] LinuxAArch64NoEditor, [000001A20B997B00][000001A20C4C7500 49] LinuxClient, [000001A20B953400][000001A20C4A3780 49] LinuxAArch64Client, [000001A20B997A00][000001A20C4CFA40 49] LinuxServer, [000001A20B950700][000001A20C4D2180 49] LinuxAArch64Server, [000001A20B996D00][000001A20C4D6440 49] Android, [000001A20B952A00][000001A20C4DA700 49] Android_Low, [000001A20B995F00][000001A20C4DE9C0 49] Android_Mid, [000001A20B951F00][000001A20C4E2C80 49] Android_High, [000001A20B995900][000001A20C4E6F40 49] Android_Default, [000001A20B953C00][000001A20C4EB200 49] Android_Adreno4xx, [000001A20B997600][000001A20C4EF4C0 49] Android_Adreno5xx_Low, [000001A20B953200][000001A20C4CB740 49] Android_Adreno5xx, [000001A20B995000][000001A20C4F39C0 49] Android_Adreno6xx, [000001A20B952500][000001A20C4FA100 49] Android_Adreno6xx_Vulkan, [000001A20B994A00][000001A20C4FE3C0 49] Android_Mali_T6xx, [000001A20B952900][000001A20C502680 49] Android_Mali_T7xx, [000001A20B997D00][000001A20C506940 49] Android_Mali_T8xx, [000001A20B952D00][000001A20C50AC00 49] Android_Mali_G71, [000001A20B93B100][000001A202856EC0 49] Android_Mali_G72, [000001A20B986F00][000001A20285B180 49] Android_Mali_G72_Vulkan, [000001A20B93AB00][000001A20285F440 49] Android_Mali_G76, [000001A20B984500][000001A202863700 49] Android_Mali_G76_Vulkan, [000001A20B93A600][000001A20C4F7980 49] Android_Mali_G77, [000001A20B987E00][000001A202867C00 49] Android_Mali_G77_Vulkan, [000001A20B93A400][000001A20286E340 49] Android_Mali_G78, [000001A20B984D00][000001A202872600 49] Android_Mali_G78_Vulkan, [000001A20B93B500][000001A2028768C0 49] Android_Mali_G710, [000001A20B986B00][000001A20287AB80 49] Android_Mali_G710_Vulkan, [000001A20B93BE00][000001A20287EE40 49] Android_Vulkan_SM5, [000001A20B985A00][000001A202883100 49] Android_PowerVR_G6xxx, [000001A20B938500][000001A2028873C0 49] Android_PowerVR_GT7xxx, [000001A20B984200][000001A20288B680 49] Android_PowerVR_GE8xxx, [000001A20B93BB00][000001A20288F940 49] Android_PowerVR_GM9xxx, [000001A20B986100][000001A20286BBC0 49] Android_PowerVR_GM9xxx_Vulkan, [000001A20B939F00][000001A2028922C0 49] Android_TegraK1, [000001A20B984A00][000001A20289A580 49] Android_Unknown_Vulkan, [000001A20B93B900][000001A20289E840 49] Lumin, [000001A20B985200][000001A2028A2B00 49] Lumin_Desktop, [000001A20B939E00][000001A2028A6DC0 49] HoloLens, 
[2024.02.29-22.35.11:907][  0]LogMeshReduction: Using QuadricMeshReduction for automatic static mesh reduction
[2024.02.29-22.35.11:907][  0]LogMeshReduction: Using SimplygonMeshReduction for automatic skeletal mesh reduction
[2024.02.29-22.35.11:907][  0]LogMeshReduction: Using ProxyLODMeshReduction for automatic mesh merging
[2024.02.29-22.35.11:907][  0]LogMeshReduction: No distributed automatic mesh merging module available
[2024.02.29-22.35.11:907][  0]LogMeshMerging: No distributed automatic mesh merging module available
[2024.02.29-22.35.11:920][  0]LogNetVersion: Crit_A_Mole 1.0.0, NetCL: 17155196, EngineNetVer: 17, GameNetVer: 0 (Checksum: 1445553777)
[2024.02.29-22.35.12:212][  0]LogTexture: Default maximum texture size for cubemaps generated from long-lat sources has been changed from 512 to unlimited. In order to preserve old behaiour for '/Engine/MapTemplates/Sky/DaylightAmbientCubemap.DaylightAmbientCubemap', its maximum texture size has been explicitly set to 512.
[2024.02.29-22.35.12:258][  0]LogHMD: PokeAHoleMaterial loaded successfully
[2024.02.29-22.35.12:264][  0]LogUObjectArray: 17178 objects as part of root set at end of initial load.
[2024.02.29-22.35.12:264][  0]LogUObjectAllocator: 4302048 out of 0 bytes used by permanent object pool.
[2024.02.29-22.35.12:264][  0]LogUObjectArray: CloseDisregardForGC: 0/0 objects in disregard for GC pool
[2024.02.29-22.35.12:495][  0]LogNiagaraDebuggerClient: Niagara Debugger Client Initialized | Session: E533085440BB6F63E73A6A810BC62223 | Instance: 56143966464F7B717AECE2ACB5D083ED (DESKTOP-H18OBMC-30508).
[2024.02.29-22.35.12:590][  0]LogPython: Using Python 3.7.7
[2024.02.29-22.35.13:003][  0]LogTcpMessaging: Initializing TcpMessaging bridge
[2024.02.29-22.35.13:006][  0]LogUdpMessaging: Initializing bridge on interface 0.0.0.0:0 to multicast group 230.0.0.1:6666.
[2024.02.29-22.35.13:176][  0]SourceControl: Source control is disabled
[2024.02.29-22.35.13:176][  0]SourceControl: Source control is disabled
[2024.02.29-22.35.13:181][  0]SourceControl: Source control is disabled
[2024.02.29-22.35.13:183][  0]SourceControl: Source control is disabled
[2024.02.29-22.35.13:191][  0]SourceControl: Source control is disabled
[2024.02.29-22.35.13:196][  0]LogUProjectInfo: Found projects:
[2024.02.29-22.35.13:329][  0]LogOpenImageDenoise: OIDN starting up
[2024.02.29-22.35.13:365][  0]LogAndroidPermission: UAndroidPermissionCallbackProxy::GetInstance
[2024.02.29-22.35.13:385][  0]LogAudioCaptureCore: Display: No Audio Capture implementations found. Audio input will be silent.
[2024.02.29-22.35.13:385][  0]LogAudioCaptureCore: Display: No Audio Capture implementations found. Audio input will be silent.
[2024.02.29-22.35.13:508][  0]LogCollectionManager: Loaded 0 collections in 0.001247 seconds
[2024.02.29-22.35.13:534][  0]LogFileCache: Scanning file cache for directory 'C:/Users/Long/OneDrive/Desktop/UnrealProject/Unreal Engine 4/Crit_A_Mole/Saved/Collections/' took 0.00s
[2024.02.29-22.35.13:534][  0]LogFileCache: Scanning file cache for directory 'C:/Users/Long/OneDrive/Desktop/UnrealProject/Unreal Engine 4/Crit_A_Mole/Content/Developers/Long/Collections/' took 0.00s
[2024.02.29-22.35.13:534][  0]LogFileCache: Scanning file cache for directory 'C:/Users/Long/OneDrive/Desktop/UnrealProject/Unreal Engine 4/Crit_A_Mole/Content/Collections/' took 0.00s
[2024.02.29-22.35.13:534][  0]LogOcInput: OculusInput pre-init called
[2024.02.29-22.35.13:725][  0]LogEngine: Initializing Engine...
[2024.02.29-22.35.13:728][  0]LogHMD: Failed to enumerate extensions. Please check that you have a valid OpenXR runtime installed.
[2024.02.29-22.35.13:728][  0]LogHMD: Failed to initialize OpenVR with code 110
[2024.02.29-22.35.13:728][  0]LogMagicLeap: Warning: VR disabled because ZI is not enabled.  To enable, in the editor, Edit -> Project Settings -> Plugins -> Magic Leap Plugin -> Enable Zero Iteration
[2024.02.29-22.35.13:729][  0]LogStats: UGameplayTagsManager::InitializeManager -  0.000 s
[2024.02.29-22.35.13:834][  0]LogInit: Initializing FReadOnlyCVARCache
[2024.02.29-22.35.13:844][  0]LogAIModule: Creating AISystem for world Untitled
[2024.02.29-22.35.13:845][  0]LogAudio: Display: Initializing Audio Device Manager...
[2024.02.29-22.35.13:847][  0]LogAudio: Display: Loading Default Audio Settings Objects...
[2024.02.29-22.35.13:848][  0]LogAudio: Display: No default SoundConcurrencyObject specified (or failed to load).
[2024.02.29-22.35.13:848][  0]LogAudio: Display: Audio Device Manager Initialized
[2024.02.29-22.35.13:848][  0]LogAudio: Display: Creating Audio Device:                 Id: 1, Scope: Shared, Realtime: True
[2024.02.29-22.35.13:848][  0]LogAudioMixer: Display: Audio Mixer Platform Settings:
[2024.02.29-22.35.13:848][  0]LogAudioMixer: Display: 	Sample Rate:						  48000
[2024.02.29-22.35.13:848][  0]LogAudioMixer: Display: 	Callback Buffer Frame Size Requested: 1024
[2024.02.29-22.35.13:848][  0]LogAudioMixer: Display: 	Callback Buffer Frame Size To Use:	  1024
[2024.02.29-22.35.13:848][  0]LogAudioMixer: Display: 	Number of buffers to queue:			  2
[2024.02.29-22.35.13:848][  0]LogAudioMixer: Display: 	Max Channels (voices):				  32
[2024.02.29-22.35.13:848][  0]LogAudioMixer: Display: 	Number of Async Source Workers:		  0
[2024.02.29-22.35.13:848][  0]LogAudio: Display: AudioDevice MaxSources: 32
[2024.02.29-22.35.13:849][  0]LogAudio: Display: Audio Spatialization Plugin: None (built-in).
[2024.02.29-22.35.13:849][  0]LogAudio: Display: Audio Reverb Plugin: None (built-in).
[2024.02.29-22.35.13:849][  0]LogAudio: Display: Audio Occlusion Plugin: None (built-in).
[2024.02.29-22.35.13:849][  0]LogAudioMixer: Display: Initializing audio mixer.
[2024.02.29-22.35.13:861][  0]LogAudioMixer: Display: 0: FrontLeft
[2024.02.29-22.35.13:861][  0]LogAudioMixer: Display: 1: FrontRight
[2024.02.29-22.35.13:874][  0]LogAudioMixer: Display: Using Audio Device Speakers (JBL Go 3)
[2024.02.29-22.35.13:874][  0]LogAudioMixer: Display: Initializing Sound Submixes...
[2024.02.29-22.35.13:876][  0]LogAudioMixer: Display: Creating Master Submix 'MasterSubmixDefault'
[2024.02.29-22.35.13:876][  0]LogAudioMixer: Display: Creating Master Submix 'MasterReverbSubmixDefault'
[2024.02.29-22.35.13:877][  0]LogAudioMixer: Display: Creating Master Submix 'MasterEQSubmixDefault'
[2024.02.29-22.35.13:877][  0]LogAudioMixer: FMixerPlatformXAudio2::StartAudioStream() called
[2024.02.29-22.35.13:877][  0]LogAudioMixer: Display: Output buffers initialized: Frames=1024, Channels=2, Samples=2048
[2024.02.29-22.35.13:878][  0]LogAudioMixer: Display: Starting AudioMixerPlatformInterface::RunInternal()
[2024.02.29-22.35.13:878][  0]LogAudioMixer: Display: FMixerPlatformXAudio2::SubmitBuffer() called for the first time
[2024.02.29-22.35.13:878][  0]LogInit: FAudioDevice initialized.
[2024.02.29-22.35.13:878][  0]LogAudio: Display: Audio Device (ID: 1) registered with world 'Untitled'.
[2024.02.29-22.35.13:878][  0]LogNetVersion: Set ProjectVersion to 1.0.0.0. Version Checksum will be recalculated on next use.
[2024.02.29-22.35.13:923][  0]LogDerivedDataCache: Saved boot cache 0.05s 94MB C:/Users/Long/AppData/Local/UnrealEngine/4.27/DerivedDataCache/Boot.ddc.
[2024.02.29-22.35.13:923][  0]LogInit: Texture streaming: Enabled
[2024.02.29-22.35.13:936][  0]LogAnalytics: Display: [UEEditor.Rocket.Release] APIServer = https://datarouter.ol.epicgames.com/. AppVersion = 4.27.2-18319896+++UE4+Release-4.27
[2024.02.29-22.35.13:939][  0]LogEngineSessionManager: EngineSessionManager initialized
[2024.02.29-22.35.13:939][  0]LogEditorSessionSummary: Verbose: Initializing EditorSessionSummaryWriter for editor session tracking
[2024.02.29-22.35.13:942][  0]LogEditorSessionSummary: EditorSessionSummaryWriter initialized
[2024.02.29-22.35.13:969][  0]LogInit: Transaction tracking system initialized
[2024.02.29-22.35.13:991][  0]BlueprintLog: New page: Editor Load
[2024.02.29-22.35.14:047][  0]LocalizationService: Localization service is disabled
[2024.02.29-22.35.14:067][  0]TimingProfiler: Initialize
[2024.02.29-22.35.14:067][  0]TimingProfiler: OnSessionChanged
[2024.02.29-22.35.14:068][  0]LoadingProfiler: Initialize
[2024.02.29-22.35.14:068][  0]LoadingProfiler: OnSessionChanged
[2024.02.29-22.35.14:068][  0]NetworkingProfiler: Initialize
[2024.02.29-22.35.14:068][  0]NetworkingProfiler: OnSessionChanged
[2024.02.29-22.35.14:068][  0]MemoryProfiler: Initialize
[2024.02.29-22.35.14:068][  0]MemoryProfiler: OnSessionChanged
[2024.02.29-22.35.14:181][  0]LogCook: Display: CookSettings for Memory: MemoryMaxUsedVirtual 0MiB, MemoryMaxUsedPhysical 16384MiB, MemoryMinFreeVirtual 0MiB, MemoryMinFreePhysical 1024MiB
[2024.02.29-22.35.14:181][  0]LogCook: Display: Mobile HDR setting 1
[2024.02.29-22.35.14:210][  0]LogFileCache: Scanning file cache for directory 'C:/Users/Long/OneDrive/Desktop/UnrealProject/Unreal Engine 4/Crit_A_Mole/Content/' took 0.00s
[2024.02.29-22.35.14:210][  0]LogBlueprintAssist: Registered BlueprintAssist Commands
[2024.02.29-22.35.14:212][  0]LogStreaming: Warning: Failed to read file '../../../Engine/Content/Editor/Slate/PlainBorder.png' error.
[2024.02.29-22.35.14:212][  0]LogSlate: Could not find file for Slate resource: ../../../Engine/Content/Editor/Slate/PlainBorder.png
[2024.02.29-22.35.14:212][  0]LogBlueprintAssist: Finished loaded BlueprintAssist Module
[2024.02.29-22.35.14:212][  0]LogAutoSizeComments: Startup AutoSizeComments
[2024.02.29-22.35.14:479][  0]LogStreaming: Warning: Failed to read file '../../../Engine/Content/Editor/Slate/PlainBorder.png' error.
[2024.02.29-22.35.14:479][  0]LogSlate: Could not find file for Slate resource: ../../../Engine/Content/Editor/Slate/PlainBorder.png
[2024.02.29-22.35.14:479][  0]LogInit: Display: Engine is initialized. Leaving FEngineLoop::Init()
[2024.02.29-22.35.14:482][  0]SourceControl: Source control is disabled
[2024.02.29-22.35.14:482][  0]LogUnrealEdMisc: Loading editor; pre map load, took 5.346
[2024.02.29-22.35.14:482][  0]Cmd: MAP LOAD FILE="../../../../../../Users/Long/OneDrive/Desktop/UnrealProject/Unreal Engine 4/Crit_A_Mole/Content/Level/Setup.umap" TEMPLATE=0 SHOWPROGRESS=1 FEATURELEVEL=3
[2024.02.29-22.35.14:483][  0]LightingResults: New page: Lighting Build
[2024.02.29-22.35.14:484][  0]LogWorld: UWorld::CleanupWorld for Untitled, bSessionEnded=true, bCleanupResources=true
[2024.02.29-22.35.14:484][  0]LogSlate: InvalidateAllWidgets triggered.  All widgets were invalidated
[2024.02.29-22.35.14:484][  0]MapCheck: New page: Map Check
[2024.02.29-22.35.14:484][  0]LightingResults: New page: Lighting Build
[2024.02.29-22.35.14:487][  0]LogAudio: Display: Audio Device unregistered from world 'None'.
[2024.02.29-22.35.14:490][  0]LogUObjectHash: Compacting FUObjectHashTables data took   0.65ms
[2024.02.29-22.35.14:507][  0]LogLinker: Warning: [AssetLog] C:\Users\Long\OneDrive\Desktop\UnrealProject\Unreal Engine 4\Crit_A_Mole\Content\Blueprint\Player\BP_Player.uasset: Failed to load '/Game/Assets/Mole_Sprite': Can't find file.
[2024.02.29-22.35.14:507][  0]LoadErrors: Failed to load /Game/Assets/Mole_Sprite.Mole_Sprite Referenced by Mole_Sprite_GEN_VARIABLE
[2024.02.29-22.35.14:507][  0]LogLinker: Warning: [AssetLog] C:\Users\Long\OneDrive\Desktop\UnrealProject\Unreal Engine 4\Crit_A_Mole\Content\Blueprint\Player\BP_Player.uasset: Failed to load '/Game/Assets/Mole_Sprite': Can't find file.
[2024.02.29-22.35.14:507][  0]LoadErrors: Failed to load /Game/Assets/Mole_Sprite.Mole_Sprite Referenced by Mole_Sprite_GEN_VARIABLE
[2024.02.29-22.35.14:509][  0]LogLinker: Warning: [AssetLog] C:\Users\Long\OneDrive\Desktop\UnrealProject\Unreal Engine 4\Crit_A_Mole\Content\Blueprint\Player\BP_Player.uasset: Failed to load '/Game/Assets/Mole_Sprite': Can't find file.
[2024.02.29-22.35.14:509][  0]LogLinker: Warning: [AssetLog] C:\Users\Long\OneDrive\Desktop\UnrealProject\Unreal Engine 4\Crit_A_Mole\Content\Blueprint\Player\BP_Player.uasset: Failed to load '/Game/Assets/Mole_Sprite': Can't find file.
[2024.02.29-22.35.14:519][  0]LogLinker: Warning: [AssetLog] C:\Users\Long\OneDrive\Desktop\UnrealProject\Unreal Engine 4\Crit_A_Mole\Content\Blueprint\Enemy\BP_Enemy.uasset: Failed to load '/Game/Assets/Mole_Sprite': Can't find file.
[2024.02.29-22.35.14:520][  0]LogLinker: Warning: [AssetLog] C:\Users\Long\OneDrive\Desktop\UnrealProject\Unreal Engine 4\Crit_A_Mole\Content\Blueprint\Enemy\BP_Enemy.uasset: Failed to load '/Game/Assets/Mole_Sprite': Can't find file.
[2024.02.29-22.35.14:546][  0]LogAudio: Display: Audio Device (ID: 1) registered with world 'Setup'.
[2024.02.29-22.35.14:546][  0]LogAIModule: Creating AISystem for world Setup
[2024.02.29-22.35.14:550][  0]LogEditorServer: Finished looking for orphan Actors (0.000 secs)
[2024.02.29-22.35.14:563][  0]LogUObjectHash: Compacting FUObjectHashTables data took   1.15ms
[2024.02.29-22.35.14:564][  0]Cmd: MAP CHECKDEP NOCLEARLOG
[2024.02.29-22.35.14:564][  0]MapCheck: Map check complete: 0 Error(s), 0 Warning(s), took 0.18ms to complete.
[2024.02.29-22.35.14:564][  0]LogFileHelpers: Loading map 'Setup' took 0.082
[2024.02.29-22.35.14:567][  0]LogUnrealEdMisc: Total Editor Startup Time, took 5.431
[2024.02.29-22.35.14:680][  0]LogSlate: Updating window title bar state: overlay mode, drag disabled, window buttons hidden, title bar hidden
[2024.02.29-22.35.14:685][  0]LogSlate: Updating window title bar state: overlay mode, drag disabled, window buttons hidden, title bar hidden
[2024.02.29-22.35.14:690][  0]LogSlate: Updating window title bar state: overlay mode, drag disabled, window buttons hidden, title bar hidden
[2024.02.29-22.35.14:696][  0]LogSlate: Updating window title bar state: overlay mode, drag disabled, window buttons hidden, title bar hidden
[2024.02.29-22.35.14:708][  0]LogNativeClassHierarchy: Verbose: Native class hierarchy populated in 0.0093 seconds. Added 3885 classes and 951 folders.
[2024.02.29-22.35.14:710][  0]LogNativeClassHierarchy: Verbose: Native class hierarchy updated for 'WidgetCarousel' in 0.0004 seconds. Added 0 classes and 0 folders.
[2024.02.29-22.35.14:712][  0]LogPakFile: PakFile PrimaryIndexSize=187
[2024.02.29-22.35.14:712][  0]LogPakFile: PakFile PathHashIndexSize=101
[2024.02.29-22.35.14:712][  0]LogPakFile: PakFile FullDirectoryIndexSize=148
[2024.02.29-22.35.14:712][  0]LogShaderLibrary: Display: ShaderCodeLibraryPakFileMountedCallback: PakFile 'C:/Program Files/Epic Games/UE_4.27/FeaturePacks/FP_FirstPerson.upack' (chunk index -1, root 'root:/') mounted
[2024.02.29-22.35.14:712][  0]LogShaderLibrary: Display: ShaderCodeLibraryPakFileMountedCallback: pending pak file info (ChunkID:-1 Root:root:/ File:C:/Program Files/Epic Games/UE_4.27/FeaturePacks/FP_FirstPerson.upack)
[2024.02.29-22.35.14:712][  0]LogPakFile: OnPakFileMounted2Time == 0.000062
[2024.02.29-22.35.14:712][  0]LogPakFile: PakFile PrimaryIndexSize=189
[2024.02.29-22.35.14:712][  0]LogPakFile: PakFile PathHashIndexSize=101
[2024.02.29-22.35.14:712][  0]LogPakFile: PakFile FullDirectoryIndexSize=152
[2024.02.29-22.35.14:712][  0]LogShaderLibrary: Display: ShaderCodeLibraryPakFileMountedCallback: PakFile 'C:/Program Files/Epic Games/UE_4.27/FeaturePacks/FP_FirstPersonBP.upack' (chunk index -1, root 'root:/') mounted
[2024.02.29-22.35.14:712][  0]LogShaderLibrary: Display: ShaderCodeLibraryPakFileMountedCallback: pending pak file info (ChunkID:-1 Root:root:/ File:C:/Program Files/Epic Games/UE_4.27/FeaturePacks/FP_FirstPersonBP.upack)
[2024.02.29-22.35.14:712][  0]LogPakFile: OnPakFileMounted2Time == 0.000034
[2024.02.29-22.35.14:712][  0]LogPakFile: PakFile PrimaryIndexSize=191
[2024.02.29-22.35.14:712][  0]LogPakFile: PakFile PathHashIndexSize=101
[2024.02.29-22.35.14:712][  0]LogPakFile: PakFile FullDirectoryIndexSize=160
[2024.02.29-22.35.14:712][  0]LogShaderLibrary: Display: ShaderCodeLibraryPakFileMountedCallback: PakFile 'C:/Program Files/Epic Games/UE_4.27/FeaturePacks/MobileStarterContent.upack' (chunk index -1, root 'root:/') mounted
[2024.02.29-22.35.14:712][  0]LogShaderLibrary: Display: ShaderCodeLibraryPakFileMountedCallback: pending pak file info (ChunkID:-1 Root:root:/ File:C:/Program Files/Epic Games/UE_4.27/FeaturePacks/MobileStarterContent.upack)
[2024.02.29-22.35.14:712][  0]LogPakFile: OnPakFileMounted2Time == 0.000030
[2024.02.29-22.35.14:713][  0]LogPakFile: PakFile PrimaryIndexSize=185
[2024.02.29-22.35.14:713][  0]LogPakFile: PakFile PathHashIndexSize=101
[2024.02.29-22.35.14:713][  0]LogPakFile: PakFile FullDirectoryIndexSize=148
[2024.02.29-22.35.14:713][  0]LogShaderLibrary: Display: ShaderCodeLibraryPakFileMountedCallback: PakFile 'C:/Program Files/Epic Games/UE_4.27/FeaturePacks/StarterContent.upack' (chunk index -1, root 'root:/') mounted
[2024.02.29-22.35.14:713][  0]LogShaderLibrary: Display: ShaderCodeLibraryPakFileMountedCallback: pending pak file info (ChunkID:-1 Root:root:/ File:C:/Program Files/Epic Games/UE_4.27/FeaturePacks/StarterContent.upack)
[2024.02.29-22.35.14:713][  0]LogPakFile: OnPakFileMounted2Time == 0.000027
[2024.02.29-22.35.14:713][  0]LogPakFile: PakFile PrimaryIndexSize=190
[2024.02.29-22.35.14:713][  0]LogPakFile: PakFile PathHashIndexSize=101
[2024.02.29-22.35.14:713][  0]LogPakFile: PakFile FullDirectoryIndexSize=154
[2024.02.29-22.35.14:713][  0]LogShaderLibrary: Display: ShaderCodeLibraryPakFileMountedCallback: PakFile 'C:/Program Files/Epic Games/UE_4.27/FeaturePacks/TP_2DSideScroller.upack' (chunk index -1, root 'root:/') mounted
[2024.02.29-22.35.14:713][  0]LogShaderLibrary: Display: ShaderCodeLibraryPakFileMountedCallback: pending pak file info (ChunkID:-1 Root:root:/ File:C:/Program Files/Epic Games/UE_4.27/FeaturePacks/TP_2DSideScroller.upack)
[2024.02.29-22.35.14:713][  0]LogPakFile: OnPakFileMounted2Time == 0.000030
[2024.02.29-22.35.14:713][  0]LogPakFile: PakFile PrimaryIndexSize=192
[2024.02.29-22.35.14:713][  0]LogPakFile: PakFile PathHashIndexSize=101
[2024.02.29-22.35.14:713][  0]LogPakFile: PakFile FullDirectoryIndexSize=158
[2024.02.29-22.35.14:713][  0]LogShaderLibrary: Display: ShaderCodeLibraryPakFileMountedCallback: PakFile 'C:/Program Files/Epic Games/UE_4.27/FeaturePacks/TP_2DSideScrollerBP.upack' (chunk index -1, root 'root:/') mounted
[2024.02.29-22.35.14:713][  0]LogShaderLibrary: Display: ShaderCodeLibraryPakFileMountedCallback: pending pak file info (ChunkID:-1 Root:root:/ File:C:/Program Files/Epic Games/UE_4.27/FeaturePacks/TP_2DSideScrollerBP.upack)
[2024.02.29-22.35.14:713][  0]LogPakFile: OnPakFileMounted2Time == 0.000028
[2024.02.29-22.35.14:714][  0]LogPakFile: PakFile PrimaryIndexSize=182
[2024.02.29-22.35.14:714][  0]LogPakFile: PakFile PathHashIndexSize=101
[2024.02.29-22.35.14:714][  0]LogPakFile: PakFile FullDirectoryIndexSize=138
[2024.02.29-22.35.14:714][  0]LogShaderLibrary: Display: ShaderCodeLibraryPakFileMountedCallback: PakFile 'C:/Program Files/Epic Games/UE_4.27/FeaturePacks/TP_Flying.upack' (chunk index -1, root 'root:/') mounted
[2024.02.29-22.35.14:714][  0]LogShaderLibrary: Display: ShaderCodeLibraryPakFileMountedCallback: pending pak file info (ChunkID:-1 Root:root:/ File:C:/Program Files/Epic Games/UE_4.27/FeaturePacks/TP_Flying.upack)
[2024.02.29-22.35.14:714][  0]LogPakFile: OnPakFileMounted2Time == 0.000028
[2024.02.29-22.35.14:714][  0]LogPakFile: PakFile PrimaryIndexSize=184
[2024.02.29-22.35.14:714][  0]LogPakFile: PakFile PathHashIndexSize=101
[2024.02.29-22.35.14:714][  0]LogPakFile: PakFile FullDirectoryIndexSize=142
[2024.02.29-22.35.14:714][  0]LogShaderLibrary: Display: ShaderCodeLibraryPakFileMountedCallback: PakFile 'C:/Program Files/Epic Games/UE_4.27/FeaturePacks/TP_FlyingBP.upack' (chunk index -1, root 'root:/') mounted
[2024.02.29-22.35.14:714][  0]LogShaderLibrary: Display: ShaderCodeLibraryPakFileMountedCallback: pending pak file info (ChunkID:-1 Root:root:/ File:C:/Program Files/Epic Games/UE_4.27/FeaturePacks/TP_FlyingBP.upack)
[2024.02.29-22.35.14:714][  0]LogPakFile: OnPakFileMounted2Time == 0.000027
[2024.02.29-22.35.14:714][  0]LogPakFile: PakFile PrimaryIndexSize=188
[2024.02.29-22.35.14:714][  0]LogPakFile: PakFile PathHashIndexSize=101
[2024.02.29-22.35.14:714][  0]LogPakFile: PakFile FullDirectoryIndexSize=150
[2024.02.29-22.35.14:714][  0]LogShaderLibrary: Display: ShaderCodeLibraryPakFileMountedCallback: PakFile 'C:/Program Files/Epic Games/UE_4.27/FeaturePacks/TP_HandheldARBP.upack' (chunk index -1, root 'root:/') mounted
[2024.02.29-22.35.14:715][  0]LogShaderLibrary: Display: ShaderCodeLibraryPakFileMountedCallback: pending pak file info (ChunkID:-1 Root:root:/ File:C:/Program Files/Epic Games/UE_4.27/FeaturePacks/TP_HandheldARBP.upack)
[2024.02.29-22.35.14:715][  0]LogPakFile: OnPakFileMounted2Time == 0.000026
[2024.02.29-22.35.14:715][  0]LogPakFile: PakFile PrimaryIndexSize=182
[2024.02.29-22.35.14:715][  0]LogPakFile: PakFile PathHashIndexSize=101
[2024.02.29-22.35.14:715][  0]LogPakFile: PakFile FullDirectoryIndexSize=138
[2024.02.29-22.35.14:715][  0]LogShaderLibrary: Display: ShaderCodeLibraryPakFileMountedCallback: PakFile 'C:/Program Files/Epic Games/UE_4.27/FeaturePacks/TP_Puzzle.upack' (chunk index -1, root 'root:/') mounted
[2024.02.29-22.35.14:715][  0]LogShaderLibrary: Display: ShaderCodeLibraryPakFileMountedCallback: pending pak file info (ChunkID:-1 Root:root:/ File:C:/Program Files/Epic Games/UE_4.27/FeaturePacks/TP_Puzzle.upack)
[2024.02.29-22.35.14:715][  0]LogPakFile: OnPakFileMounted2Time == 0.000027
[2024.02.29-22.35.14:715][  0]LogPakFile: PakFile PrimaryIndexSize=184
[2024.02.29-22.35.14:715][  0]LogPakFile: PakFile PathHashIndexSize=101
[2024.02.29-22.35.14:715][  0]LogPakFile: PakFile FullDirectoryIndexSize=142
[2024.02.29-22.35.14:715][  0]LogShaderLibrary: Display: ShaderCodeLibraryPakFileMountedCallback: PakFile 'C:/Program Files/Epic Games/UE_4.27/FeaturePacks/TP_PuzzleBP.upack' (chunk index -1, root 'root:/') mounted
[2024.02.29-22.35.14:715][  0]LogShaderLibrary: Display: ShaderCodeLibraryPakFileMountedCallback: pending pak file info (ChunkID:-1 Root:root:/ File:C:/Program Files/Epic Games/UE_4.27/FeaturePacks/TP_PuzzleBP.upack)
[2024.02.29-22.35.14:715][  0]LogPakFile: OnPakFileMounted2Time == 0.000028
[2024.02.29-22.35.14:716][  0]LogPakFile: PakFile PrimaryIndexSize=183
[2024.02.29-22.35.14:716][  0]LogPakFile: PakFile PathHashIndexSize=101
[2024.02.29-22.35.14:716][  0]LogPakFile: PakFile FullDirectoryIndexSize=140
[2024.02.29-22.35.14:716][  0]LogShaderLibrary: Display: ShaderCodeLibraryPakFileMountedCallback: PakFile 'C:/Program Files/Epic Games/UE_4.27/FeaturePacks/TP_Rolling.upack' (chunk index -1, root 'root:/') mounted
[2024.02.29-22.35.14:716][  0]LogShaderLibrary: Display: ShaderCodeLibraryPakFileMountedCallback: pending pak file info (ChunkID:-1 Root:root:/ File:C:/Program Files/Epic Games/UE_4.27/FeaturePacks/TP_Rolling.upack)
[2024.02.29-22.35.14:716][  0]LogPakFile: OnPakFileMounted2Time == 0.000035
[2024.02.29-22.35.14:716][  0]LogPakFile: PakFile PrimaryIndexSize=185
[2024.02.29-22.35.14:716][  0]LogPakFile: PakFile PathHashIndexSize=101
[2024.02.29-22.35.14:716][  0]LogPakFile: PakFile FullDirectoryIndexSize=144
[2024.02.29-22.35.14:716][  0]LogShaderLibrary: Display: ShaderCodeLibraryPakFileMountedCallback: PakFile 'C:/Program Files/Epic Games/UE_4.27/FeaturePacks/TP_RollingBP.upack' (chunk index -1, root 'root:/') mounted
[2024.02.29-22.35.14:716][  0]LogShaderLibrary: Display: ShaderCodeLibraryPakFileMountedCallback: pending pak file info (ChunkID:-1 Root:root:/ File:C:/Program Files/Epic Games/UE_4.27/FeaturePacks/TP_RollingBP.upack)
[2024.02.29-22.35.14:716][  0]LogPakFile: OnPakFileMounted2Time == 0.000040
[2024.02.29-22.35.14:717][  0]LogPakFile: PakFile PrimaryIndexSize=188
[2024.02.29-22.35.14:717][  0]LogPakFile: PakFile PathHashIndexSize=101
[2024.02.29-22.35.14:717][  0]LogPakFile: PakFile FullDirectoryIndexSize=150
[2024.02.29-22.35.14:717][  0]LogShaderLibrary: Display: ShaderCodeLibraryPakFileMountedCallback: PakFile 'C:/Program Files/Epic Games/UE_4.27/FeaturePacks/TP_SideScroller.upack' (chunk index -1, root 'root:/') mounted
[2024.02.29-22.35.14:717][  0]LogShaderLibrary: Display: ShaderCodeLibraryPakFileMountedCallback: pending pak file info (ChunkID:-1 Root:root:/ File:C:/Program Files/Epic Games/UE_4.27/FeaturePacks/TP_SideScroller.upack)
[2024.02.29-22.35.14:717][  0]LogPakFile: OnPakFileMounted2Time == 0.000047
[2024.02.29-22.35.14:717][  0]LogPakFile: PakFile PrimaryIndexSize=190
[2024.02.29-22.35.14:717][  0]LogPakFile: PakFile PathHashIndexSize=101
[2024.02.29-22.35.14:717][  0]LogPakFile: PakFile FullDirectoryIndexSize=154
[2024.02.29-22.35.14:717][  0]LogShaderLibrary: Display: ShaderCodeLibraryPakFileMountedCallback: PakFile 'C:/Program Files/Epic Games/UE_4.27/FeaturePacks/TP_SideScrollerBP.upack' (chunk index -1, root 'root:/') mounted
[2024.02.29-22.35.14:717][  0]LogShaderLibrary: Display: ShaderCodeLibraryPakFileMountedCallback: pending pak file info (ChunkID:-1 Root:root:/ File:C:/Program Files/Epic Games/UE_4.27/FeaturePacks/TP_SideScrollerBP.upack)
[2024.02.29-22.35.14:717][  0]LogPakFile: OnPakFileMounted2Time == 0.000051
[2024.02.29-22.35.14:717][  0]LogPakFile: PakFile PrimaryIndexSize=187
[2024.02.29-22.35.14:717][  0]LogPakFile: PakFile PathHashIndexSize=101
[2024.02.29-22.35.14:717][  0]LogPakFile: PakFile FullDirectoryIndexSize=148
[2024.02.29-22.35.14:717][  0]LogShaderLibrary: Display: ShaderCodeLibraryPakFileMountedCallback: PakFile 'C:/Program Files/Epic Games/UE_4.27/FeaturePacks/TP_ThirdPerson.upack' (chunk index -1, root 'root:/') mounted
[2024.02.29-22.35.14:717][  0]LogShaderLibrary: Display: ShaderCodeLibraryPakFileMountedCallback: pending pak file info (ChunkID:-1 Root:root:/ File:C:/Program Files/Epic Games/UE_4.27/FeaturePacks/TP_ThirdPerson.upack)
[2024.02.29-22.35.14:717][  0]LogPakFile: OnPakFileMounted2Time == 0.000029
[2024.02.29-22.35.14:719][  0]LogPakFile: PakFile PrimaryIndexSize=189
[2024.02.29-22.35.14:719][  0]LogPakFile: PakFile PathHashIndexSize=101
[2024.02.29-22.35.14:719][  0]LogPakFile: PakFile FullDirectoryIndexSize=152
[2024.02.29-22.35.14:719][  0]LogShaderLibrary: Display: ShaderCodeLibraryPakFileMountedCallback: PakFile 'C:/Program Files/Epic Games/UE_4.27/FeaturePacks/TP_ThirdPersonBP.upack' (chunk index -1, root 'root:/') mounted
[2024.02.29-22.35.14:719][  0]LogShaderLibrary: Display: ShaderCodeLibraryPakFileMountedCallback: pending pak file info (ChunkID:-1 Root:root:/ File:C:/Program Files/Epic Games/UE_4.27/FeaturePacks/TP_ThirdPersonBP.upack)
[2024.02.29-22.35.14:719][  0]LogPakFile: OnPakFileMounted2Time == 0.000028
[2024.02.29-22.35.14:719][  0]LogPakFile: PakFile PrimaryIndexSize=183
[2024.02.29-22.35.14:719][  0]LogPakFile: PakFile PathHashIndexSize=101
[2024.02.29-22.35.14:719][  0]LogPakFile: PakFile FullDirectoryIndexSize=140
[2024.02.29-22.35.14:719][  0]LogShaderLibrary: Display: ShaderCodeLibraryPakFileMountedCallback: PakFile 'C:/Program Files/Epic Games/UE_4.27/FeaturePacks/TP_TopDown.upack' (chunk index -1, root 'root:/') mounted
[2024.02.29-22.35.14:719][  0]LogShaderLibrary: Display: ShaderCodeLibraryPakFileMountedCallback: pending pak file info (ChunkID:-1 Root:root:/ File:C:/Program Files/Epic Games/UE_4.27/FeaturePacks/TP_TopDown.upack)
[2024.02.29-22.35.14:719][  0]LogPakFile: OnPakFileMounted2Time == 0.000031
[2024.02.29-22.35.14:719][  0]LogPakFile: PakFile PrimaryIndexSize=185
[2024.02.29-22.35.14:719][  0]LogPakFile: PakFile PathHashIndexSize=101
[2024.02.29-22.35.14:719][  0]LogPakFile: PakFile FullDirectoryIndexSize=144
[2024.02.29-22.35.14:719][  0]LogShaderLibrary: Display: ShaderCodeLibraryPakFileMountedCallback: PakFile 'C:/Program Files/Epic Games/UE_4.27/FeaturePacks/TP_TopDownBP.upack' (chunk index -1, root 'root:/') mounted
[2024.02.29-22.35.14:719][  0]LogShaderLibrary: Display: ShaderCodeLibraryPakFileMountedCallback: pending pak file info (ChunkID:-1 Root:root:/ File:C:/Program Files/Epic Games/UE_4.27/FeaturePacks/TP_TopDownBP.upack)
[2024.02.29-22.35.14:720][  0]LogPakFile: OnPakFileMounted2Time == 0.000027
[2024.02.29-22.35.14:720][  0]LogPakFile: PakFile PrimaryIndexSize=185
[2024.02.29-22.35.14:720][  0]LogPakFile: PakFile PathHashIndexSize=101
[2024.02.29-22.35.14:720][  0]LogPakFile: PakFile FullDirectoryIndexSize=144
[2024.02.29-22.35.14:720][  0]LogShaderLibrary: Display: ShaderCodeLibraryPakFileMountedCallback: PakFile 'C:/Program Files/Epic Games/UE_4.27/FeaturePacks/TP_TwinStick.upack' (chunk index -1, root 'root:/') mounted
[2024.02.29-22.35.14:720][  0]LogShaderLibrary: Display: ShaderCodeLibraryPakFileMountedCallback: pending pak file info (ChunkID:-1 Root:root:/ File:C:/Program Files/Epic Games/UE_4.27/FeaturePacks/TP_TwinStick.upack)
[2024.02.29-22.35.14:720][  0]LogPakFile: OnPakFileMounted2Time == 0.000031
[2024.02.29-22.35.14:720][  0]LogPakFile: PakFile PrimaryIndexSize=187
[2024.02.29-22.35.14:720][  0]LogPakFile: PakFile PathHashIndexSize=101
[2024.02.29-22.35.14:720][  0]LogPakFile: PakFile FullDirectoryIndexSize=148
[2024.02.29-22.35.14:720][  0]LogShaderLibrary: Display: ShaderCodeLibraryPakFileMountedCallback: PakFile 'C:/Program Files/Epic Games/UE_4.27/FeaturePacks/TP_TwinStickBP.upack' (chunk index -1, root 'root:/') mounted
[2024.02.29-22.35.14:720][  0]LogShaderLibrary: Display: ShaderCodeLibraryPakFileMountedCallback: pending pak file info (ChunkID:-1 Root:root:/ File:C:/Program Files/Epic Games/UE_4.27/FeaturePacks/TP_TwinStickBP.upack)
[2024.02.29-22.35.14:720][  0]LogPakFile: OnPakFileMounted2Time == 0.000030
[2024.02.29-22.35.14:720][  0]LogPakFile: PakFile PrimaryIndexSize=183
[2024.02.29-22.35.14:721][  0]LogPakFile: PakFile PathHashIndexSize=101
[2024.02.29-22.35.14:721][  0]LogPakFile: PakFile FullDirectoryIndexSize=140
[2024.02.29-22.35.14:721][  0]LogShaderLibrary: Display: ShaderCodeLibraryPakFileMountedCallback: PakFile 'C:/Program Files/Epic Games/UE_4.27/FeaturePacks/TP_Vehicle.upack' (chunk index -1, root 'root:/') mounted
[2024.02.29-22.35.14:721][  0]LogShaderLibrary: Display: ShaderCodeLibraryPakFileMountedCallback: pending pak file info (ChunkID:-1 Root:root:/ File:C:/Program Files/Epic Games/UE_4.27/FeaturePacks/TP_Vehicle.upack)
[2024.02.29-22.35.14:721][  0]LogPakFile: OnPakFileMounted2Time == 0.000027
[2024.02.29-22.35.14:721][  0]LogPakFile: PakFile PrimaryIndexSize=186
[2024.02.29-22.35.14:721][  0]LogPakFile: PakFile PathHashIndexSize=101
[2024.02.29-22.35.14:721][  0]LogPakFile: PakFile FullDirectoryIndexSize=146
[2024.02.29-22.35.14:721][  0]LogShaderLibrary: Display: ShaderCodeLibraryPakFileMountedCallback: PakFile 'C:/Program Files/Epic Games/UE_4.27/FeaturePacks/TP_VehicleAdv.upack' (chunk index -1, root 'root:/') mounted
[2024.02.29-22.35.14:721][  0]LogShaderLibrary: Display: ShaderCodeLibraryPakFileMountedCallback: pending pak file info (ChunkID:-1 Root:root:/ File:C:/Program Files/Epic Games/UE_4.27/FeaturePacks/TP_VehicleAdv.upack)
[2024.02.29-22.35.14:721][  0]LogPakFile: OnPakFileMounted2Time == 0.000030
[2024.02.29-22.35.14:721][  0]LogPakFile: PakFile PrimaryIndexSize=188
[2024.02.29-22.35.14:721][  0]LogPakFile: PakFile PathHashIndexSize=101
[2024.02.29-22.35.14:721][  0]LogPakFile: PakFile FullDirectoryIndexSize=150
[2024.02.29-22.35.14:721][  0]LogShaderLibrary: Display: ShaderCodeLibraryPakFileMountedCallback: PakFile 'C:/Program Files/Epic Games/UE_4.27/FeaturePacks/TP_VehicleAdvBP.upack' (chunk index -1, root 'root:/') mounted
[2024.02.29-22.35.14:721][  0]LogShaderLibrary: Display: ShaderCodeLibraryPakFileMountedCallback: pending pak file info (ChunkID:-1 Root:root:/ File:C:/Program Files/Epic Games/UE_4.27/FeaturePacks/TP_VehicleAdvBP.upack)
[2024.02.29-22.35.14:721][  0]LogPakFile: OnPakFileMounted2Time == 0.000027
[2024.02.29-22.35.14:722][  0]LogPakFile: PakFile PrimaryIndexSize=185
[2024.02.29-22.35.14:722][  0]LogPakFile: PakFile PathHashIndexSize=101
[2024.02.29-22.35.14:722][  0]LogPakFile: PakFile FullDirectoryIndexSize=144
[2024.02.29-22.35.14:722][  0]LogShaderLibrary: Display: ShaderCodeLibraryPakFileMountedCallback: PakFile 'C:/Program Files/Epic Games/UE_4.27/FeaturePacks/TP_VehicleBP.upack' (chunk index -1, root 'root:/') mounted
[2024.02.29-22.35.14:722][  0]LogShaderLibrary: Display: ShaderCodeLibraryPakFileMountedCallback: pending pak file info (ChunkID:-1 Root:root:/ File:C:/Program Files/Epic Games/UE_4.27/FeaturePacks/TP_VehicleBP.upack)
[2024.02.29-22.35.14:722][  0]LogPakFile: OnPakFileMounted2Time == 0.000027
[2024.02.29-22.35.14:722][  0]LogPakFile: PakFile PrimaryIndexSize=192
[2024.02.29-22.35.14:722][  0]LogPakFile: PakFile PathHashIndexSize=101
[2024.02.29-22.35.14:722][  0]LogPakFile: PakFile FullDirectoryIndexSize=158
[2024.02.29-22.35.14:722][  0]LogShaderLibrary: Display: ShaderCodeLibraryPakFileMountedCallback: PakFile 'C:/Program Files/Epic Games/UE_4.27/FeaturePacks/TP_VirtualRealityBP.upack' (chunk index -1, root 'root:/') mounted
[2024.02.29-22.35.14:722][  0]LogShaderLibrary: Display: ShaderCodeLibraryPakFileMountedCallback: pending pak file info (ChunkID:-1 Root:root:/ File:C:/Program Files/Epic Games/UE_4.27/FeaturePacks/TP_VirtualRealityBP.upack)
[2024.02.29-22.35.14:722][  0]LogPakFile: OnPakFileMounted2Time == 0.000023
[2024.02.29-22.35.14:759][  0]LogNativeClassHierarchy: Verbose: Native class hierarchy updated for 'AddContentDialog' in 0.0004 seconds. Added 0 classes and 0 folders.
[2024.02.29-22.35.14:760][  0]LogNativeClassHierarchy: Verbose: Native class hierarchy updated for 'SceneOutliner' in 0.0003 seconds. Added 2 classes and 0 folders.
[2024.02.29-22.35.14:839][  0]LogSlate: Took 0.000165 seconds to synchronously load lazily loaded font '../../../Engine/Content/Slate/Fonts/Roboto-Regular.ttf' (155K)
[2024.02.29-22.35.14:840][  0]LogSlate: Took 0.000102 seconds to synchronously load lazily loaded font '../../../Engine/Content/Editor/Slate/Fonts/FontAwesome.ttf' (139K)
[2024.02.29-22.35.14:840][  0]LogSlate: Took 0.000108 seconds to synchronously load lazily loaded font '../../../Engine/Content/Slate/Fonts/Roboto-Bold.ttf' (160K)
[2024.02.29-22.35.14:919][  0]LogRenderer: Reallocating scene render targets to support 1604x940 Format 10 NumSamples 1 (Frame:1).
[2024.02.29-22.35.15:006][  0]LogNativeClassHierarchy: Verbose: Native class hierarchy updated for 'HierarchicalLODOutliner' in 0.0003 seconds. Added 0 classes and 0 folders.
[2024.02.29-22.35.15:006][  0]LogLoad: (Engine Initialization) Total time: 5.87 seconds
[2024.02.29-22.35.15:006][  0]LogLoad: (Engine Initialization) Total Blueprint compile time: 0.00 seconds
[2024.02.29-22.35.15:052][  0]LogAssetRegistry: Asset discovery search completed in 3.4607 seconds
[2024.02.29-22.35.15:055][  0]LogAutoSizeComments: Loaded auto size comments cache: C:/Program Files/Epic Games/UE_4.27/Engine/Plugins/Marketplace/AutoSizeComments/ASCCache/BB43883D49E2763C5836B49B6F365616.json
[2024.02.29-22.35.15:062][  0]LogBlueprintAssist: Loaded blueprint assist cache: C:/Program Files/Epic Games/UE_4.27/Engine/Plugins/Marketplace/BlueprintAssist/NodeSizeCache/BB43883D49E2763C5836B49B6F365616.json
[2024.02.29-22.35.15:063][  0]LogCollectionManager: Fixed up redirectors for 0 collections in 0.000003 seconds (updated 0 objects)
[2024.02.29-22.35.15:064][  0]LogContentStreaming: Texture pool size now 1000 MB
[2024.02.29-22.35.15:100][  0]LogSlate: Took 0.000149 seconds to synchronously load lazily loaded font '../../../Engine/Content/Slate/Fonts/DroidSansMono.ttf' (77K)
[2024.02.29-22.35.15:354][  1]LogFileCache: Retrieving MD5 hashes for directory 'C:/Users/Long/OneDrive/Desktop/UnrealProject/Unreal Engine 4/Crit_A_Mole/Content/' took 0.33s
[2024.02.29-22.35.16:367][  4]LogSlate: Took 0.000150 seconds to synchronously load lazily loaded font '../../../Engine/Content/Slate/Fonts/Roboto-Light.ttf' (167K)
[2024.02.29-22.35.17:700][  8]LogSlate: Window 'Message Log' being destroyed
[2024.02.29-22.35.17:707][  8]LogSlate: Window 'Message Log' being destroyed
[2024.02.29-22.35.18:890][145]LogSlate: Window 'Plugins' being destroyed
[2024.02.29-22.35.18:897][145]LogSlate: Window 'Plugins' being destroyed
[2024.02.29-22.35.18:897][145]LogDirectoryWatcher: A directory notification for '../../../Engine/Plugins/' was aborted.
[2024.02.29-22.35.19:660][236]LogEditorViewport: Clicking Background
[2024.02.29-22.35.22:418][558]LogAssetEditorSubsystem: Opening Asset editor for Blueprint /Game/Blueprint/Enemy/BP_SpawnerGrid.BP_SpawnerGrid
[2024.02.29-22.35.22:449][558]LogBlueprintAssist: Asset opened BP_SpawnerGrid (BlueprintEditor)
[2024.02.29-22.35.22:555][558]LogNativeClassHierarchy: Verbose: Native class hierarchy updated for 'BlueprintGraph' in 0.0005 seconds. Added 126 classes and 0 folders.
[2024.02.29-22.35.23:287][558]LogSlate: Took 0.000163 seconds to synchronously load lazily loaded font '../../../Engine/Content/Slate/Fonts/Roboto-BoldCondensed.ttf' (158K)
[2024.02.29-22.35.23:350][559]LogSlate: Took 0.000207 seconds to synchronously load lazily loaded font '../../../Engine/Content/Slate/Fonts/Roboto-Italic.ttf' (157K)
