Log file open, 02/29/24 14:23:07
LogWindows: Failed to load 'aqProf.dll' (GetLastError=126)
LogWindows: File 'aqProf.dll' does not exist
LogWindows: Failed to load 'VtuneApi.dll' (GetLastError=126)
LogWindows: File 'VtuneApi.dll' does not exist
LogWindows: Failed to load 'VtuneApi32e.dll' (GetLastError=126)
LogWindows: File 'VtuneApi32e.dll' does not exist
LogConsoleResponse: Display: Failed to find resolution value strings in scalability ini. Falling back to default.
LogConsoleResponse: Display: Failed to find resolution value strings in scalability ini. Falling back to default.
LogInit: Display: Running engine for game: Crit_A_Mole
LogPlatformFile: Not using cached read wrapper
LogTaskGraph: Started task graph with 5 named threads and 35 total threads with 3 sets of task threads.
LogStats: Stats thread started at 0.215214
LogICUInternationalization: ICU TimeZone Detection - Raw Offset: -8:00, Platform Override: ''
LogInit: Display: Loading text-based GConfig....
LogPluginManager: Mounting plugin MeshPainting
LogPluginManager: Mounting plugin XGEController
LogPluginManager: Mounting plugin Paper2D
LogPluginManager: Mounting plugin LiveLink
LogPluginManager: Mounting plugin AISupport
LogPluginManager: Mounting plugin EnvironmentQueryEditor
LogPluginManager: Mounting plugin LightPropagationVolume
LogPluginManager: Mounting plugin CameraShakePreviewer
LogPluginManager: Mounting plugin GameplayCameras
LogPluginManager: Mounting plugin OodleData
LogPluginManager: Mounting plugin AssetManagerEditor
LogPluginManager: Mounting plugin CurveEditorTools
LogPluginManager: Mounting plugin CryptoKeys
LogPluginManager: Mounting plugin DataValidation
LogPluginManager: Mounting plugin FacialAnimation
LogPluginManager: Mounting plugin GameplayTagsEditor
LogPluginManager: Mounting plugin SpeedTreeImporter
LogPluginManager: Mounting plugin MaterialAnalyzer
LogPluginManager: Mounting plugin MobileLauncherProfileWizard
LogPluginManager: Mounting plugin PluginBrowser
LogPluginManager: Mounting plugin MacGraphicsSwitching
LogPluginManager: Mounting plugin AnimationSharing
LogPluginManager: Mounting plugin CLionSourceCodeAccess
LogPluginManager: Mounting plugin CodeLiteSourceCodeAccess
LogPluginManager: Mounting plugin KDevelopSourceCodeAccess
LogPluginManager: Mounting plugin GitSourceControl
LogPluginManager: Mounting plugin NullSourceCodeAccess
LogPluginManager: Mounting plugin PixWinPlugin
LogPluginManager: Mounting plugin PerforceSourceControl
LogPluginManager: Mounting plugin PlasticSourceControl
LogPluginManager: Mounting plugin PluginUtils
LogPluginManager: Mounting plugin PropertyAccessNode
LogPluginManager: Mounting plugin RiderSourceCodeAccess
LogPluginManager: Mounting plugin TextureFormatOodle
LogPluginManager: Mounting plugin SubversionSourceControl
LogPluginManager: Mounting plugin UObjectPlugin
LogPluginManager: Mounting plugin XCodeSourceCodeAccess
LogPluginManager: Mounting plugin VisualStudioSourceCodeAccess
LogPluginManager: Mounting plugin VisualStudioCodeSourceCodeAccess
LogPluginManager: Mounting plugin Niagara
LogPluginManager: Mounting plugin AlembicImporter
LogPluginManager: Mounting plugin AutomationUtils
LogPluginManager: Mounting plugin BackChannel
LogPluginManager: Mounting plugin ChaosClothEditor
LogPluginManager: Mounting plugin GeometryMode
LogPluginManager: Mounting plugin ChaosCloth
LogPluginManager: Mounting plugin ChaosNiagara
LogPluginManager: Mounting plugin ChaosEditor
LogPluginManager: Mounting plugin CharacterAI
LogPluginManager: Mounting plugin ChaosSolverPlugin
LogPluginManager: Mounting plugin GeometryCache
LogPluginManager: Mounting plugin GeometryCollectionPlugin
LogPluginManager: Mounting plugin GeometryProcessing
LogPluginManager: Mounting plugin AutoSizeComments
LogPluginManager: Mounting plugin BlueprintAssist
LogPluginManager: Mounting plugin PaperZD
LogPluginManager: Mounting plugin OpenImageDenoise
LogPluginManager: Mounting plugin MotoSynth
LogPluginManager: Mounting plugin PlanarCut
LogPluginManager: Mounting plugin PlatformCrypto
LogPluginManager: Mounting plugin ProxyLODPlugin
LogPluginManager: Mounting plugin PythonScriptPlugin
LogPluginManager: Mounting plugin SkeletalReduction
LogPluginManager: Mounting plugin DatasmithContent
LogPluginManager: Mounting plugin VariantManagerContent
LogPluginManager: Mounting plugin LuminPlatformFeatures
LogPluginManager: Mounting plugin MagicLeap
LogPluginManager: Mounting plugin AndroidMedia
LogPluginManager: Mounting plugin AvfMedia
LogPluginManager: Mounting plugin MagicLeapLightEstimation
LogPluginManager: Mounting plugin MagicLeapMedia
LogPluginManager: Mounting plugin ImgMedia
LogPluginManager: Mounting plugin MagicLeapPassableWorld
LogPluginManager: Mounting plugin MediaCompositing
LogPluginManager: Mounting plugin MLSDK
LogPluginManager: Mounting plugin WebMMedia
LogPluginManager: Mounting plugin WmfMedia
LogPluginManager: Mounting plugin UdpMessaging
LogPluginManager: Mounting plugin TcpMessaging
LogPluginManager: Mounting plugin ActorSequence
LogPluginManager: Mounting plugin LevelSequenceEditor
LogPluginManager: Mounting plugin OnlineSubsystem
LogPluginManager: Mounting plugin MatineeToLevelSequence
LogPluginManager: Mounting plugin OnlineSubsystemNull
LogPluginManager: Mounting plugin OnlineSubsystemUtils
LogPluginManager: Mounting plugin TemplateSequence
LogPluginManager: Mounting plugin ActorLayerUtilities
LogPluginManager: Mounting plugin AndroidMoviePlayer
LogPluginManager: Mounting plugin AndroidDeviceProfileSelector
LogPluginManager: Mounting plugin AndroidPermission
LogPluginManager: Mounting plugin AppleImageUtils
LogPluginManager: Mounting plugin AppleMoviePlayer
LogPluginManager: Mounting plugin ArchVisCharacter
LogPluginManager: Mounting plugin AssetTags
LogPluginManager: Mounting plugin AudioCapture
LogPluginManager: Mounting plugin AudioSynesthesia
LogPluginManager: Mounting plugin ChunkDownloader
LogPluginManager: Mounting plugin CableComponent
LogPluginManager: Mounting plugin CustomMeshComponent
LogPluginManager: Mounting plugin EditableMesh
LogPluginManager: Mounting plugin LauncherChunkInstaller
LogPluginManager: Mounting plugin GoogleCloudMessaging
LogPluginManager: Mounting plugin GooglePAD
LogPluginManager: Mounting plugin ScreenshotTools
LogPluginManager: Mounting plugin IOSDeviceProfileSelector
LogPluginManager: Mounting plugin LinuxDeviceProfileSelector
LogPluginManager: Mounting plugin LocationServicesBPLibrary
LogPluginManager: Mounting plugin MobilePatchingUtils
LogPluginManager: Mounting plugin OpenXR
LogPluginManager: Mounting plugin OpenXREyeTracker
LogPluginManager: Mounting plugin OpenXRHandTracking
LogPluginManager: Mounting plugin PhysXVehicles
LogPluginManager: Mounting plugin MediaPlayerEditor
LogPluginManager: Mounting plugin Takes
LogPluginManager: Mounting plugin PostSplashScreen
LogPluginManager: Mounting plugin ProceduralMeshComponent
LogPluginManager: Mounting plugin PropertyAccessEditor
LogPluginManager: Mounting plugin RuntimePhysXCooking
LogPluginManager: Mounting plugin SignificanceManager
LogPluginManager: Mounting plugin SoundFields
LogPluginManager: Mounting plugin Synthesis
LogPluginManager: Mounting plugin WebMMoviePlayer
LogPluginManager: Mounting plugin WindowsMoviePlayer
LogPluginManager: Mounting plugin OodleNetwork
LogPluginManager: Mounting plugin ExampleDeviceProfileSelector
LogPluginManager: Mounting plugin ContentBrowserAssetDataSource
LogPluginManager: Mounting plugin ContentBrowserClassDataSource
LogPluginManager: Mounting plugin ContentBrowserFileDataSource
LogPluginManager: Mounting plugin RiderLink
LogPluginManager: Mounting plugin OnlineSubsystemGooglePlay
LogPluginManager: Mounting plugin OnlineSubsystemIOS
LogPluginManager: Mounting plugin OculusVR
LogPluginManager: Mounting plugin SteamVR
PixWinPlugin: PIX capture plugin failed to initialize! Check that the process is launched from PIX.
LogInit: Using libcurl 7.55.1-DEV
LogInit:  - built for x86_64-pc-win32
LogInit:  - supports SSL with OpenSSL/1.1.1
LogInit:  - supports HTTP deflate (compression) using libz 1.2.8
LogInit:  - other features:
LogInit:      CURL_VERSION_SSL
LogInit:      CURL_VERSION_LIBZ
LogInit:      CURL_VERSION_IPV6
LogInit:      CURL_VERSION_ASYNCHDNS
LogInit:      CURL_VERSION_LARGEFILE
LogInit:      CURL_VERSION_IDN
LogInit:  CurlRequestOptions (configurable via config and command line):
LogInit:  - bVerifyPeer = true  - Libcurl will verify peer certificate
LogInit:  - bUseHttpProxy = false  - Libcurl will NOT use HTTP proxy
LogInit:  - bDontReuseConnections = false  - Libcurl will reuse connections
LogInit:  - MaxHostConnections = 16  - Libcurl will limit the number of connections to a host
LogInit:  - LocalHostAddr = Default
LogInit:  - BufferSize = 65536
LogOnline: OSS: Creating online subsystem instance for: NULL
LogInit: WinSock: version 1.1 (2.2), MaxSocks=32767, MaxUdp=65467
LogOnline: OSS: TryLoadSubsystemAndSetDefault: Loaded subsystem for module [NULL]
LogOculusPluginWrapper: OculusPlugin initialized successfully
LogHMD: Failed initializing OVRPlugin 1.59.0
LogInit: Build: ++UE4+Release-4.27-CL-18319896
LogInit: Engine Version: 4.27.2-18319896+++UE4+Release-4.27
LogInit: Compatible Engine Version: 4.27.0-17155196+++UE4+Release-4.27
LogInit: Net CL: 17155196
LogInit: OS: Windows 10 (Release 2009) (), CPU: AMD Ryzen 5 5600X 6-Core Processor             , GPU: NVIDIA GeForce RTX 3060 Ti
LogInit: Compiled (64-bit): Nov 30 2021 07:12:08
LogInit: Compiled with Visual C++: 19.24.28315.00
LogInit: Build Configuration: Development
LogInit: Branch Name: ++UE4+Release-4.27
LogInit: Command Line: 
LogInit: Base Directory: C:/Program Files/Epic Games/UE_4.27/Engine/Binaries/Win64/
LogInit: Allocator: TBB
LogInit: Installed Engine Build: 1
LogDevObjectVersion: Number of dev versions registered: 29
LogDevObjectVersion:   Dev-Blueprints (B0D832E4-1F89-4F0D-ACCF-7EB736FD4AA2): 10
LogDevObjectVersion:   Dev-Build (E1C64328-A22C-4D53-A36C-8E866417BD8C): 0
LogDevObjectVersion:   Dev-Core (375EC13C-06E4-48FB-B500-84F0262A717E): 4
LogDevObjectVersion:   Dev-Editor (E4B068ED-F494-42E9-A231-DA0B2E46BB41): 40
LogDevObjectVersion:   Dev-Framework (CFFC743F-43B0-4480-9391-14DF171D2073): 37
LogDevObjectVersion:   Dev-Mobile (B02B49B5-BB20-44E9-A304-32B752E40360): 3
LogDevObjectVersion:   Dev-Networking (A4E4105C-59A1-49B5-A7C5-40C4547EDFEE): 0
LogDevObjectVersion:   Dev-Online (39C831C9-5AE6-47DC-9A44-9C173E1C8E7C): 0
LogDevObjectVersion:   Dev-Physics (78F01B33-EBEA-4F98-B9B4-84EACCB95AA2): 14
LogDevObjectVersion:   Dev-Platform (6631380F-2D4D-43E0-8009-CF276956A95A): 0
LogDevObjectVersion:   Dev-Rendering (12F88B9F-8875-4AFC-A67C-D90C383ABD29): 45
LogDevObjectVersion:   Dev-Sequencer (7B5AE74C-D270-4C10-A958-57980B212A5A): 13
LogDevObjectVersion:   Dev-VR (D7296918-1DD6-4BDD-9DE2-64A83CC13884): 3
LogDevObjectVersion:   Dev-LoadTimes (C2A15278-BFE7-4AFE-6C17-90FF531DF755): 1
LogDevObjectVersion:   Private-Geometry (6EACA3D4-40EC-4CC1-B786-8BED09428FC5): 3
LogDevObjectVersion:   Dev-AnimPhys (29E575DD-E0A3-4627-9D10-D276232CDCEA): 17
LogDevObjectVersion:   Dev-Anim (AF43A65D-7FD3-4947-9873-3E8ED9C1BB05): 15
LogDevObjectVersion:   Dev-ReflectionCapture (6B266CEC-1EC7-4B8F-A30B-E4D90942FC07): 1
LogDevObjectVersion:   Dev-Automation (0DF73D61-A23F-47EA-B727-89E90C41499A): 1
LogDevObjectVersion:   FortniteMain (601D1886-AC64-4F84-AA16-D3DE0DEAC7D6): 47
LogDevObjectVersion:   FortniteRelease (E7086368-6B23-4C58-8439-1B7016265E91): 1
LogDevObjectVersion:   Dev-Enterprise (9DFFBCD6-494F-0158-E221-12823C92A888): 10
LogDevObjectVersion:   Dev-Niagara (F2AED0AC-9AFE-416F-8664-AA7FFA26D6FC): 1
LogDevObjectVersion:   Dev-Destruction (174F1F0B-B4C6-45A5-B13F-2EE8D0FB917D): 10
LogDevObjectVersion:   Dev-Physics-Ext (35F94A83-E258-406C-A318-09F59610247C): 41
LogDevObjectVersion:   Dev-PhysicsMaterial-Chaos (B68FC16E-8B1B-42E2-B453-215C058844FE): 1
LogDevObjectVersion:   Dev-CineCamera (B2E18506-4273-CFC2-A54E-F4BB758BBA07): 1
LogDevObjectVersion:   Dev-VirtualProduction (64F58936-FD1B-42BA-BA96-7289D5D0FA4E): 1
LogDevObjectVersion:   Dev-MediaFramework (6F0ED827-A609-4895-9C91-998D90180EA4): 2
LogInit: Presizing for max 25165824 objects, including 0 objects not considered by GC, pre-allocating 0 bytes for permanent pool.
LogConfig: Applying CVar settings from Section [/Script/Engine.StreamingSettings] File [C:/Users/Long/OneDrive/Desktop/UnrealProject/Unreal Engine 4/Crit_A_Mole/Saved/Config/Windows/Engine.ini]
LogConfig: Setting CVar [[s.MinBulkDataSizeForAsyncLoading:131072]]
LogConfig: Setting CVar [[s.AsyncLoadingThreadEnabled:0]]
LogConfig: Setting CVar [[s.EventDrivenLoaderEnabled:1]]
LogConfig: Setting CVar [[s.WarnIfTimeLimitExceeded:0]]
LogConfig: Setting CVar [[s.TimeLimitExceededMultiplier:1.5]]
LogConfig: Setting CVar [[s.TimeLimitExceededMinTime:0.005]]
LogConfig: Setting CVar [[s.UseBackgroundLevelStreaming:1]]
LogConfig: Setting CVar [[s.PriorityAsyncLoadingExtraTime:15.0]]
LogConfig: Setting CVar [[s.LevelStreamingActorsUpdateTimeLimit:5.0]]
LogConfig: Setting CVar [[s.PriorityLevelStreamingActorsUpdateExtraTime:5.0]]
LogConfig: Setting CVar [[s.LevelStreamingComponentsRegistrationGranularity:10]]
LogConfig: Setting CVar [[s.UnregisterComponentsTimeLimit:1.0]]
LogConfig: Setting CVar [[s.LevelStreamingComponentsUnregistrationGranularity:5]]
LogConfig: Setting CVar [[s.FlushStreamingOnExit:1]]
LogInit: Object subsystem initialized
LogConfig: Setting CVar [[con.DebugEarlyDefault:1]]
LogConfig: Setting CVar [[r.setres:1280x720]]
[2024.02.29-22.23.07:846][  0]LogConfig: Setting CVar [[r.VSync:0]]
[2024.02.29-22.23.07:846][  0]LogConfig: Setting CVar [[r.RHICmdBypass:0]]
[2024.02.29-22.23.07:846][  0]LogConfig: Applying CVar settings from Section [/Script/Engine.RendererSettings] File [C:/Users/Long/OneDrive/Desktop/UnrealProject/Unreal Engine 4/Crit_A_Mole/Saved/Config/Windows/Engine.ini]
[2024.02.29-22.23.07:846][  0]LogConfig: Setting CVar [[r.GPUCrashDebugging:0]]
[2024.02.29-22.23.07:846][  0]LogConfig: Setting CVar [[r.DefaultFeature.MotionBlur:0]]
[2024.02.29-22.23.07:846][  0]LogConfig: Setting CVar [[r.DefaultFeature.Bloom:0]]
[2024.02.29-22.23.07:846][  0]LogConfig: Setting CVar [[r.DefaultFeature.AmbientOcclusion:0]]
[2024.02.29-22.23.07:846][  0]LogConfig: Setting CVar [[r.DefaultFeature.AmbientOcclusionStaticFraction:0]]
[2024.02.29-22.23.07:846][  0]LogConfig: Setting CVar [[r.DefaultFeature.AutoExposure:0]]
[2024.02.29-22.23.07:846][  0]LogConfig: Setting CVar [[r.DefaultFeature.AutoExposure.Bias:0.000000]]
[2024.02.29-22.23.07:846][  0]LogConfig: Applying CVar settings from Section [/Script/Engine.RendererOverrideSettings] File [C:/Users/Long/OneDrive/Desktop/UnrealProject/Unreal Engine 4/Crit_A_Mole/Saved/Config/Windows/Engine.ini]
[2024.02.29-22.23.07:846][  0]LogConfig: Applying CVar settings from Section [/Script/Engine.StreamingSettings] File [C:/Users/Long/OneDrive/Desktop/UnrealProject/Unreal Engine 4/Crit_A_Mole/Saved/Config/Windows/Engine.ini]
[2024.02.29-22.23.07:846][  0]LogConfig: Setting CVar [[s.MinBulkDataSizeForAsyncLoading:131072]]
[2024.02.29-22.23.07:846][  0]LogConfig: Setting CVar [[s.AsyncLoadingThreadEnabled:0]]
[2024.02.29-22.23.07:846][  0]LogConfig: Setting CVar [[s.EventDrivenLoaderEnabled:1]]
[2024.02.29-22.23.07:846][  0]LogConfig: Setting CVar [[s.WarnIfTimeLimitExceeded:0]]
[2024.02.29-22.23.07:846][  0]LogConfig: Setting CVar [[s.TimeLimitExceededMultiplier:1.5]]
[2024.02.29-22.23.07:846][  0]LogConfig: Setting CVar [[s.TimeLimitExceededMinTime:0.005]]
[2024.02.29-22.23.07:846][  0]LogConfig: Setting CVar [[s.UseBackgroundLevelStreaming:1]]
[2024.02.29-22.23.07:846][  0]LogConfig: Setting CVar [[s.PriorityAsyncLoadingExtraTime:15.0]]
[2024.02.29-22.23.07:846][  0]LogConfig: Setting CVar [[s.LevelStreamingActorsUpdateTimeLimit:5.0]]
[2024.02.29-22.23.07:846][  0]LogConfig: Setting CVar [[s.PriorityLevelStreamingActorsUpdateExtraTime:5.0]]
[2024.02.29-22.23.07:846][  0]LogConfig: Setting CVar [[s.LevelStreamingComponentsRegistrationGranularity:10]]
[2024.02.29-22.23.07:846][  0]LogConfig: Setting CVar [[s.UnregisterComponentsTimeLimit:1.0]]
[2024.02.29-22.23.07:846][  0]LogConfig: Setting CVar [[s.LevelStreamingComponentsUnregistrationGranularity:5]]
[2024.02.29-22.23.07:846][  0]LogConfig: Setting CVar [[s.FlushStreamingOnExit:1]]
[2024.02.29-22.23.07:846][  0]LogConfig: Applying CVar settings from Section [/Script/Engine.GarbageCollectionSettings] File [C:/Users/Long/OneDrive/Desktop/UnrealProject/Unreal Engine 4/Crit_A_Mole/Saved/Config/Windows/Engine.ini]
[2024.02.29-22.23.07:846][  0]LogConfig: Setting CVar [[gc.MaxObjectsNotConsideredByGC:1]]
[2024.02.29-22.23.07:846][  0]LogConfig: Setting CVar [[gc.SizeOfPermanentObjectPool:0]]
[2024.02.29-22.23.07:846][  0]LogConfig: Setting CVar [[gc.FlushStreamingOnGC:0]]
[2024.02.29-22.23.07:846][  0]LogConfig: Setting CVar [[gc.NumRetriesBeforeForcingGC:10]]
[2024.02.29-22.23.07:846][  0]LogConfig: Setting CVar [[gc.AllowParallelGC:1]]
[2024.02.29-22.23.07:847][  0]LogConfig: Setting CVar [[gc.TimeBetweenPurgingPendingKillObjects:61.1]]
[2024.02.29-22.23.07:847][  0]LogConfig: Setting CVar [[gc.MaxObjectsInEditor:25165824]]
[2024.02.29-22.23.07:847][  0]LogConfig: Setting CVar [[gc.IncrementalBeginDestroyEnabled:1]]
[2024.02.29-22.23.07:847][  0]LogConfig: Setting CVar [[gc.CreateGCClusters:1]]
[2024.02.29-22.23.07:847][  0]LogConfig: Setting CVar [[gc.MinGCClusterSize:5]]
[2024.02.29-22.23.07:847][  0]LogConfig: Setting CVar [[gc.ActorClusteringEnabled:0]]
[2024.02.29-22.23.07:847][  0]LogConfig: Setting CVar [[gc.BlueprintClusteringEnabled:0]]
[2024.02.29-22.23.07:847][  0]LogConfig: Setting CVar [[gc.UseDisregardForGCOnDedicatedServers:0]]
[2024.02.29-22.23.07:847][  0]LogConfig: Setting CVar [[gc.MultithreadedDestructionEnabled:1]]
[2024.02.29-22.23.07:847][  0]LogConfig: Applying CVar settings from Section [/Script/Engine.NetworkSettings] File [C:/Users/Long/OneDrive/Desktop/UnrealProject/Unreal Engine 4/Crit_A_Mole/Saved/Config/Windows/Engine.ini]
[2024.02.29-22.23.07:847][  0]LogConfig: Applying CVar settings from Section [/Script/UnrealEd.CookerSettings] File [C:/Users/Long/OneDrive/Desktop/UnrealProject/Unreal Engine 4/Crit_A_Mole/Saved/Config/Windows/Engine.ini]
[2024.02.29-22.23.07:887][  0]LogConfig: Applying CVar settings from Section [ViewDistanceQuality@3] File [C:/Users/Long/OneDrive/Desktop/UnrealProject/Unreal Engine 4/Crit_A_Mole/Saved/Config/Windows/Scalability.ini]
[2024.02.29-22.23.07:887][  0]LogConfig: Setting CVar [[r.SkeletalMeshLODBias:0]]
[2024.02.29-22.23.07:887][  0]LogConfig: Setting CVar [[r.ViewDistanceScale:1.0]]
[2024.02.29-22.23.07:887][  0]LogConfig: Applying CVar settings from Section [AntiAliasingQuality@3] File [C:/Users/Long/OneDrive/Desktop/UnrealProject/Unreal Engine 4/Crit_A_Mole/Saved/Config/Windows/Scalability.ini]
[2024.02.29-22.23.07:887][  0]LogConfig: Setting CVar [[r.PostProcessAAQuality:4]]
[2024.02.29-22.23.07:887][  0]LogConfig: Applying CVar settings from Section [ShadowQuality@3] File [C:/Users/Long/OneDrive/Desktop/UnrealProject/Unreal Engine 4/Crit_A_Mole/Saved/Config/Windows/Scalability.ini]
[2024.02.29-22.23.07:887][  0]LogConfig: Setting CVar [[r.LightFunctionQuality:1]]
[2024.02.29-22.23.07:887][  0]LogConfig: Setting CVar [[r.ShadowQuality:5]]
[2024.02.29-22.23.07:887][  0]LogConfig: Setting CVar [[r.Shadow.CSM.MaxCascades:10]]
[2024.02.29-22.23.07:887][  0]LogConfig: Setting CVar [[r.Shadow.MaxResolution:2048]]
[2024.02.29-22.23.07:887][  0]LogConfig: Setting CVar [[r.Shadow.MaxCSMResolution:2048]]
[2024.02.29-22.23.07:887][  0]LogConfig: Setting CVar [[r.Shadow.RadiusThreshold:0.01]]
[2024.02.29-22.23.07:887][  0]LogConfig: Setting CVar [[r.Shadow.DistanceScale:1.0]]
[2024.02.29-22.23.07:887][  0]LogConfig: Setting CVar [[r.Shadow.CSM.TransitionScale:1.0]]
[2024.02.29-22.23.07:887][  0]LogConfig: Setting CVar [[r.Shadow.PreShadowResolutionFactor:1.0]]
[2024.02.29-22.23.07:887][  0]LogConfig: Setting CVar [[r.DistanceFieldShadowing:1]]
[2024.02.29-22.23.07:887][  0]LogConfig: Setting CVar [[r.DistanceFieldAO:1]]
[2024.02.29-22.23.07:888][  0]LogConfig: Setting CVar [[r.AOQuality:2]]
[2024.02.29-22.23.07:888][  0]LogConfig: Setting CVar [[r.VolumetricFog:1]]
[2024.02.29-22.23.07:888][  0]LogConfig: Setting CVar [[r.VolumetricFog.GridPixelSize:8]]
[2024.02.29-22.23.07:888][  0]LogConfig: Setting CVar [[r.VolumetricFog.GridSizeZ:128]]
[2024.02.29-22.23.07:888][  0]LogConfig: Setting CVar [[r.VolumetricFog.HistoryMissSupersampleCount:4]]
[2024.02.29-22.23.07:888][  0]LogConfig: Setting CVar [[r.LightMaxDrawDistanceScale:1]]
[2024.02.29-22.23.07:888][  0]LogConfig: Setting CVar [[r.CapsuleShadows:1]]
[2024.02.29-22.23.07:888][  0]LogConfig: Applying CVar settings from Section [PostProcessQuality@3] File [C:/Users/Long/OneDrive/Desktop/UnrealProject/Unreal Engine 4/Crit_A_Mole/Saved/Config/Windows/Scalability.ini]
[2024.02.29-22.23.07:888][  0]LogConfig: Setting CVar [[r.MotionBlurQuality:4]]
[2024.02.29-22.23.07:888][  0]LogConfig: Setting CVar [[r.AmbientOcclusionMipLevelFactor:0.4]]
[2024.02.29-22.23.07:888][  0]LogConfig: Setting CVar [[r.AmbientOcclusionMaxQuality:100]]
[2024.02.29-22.23.07:888][  0]LogConfig: Setting CVar [[r.AmbientOcclusionLevels:-1]]
[2024.02.29-22.23.07:888][  0]LogConfig: Setting CVar [[r.AmbientOcclusionRadiusScale:1.0]]
[2024.02.29-22.23.07:888][  0]LogConfig: Setting CVar [[r.DepthOfFieldQuality:2]]
[2024.02.29-22.23.07:888][  0]LogConfig: Setting CVar [[r.RenderTargetPoolMin:400]]
[2024.02.29-22.23.07:888][  0]LogConfig: Setting CVar [[r.LensFlareQuality:2]]
[2024.02.29-22.23.07:888][  0]LogConfig: Setting CVar [[r.SceneColorFringeQuality:1]]
[2024.02.29-22.23.07:888][  0]LogConfig: Setting CVar [[r.EyeAdaptationQuality:2]]
[2024.02.29-22.23.07:888][  0]LogConfig: Setting CVar [[r.BloomQuality:5]]
[2024.02.29-22.23.07:888][  0]LogConfig: Setting CVar [[r.FastBlurThreshold:100]]
[2024.02.29-22.23.07:888][  0]LogConfig: Setting CVar [[r.Upscale.Quality:3]]
[2024.02.29-22.23.07:888][  0]LogConfig: Setting CVar [[r.Tonemapper.GrainQuantization:1]]
[2024.02.29-22.23.07:888][  0]LogConfig: Setting CVar [[r.LightShaftQuality:1]]
[2024.02.29-22.23.07:888][  0]LogConfig: Setting CVar [[r.Filter.SizeScale:1]]
[2024.02.29-22.23.07:888][  0]LogConfig: Setting CVar [[r.Tonemapper.Quality:5]]
[2024.02.29-22.23.07:888][  0]LogConfig: Setting CVar [[r.DOF.Gather.AccumulatorQuality:1        ; higher gathering accumulator quality]]
[2024.02.29-22.23.07:888][  0]LogConfig: Setting CVar [[r.DOF.Gather.PostfilterMethod:1          ; Median3x3 postfilering method]]
[2024.02.29-22.23.07:888][  0]LogConfig: Setting CVar [[r.DOF.Gather.EnableBokehSettings:0       ; no bokeh simulation when gathering]]
[2024.02.29-22.23.07:888][  0]LogConfig: Setting CVar [[r.DOF.Gather.RingCount:4                 ; medium number of samples when gathering]]
[2024.02.29-22.23.07:888][  0]LogConfig: Setting CVar [[r.DOF.Scatter.ForegroundCompositing:1    ; additive foreground scattering]]
[2024.02.29-22.23.07:888][  0]LogConfig: Setting CVar [[r.DOF.Scatter.BackgroundCompositing:2    ; additive background scattering]]
[2024.02.29-22.23.07:888][  0]LogConfig: Setting CVar [[r.DOF.Scatter.EnableBokehSettings:1      ; bokeh simulation when scattering]]
[2024.02.29-22.23.07:888][  0]LogConfig: Setting CVar [[r.DOF.Scatter.MaxSpriteRatio:0.1         ; only a maximum of 10% of scattered bokeh]]
[2024.02.29-22.23.07:888][  0]LogConfig: Setting CVar [[r.DOF.Recombine.Quality:1                ; cheap slight out of focus]]
[2024.02.29-22.23.07:888][  0]LogConfig: Setting CVar [[r.DOF.Recombine.EnableBokehSettings:0    ; no bokeh simulation on slight out of focus]]
[2024.02.29-22.23.07:888][  0]LogConfig: Setting CVar [[r.DOF.TemporalAAQuality:1                ; more stable temporal accumulation]]
[2024.02.29-22.23.07:888][  0]LogConfig: Setting CVar [[r.DOF.Kernel.MaxForegroundRadius:0.025]]
[2024.02.29-22.23.07:888][  0]LogConfig: Setting CVar [[r.DOF.Kernel.MaxBackgroundRadius:0.025]]
[2024.02.29-22.23.07:888][  0]LogConfig: Applying CVar settings from Section [TextureQuality@3] File [C:/Users/Long/OneDrive/Desktop/UnrealProject/Unreal Engine 4/Crit_A_Mole/Saved/Config/Windows/Scalability.ini]
[2024.02.29-22.23.07:888][  0]LogConfig: Setting CVar [[r.Streaming.MipBias:0]]
[2024.02.29-22.23.07:888][  0]LogConfig: Setting CVar [[r.Streaming.AmortizeCPUToGPUCopy:0]]
[2024.02.29-22.23.07:888][  0]LogConfig: Setting CVar [[r.Streaming.MaxNumTexturesToStreamPerFrame:0]]
[2024.02.29-22.23.07:888][  0]LogConfig: Setting CVar [[r.Streaming.Boost:1]]
[2024.02.29-22.23.07:888][  0]LogConfig: Setting CVar [[r.MaxAnisotropy:8]]
[2024.02.29-22.23.07:888][  0]LogConfig: Setting CVar [[r.VT.MaxAnisotropy:8]]
[2024.02.29-22.23.07:888][  0]LogConfig: Setting CVar [[r.Streaming.LimitPoolSizeToVRAM:0]]
[2024.02.29-22.23.07:888][  0]LogConfig: Setting CVar [[r.Streaming.PoolSize:1000]]
[2024.02.29-22.23.07:888][  0]LogConfig: Setting CVar [[r.Streaming.MaxEffectiveScreenSize:0]]
[2024.02.29-22.23.07:888][  0]LogConfig: Applying CVar settings from Section [EffectsQuality@3] File [C:/Users/Long/OneDrive/Desktop/UnrealProject/Unreal Engine 4/Crit_A_Mole/Saved/Config/Windows/Scalability.ini]
[2024.02.29-22.23.07:888][  0]LogConfig: Setting CVar [[r.TranslucencyLightingVolumeDim:64]]
[2024.02.29-22.23.07:888][  0]LogConfig: Setting CVar [[r.RefractionQuality:2]]
[2024.02.29-22.23.07:888][  0]LogConfig: Setting CVar [[r.SSR.Quality:3]]
[2024.02.29-22.23.07:888][  0]LogConfig: Setting CVar [[r.SSR.HalfResSceneColor:0]]
[2024.02.29-22.23.07:888][  0]LogConfig: Setting CVar [[r.SceneColorFormat:4]]
[2024.02.29-22.23.07:888][  0]LogConfig: Setting CVar [[r.DetailMode:2]]
[2024.02.29-22.23.07:888][  0]LogConfig: Setting CVar [[r.TranslucencyVolumeBlur:1]]
[2024.02.29-22.23.07:888][  0]LogConfig: Setting CVar [[r.MaterialQualityLevel:1 ; High quality]]
[2024.02.29-22.23.07:888][  0]LogConfig: Setting CVar [[r.AnisotropicMaterials:1]]
[2024.02.29-22.23.07:888][  0]LogConfig: Setting CVar [[r.SSS.Scale:1]]
[2024.02.29-22.23.07:888][  0]LogConfig: Setting CVar [[r.SSS.SampleSet:2]]
[2024.02.29-22.23.07:888][  0]LogConfig: Setting CVar [[r.SSS.Quality:1]]
[2024.02.29-22.23.07:888][  0]LogConfig: Setting CVar [[r.SSS.HalfRes:0]]
[2024.02.29-22.23.07:888][  0]LogConfig: Setting CVar [[r.SSGI.Quality:3]]
[2024.02.29-22.23.07:888][  0]LogConfig: Setting CVar [[r.EmitterSpawnRateScale:1.0]]
[2024.02.29-22.23.07:888][  0]LogConfig: Setting CVar [[r.ParticleLightQuality:2]]
[2024.02.29-22.23.07:888][  0]LogConfig: Setting CVar [[r.SkyAtmosphere.AerialPerspectiveLUT.FastApplyOnOpaque:1 ; Always have FastSkyLUT 1 in this case to avoid wrong sky]]
[2024.02.29-22.23.07:888][  0]LogConfig: Setting CVar [[r.SkyAtmosphere.AerialPerspectiveLUT.SampleCountMaxPerSlice:4]]
[2024.02.29-22.23.07:888][  0]LogConfig: Setting CVar [[r.SkyAtmosphere.AerialPerspectiveLUT.DepthResolution:16.0]]
[2024.02.29-22.23.07:888][  0]LogConfig: Setting CVar [[r.SkyAtmosphere.FastSkyLUT:1]]
[2024.02.29-22.23.07:888][  0]LogConfig: Setting CVar [[r.SkyAtmosphere.FastSkyLUT.SampleCountMin:4.0]]
[2024.02.29-22.23.07:888][  0]LogConfig: Setting CVar [[r.SkyAtmosphere.FastSkyLUT.SampleCountMax:128.0]]
[2024.02.29-22.23.07:888][  0]LogConfig: Setting CVar [[r.SkyAtmosphere.SampleCountMin:4.0]]
[2024.02.29-22.23.07:888][  0]LogConfig: Setting CVar [[r.SkyAtmosphere.SampleCountMax:128.0]]
[2024.02.29-22.23.07:888][  0]LogConfig: Setting CVar [[r.SkyAtmosphere.TransmittanceLUT.UseSmallFormat:0]]
[2024.02.29-22.23.07:888][  0]LogConfig: Setting CVar [[r.SkyAtmosphere.TransmittanceLUT.SampleCount:10.0]]
[2024.02.29-22.23.07:888][  0]LogConfig: Setting CVar [[r.SkyAtmosphere.MultiScatteringLUT.SampleCount:15.0]]
[2024.02.29-22.23.07:888][  0]LogConfig: Setting CVar [[r.SkyLight.RealTimeReflectionCapture:1]]
[2024.02.29-22.23.07:888][  0]LogConfig: Applying CVar settings from Section [FoliageQuality@3] File [C:/Users/Long/OneDrive/Desktop/UnrealProject/Unreal Engine 4/Crit_A_Mole/Saved/Config/Windows/Scalability.ini]
[2024.02.29-22.23.07:888][  0]LogConfig: Setting CVar [[foliage.DensityScale:1.0]]
[2024.02.29-22.23.07:888][  0]LogConfig: Setting CVar [[grass.DensityScale:1.0]]
[2024.02.29-22.23.07:888][  0]LogConfig: Applying CVar settings from Section [ShadingQuality@3] File [C:/Users/Long/OneDrive/Desktop/UnrealProject/Unreal Engine 4/Crit_A_Mole/Saved/Config/Windows/Scalability.ini]
[2024.02.29-22.23.07:888][  0]LogConfig: Setting CVar [[r.HairStrands.SkyLighting.IntegrationType:2]]
[2024.02.29-22.23.07:888][  0]LogConfig: Setting CVar [[r.HairStrands.SkyAO.SampleCount:4]]
[2024.02.29-22.23.07:888][  0]LogConfig: Setting CVar [[r.HairStrands.Visibility.MSAA.SamplePerPixel:4]]
[2024.02.29-22.23.07:888][  0]LogInit: Selected Device Profile: [Windows]
[2024.02.29-22.23.07:888][  0]LogInit: Applying CVar settings loaded from the selected device profile: [Windows]
[2024.02.29-22.23.07:889][  0]LogHAL: Display: Platform has ~ 32 GB [34269925376 / 34359738368 / 32], which maps to Largest [LargestMinGB=32, LargerMinGB=12, DefaultMinGB=8, SmallerMinGB=6, SmallestMinGB=0)
[2024.02.29-22.23.07:889][  0]LogInit: Going up to parent DeviceProfile []
[2024.02.29-22.23.07:889][  0]LogConfig: Applying CVar settings from Section [ViewDistanceQuality@3] File [C:/Users/Long/OneDrive/Desktop/UnrealProject/Unreal Engine 4/Crit_A_Mole/Saved/Config/Windows/Scalability.ini]
[2024.02.29-22.23.07:889][  0]LogConfig: Setting CVar [[r.SkeletalMeshLODBias:0]]
[2024.02.29-22.23.07:889][  0]LogConfig: Setting CVar [[r.ViewDistanceScale:1.0]]
[2024.02.29-22.23.07:889][  0]LogConfig: Applying CVar settings from Section [AntiAliasingQuality@3] File [C:/Users/Long/OneDrive/Desktop/UnrealProject/Unreal Engine 4/Crit_A_Mole/Saved/Config/Windows/Scalability.ini]
[2024.02.29-22.23.07:889][  0]LogConfig: Setting CVar [[r.PostProcessAAQuality:4]]
[2024.02.29-22.23.07:889][  0]LogConfig: Applying CVar settings from Section [ShadowQuality@3] File [C:/Users/Long/OneDrive/Desktop/UnrealProject/Unreal Engine 4/Crit_A_Mole/Saved/Config/Windows/Scalability.ini]
[2024.02.29-22.23.07:889][  0]LogConfig: Setting CVar [[r.LightFunctionQuality:1]]
[2024.02.29-22.23.07:889][  0]LogConfig: Setting CVar [[r.ShadowQuality:5]]
[2024.02.29-22.23.07:889][  0]LogConfig: Setting CVar [[r.Shadow.CSM.MaxCascades:10]]
[2024.02.29-22.23.07:889][  0]LogConfig: Setting CVar [[r.Shadow.MaxResolution:2048]]
[2024.02.29-22.23.07:889][  0]LogConfig: Setting CVar [[r.Shadow.MaxCSMResolution:2048]]
[2024.02.29-22.23.07:889][  0]LogConfig: Setting CVar [[r.Shadow.RadiusThreshold:0.01]]
[2024.02.29-22.23.07:889][  0]LogConfig: Setting CVar [[r.Shadow.DistanceScale:1.0]]
[2024.02.29-22.23.07:889][  0]LogConfig: Setting CVar [[r.Shadow.CSM.TransitionScale:1.0]]
[2024.02.29-22.23.07:889][  0]LogConfig: Setting CVar [[r.Shadow.PreShadowResolutionFactor:1.0]]
[2024.02.29-22.23.07:889][  0]LogConfig: Setting CVar [[r.DistanceFieldShadowing:1]]
[2024.02.29-22.23.07:889][  0]LogConfig: Setting CVar [[r.DistanceFieldAO:1]]
[2024.02.29-22.23.07:889][  0]LogConfig: Setting CVar [[r.AOQuality:2]]
[2024.02.29-22.23.07:889][  0]LogConfig: Setting CVar [[r.VolumetricFog:1]]
[2024.02.29-22.23.07:889][  0]LogConfig: Setting CVar [[r.VolumetricFog.GridPixelSize:8]]
[2024.02.29-22.23.07:889][  0]LogConfig: Setting CVar [[r.VolumetricFog.GridSizeZ:128]]
[2024.02.29-22.23.07:889][  0]LogConfig: Setting CVar [[r.VolumetricFog.HistoryMissSupersampleCount:4]]
[2024.02.29-22.23.07:889][  0]LogConfig: Setting CVar [[r.LightMaxDrawDistanceScale:1]]
[2024.02.29-22.23.07:889][  0]LogConfig: Setting CVar [[r.CapsuleShadows:1]]
[2024.02.29-22.23.07:889][  0]LogConfig: Applying CVar settings from Section [PostProcessQuality@3] File [C:/Users/Long/OneDrive/Desktop/UnrealProject/Unreal Engine 4/Crit_A_Mole/Saved/Config/Windows/Scalability.ini]
[2024.02.29-22.23.07:889][  0]LogConfig: Setting CVar [[r.MotionBlurQuality:4]]
[2024.02.29-22.23.07:889][  0]LogConfig: Setting CVar [[r.AmbientOcclusionMipLevelFactor:0.4]]
[2024.02.29-22.23.07:889][  0]LogConfig: Setting CVar [[r.AmbientOcclusionMaxQuality:100]]
[2024.02.29-22.23.07:889][  0]LogConfig: Setting CVar [[r.AmbientOcclusionLevels:-1]]
[2024.02.29-22.23.07:889][  0]LogConfig: Setting CVar [[r.AmbientOcclusionRadiusScale:1.0]]
[2024.02.29-22.23.07:889][  0]LogConfig: Setting CVar [[r.DepthOfFieldQuality:2]]
[2024.02.29-22.23.07:889][  0]LogConfig: Setting CVar [[r.RenderTargetPoolMin:400]]
[2024.02.29-22.23.07:889][  0]LogConfig: Setting CVar [[r.LensFlareQuality:2]]
[2024.02.29-22.23.07:889][  0]LogConfig: Setting CVar [[r.SceneColorFringeQuality:1]]
[2024.02.29-22.23.07:889][  0]LogConfig: Setting CVar [[r.EyeAdaptationQuality:2]]
[2024.02.29-22.23.07:889][  0]LogConfig: Setting CVar [[r.BloomQuality:5]]
[2024.02.29-22.23.07:889][  0]LogConfig: Setting CVar [[r.FastBlurThreshold:100]]
[2024.02.29-22.23.07:889][  0]LogConfig: Setting CVar [[r.Upscale.Quality:3]]
[2024.02.29-22.23.07:889][  0]LogConfig: Setting CVar [[r.Tonemapper.GrainQuantization:1]]
[2024.02.29-22.23.07:889][  0]LogConfig: Setting CVar [[r.LightShaftQuality:1]]
[2024.02.29-22.23.07:889][  0]LogConfig: Setting CVar [[r.Filter.SizeScale:1]]
[2024.02.29-22.23.07:889][  0]LogConfig: Setting CVar [[r.Tonemapper.Quality:5]]
[2024.02.29-22.23.07:889][  0]LogConfig: Setting CVar [[r.DOF.Gather.AccumulatorQuality:1        ; higher gathering accumulator quality]]
[2024.02.29-22.23.07:889][  0]LogConfig: Setting CVar [[r.DOF.Gather.PostfilterMethod:1          ; Median3x3 postfilering method]]
[2024.02.29-22.23.07:889][  0]LogConfig: Setting CVar [[r.DOF.Gather.EnableBokehSettings:0       ; no bokeh simulation when gathering]]
[2024.02.29-22.23.07:889][  0]LogConfig: Setting CVar [[r.DOF.Gather.RingCount:4                 ; medium number of samples when gathering]]
[2024.02.29-22.23.07:889][  0]LogConfig: Setting CVar [[r.DOF.Scatter.ForegroundCompositing:1    ; additive foreground scattering]]
[2024.02.29-22.23.07:889][  0]LogConfig: Setting CVar [[r.DOF.Scatter.BackgroundCompositing:2    ; additive background scattering]]
[2024.02.29-22.23.07:889][  0]LogConfig: Setting CVar [[r.DOF.Scatter.EnableBokehSettings:1      ; bokeh simulation when scattering]]
[2024.02.29-22.23.07:889][  0]LogConfig: Setting CVar [[r.DOF.Scatter.MaxSpriteRatio:0.1         ; only a maximum of 10% of scattered bokeh]]
[2024.02.29-22.23.07:889][  0]LogConfig: Setting CVar [[r.DOF.Recombine.Quality:1                ; cheap slight out of focus]]
[2024.02.29-22.23.07:889][  0]LogConfig: Setting CVar [[r.DOF.Recombine.EnableBokehSettings:0    ; no bokeh simulation on slight out of focus]]
[2024.02.29-22.23.07:889][  0]LogConfig: Setting CVar [[r.DOF.TemporalAAQuality:1                ; more stable temporal accumulation]]
[2024.02.29-22.23.07:889][  0]LogConfig: Setting CVar [[r.DOF.Kernel.MaxForegroundRadius:0.025]]
[2024.02.29-22.23.07:889][  0]LogConfig: Setting CVar [[r.DOF.Kernel.MaxBackgroundRadius:0.025]]
[2024.02.29-22.23.07:889][  0]LogConfig: Applying CVar settings from Section [TextureQuality@3] File [C:/Users/Long/OneDrive/Desktop/UnrealProject/Unreal Engine 4/Crit_A_Mole/Saved/Config/Windows/Scalability.ini]
[2024.02.29-22.23.07:889][  0]LogConfig: Setting CVar [[r.Streaming.MipBias:0]]
[2024.02.29-22.23.07:889][  0]LogConfig: Setting CVar [[r.Streaming.AmortizeCPUToGPUCopy:0]]
[2024.02.29-22.23.07:889][  0]LogConfig: Setting CVar [[r.Streaming.MaxNumTexturesToStreamPerFrame:0]]
[2024.02.29-22.23.07:889][  0]LogConfig: Setting CVar [[r.Streaming.Boost:1]]
[2024.02.29-22.23.07:889][  0]LogConfig: Setting CVar [[r.MaxAnisotropy:8]]
[2024.02.29-22.23.07:889][  0]LogConfig: Setting CVar [[r.VT.MaxAnisotropy:8]]
[2024.02.29-22.23.07:889][  0]LogConfig: Setting CVar [[r.Streaming.LimitPoolSizeToVRAM:0]]
[2024.02.29-22.23.07:889][  0]LogConfig: Setting CVar [[r.Streaming.PoolSize:1000]]
[2024.02.29-22.23.07:889][  0]LogConfig: Setting CVar [[r.Streaming.MaxEffectiveScreenSize:0]]
[2024.02.29-22.23.07:889][  0]LogConfig: Applying CVar settings from Section [EffectsQuality@3] File [C:/Users/Long/OneDrive/Desktop/UnrealProject/Unreal Engine 4/Crit_A_Mole/Saved/Config/Windows/Scalability.ini]
[2024.02.29-22.23.07:889][  0]LogConfig: Setting CVar [[r.TranslucencyLightingVolumeDim:64]]
[2024.02.29-22.23.07:889][  0]LogConfig: Setting CVar [[r.RefractionQuality:2]]
[2024.02.29-22.23.07:889][  0]LogConfig: Setting CVar [[r.SSR.Quality:3]]
[2024.02.29-22.23.07:889][  0]LogConfig: Setting CVar [[r.SSR.HalfResSceneColor:0]]
[2024.02.29-22.23.07:889][  0]LogConfig: Setting CVar [[r.SceneColorFormat:4]]
[2024.02.29-22.23.07:889][  0]LogConfig: Setting CVar [[r.DetailMode:2]]
[2024.02.29-22.23.07:889][  0]LogConfig: Setting CVar [[r.TranslucencyVolumeBlur:1]]
[2024.02.29-22.23.07:889][  0]LogConfig: Setting CVar [[r.MaterialQualityLevel:1 ; High quality]]
[2024.02.29-22.23.07:889][  0]LogConfig: Setting CVar [[r.AnisotropicMaterials:1]]
[2024.02.29-22.23.07:889][  0]LogConfig: Setting CVar [[r.SSS.Scale:1]]
[2024.02.29-22.23.07:889][  0]LogConfig: Setting CVar [[r.SSS.SampleSet:2]]
[2024.02.29-22.23.07:889][  0]LogConfig: Setting CVar [[r.SSS.Quality:1]]
[2024.02.29-22.23.07:889][  0]LogConfig: Setting CVar [[r.SSS.HalfRes:0]]
[2024.02.29-22.23.07:889][  0]LogConfig: Setting CVar [[r.SSGI.Quality:3]]
[2024.02.29-22.23.07:889][  0]LogConfig: Setting CVar [[r.EmitterSpawnRateScale:1.0]]
[2024.02.29-22.23.07:889][  0]LogConfig: Setting CVar [[r.ParticleLightQuality:2]]
[2024.02.29-22.23.07:889][  0]LogConfig: Setting CVar [[r.SkyAtmosphere.AerialPerspectiveLUT.FastApplyOnOpaque:1 ; Always have FastSkyLUT 1 in this case to avoid wrong sky]]
[2024.02.29-22.23.07:889][  0]LogConfig: Setting CVar [[r.SkyAtmosphere.AerialPerspectiveLUT.SampleCountMaxPerSlice:4]]
[2024.02.29-22.23.07:889][  0]LogConfig: Setting CVar [[r.SkyAtmosphere.AerialPerspectiveLUT.DepthResolution:16.0]]
[2024.02.29-22.23.07:889][  0]LogConfig: Setting CVar [[r.SkyAtmosphere.FastSkyLUT:1]]
[2024.02.29-22.23.07:889][  0]LogConfig: Setting CVar [[r.SkyAtmosphere.FastSkyLUT.SampleCountMin:4.0]]
[2024.02.29-22.23.07:889][  0]LogConfig: Setting CVar [[r.SkyAtmosphere.FastSkyLUT.SampleCountMax:128.0]]
[2024.02.29-22.23.07:889][  0]LogConfig: Setting CVar [[r.SkyAtmosphere.SampleCountMin:4.0]]
[2024.02.29-22.23.07:889][  0]LogConfig: Setting CVar [[r.SkyAtmosphere.SampleCountMax:128.0]]
[2024.02.29-22.23.07:889][  0]LogConfig: Setting CVar [[r.SkyAtmosphere.TransmittanceLUT.UseSmallFormat:0]]
[2024.02.29-22.23.07:889][  0]LogConfig: Setting CVar [[r.SkyAtmosphere.TransmittanceLUT.SampleCount:10.0]]
[2024.02.29-22.23.07:889][  0]LogConfig: Setting CVar [[r.SkyAtmosphere.MultiScatteringLUT.SampleCount:15.0]]
[2024.02.29-22.23.07:889][  0]LogConfig: Setting CVar [[r.SkyLight.RealTimeReflectionCapture:1]]
[2024.02.29-22.23.07:889][  0]LogConfig: Applying CVar settings from Section [FoliageQuality@3] File [C:/Users/Long/OneDrive/Desktop/UnrealProject/Unreal Engine 4/Crit_A_Mole/Saved/Config/Windows/Scalability.ini]
[2024.02.29-22.23.07:889][  0]LogConfig: Setting CVar [[foliage.DensityScale:1.0]]
[2024.02.29-22.23.07:889][  0]LogConfig: Setting CVar [[grass.DensityScale:1.0]]
[2024.02.29-22.23.07:889][  0]LogConfig: Applying CVar settings from Section [ShadingQuality@3] File [C:/Users/Long/OneDrive/Desktop/UnrealProject/Unreal Engine 4/Crit_A_Mole/Saved/Config/Windows/Scalability.ini]
[2024.02.29-22.23.07:889][  0]LogConfig: Setting CVar [[r.HairStrands.SkyLighting.IntegrationType:2]]
[2024.02.29-22.23.07:889][  0]LogConfig: Setting CVar [[r.HairStrands.SkyAO.SampleCount:4]]
[2024.02.29-22.23.07:889][  0]LogConfig: Setting CVar [[r.HairStrands.Visibility.MSAA.SamplePerPixel:4]]
[2024.02.29-22.23.07:889][  0]LogConfig: Applying CVar settings from Section [Startup] File [../../../Engine/Config/ConsoleVariables.ini]
[2024.02.29-22.23.07:890][  0]LogConfig: Setting CVar [[net.UseAdaptiveNetUpdateFrequency:0]]
[2024.02.29-22.23.07:890][  0]LogConfig: Setting CVar [[p.chaos.AllowCreatePhysxBodies:1]]
[2024.02.29-22.23.07:890][  0]LogConfig: Setting CVar [[fx.SkipVectorVMBackendOptimizations:1]]
[2024.02.29-22.23.07:890][  0]LogConfig: Applying CVar settings from Section [ConsoleVariables] File [C:/Users/Long/OneDrive/Desktop/UnrealProject/Unreal Engine 4/Crit_A_Mole/Saved/Config/Windows/Engine.ini]
[2024.02.29-22.23.07:890][  0]LogConfig: Applying CVar settings from Section [ConsoleVariables] File [C:/Users/Long/OneDrive/Desktop/UnrealProject/Unreal Engine 4/Crit_A_Mole/Saved/Config/Windows/Editor.ini]
[2024.02.29-22.23.07:890][  0]LogInit: Computer: DESKTOP-H18OBMC
[2024.02.29-22.23.07:890][  0]LogInit: User: Long
[2024.02.29-22.23.07:890][  0]LogInit: CPU Page size=4096, Cores=6
[2024.02.29-22.23.07:890][  0]LogInit: High frequency timer resolution =10.000000 MHz
[2024.02.29-22.23.07:890][  0]LogMemory: Memory total: Physical=31.9GB (32GB approx)
[2024.02.29-22.23.07:890][  0]LogMemory: Platform Memory Stats for Windows
[2024.02.29-22.23.07:890][  0]LogMemory: Process Physical Memory: 148.07 MB used, 148.07 MB peak
[2024.02.29-22.23.07:890][  0]LogMemory: Process Virtual Memory: 123.93 MB used, 123.93 MB peak
[2024.02.29-22.23.07:890][  0]LogMemory: Physical Memory: 16222.72 MB used,  16459.63 MB free, 32682.35 MB total
[2024.02.29-22.23.07:890][  0]LogMemory: Virtual Memory: 134208744.00 MB used,  8982.65 MB free, 134217728.00 MB total
[2024.02.29-22.23.07:894][  0]LogWindows: WindowsPlatformFeatures enabled
[2024.02.29-22.23.07:931][  0]LogInit: Physics initialised using underlying interface: PhysX
[2024.02.29-22.23.07:932][  0]LogInit: Using OS detected language (en-US).
[2024.02.29-22.23.07:932][  0]LogInit: Using OS detected locale (en-US).
[2024.02.29-22.23.07:934][  0]LogTextLocalizationManager: No specific localization for 'en-US' exists, so the 'en' localization will be used.
[2024.02.29-22.23.08:131][  0]LogInit: Setting process to per monitor DPI aware
[2024.02.29-22.23.08:150][  0]LogWindowsTextInputMethodSystem: Display: IME system deactivated.
[2024.02.29-22.23.08:170][  0]LogSlate: New Slate User Created.  User Index 0, Is Virtual User: 0
[2024.02.29-22.23.08:170][  0]LogSlate: Slate User Registered.  User Index 0, Is Virtual User: 0
[2024.02.29-22.23.08:287][  0]LogD3D11RHI: Loaded GFSDK_Aftermath_Lib.x64.dll
[2024.02.29-22.23.08:290][  0]LogHMD: Failed to initialize OpenVR with code 110
[2024.02.29-22.23.08:290][  0]LogD3D11RHI: D3D11 min allowed feature level: 11_0
[2024.02.29-22.23.08:290][  0]LogD3D11RHI: D3D11 max allowed feature level: 11_0
[2024.02.29-22.23.08:290][  0]LogD3D11RHI: D3D11 adapters:
[2024.02.29-22.23.08:415][  0]LogD3D11RHI:    0. 'NVIDIA GeForce RTX 3060 Ti' (Feature Level 11_0)
[2024.02.29-22.23.08:415][  0]LogD3D11RHI:       8024/0/16341 MB DedicatedVideo/DedicatedSystem/SharedSystem, Outputs:3, VendorId:0x10de
[2024.02.29-22.23.08:417][  0]LogD3D11RHI:    1. 'Microsoft Basic Render Driver' (Feature Level 11_0)
[2024.02.29-22.23.08:417][  0]LogD3D11RHI:       0/0/16341 MB DedicatedVideo/DedicatedSystem/SharedSystem, Outputs:0, VendorId:0x1414
[2024.02.29-22.23.08:417][  0]LogD3D11RHI: Chosen D3D11 Adapter:
[2024.02.29-22.23.08:417][  0]LogD3D11RHI:     Description : NVIDIA GeForce RTX 3060 Ti
[2024.02.29-22.23.08:417][  0]LogD3D11RHI:     VendorId    : 10de
[2024.02.29-22.23.08:417][  0]LogD3D11RHI:     DeviceId    : 2489
[2024.02.29-22.23.08:417][  0]LogD3D11RHI:     SubSysId    : 88291043
[2024.02.29-22.23.08:417][  0]LogD3D11RHI:     Revision    : 00a1
[2024.02.29-22.23.08:417][  0]LogD3D11RHI:     DedicatedVideoMemory : 8413773824 bytes
[2024.02.29-22.23.08:417][  0]LogD3D11RHI:     DedicatedSystemMemory : 0 bytes
[2024.02.29-22.23.08:417][  0]LogD3D11RHI:     SharedSystemMemory : 17134962688 bytes
[2024.02.29-22.23.08:417][  0]LogD3D11RHI:     AdapterLuid : 0 58129
[2024.02.29-22.23.08:426][  0]LogD3D11RHI: Creating new Direct3DDevice
[2024.02.29-22.23.08:426][  0]LogD3D11RHI:     GPU DeviceId: 0x2489 (for the marketing name, search the web for "GPU Device Id")
[2024.02.29-22.23.08:426][  0]LogWindows: EnumDisplayDevices:
[2024.02.29-22.23.08:426][  0]LogWindows:    0. 'NVIDIA GeForce RTX 3060 Ti' (P:0 D:1)
[2024.02.29-22.23.08:426][  0]LogWindows:    1. 'NVIDIA GeForce RTX 3060 Ti' (P:0 D:1)
[2024.02.29-22.23.08:427][  0]LogWindows:    2. 'NVIDIA GeForce RTX 3060 Ti' (P:1 D:1)
[2024.02.29-22.23.08:427][  0]LogWindows:    3. 'NVIDIA GeForce RTX 3060 Ti' (P:0 D:0)
[2024.02.29-22.23.08:427][  0]LogWindows: DebugString: FoundDriverCount:4 
[2024.02.29-22.23.08:427][  0]LogD3D11RHI:     Adapter Name: NVIDIA GeForce RTX 3060 Ti
[2024.02.29-22.23.08:427][  0]LogD3D11RHI:   Driver Version: 551.52 (internal:31.0.15.5152, unified:551.52)
[2024.02.29-22.23.08:427][  0]LogD3D11RHI:      Driver Date: 2-7-2024
[2024.02.29-22.23.08:427][  0]LogRHI: Texture pool is 5616 MB (70% of 8024 MB)
[2024.02.29-22.23.08:427][  0]LogD3D11RHI: Creating D3DDevice using adapter:
[2024.02.29-22.23.08:427][  0]LogD3D11RHI:     Description : NVIDIA GeForce RTX 3060 Ti
[2024.02.29-22.23.08:427][  0]LogD3D11RHI:     VendorId    : 10de
[2024.02.29-22.23.08:427][  0]LogD3D11RHI:     DeviceId    : 2489
[2024.02.29-22.23.08:427][  0]LogD3D11RHI:     SubSysId    : 88291043
[2024.02.29-22.23.08:427][  0]LogD3D11RHI:     Revision    : 00a1
[2024.02.29-22.23.08:427][  0]LogD3D11RHI:     DedicatedVideoMemory : 8413773824 bytes
[2024.02.29-22.23.08:427][  0]LogD3D11RHI:     DedicatedSystemMemory : 0 bytes
[2024.02.29-22.23.08:427][  0]LogD3D11RHI:     SharedSystemMemory : 17134962688 bytes
[2024.02.29-22.23.08:427][  0]LogD3D11RHI:     AdapterLuid : 0 58129
[2024.02.29-22.23.08:501][  0]LogD3D11RHI: RHI has support for 64 bit atomics
[2024.02.29-22.23.08:501][  0]LogD3D11RHI: Async texture creation enabled
[2024.02.29-22.23.08:501][  0]LogD3D11RHI: Array index from any shader is supported
[2024.02.29-22.23.08:527][  0]LogD3D11RHI: GPU Timing Frequency: 1000.000000 (Debug: 2 2)
[2024.02.29-22.23.08:548][  0]LogRHI: GeForceNow SDK initialized: 1
[2024.02.29-22.23.08:790][  0]LogTargetPlatformManager: Display: Loaded TargetPlatform 'AllDesktop'
[2024.02.29-22.23.08:809][  0]LogTargetPlatformManager: Display: Loaded TargetPlatform 'Android'
[2024.02.29-22.23.08:809][  0]LogTargetPlatformManager: Display: Loaded TargetPlatform 'Android_ASTC'
[2024.02.29-22.23.08:809][  0]LogTargetPlatformManager: Display: Loaded TargetPlatform 'Android_DXT'
[2024.02.29-22.23.08:809][  0]LogTargetPlatformManager: Display: Loaded TargetPlatform 'Android_ETC2'
[2024.02.29-22.23.08:809][  0]LogTargetPlatformManager: Display: Loaded TargetPlatform 'AndroidClient'
[2024.02.29-22.23.08:809][  0]LogTargetPlatformManager: Display: Loaded TargetPlatform 'Android_ASTCClient'
[2024.02.29-22.23.08:809][  0]LogTargetPlatformManager: Display: Loaded TargetPlatform 'Android_DXTClient'
[2024.02.29-22.23.08:809][  0]LogTargetPlatformManager: Display: Loaded TargetPlatform 'Android_ETC2Client'
[2024.02.29-22.23.08:809][  0]LogTargetPlatformManager: Display: Loaded TargetPlatform 'Android_Multi'
[2024.02.29-22.23.08:809][  0]LogTargetPlatformManager: Display: Loaded TargetPlatform 'Android_MultiClient'
[2024.02.29-22.23.08:824][  0]LogTargetPlatformManager: Display: Loaded TargetPlatform 'IOSClient'
[2024.02.29-22.23.08:824][  0]LogTargetPlatformManager: Display: Loaded TargetPlatform 'IOS'
[2024.02.29-22.23.08:834][  0]LogTargetPlatformManager: Display: Loaded TargetPlatform 'Linux'
[2024.02.29-22.23.08:838][  0]LogTargetPlatformManager: Display: Loaded TargetPlatform 'LinuxNoEditor'
[2024.02.29-22.23.08:843][  0]LogTargetPlatformManager: Display: Loaded TargetPlatform 'LinuxClient'
[2024.02.29-22.23.08:847][  0]LogTargetPlatformManager: Display: Loaded TargetPlatform 'LinuxServer'
[2024.02.29-22.23.08:856][  0]LogTargetPlatformManager: Display: Loaded TargetPlatform 'LinuxAArch64NoEditor'
[2024.02.29-22.23.08:860][  0]LogTargetPlatformManager: Display: Loaded TargetPlatform 'LinuxAArch64Client'
[2024.02.29-22.23.08:865][  0]LogTargetPlatformManager: Display: Loaded TargetPlatform 'LinuxAArch64Server'
[2024.02.29-22.23.08:889][  0]LogTargetPlatformManager: Display: Loaded TargetPlatform 'Lumin'
[2024.02.29-22.23.08:889][  0]LogTargetPlatformManager: Display: Loaded TargetPlatform 'LuminClient'
[2024.02.29-22.23.08:898][  0]LogTargetPlatformManager: Display: Loaded TargetPlatform 'MacNoEditor'
[2024.02.29-22.23.08:903][  0]LogTargetPlatformManager: Display: Loaded TargetPlatform 'Mac'
[2024.02.29-22.23.08:908][  0]LogTargetPlatformManager: Display: Loaded TargetPlatform 'MacClient'
[2024.02.29-22.23.08:912][  0]LogTargetPlatformManager: Display: Loaded TargetPlatform 'MacServer'
[2024.02.29-22.23.08:920][  0]LogTargetPlatformManager: Display: Loaded TargetPlatform 'TVOSClient'
[2024.02.29-22.23.08:920][  0]LogTargetPlatformManager: Display: Loaded TargetPlatform 'TVOS'
[2024.02.29-22.23.08:929][  0]LogTargetPlatformManager: Display: Loaded TargetPlatform 'WindowsNoEditor'
[2024.02.29-22.23.08:934][  0]LogTargetPlatformManager: Display: Loaded TargetPlatform 'Windows'
[2024.02.29-22.23.08:939][  0]LogTargetPlatformManager: Display: Loaded TargetPlatform 'WindowsClient'
[2024.02.29-22.23.08:944][  0]LogTargetPlatformManager: Display: Loaded TargetPlatform 'WindowsServer'
[2024.02.29-22.23.08:944][  0]LogTargetPlatformManager: Display: Building Assets For Windows
[2024.02.29-22.23.08:951][  0]LogAudioDebug: Display: Lib vorbis DLL was dynamically loaded.
[2024.02.29-22.23.08:981][  0]LogTextureFormatOodle: Display: Oodle Texture 2.9.0 init RDO Off
[2024.02.29-22.23.09:012][  0]LogRendererCore: Ray tracing is disabled. Reason: r.RayTracing=0.
[2024.02.29-22.23.09:012][  0]LogShaderCompilers: Guid format shader working directory is -43 characters bigger than the processId version (../../../../../../Users/Long/OneDrive/Desktop/UnrealProject/Unreal Engine 4/Crit_A_Mole/Intermediate/Shaders/WorkingDirectory/28112/).
[2024.02.29-22.23.09:012][  0]LogShaderCompilers: Cleaned the shader compiler working directory 'C:/Users/Long/AppData/Local/Temp/UnrealShaderWorkingDir/149EB634413E94FDDBEDBB9376A6ADD3/'.
[2024.02.29-22.23.09:012][  0]LogXGEController: Cannot use XGE Controller as Incredibuild is not installed on this machine.
[2024.02.29-22.23.09:012][  0]LogShaderCompilers: Cannot use XGE Shader Compiler as Incredibuild is not installed on this machine.
[2024.02.29-22.23.09:012][  0]LogShaderCompilers: Display: Using Local Shader Compiler.
[2024.02.29-22.23.09:709][  0]LogDerivedDataCache: Display: Max Cache Size: 512 MB
[2024.02.29-22.23.09:756][  0]LogDerivedDataCache: Loaded boot cache 0.05s 94MB C:/Users/Long/AppData/Local/UnrealEngine/4.27/DerivedDataCache/Boot.ddc.
[2024.02.29-22.23.09:756][  0]LogDerivedDataCache: Display: Loaded Boot cache: C:/Users/Long/AppData/Local/UnrealEngine/4.27/DerivedDataCache/Boot.ddc
[2024.02.29-22.23.09:756][  0]LogDerivedDataCache: FDerivedDataBackendGraph:  Pak pak cache file ../../../../../../Users/Long/OneDrive/Desktop/UnrealProject/Unreal Engine 4/Crit_A_Mole/DerivedDataCache/DDC.ddp not found, will not use a pak cache.
[2024.02.29-22.23.09:756][  0]LogDerivedDataCache: Unable to find inner node Pak for hierarchical cache Hierarchy.
[2024.02.29-22.23.09:756][  0]LogDerivedDataCache: FDerivedDataBackendGraph:  CompressedPak pak cache file ../../../../../../Users/Long/OneDrive/Desktop/UnrealProject/Unreal Engine 4/Crit_A_Mole/DerivedDataCache/Compressed.ddp not found, will not use a pak cache.
[2024.02.29-22.23.09:756][  0]LogDerivedDataCache: Unable to find inner node CompressedPak for hierarchical cache Hierarchy.
[2024.02.29-22.23.09:772][  0]LogDerivedDataCache: Display: Pak cache opened for reading ../../../Engine/DerivedDataCache/Compressed.ddp.
[2024.02.29-22.23.09:772][  0]LogDerivedDataCache: FDerivedDataBackendGraph:  EnterprisePak pak cache file ../../../Enterprise/DerivedDataCache/Compressed.ddp not found, will not use a pak cache.
[2024.02.29-22.23.09:772][  0]LogDerivedDataCache: Unable to find inner node EnterprisePak for hierarchical cache Hierarchy.
[2024.02.29-22.23.09:778][  0]LogDerivedDataCache: Speed tests for C:/Users/Long/AppData/Local/UnrealEngine/Common/DerivedDataCache took 0.01 seconds
[2024.02.29-22.23.09:778][  0]LogDerivedDataCache: Display: Performance to C:/Users/Long/AppData/Local/UnrealEngine/Common/DerivedDataCache: Latency=0.02ms. RandomReadSpeed=1358.40MBs, RandomWriteSpeed=217.96MBs. Assigned SpeedClass 'Local'
[2024.02.29-22.23.09:779][  0]LogDerivedDataCache: Using Local data cache path C:/Users/Long/AppData/Local/UnrealEngine/Common/DerivedDataCache: Writable
[2024.02.29-22.23.09:779][  0]LogDerivedDataCache: Shared data cache path not found in *engine.ini, will not use an Shared cache.
[2024.02.29-22.23.09:779][  0]LogDerivedDataCache: Unable to find inner node Shared for hierarchical cache Hierarchy.
[2024.02.29-22.23.09:822][  0]LogSlate: Using FreeType 2.10.0
[2024.02.29-22.23.09:822][  0]LogSlate: SlateFontServices - WITH_FREETYPE: 1, WITH_HARFBUZZ: 1
[2024.02.29-22.23.09:841][  0]LogAssetRegistry: FAssetRegistry took 0.0024 seconds to start up
[2024.02.29-22.23.10:062][  0]LogInit: Selected Device Profile: [Windows]
[2024.02.29-22.23.10:062][  0]LogInit: Active device profile: [00000290C5635100][00000290C40FD400 49] Windows
[2024.02.29-22.23.10:063][  0]LogInit: Profiles: [00000290C5635100][00000290C40FD400 49] Windows, [00000290C55EE700][00000290C410F6C0 49] WindowsNoEditor, [00000290C5636200][00000290C43FB980 49] WindowsServer, [00000290C55ED900][00000290C2C780C0 49] WindowsClient, [00000290C5635700][00000290C2C7C380 49] IOS, [00000290C55EE900][00000290C2C80640 49] iPadAir, [00000290C5637C00][00000290C437E900 49] iPadAir2, [00000290C55A1400][00000290C438EDC0 49] IPadPro, [00000290C55A1500][00000290C4100E00 49] iPadAir3, [00000290C55EFA00][00000290C438B0C0 49] iPadAir4, [00000290C55A2300][00000290C4387380 49] iPadMini2, [00000290C55EF100][00000290C4393640 49] iPadMini3, [00000290C55A2F00][00000290BA399900 49] iPadMini4, [00000290C55EDD00][00000290BA39DBC0 49] iPadMini5, [00000290C55AD000][00000290BA3B0580 49] iPhone6, [00000290C55AD100][00000290BA3A05C0 49] iPodTouch6, [00000290C5637900][00000290BA3B8B00 49] iPhone7, [00000290C5636900][00000290BA3A8B40 49] iPodTouch7, [00000290C55A1000][00000290C4382DC0 49] iPhone5S, [00000290C5636F00][00000290BA3AD040 49] iPhone6Plus, [00000290C55A3600][00000290BA3B5300 49] iPhone6S, [00000290C5634C00][00000290BA3BD5C0 49] iPhone6SPlus, [00000290C5635D00][00000290BA3C1880 49] iPhone7Plus, [00000290C55AC800][00000290BA3C5B40 49] iPhoneSE, [00000290C5634400][00000290BA3C8280 49] iPhone8, [00000290C55AC900][00000290BA3CC540 49] iPhone8Plus, [00000290C55AEE00][00000290BA3D0800 49] iPhoneX, [00000290C55A1D00][00000290BA3D4AC0 49] iPhoneXS, [00000290C55AE700][00000290BA3D8D80 49] iPhoneXSMax, [00000290C55A1C00][00000290BA3A5000 49] iPhoneXR, [00000290C55AE800][00000290BA3DD280 49] iPhone11, [00000290C55A0F00][00000290BA3E5540 49] iPhone11Pro, [00000290C55ACB00][00000290BA3E9800 49] iPhone11ProMax, [00000290C55A0C00][00000290BA3EDAC0 49] iPhoneSE2, [00000290C55ACE00][00000290C411A200 49] iPhone12Mini, [00000290C5637800][00000290C411E4C0 49] iPhone12, [00000290C55AF100][00000290C4122780 49] iPhone12Pro, [00000290C5637700][00000290C4126A40 49] iPhone12ProMax, [00000290C55ADE00][00000290C412AD00 49] iPadPro105, [00000290C5635400][00000290C412EFC0 49] iPadPro129, [00000290C55AFE00][00000290BA3E1240 49] iPadPro97, [00000290C5636800][00000290C41334C0 49] iPadPro2_129, [00000290C55AE000][00000290C413B780 49] iPad5, [00000290C5636300][00000290C413FA40 49] iPad6, [00000290C55AFB00][00000290C4142180 49] iPad7, [00000290C5635E00][00000290C4146440 49] iPad8, [00000290C55ACA00][00000290C414A700 49] iPadPro11, [00000290C5637E00][00000290C414E9C0 49] iPadPro2_11, [00000290C55AD800][00000290C4152C80 49] iPadPro3_129, [00000290C5636700][00000290C4156F40 49] iPadPro4_129, [00000290C55AC100][00000290C415B200 49] AppleTV, [00000290C5637F00][00000290C4137480 49] AppleTV4K, [00000290C55AE400][00000290C415F700 49] TVOS, [00000290C5634100][00000290C41679C0 49] Mac, [00000290C55ADD00][00000290C416A100 49] MacClient, [00000290C5636A00][00000290C416E3C0 49] MacNoEditor, [00000290C55AFA00][00000290C4172680 49] MacServer, [00000290C5636000][00000290C4176940 49] Linux, [00000290C55AD600][00000290C417AC00 49] LinuxAArch64, [00000290C5634800][00000290C417EEC0 49] LinuxNoEditor, [00000290C55ACC00][00000290C4183180 49] LinuxAArch64NoEditor, [00000290C5637B00][00000290C4187440 49] LinuxClient, [00000290C55AF400][00000290C41636C0 49] LinuxAArch64Client, [00000290C5637A00][00000290C418B940 49] LinuxServer, [00000290C55AC700][00000290C4193C00 49] LinuxAArch64Server, [00000290C5636D00][00000290C4196340 49] Android, [00000290C55AEA00][00000290C419A600 49] Android_Low, [00000290C5635F00][00000290C419E8C0 49] Android_Mid, [00000290C55ADF00][00000290C41A2B80 49] Android_High, [00000290C5635900][00000290C41A6E40 49] Android_Default, [00000290C55AFC00][00000290C41AB100 49] Android_Adreno4xx, [00000290C5637600][00000290C41AF3C0 49] Android_Adreno5xx_Low, [00000290C55AF200][00000290C41B3680 49] Android_Adreno5xx, [00000290C5635000][00000290C418F900 49] Android_Adreno6xx, [00000290C55AE500][00000290C41B7B80 49] Android_Adreno6xx_Vulkan, [00000290C5634A00][00000290C41BE2C0 49] Android_Mali_T6xx, [00000290C55AE900][00000290C41C2580 49] Android_Mali_T7xx, [00000290C5637D00][00000290C41C6840 49] Android_Mali_T8xx, [00000290C55AED00][00000290C41CAB00 49] Android_Mali_G71, [00000290C55A3100][00000290C41CEDC0 49] Android_Mali_G72, [00000290C55EEF00][00000290C41D3080 49] Android_Mali_G72_Vulkan, [00000290C55A2B00][00000290C41D7340 49] Android_Mali_G76, [00000290C55EC500][00000290C41DB600 49] Android_Mali_G76_Vulkan, [00000290C55A2600][00000290C41DF8C0 49] Android_Mali_G77, [00000290C55EFE00][00000290C41BBB40 49] Android_Mali_G77_Vulkan, [00000290C55A2400][00000290C41E2240 49] Android_Mali_G78, [00000290C55ECD00][00000290C465A500 49] Android_Mali_G78_Vulkan, [00000290C55A3500][00000290C465E7C0 49] Android_Mali_G710, [00000290C55EEB00][00000290C4662A80 49] Android_Mali_G710_Vulkan, [00000290C55A3E00][00000290C4666D40 49] Android_Vulkan_SM5, [00000290C55EDA00][00000290C466B000 49] Android_PowerVR_G6xxx, [00000290C55A0500][00000290C466F2C0 49] Android_PowerVR_GT7xxx, [00000290C55EC200][00000290C4673580 49] Android_PowerVR_GE8xxx, [00000290C55A3B00][00000290C4677840 49] Android_PowerVR_GM9xxx, [00000290C55EE100][00000290C467BB00 49] Android_PowerVR_GM9xxx_Vulkan, [00000290C55A1F00][00000290C4656200 49] Android_TegraK1, [00000290C55ECA00][00000290C46824C0 49] Android_Unknown_Vulkan, [00000290C55A3900][00000290C4686780 49] Lumin, [00000290C55ED200][00000290C468AA40 49] Lumin_Desktop, [00000290C55A1E00][00000290C468ED00 49] HoloLens, 
[2024.02.29-22.23.10:168][  0]LogMeshReduction: Using QuadricMeshReduction for automatic static mesh reduction
[2024.02.29-22.23.10:168][  0]LogMeshReduction: Using SimplygonMeshReduction for automatic skeletal mesh reduction
[2024.02.29-22.23.10:168][  0]LogMeshReduction: Using ProxyLODMeshReduction for automatic mesh merging
[2024.02.29-22.23.10:168][  0]LogMeshReduction: No distributed automatic mesh merging module available
[2024.02.29-22.23.10:168][  0]LogMeshMerging: No distributed automatic mesh merging module available
[2024.02.29-22.23.10:180][  0]LogNetVersion: Crit_A_Mole 1.0.0, NetCL: 17155196, EngineNetVer: 17, GameNetVer: 0 (Checksum: 1445553777)
[2024.02.29-22.23.10:491][  0]LogTexture: Default maximum texture size for cubemaps generated from long-lat sources has been changed from 512 to unlimited. In order to preserve old behaiour for '/Engine/MapTemplates/Sky/DaylightAmbientCubemap.DaylightAmbientCubemap', its maximum texture size has been explicitly set to 512.
[2024.02.29-22.23.10:546][  0]LogHMD: PokeAHoleMaterial loaded successfully
[2024.02.29-22.23.10:553][  0]LogUObjectArray: 17178 objects as part of root set at end of initial load.
[2024.02.29-22.23.10:553][  0]LogUObjectAllocator: 4302048 out of 0 bytes used by permanent object pool.
[2024.02.29-22.23.10:553][  0]LogUObjectArray: CloseDisregardForGC: 0/0 objects in disregard for GC pool
[2024.02.29-22.23.10:805][  0]LogNiagaraDebuggerClient: Niagara Debugger Client Initialized | Session: 0127ACE340E184E8EC650287C22608C8 | Instance: 88B7FC6145134A695A859AB5EFB7987F (DESKTOP-H18OBMC-28112).
[2024.02.29-22.23.10:856][  0]LogPython: Using Python 3.7.7
[2024.02.29-22.23.11:387][  0]LogUdpMessaging: Initializing bridge on interface 0.0.0.0:0 to multicast group 230.0.0.1:6666.
[2024.02.29-22.23.11:395][  0]LogTcpMessaging: Initializing TcpMessaging bridge
[2024.02.29-22.23.11:597][  0]SourceControl: Source control is disabled
[2024.02.29-22.23.11:597][  0]SourceControl: Source control is disabled
[2024.02.29-22.23.11:601][  0]SourceControl: Source control is disabled
[2024.02.29-22.23.11:605][  0]SourceControl: Source control is disabled
[2024.02.29-22.23.11:613][  0]SourceControl: Source control is disabled
[2024.02.29-22.23.11:620][  0]LogUProjectInfo: Found projects:
[2024.02.29-22.23.11:749][  0]LogOpenImageDenoise: OIDN starting up
[2024.02.29-22.23.11:808][  0]LogAndroidPermission: UAndroidPermissionCallbackProxy::GetInstance
[2024.02.29-22.23.11:827][  0]LogAudioCaptureCore: Display: No Audio Capture implementations found. Audio input will be silent.
[2024.02.29-22.23.11:827][  0]LogAudioCaptureCore: Display: No Audio Capture implementations found. Audio input will be silent.
[2024.02.29-22.23.11:936][  0]LogCollectionManager: Loaded 0 collections in 0.001745 seconds
[2024.02.29-22.23.11:966][  0]LogFileCache: Scanning file cache for directory 'C:/Users/Long/OneDrive/Desktop/UnrealProject/Unreal Engine 4/Crit_A_Mole/Saved/Collections/' took 0.00s
[2024.02.29-22.23.11:966][  0]LogFileCache: Scanning file cache for directory 'C:/Users/Long/OneDrive/Desktop/UnrealProject/Unreal Engine 4/Crit_A_Mole/Content/Developers/Long/Collections/' took 0.00s
[2024.02.29-22.23.11:966][  0]LogFileCache: Scanning file cache for directory 'C:/Users/Long/OneDrive/Desktop/UnrealProject/Unreal Engine 4/Crit_A_Mole/Content/Collections/' took 0.00s
[2024.02.29-22.23.11:966][  0]LogOcInput: OculusInput pre-init called
[2024.02.29-22.23.12:160][  0]LogEngine: Initializing Engine...
[2024.02.29-22.23.12:162][  0]LogHMD: Failed to enumerate extensions. Please check that you have a valid OpenXR runtime installed.
[2024.02.29-22.23.12:163][  0]LogHMD: Failed to initialize OpenVR with code 110
[2024.02.29-22.23.12:163][  0]LogMagicLeap: Warning: VR disabled because ZI is not enabled.  To enable, in the editor, Edit -> Project Settings -> Plugins -> Magic Leap Plugin -> Enable Zero Iteration
[2024.02.29-22.23.12:163][  0]LogStats: UGameplayTagsManager::InitializeManager -  0.000 s
[2024.02.29-22.23.12:260][  0]LogInit: Initializing FReadOnlyCVARCache
[2024.02.29-22.23.12:267][  0]LogAIModule: Creating AISystem for world Untitled
[2024.02.29-22.23.12:275][  0]LogAudio: Display: Initializing Audio Device Manager...
[2024.02.29-22.23.12:280][  0]LogAudio: Display: Loading Default Audio Settings Objects...
[2024.02.29-22.23.12:280][  0]LogAudio: Display: No default SoundConcurrencyObject specified (or failed to load).
[2024.02.29-22.23.12:281][  0]LogAudio: Display: Audio Device Manager Initialized
[2024.02.29-22.23.12:281][  0]LogAudio: Display: Creating Audio Device:                 Id: 1, Scope: Shared, Realtime: True
[2024.02.29-22.23.12:281][  0]LogAudioMixer: Display: Audio Mixer Platform Settings:
[2024.02.29-22.23.12:281][  0]LogAudioMixer: Display: 	Sample Rate:						  48000
[2024.02.29-22.23.12:281][  0]LogAudioMixer: Display: 	Callback Buffer Frame Size Requested: 1024
[2024.02.29-22.23.12:281][  0]LogAudioMixer: Display: 	Callback Buffer Frame Size To Use:	  1024
[2024.02.29-22.23.12:281][  0]LogAudioMixer: Display: 	Number of buffers to queue:			  2
[2024.02.29-22.23.12:281][  0]LogAudioMixer: Display: 	Max Channels (voices):				  32
[2024.02.29-22.23.12:281][  0]LogAudioMixer: Display: 	Number of Async Source Workers:		  0
[2024.02.29-22.23.12:281][  0]LogAudio: Display: AudioDevice MaxSources: 32
[2024.02.29-22.23.12:281][  0]LogAudio: Display: Audio Spatialization Plugin: None (built-in).
[2024.02.29-22.23.12:281][  0]LogAudio: Display: Audio Reverb Plugin: None (built-in).
[2024.02.29-22.23.12:281][  0]LogAudio: Display: Audio Occlusion Plugin: None (built-in).
[2024.02.29-22.23.12:281][  0]LogAudioMixer: Display: Initializing audio mixer.
[2024.02.29-22.23.12:292][  0]LogAudioMixer: Display: 0: FrontLeft
[2024.02.29-22.23.12:292][  0]LogAudioMixer: Display: 1: FrontRight
[2024.02.29-22.23.12:307][  0]LogAudioMixer: Display: Using Audio Device Speakers (JBL Go 3)
[2024.02.29-22.23.12:309][  0]LogAudioMixer: Display: Initializing Sound Submixes...
[2024.02.29-22.23.12:311][  0]LogAudioMixer: Display: Creating Master Submix 'MasterSubmixDefault'
[2024.02.29-22.23.12:311][  0]LogAudioMixer: Display: Creating Master Submix 'MasterReverbSubmixDefault'
[2024.02.29-22.23.12:312][  0]LogAudioMixer: Display: Creating Master Submix 'MasterEQSubmixDefault'
[2024.02.29-22.23.12:312][  0]LogAudioMixer: FMixerPlatformXAudio2::StartAudioStream() called
[2024.02.29-22.23.12:312][  0]LogAudioMixer: Display: Output buffers initialized: Frames=1024, Channels=2, Samples=2048
[2024.02.29-22.23.12:312][  0]LogAudioMixer: Display: Starting AudioMixerPlatformInterface::RunInternal()
[2024.02.29-22.23.12:312][  0]LogAudioMixer: Display: FMixerPlatformXAudio2::SubmitBuffer() called for the first time
[2024.02.29-22.23.12:312][  0]LogInit: FAudioDevice initialized.
[2024.02.29-22.23.12:312][  0]LogAudio: Display: Audio Device (ID: 1) registered with world 'Untitled'.
[2024.02.29-22.23.12:312][  0]LogNetVersion: Set ProjectVersion to 1.0.0.0. Version Checksum will be recalculated on next use.
[2024.02.29-22.23.12:351][  0]LogDerivedDataCache: Saved boot cache 0.04s 94MB C:/Users/Long/AppData/Local/UnrealEngine/4.27/DerivedDataCache/Boot.ddc.
[2024.02.29-22.23.12:351][  0]LogInit: Texture streaming: Enabled
[2024.02.29-22.23.12:363][  0]LogAnalytics: Display: [UEEditor.Rocket.Release] APIServer = https://datarouter.ol.epicgames.com/. AppVersion = 4.27.2-18319896+++UE4+Release-4.27
[2024.02.29-22.23.12:366][  0]LogEngineSessionManager: EngineSessionManager initialized
[2024.02.29-22.23.12:366][  0]LogEditorSessionSummary: Verbose: Initializing EditorSessionSummaryWriter for editor session tracking
[2024.02.29-22.23.12:368][  0]LogEditorSessionSummary: EditorSessionSummaryWriter initialized
[2024.02.29-22.23.12:399][  0]LogInit: Transaction tracking system initialized
[2024.02.29-22.23.12:422][  0]BlueprintLog: New page: Editor Load
[2024.02.29-22.23.12:478][  0]LocalizationService: Localization service is disabled
[2024.02.29-22.23.12:497][  0]TimingProfiler: Initialize
[2024.02.29-22.23.12:497][  0]TimingProfiler: OnSessionChanged
[2024.02.29-22.23.12:497][  0]LoadingProfiler: Initialize
[2024.02.29-22.23.12:497][  0]LoadingProfiler: OnSessionChanged
[2024.02.29-22.23.12:497][  0]NetworkingProfiler: Initialize
[2024.02.29-22.23.12:498][  0]NetworkingProfiler: OnSessionChanged
[2024.02.29-22.23.12:498][  0]MemoryProfiler: Initialize
[2024.02.29-22.23.12:498][  0]MemoryProfiler: OnSessionChanged
[2024.02.29-22.23.12:616][  0]LogCook: Display: CookSettings for Memory: MemoryMaxUsedVirtual 0MiB, MemoryMaxUsedPhysical 16384MiB, MemoryMinFreeVirtual 0MiB, MemoryMinFreePhysical 1024MiB
[2024.02.29-22.23.12:616][  0]LogCook: Display: Mobile HDR setting 1
[2024.02.29-22.23.12:652][  0]LogFileCache: Scanning file cache for directory 'C:/Users/Long/OneDrive/Desktop/UnrealProject/Unreal Engine 4/Crit_A_Mole/Content/' took 0.00s
[2024.02.29-22.23.12:652][  0]LogBlueprintAssist: Registered BlueprintAssist Commands
[2024.02.29-22.23.12:653][  0]LogStreaming: Warning: Failed to read file '../../../Engine/Content/Editor/Slate/PlainBorder.png' error.
[2024.02.29-22.23.12:653][  0]LogSlate: Could not find file for Slate resource: ../../../Engine/Content/Editor/Slate/PlainBorder.png
[2024.02.29-22.23.12:654][  0]LogBlueprintAssist: Finished loaded BlueprintAssist Module
[2024.02.29-22.23.12:654][  0]LogAutoSizeComments: Startup AutoSizeComments
[2024.02.29-22.23.12:958][  0]LogStreaming: Warning: Failed to read file '../../../Engine/Content/Editor/Slate/PlainBorder.png' error.
[2024.02.29-22.23.12:958][  0]LogSlate: Could not find file for Slate resource: ../../../Engine/Content/Editor/Slate/PlainBorder.png
[2024.02.29-22.23.12:965][  0]LogInit: Display: Engine is initialized. Leaving FEngineLoop::Init()
[2024.02.29-22.23.12:968][  0]SourceControl: Source control is disabled
[2024.02.29-22.23.12:968][  0]LogUnrealEdMisc: Loading editor; pre map load, took 5.995
[2024.02.29-22.23.12:968][  0]Cmd: MAP LOAD FILE="../../../../../../Users/Long/OneDrive/Desktop/UnrealProject/Unreal Engine 4/Crit_A_Mole/Content/Level/Setup.umap" TEMPLATE=0 SHOWPROGRESS=1 FEATURELEVEL=3
[2024.02.29-22.23.12:969][  0]LightingResults: New page: Lighting Build
[2024.02.29-22.23.12:970][  0]LogWorld: UWorld::CleanupWorld for Untitled, bSessionEnded=true, bCleanupResources=true
[2024.02.29-22.23.12:970][  0]LogSlate: InvalidateAllWidgets triggered.  All widgets were invalidated
[2024.02.29-22.23.12:970][  0]MapCheck: New page: Map Check
[2024.02.29-22.23.12:970][  0]LightingResults: New page: Lighting Build
[2024.02.29-22.23.12:973][  0]LogAudio: Display: Audio Device unregistered from world 'None'.
[2024.02.29-22.23.12:975][  0]LogUObjectHash: Compacting FUObjectHashTables data took   0.63ms
[2024.02.29-22.23.12:995][  0]LogLinker: Warning: [AssetLog] C:\Users\Long\OneDrive\Desktop\UnrealProject\Unreal Engine 4\Crit_A_Mole\Content\Blueprint\Player\BP_Player.uasset: Failed to load '/Game/Assets/Mole_Sprite': Can't find file.
[2024.02.29-22.23.12:995][  0]LoadErrors: Failed to load /Game/Assets/Mole_Sprite.Mole_Sprite Referenced by Mole_Sprite_GEN_VARIABLE
[2024.02.29-22.23.12:995][  0]LogLinker: Warning: [AssetLog] C:\Users\Long\OneDrive\Desktop\UnrealProject\Unreal Engine 4\Crit_A_Mole\Content\Blueprint\Player\BP_Player.uasset: Failed to load '/Game/Assets/Mole_Sprite': Can't find file.
[2024.02.29-22.23.12:995][  0]LoadErrors: Failed to load /Game/Assets/Mole_Sprite.Mole_Sprite Referenced by Mole_Sprite_GEN_VARIABLE
[2024.02.29-22.23.12:997][  0]LogLinker: Warning: [AssetLog] C:\Users\Long\OneDrive\Desktop\UnrealProject\Unreal Engine 4\Crit_A_Mole\Content\Blueprint\Player\BP_Player.uasset: Failed to load '/Game/Assets/Mole_Sprite': Can't find file.
[2024.02.29-22.23.12:997][  0]LogLinker: Warning: [AssetLog] C:\Users\Long\OneDrive\Desktop\UnrealProject\Unreal Engine 4\Crit_A_Mole\Content\Blueprint\Player\BP_Player.uasset: Failed to load '/Game/Assets/Mole_Sprite': Can't find file.
[2024.02.29-22.23.13:007][  0]LogLinker: Warning: [AssetLog] C:\Users\Long\OneDrive\Desktop\UnrealProject\Unreal Engine 4\Crit_A_Mole\Content\Blueprint\Enemy\BP_Enemy.uasset: Failed to load '/Game/Assets/Mole_Sprite': Can't find file.
[2024.02.29-22.23.13:007][  0]LogLinker: Warning: [AssetLog] C:\Users\Long\OneDrive\Desktop\UnrealProject\Unreal Engine 4\Crit_A_Mole\Content\Blueprint\Enemy\BP_Enemy.uasset: Failed to load '/Game/Assets/Mole_Sprite': Can't find file.
[2024.02.29-22.23.13:008][  0]LogLinker: Warning: [AssetLog] C:\Users\Long\OneDrive\Desktop\UnrealProject\Unreal Engine 4\Crit_A_Mole\Content\Blueprint\Enemy\BP_MoleSpawner.uasset: Failed to load '/Game/Assets/Hole_Sprite': Can't find file.
[2024.02.29-22.23.13:008][  0]LoadErrors: Failed to load /Game/Assets/Hole_Sprite.Hole_Sprite Referenced by Hole_Sprite_GEN_VARIABLE
[2024.02.29-22.23.13:008][  0]LogLinker: Warning: [AssetLog] C:\Users\Long\OneDrive\Desktop\UnrealProject\Unreal Engine 4\Crit_A_Mole\Content\Blueprint\Enemy\BP_MoleSpawner.uasset: Failed to load '/Game/Assets/Hole_Sprite': Can't find file.
[2024.02.29-22.23.13:008][  0]LoadErrors: Failed to load /Game/Assets/Hole_Sprite.Hole_Sprite Referenced by Hole_Sprite_GEN_VARIABLE
[2024.02.29-22.23.13:008][  0]LogLinker: Warning: [AssetLog] C:\Users\Long\OneDrive\Desktop\UnrealProject\Unreal Engine 4\Crit_A_Mole\Content\Blueprint\Enemy\BP_MoleSpawner.uasset: Failed to load '/Game/Assets/Hole_Sprite': Can't find file.
[2024.02.29-22.23.13:010][  0]LogLinker: Warning: [AssetLog] C:\Users\Long\OneDrive\Desktop\UnrealProject\Unreal Engine 4\Crit_A_Mole\Content\Blueprint\Enemy\BP_MoleSpawner.uasset: Failed to load '/Game/Assets/Hole_Sprite': Can't find file.
[2024.02.29-22.23.13:024][  0]LogOutputDevice: Warning: 

Script Stack (0 frames):

[2024.02.29-22.23.13:024][  0]LogWindows: Windows GetLastError: The operation completed successfully. (0)
[2024.02.29-22.23.13:976][  0]LogWindows: Error: === Critical error: ===
[2024.02.29-22.23.13:976][  0]LogWindows: Error: 
[2024.02.29-22.23.13:976][  0]LogWindows: Error: Assertion failed: Tag.Size == Loaded [File:D:/Build/++UE4/Sync/Engine/Source/Runtime/CoreUObject/Private/UObject/Class.cpp] [Line: 1499] 
[2024.02.29-22.23.13:976][  0]LogWindows: Error: 
[2024.02.29-22.23.13:976][  0]LogWindows: Error: 
[2024.02.29-22.23.13:976][  0]LogWindows: Error: 
[2024.02.29-22.23.13:976][  0]LogWindows: Error: [Callstack] 0x00007ffba9cd5b0c KERNELBASE.dll!UnknownFunction []
[2024.02.29-22.23.13:976][  0]LogWindows: Error: [Callstack] 0x00007ffb24e40216 UE4Editor-Core.dll!UnknownFunction []
[2024.02.29-22.23.13:976][  0]LogWindows: Error: [Callstack] 0x00007ffb24e44218 UE4Editor-Core.dll!UnknownFunction []
[2024.02.29-22.23.13:976][  0]LogWindows: Error: [Callstack] 0x00007ffb24b6242d UE4Editor-Core.dll!UnknownFunction []
[2024.02.29-22.23.13:976][  0]LogWindows: Error: [Callstack] 0x00007ffb24ab6a45 UE4Editor-Core.dll!UnknownFunction []
[2024.02.29-22.23.13:976][  0]LogWindows: Error: [Callstack] 0x00007ffb24ab80a0 UE4Editor-Core.dll!UnknownFunction []
[2024.02.29-22.23.13:976][  0]LogWindows: Error: [Callstack] 0x00007ffb31429cb7 UE4Editor-CoreUObject.dll!UnknownFunction []
[2024.02.29-22.23.13:976][  0]LogWindows: Error: [Callstack] 0x00007ffb31427c3c UE4Editor-CoreUObject.dll!UnknownFunction []
[2024.02.29-22.23.13:976][  0]LogWindows: Error: [Callstack] 0x00007ffb315e6d74 UE4Editor-CoreUObject.dll!UnknownFunction []
[2024.02.29-22.23.13:976][  0]LogWindows: Error: [Callstack] 0x00007ffb315e3470 UE4Editor-CoreUObject.dll!UnknownFunction []
[2024.02.29-22.23.13:976][  0]LogWindows: Error: [Callstack] 0x00007ffb315e2edb UE4Editor-CoreUObject.dll!UnknownFunction []
[2024.02.29-22.23.13:976][  0]LogWindows: Error: [Callstack] 0x00007ffb21917579 UE4Editor-Engine.dll!UnknownFunction []
[2024.02.29-22.23.13:976][  0]LogWindows: Error: [Callstack] 0x00007ffb22b6df66 UE4Editor-Engine.dll!UnknownFunction []
[2024.02.29-22.23.13:976][  0]LogWindows: Error: [Callstack] 0x00007ffb200a46b2 UE4Editor-UnrealEd.dll!UnknownFunction []
[2024.02.29-22.23.13:976][  0]LogWindows: Error: [Callstack] 0x00007ffb0be3dc87 UE4Editor-Kismet.dll!UnknownFunction []
[2024.02.29-22.23.13:976][  0]LogWindows: Error: [Callstack] 0x00007ffb0bde6027 UE4Editor-Kismet.dll!UnknownFunction []
[2024.02.29-22.23.13:977][  0]LogWindows: Error: [Callstack] 0x00007ffb0bde2be3 UE4Editor-Kismet.dll!UnknownFunction []
[2024.02.29-22.23.13:977][  0]LogWindows: Error: [Callstack] 0x00007ffb3131cc30 UE4Editor-CoreUObject.dll!UnknownFunction []
[2024.02.29-22.23.13:977][  0]LogWindows: Error: [Callstack] 0x00007ffb315a25c1 UE4Editor-CoreUObject.dll!UnknownFunction []
[2024.02.29-22.23.13:977][  0]LogWindows: Error: [Callstack] 0x00007ffb315a2b1b UE4Editor-CoreUObject.dll!UnknownFunction []
[2024.02.29-22.23.13:977][  0]LogWindows: Error: [Callstack] 0x00007ffb315c8bbc UE4Editor-CoreUObject.dll!UnknownFunction []
[2024.02.29-22.23.13:977][  0]LogWindows: Error: [Callstack] 0x00007ffb316dcd66 UE4Editor-CoreUObject.dll!UnknownFunction []
[2024.02.29-22.23.13:977][  0]LogWindows: Error: [Callstack] 0x00007ffb3159790d UE4Editor-CoreUObject.dll!UnknownFunction []
[2024.02.29-22.23.13:977][  0]LogWindows: Error: [Callstack] 0x00007ffb315f52d2 UE4Editor-CoreUObject.dll!UnknownFunction []
[2024.02.29-22.23.13:977][  0]LogWindows: Error: [Callstack] 0x00007ffb315f38c7 UE4Editor-CoreUObject.dll!UnknownFunction []
[2024.02.29-22.23.13:977][  0]LogWindows: Error: [Callstack] 0x00007ffb315f539d UE4Editor-CoreUObject.dll!UnknownFunction []
[2024.02.29-22.23.13:977][  0]LogWindows: Error: [Callstack] 0x00007ffb315f38c7 UE4Editor-CoreUObject.dll!UnknownFunction []
[2024.02.29-22.23.13:977][  0]LogWindows: Error: [Callstack] 0x00007ffb315f36e1 UE4Editor-CoreUObject.dll!UnknownFunction []
[2024.02.29-22.23.13:977][  0]LogWindows: Error: [Callstack] 0x00007ffb315ae399 UE4Editor-CoreUObject.dll!UnknownFunction []
[2024.02.29-22.23.13:977][  0]LogWindows: Error: [Callstack] 0x00007ffb315f026a UE4Editor-CoreUObject.dll!UnknownFunction []
[2024.02.29-22.23.13:977][  0]LogWindows: Error: [Callstack] 0x00007ffb315a417e UE4Editor-CoreUObject.dll!UnknownFunction []
[2024.02.29-22.23.13:977][  0]LogWindows: Error: [Callstack] 0x00007ffb3146a067 UE4Editor-CoreUObject.dll!UnknownFunction []
[2024.02.29-22.23.13:977][  0]LogWindows: Error: [Callstack] 0x00007ffb316dca33 UE4Editor-CoreUObject.dll!UnknownFunction []
[2024.02.29-22.23.13:977][  0]LogWindows: Error: [Callstack] 0x00007ffb3159790d UE4Editor-CoreUObject.dll!UnknownFunction []
[2024.02.29-22.23.13:977][  0]LogWindows: Error: [Callstack] 0x00007ffb315f52d2 UE4Editor-CoreUObject.dll!UnknownFunction []
[2024.02.29-22.23.13:977][  0]LogWindows: Error: [Callstack] 0x00007ffb315f38c7 UE4Editor-CoreUObject.dll!UnknownFunction []
[2024.02.29-22.23.13:977][  0]LogWindows: Error: [Callstack] 0x00007ffb315f539d UE4Editor-CoreUObject.dll!UnknownFunction []
[2024.02.29-22.23.13:977][  0]LogWindows: Error: [Callstack] 0x00007ffb315f38c7 UE4Editor-CoreUObject.dll!UnknownFunction []
[2024.02.29-22.23.13:977][  0]LogWindows: Error: [Callstack] 0x00007ffb315f36e1 UE4Editor-CoreUObject.dll!UnknownFunction []
[2024.02.29-22.23.13:977][  0]LogWindows: Error: [Callstack] 0x00007ffb315ae399 UE4Editor-CoreUObject.dll!UnknownFunction []
[2024.02.29-22.23.13:977][  0]LogWindows: Error: [Callstack] 0x00007ffb315f026a UE4Editor-CoreUObject.dll!UnknownFunction []
[2024.02.29-22.23.13:977][  0]LogWindows: Error: [Callstack] 0x00007ffb315a417e UE4Editor-CoreUObject.dll!UnknownFunction []
[2024.02.29-22.23.13:977][  0]LogWindows: Error: [Callstack] 0x00007ffb3146a067 UE4Editor-CoreUObject.dll!UnknownFunction []
[2024.02.29-22.23.13:977][  0]LogWindows: Error: [Callstack] 0x00007ffb316dca33 UE4Editor-CoreUObject.dll!UnknownFunction []
[2024.02.29-22.23.13:977][  0]LogWindows: Error: [Callstack] 0x00007ffb3159790d UE4Editor-CoreUObject.dll!UnknownFunction []
[2024.02.29-22.23.13:977][  0]LogWindows: Error: [Callstack] 0x00007ffb315f52d2 UE4Editor-CoreUObject.dll!UnknownFunction []
[2024.02.29-22.23.13:977][  0]LogWindows: Error: [Callstack] 0x00007ffb315f38c7 UE4Editor-CoreUObject.dll!UnknownFunction []
[2024.02.29-22.23.13:977][  0]LogWindows: Error: [Callstack] 0x00007ffb315f539d UE4Editor-CoreUObject.dll!UnknownFunction []
[2024.02.29-22.23.13:977][  0]LogWindows: Error: [Callstack] 0x00007ffb315f38c7 UE4Editor-CoreUObject.dll!UnknownFunction []
[2024.02.29-22.23.13:977][  0]LogWindows: Error: [Callstack] 0x00007ffb315f36e1 UE4Editor-CoreUObject.dll!UnknownFunction []
[2024.02.29-22.23.13:977][  0]LogWindows: Error: [Callstack] 0x00007ffb315ae399 UE4Editor-CoreUObject.dll!UnknownFunction []
[2024.02.29-22.23.13:977][  0]LogWindows: Error: [Callstack] 0x00007ffb315f026a UE4Editor-CoreUObject.dll!UnknownFunction []
[2024.02.29-22.23.13:977][  0]LogWindows: Error: [Callstack] 0x00007ffb315a417e UE4Editor-CoreUObject.dll!UnknownFunction []
[2024.02.29-22.23.13:977][  0]LogWindows: Error: [Callstack] 0x00007ffb3146a067 UE4Editor-CoreUObject.dll!UnknownFunction []
[2024.02.29-22.23.13:977][  0]LogWindows: Error: [Callstack] 0x00007ffb316dca33 UE4Editor-CoreUObject.dll!UnknownFunction []
[2024.02.29-22.23.13:977][  0]LogWindows: Error: [Callstack] 0x00007ffb316dbbc0 UE4Editor-CoreUObject.dll!UnknownFunction []
[2024.02.29-22.23.13:977][  0]LogWindows: Error: [Callstack] 0x00007ffb1fcd8eeb UE4Editor-UnrealEd.dll!UnknownFunction []
[2024.02.29-22.23.13:977][  0]LogWindows: Error: [Callstack] 0x00007ffb1fcc8b0f UE4Editor-UnrealEd.dll!UnknownFunction []
[2024.02.29-22.23.13:977][  0]LogWindows: Error: [Callstack] 0x00007ffb1fcb1d0f UE4Editor-UnrealEd.dll!UnknownFunction []
[2024.02.29-22.23.13:977][  0]LogWindows: Error: [Callstack] 0x00007ffb20512917 UE4Editor-UnrealEd.dll!UnknownFunction []
[2024.02.29-22.23.13:977][  0]LogWindows: Error: [Callstack] 0x00007ffb1ffe3ec9 UE4Editor-UnrealEd.dll!UnknownFunction []
[2024.02.29-22.23.13:977][  0]LogWindows: Error: [Callstack] 0x00007ffb1ffe3cd8 UE4Editor-UnrealEd.dll!UnknownFunction []
[2024.02.29-22.23.13:977][  0]LogWindows: Error: [Callstack] 0x00007ffb20553944 UE4Editor-UnrealEd.dll!UnknownFunction []
[2024.02.29-22.23.13:977][  0]LogWindows: Error: [Callstack] 0x00007ffb2050ded2 UE4Editor-UnrealEd.dll!UnknownFunction []
[2024.02.29-22.23.13:977][  0]LogWindows: Error: [Callstack] 0x00007ff6f66b0e3b UE4Editor.exe!UnknownFunction []
[2024.02.29-22.23.13:977][  0]LogWindows: Error: [Callstack] 0x00007ff6f66b10ba UE4Editor.exe!UnknownFunction []
[2024.02.29-22.23.13:977][  0]LogWindows: Error: [Callstack] 0x00007ff6f66b40dd UE4Editor.exe!UnknownFunction []
[2024.02.29-22.23.13:977][  0]LogWindows: Error: [Callstack] 0x00007ff6f66c5984 UE4Editor.exe!UnknownFunction []
[2024.02.29-22.23.13:977][  0]LogWindows: Error: [Callstack] 0x00007ff6f66c853a UE4Editor.exe!UnknownFunction []
[2024.02.29-22.23.13:977][  0]LogWindows: Error: [Callstack] 0x00007ffbaae4257d KERNEL32.DLL!UnknownFunction []
[2024.02.29-22.23.13:977][  0]LogWindows: Error: [Callstack] 0x00007ffbac62aa58 ntdll.dll!UnknownFunction []
[2024.02.29-22.23.13:977][  0]LogWindows: Error: 
[2024.02.29-22.23.13:987][  0]LogExit: Executing StaticShutdownAfterError
[2024.02.29-22.23.13:989][  0]LogWindows: FPlatformMisc::RequestExit(1)
[2024.02.29-22.23.13:989][  0]LogWindows: FPlatformMisc::RequestExitWithStatus(1, 3)
[2024.02.29-22.23.13:989][  0]LogCore: Engine exit requested (reason: Win RequestExit)
[2024.02.29-22.23.13:995][  0]Log file closed, 02/29/24 14:23:13
